#
# There is insufficient memory for the Java Runtime Environment to continue.
# Native memory allocation (malloc) failed to allocate 296576 bytes for Chunk::new
# Possible reasons:
#   The system is out of physical RAM or swap space
#   In 32 bit mode, the process size limit was hit
# Possible solutions:
#   Reduce memory load on the system
#   Increase physical memory or swap space
#   Check if swap backing store is full
#   Use 64 bit Java on a 64 bit OS
#   Decrease Java heap size (-Xmx/-Xms)
#   Decrease number of Java threads
#   Decrease Java thread stack sizes (-Xss)
#   Set larger code cache with -XX:ReservedCodeCacheSize=
# This output file may be truncated or incomplete.
#
#  Out of Memory Error (allocation.cpp:390), pid=10396, tid=11644
#
# JRE version: Java(TM) SE Runtime Environment (8.0_31-b13) (build 1.8.0_31-b13)
# Java VM: Java HotSpot(TM) 64-Bit Server VM (25.31-b07 mixed mode windows-amd64 compressed oops)
# Failed to write core dump. Minidumps are not enabled by default on client versions of Windows
#

---------------  T H R E A D  ---------------

Current thread (0x0000000016c22800):  JavaThread "C2 CompilerThread2" daemon [_thread_in_native, id=11644, stack(0x00000000173e0000,0x00000000174e0000)]

Stack: [0x00000000173e0000,0x00000000174e0000]
Native frames: (J=compiled Java code, j=interpreted, Vv=VM code, C=native code)
V  [jvm.dll+0x3169ba]
V  [jvm.dll+0x2674c3]
V  [jvm.dll+0x268103]
V  [jvm.dll+0x25f8f5]
V  [jvm.dll+0xbf025]
V  [jvm.dll+0xbf4cc]
V  [jvm.dll+0x45df82]
V  [jvm.dll+0x49f21f]
V  [jvm.dll+0x452b35]
V  [jvm.dll+0x454124]
V  [jvm.dll+0x437c62]
V  [jvm.dll+0x988e2]
V  [jvm.dll+0x990d3]
V  [jvm.dll+0x22c194]
V  [jvm.dll+0x28576a]
C  [msvcr100.dll+0x21d9f]
C  [msvcr100.dll+0x21e3b]
C  [KERNEL32.DLL+0x13d2]
C  [ntdll.dll+0x154e4]


Current CompileTask:
C2:    877  891       4       com.android.dx.ssa.Dominators::eval (29 bytes)


---------------  P R O C E S S  ---------------

Java Threads: ( => current thread )
  0x0000000002000800 JavaThread "DestroyJavaVM" [_thread_blocked, id=11784, stack(0x0000000001e30000,0x0000000001f30000)]
  0x0000000016cab000 JavaThread "Service Thread" daemon [_thread_blocked, id=2764, stack(0x00000000175e0000,0x00000000176e0000)]
  0x0000000016c35000 JavaThread "C1 CompilerThread3" daemon [_thread_blocked, id=212, stack(0x00000000174e0000,0x00000000175e0000)]
=>0x0000000016c22800 JavaThread "C2 CompilerThread2" daemon [_thread_in_native, id=11644, stack(0x00000000173e0000,0x00000000174e0000)]
  0x0000000016c0e800 JavaThread "C2 CompilerThread1" daemon [_thread_blocked, id=14340, stack(0x00000000172e0000,0x00000000173e0000)]
  0x0000000016c09000 JavaThread "C2 CompilerThread0" daemon [_thread_blocked, id=12988, stack(0x00000000171e0000,0x00000000172e0000)]
  0x0000000016c07000 JavaThread "Attach Listener" daemon [_thread_blocked, id=12948, stack(0x00000000170e0000,0x00000000171e0000)]
  0x0000000016c06000 JavaThread "Signal Dispatcher" daemon [_thread_blocked, id=8780, stack(0x0000000016fe0000,0x00000000170e0000)]
  0x00000000020f9000 JavaThread "Finalizer" daemon [_thread_blocked, id=14756, stack(0x0000000016ae0000,0x0000000016be0000)]
  0x0000000014c1c800 JavaThread "Reference Handler" daemon [_thread_blocked, id=7792, stack(0x00000000169e0000,0x0000000016ae0000)]

Other Threads:
  0x0000000014c18800 VMThread [stack: 0x00000000168e0000,0x00000000169e0000] [id=10944]
  0x0000000016cac800 WatcherThread [stack: 0x00000000176e0000,0x00000000177e0000] [id=11584]

VM state:not at safepoint (normal execution)

VM Mutex/Monitor currently owned by a thread: None

Heap:
 PSYoungGen      total 38400K, used 26051K [0x00000000eab00000, 0x00000000ed580000, 0x0000000100000000)
  eden space 33280K, 78% used [0x00000000eab00000,0x00000000ec470e38,0x00000000ecb80000)
  from space 5120K, 0% used [0x00000000ed080000,0x00000000ed080000,0x00000000ed580000)
  to   space 5120K, 0% used [0x00000000ecb80000,0x00000000ecb80000,0x00000000ed080000)
 ParOldGen       total 87552K, used 0K [0x00000000c0000000, 0x00000000c5580000, 0x00000000eab00000)
  object space 87552K, 0% used [0x00000000c0000000,0x00000000c0000000,0x00000000c5580000)
 Metaspace       used 6159K, capacity 6936K, committed 7168K, reserved 1056768K
  class space    used 631K, capacity 656K, committed 768K, reserved 1048576K

Card table byte_map: [0x00000000114c0000,0x00000000116d0000] byte_map_base: 0x0000000010ec0000

Marking Bits: (ParMarkBitMap*) 0x0000000059b2d4f0
 Begin Bits: [0x0000000012030000, 0x0000000013030000)
 End Bits:   [0x0000000013030000, 0x0000000014030000)

Polling page: 0x0000000000670000

CodeCache: size=245760Kb used=3900Kb max_used=3914Kb free=241859Kb
 bounds [0x0000000002100000, 0x00000000024e0000, 0x0000000011100000]
 total_blobs=1401 nmethods=1131 adapters=184
 compilation: enabled

Compilation events (10 events):
Event: 0.700 Thread 0x0000000016c35000  896       3       com.android.dx.ssa.PhiInsn::accept (8 bytes)
Event: 0.700 Thread 0x0000000016c35000 nmethod 896 0x000000000243f990 code [0x000000000243fb00, 0x000000000243fd28]
Event: 0.700 Thread 0x0000000016c35000  731       1       com.android.dx.cf.iface.StdMember::getNat (5 bytes)
Event: 0.700 Thread 0x0000000016c35000 nmethod 731 0x000000000243fe10 code [0x000000000243ff60, 0x0000000002440070]
Event: 0.700 Thread 0x0000000016c35000  898       3       com.android.dx.ssa.SCCP::addUsersToWorklist (103 bytes)
Event: 0.700 Thread 0x0000000016c0e800 nmethod 879 0x00000000024400d0 code [0x0000000002440260, 0x0000000002440908]
Event: 0.700 Thread 0x0000000016c0e800  895       4       com.android.dx.ssa.SsaMethod$2::visitNonMoveInsn (6 bytes)
Event: 0.701 Thread 0x0000000016c0e800 nmethod 895 0x00000000023e4710 code [0x00000000023e4860, 0x00000000023e48e8]
Event: 0.702 Thread 0x0000000016c35000 nmethod 898 0x0000000002441210 code [0x00000000024414e0, 0x00000000024429d8]
Event: 0.702 Thread 0x0000000016c35000  900       3       com.android.dx.ssa.SsaMethod::deleteInsns (239 bytes)

GC Heap History (0 events):
No events

Deoptimization events (5 events):
Event: 0.547 Thread 0x0000000016f12800 Uncommon trap: reason=null_check action=make_not_entrant pc=0x00000000023250e0 method=com.android.dx.rop.type.Type.equals(Ljava/lang/Object;)Z @ 8
Event: 0.552 Thread 0x0000000016f12800 Uncommon trap: reason=class_check action=maybe_recompile pc=0x000000000232b2f4 method=com.android.dx.ssa.NormalSsaInsn.accept(Lcom/android/dx/ssa/SsaInsn$Visitor;)V @ 9
Event: 0.560 Thread 0x0000000016e86000 Uncommon trap: reason=class_check action=maybe_recompile pc=0x000000000232b2f4 method=com.android.dx.ssa.NormalSsaInsn.accept(Lcom/android/dx/ssa/SsaInsn$Visitor;)V @ 9
Event: 0.560 Thread 0x0000000016e86000 Uncommon trap: reason=class_check action=maybe_recompile pc=0x00000000022ef1b0 method=com.android.dx.ssa.NormalSsaInsn.accept(Lcom/android/dx/ssa/SsaInsn$Visitor;)V @ 9
Event: 0.685 Thread 0x0000000016f12800 Uncommon trap: reason=class_check action=maybe_recompile pc=0x000000000232b2f4 method=com.android.dx.ssa.NormalSsaInsn.accept(Lcom/android/dx/ssa/SsaInsn$Visitor;)V @ 9

Internal exceptions (10 events):
Event: 0.439 Thread 0x0000000016f00000 Exception <a 'java/security/PrivilegedActionException'> (0x00000000eb42c9d8) thrown at [C:\workspace\8-2-build-windows-amd64-cygwin\jdk8u31\2394\hotspot\src\share\vm\prims\jvm.cpp, line 1312]
Event: 0.440 Thread 0x0000000016f00000 Exception <a 'java/security/PrivilegedActionException'> (0x00000000eb626168) thrown at [C:\workspace\8-2-build-windows-amd64-cygwin\jdk8u31\2394\hotspot\src\share\vm\prims\jvm.cpp, line 1312]
Event: 0.441 Thread 0x0000000016f00000 Exception <a 'java/security/PrivilegedActionException'> (0x00000000eb62f0e8) thrown at [C:\workspace\8-2-build-windows-amd64-cygwin\jdk8u31\2394\hotspot\src\share\vm\prims\jvm.cpp, line 1312]
Event: 0.441 Thread 0x0000000016e86000 Exception <a 'java/security/PrivilegedActionException'> (0x00000000eb4467c0) thrown at [C:\workspace\8-2-build-windows-amd64-cygwin\jdk8u31\2394\hotspot\src\share\vm\prims\jvm.cpp, line 1312]
Event: 0.442 Thread 0x0000000016e86000 Exception <a 'java/security/PrivilegedActionException'> (0x00000000eb449a98) thrown at [C:\workspace\8-2-build-windows-amd64-cygwin\jdk8u31\2394\hotspot\src\share\vm\prims\jvm.cpp, line 1312]
Event: 0.442 Thread 0x0000000016f03000 Exception <a 'java/security/PrivilegedActionException'> (0x00000000eb333678) thrown at [C:\workspace\8-2-build-windows-amd64-cygwin\jdk8u31\2394\hotspot\src\share\vm\prims\jvm.cpp, line 1312]
Event: 0.503 Thread 0x0000000016e86000 Exception <a 'java/security/PrivilegedActionException'> (0x00000000eb868070) thrown at [C:\workspace\8-2-build-windows-amd64-cygwin\jdk8u31\2394\hotspot\src\share\vm\prims\jvm.cpp, line 1312]
Event: 0.510 Thread 0x0000000016f12800 Exception <a 'java/security/PrivilegedActionException'> (0x00000000eb7f3c30) thrown at [C:\workspace\8-2-build-windows-amd64-cygwin\jdk8u31\2394\hotspot\src\share\vm\prims\jvm.cpp, line 1312]
Event: 0.526 Thread 0x0000000016e86000 Exception <a 'java/security/PrivilegedActionException'> (0x00000000ebabe6f0) thrown at [C:\workspace\8-2-build-windows-amd64-cygwin\jdk8u31\2394\hotspot\src\share\vm\prims\jvm.cpp, line 1312]
Event: 0.547 Thread 0x0000000016f12800 Implicit null exception at 0x0000000002324fe2 to 0x00000000023250d2

Events (10 events):
Event: 0.560 Thread 0x0000000016e86000 DEOPT PACKING pc=0x000000000232b2f4 sp=0x00000000178deb40
Event: 0.560 Thread 0x0000000016e86000 DEOPT UNPACKING pc=0x000000000214556a sp=0x00000000178deaa0 mode 2
Event: 0.560 Thread 0x0000000016e86000 Uncommon trap: trap_request=0xffffffde fr.pc=0x00000000022ef1b0
Event: 0.560 Thread 0x0000000016e86000 DEOPT PACKING pc=0x00000000022ef1b0 sp=0x00000000178deaf0
Event: 0.561 Thread 0x0000000016e86000 DEOPT UNPACKING pc=0x000000000214556a sp=0x00000000178dea90 mode 2
Event: 0.582 Thread 0x0000000016e86000 Thread exited: 0x0000000016e86000
Event: 0.607 Thread 0x0000000016f03000 Thread exited: 0x0000000016f03000
Event: 0.685 Thread 0x0000000016f12800 Uncommon trap: trap_request=0xffffffde fr.pc=0x000000000232b2f4
Event: 0.685 Thread 0x0000000016f12800 DEOPT PACKING pc=0x000000000232b2f4 sp=0x0000000017cdea40
Event: 0.685 Thread 0x0000000016f12800 DEOPT UNPACKING pc=0x000000000214556a sp=0x0000000017cde9a0 mode 2


Dynamic libraries:
0x00007ff722c50000 - 0x00007ff722c84000 	C:\Program Files\Java\jdk1.8.0_31\bin\java.exe
0x00007ffa88b20000 - 0x00007ffa88ccd000 	C:\WINDOWS\SYSTEM32\ntdll.dll
0x00007ffa87f00000 - 0x00007ffa8803e000 	C:\WINDOWS\system32\KERNEL32.DLL
0x00007ffa85d10000 - 0x00007ffa85e25000 	C:\WINDOWS\system32\KERNELBASE.dll
0x00007ffa847e0000 - 0x00007ffa8486e000 	C:\WINDOWS\system32\apphelp.dll
0x00007ffa6b190000 - 0x00007ffa6b1e3000 	C:\WINDOWS\AppPatch\AppPatch64\AcGenral.DLL
0x00007ffa88640000 - 0x00007ffa886ea000 	C:\WINDOWS\system32\msvcrt.dll
0x00007ffa86170000 - 0x00007ffa8619e000 	C:\WINDOWS\system32\SspiCli.dll
0x00007ffa88040000 - 0x00007ffa88094000 	C:\WINDOWS\system32\SHLWAPI.dll
0x00007ffa88260000 - 0x00007ffa883d7000 	C:\WINDOWS\system32\USER32.dll
0x00007ffa864a0000 - 0x00007ffa86634000 	C:\WINDOWS\system32\ole32.dll
0x00007ffa86860000 - 0x00007ffa87d88000 	C:\WINDOWS\system32\SHELL32.dll
0x00007ffa85670000 - 0x00007ffa85691000 	C:\WINDOWS\SYSTEM32\USERENV.dll
0x00007ffa88590000 - 0x00007ffa8863a000 	C:\WINDOWS\system32\ADVAPI32.dll
0x00007ffa7fce0000 - 0x00007ffa7fcfe000 	C:\WINDOWS\SYSTEM32\MPR.dll
0x00007ffa88450000 - 0x00007ffa88590000 	C:\WINDOWS\system32\RPCRT4.dll
0x00007ffa86650000 - 0x00007ffa866a9000 	C:\WINDOWS\SYSTEM32\sechost.dll
0x00007ffa861c0000 - 0x00007ffa863d1000 	C:\WINDOWS\SYSTEM32\combase.dll
0x00007ffa86710000 - 0x00007ffa8685f000 	C:\WINDOWS\system32\GDI32.dll
0x00007ffa85c40000 - 0x00007ffa85c55000 	C:\WINDOWS\SYSTEM32\profapi.dll
0x00007ffa841b0000 - 0x00007ffa84262000 	C:\WINDOWS\SYSTEM32\SHCORE.dll
0x00007ffa87e50000 - 0x00007ffa87e86000 	C:\WINDOWS\system32\IMM32.DLL
0x00007ffa887e0000 - 0x00007ffa88932000 	C:\WINDOWS\system32\MSCTF.dll
0x00007ffa83d30000 - 0x00007ffa83fab000 	C:\WINDOWS\WinSxS\amd64_microsoft.windows.common-controls_6595b64144ccf1df_6.0.9600.18006_none_623f33d3ecbe86e8\COMCTL32.dll
0x0000000059bb0000 - 0x0000000059c82000 	C:\Program Files\Java\jdk1.8.0_31\jre\bin\msvcr100.dll
0x0000000059350000 - 0x0000000059baa000 	C:\Program Files\Java\jdk1.8.0_31\jre\bin\server\jvm.dll
0x00007ffa7c230000 - 0x00007ffa7c239000 	C:\WINDOWS\SYSTEM32\WSOCK32.dll
0x00007ffa819d0000 - 0x00007ffa819f2000 	C:\WINDOWS\SYSTEM32\WINMM.dll
0x00007ffa861a0000 - 0x00007ffa861a7000 	C:\WINDOWS\system32\PSAPI.DLL
0x00007ffa866b0000 - 0x00007ffa8670a000 	C:\WINDOWS\system32\WS2_32.dll
0x00007ffa81670000 - 0x00007ffa8169a000 	C:\WINDOWS\SYSTEM32\WINMMBASE.dll
0x00007ffa87ef0000 - 0x00007ffa87ef9000 	C:\WINDOWS\system32\NSI.dll
0x00007ffa860c0000 - 0x00007ffa8610f000 	C:\WINDOWS\SYSTEM32\cfgmgr32.dll
0x00007ffa84a50000 - 0x00007ffa84a78000 	C:\WINDOWS\SYSTEM32\DEVOBJ.dll
0x0000000059340000 - 0x000000005934f000 	C:\Program Files\Java\jdk1.8.0_31\jre\bin\verify.dll
0x0000000059310000 - 0x0000000059338000 	C:\Program Files\Java\jdk1.8.0_31\jre\bin\java.dll
0x00000000592f0000 - 0x0000000059306000 	C:\Program Files\Java\jdk1.8.0_31\jre\bin\zip.dll
0x00007ffa80710000 - 0x00007ffa80899000 	C:\WINDOWS\SYSTEM32\dbghelp.dll

VM Arguments:
jvm_args: -Djava.awt.headless=true -Xmx1024M -Dfile.encoding=windows-1252 -Duser.country=CA -Duser.language=en -Duser.variant 
java_command: com.android.dx.command.Main --dex --force-jumbo --num-threads=4 --multi-dex --output C:\Users\Saketh\Desktop\Honours Project\Marked\app\build\intermediates\transforms\dex\debug\folders\1000\10\com.google.android.gms-play-services-iid-10.2.1_74e76a531733640e3f1be1fa51428c0b004d01ea C:\Users\Saketh\Desktop\Honours Project\Marked\app\build\intermediates\exploded-aar\com.google.android.gms\play-services-iid\10.2.1\jars\classes.jar
java_class_path (initial): C:\Users\Saketh\Desktop\New folder\adt-bundle-windows-x86_64-20130522\sdk\build-tools\25.0.0\lib\dx.jar
Launcher Type: SUN_STANDARD

Environment Variables:
PATH=C:\ProgramData\Oracle\Java\javapath;C:\Program Files (x86)\NVIDIA Corporation\PhysX\Common;C:\Program Files (x86)\Intel\iCLS Client\;C:\Program Files\Intel\iCLS Client\;C:\WINDOWS\system32;C:\WINDOWS;C:\WINDOWS\System32\Wbem;C:\WINDOWS\System32\WindowsPowerShell\v1.0\;C:\Program Files\Intel\Intel(R) Management Engine Components\DAL;C:\Program Files\Intel\Intel(R) Management Engine Components\IPT;C:\Program Files (x86)\Intel\Intel(R) Management Engine Components\DAL;C:\Program Files (x86)\Intel\Intel(R) Management Engine Components\IPT;C:\Program Files\Microsoft\Web Platform Installer\;C:\Program Files\Intel\WiFi\bin\;C:\Program Files\Common Files\Intel\WirelessCommon\;C:\Program Files (x86)\MiKTeX 2.9\miktex\bin\;C:\Program Files (x86)\Skype\Phone\;C:\Program Files\TortoiseGit\bin
USERNAME=Saketh
OS=Windows_NT
PROCESSOR_IDENTIFIER=Intel64 Family 6 Model 58 Stepping 9, GenuineIntel



---------------  S Y S T E M  ---------------

OS: Windows 8.1 , 64 bit Build 9600 

CPU:total 8 (4 cores per cpu, 2 threads per core) family 6 model 58 stepping 9, cmov, cx8, fxsr, mmx, sse, sse2, sse3, ssse3, sse4.1, sse4.2, popcnt, avx, aes, clmul, erms, ht, tsc, tscinvbit, tscinv

Memory: 4k page, physical 8334620k(970964k free), swap 11480348k(5096k free)

vm_info: Java HotSpot(TM) 64-Bit Server VM (25.31-b07) for windows-amd64 JRE (1.8.0_31-b13), built on Dec 17 2014 21:00:28 by "java_re" with MS VC++ 10.0 (VS2010)

time: Mon May 08 02:43:09 2017
elapsed time: 0 seconds (0d 0h 0m 0s)

