#
# There is insufficient memory for the Java Runtime Environment to continue.
# Native memory allocation (malloc) failed to allocate 886656 bytes for Chunk::new
# Possible reasons:
#   The system is out of physical RAM or swap space
#   In 32 bit mode, the process size limit was hit
# Possible solutions:
#   Reduce memory load on the system
#   Increase physical memory or swap space
#   Check if swap backing store is full
#   Use 64 bit Java on a 64 bit OS
#   Decrease Java heap size (-Xmx/-Xms)
#   Decrease number of Java threads
#   Decrease Java thread stack sizes (-Xss)
#   Set larger code cache with -XX:ReservedCodeCacheSize=
# This output file may be truncated or incomplete.
#
#  Out of Memory Error (allocation.cpp:390), pid=12004, tid=13748
#
# JRE version: Java(TM) SE Runtime Environment (8.0_31-b13) (build 1.8.0_31-b13)
# Java VM: Java HotSpot(TM) 64-Bit Server VM (25.31-b07 mixed mode windows-amd64 compressed oops)
# Failed to write core dump. Minidumps are not enabled by default on client versions of Windows
#

---------------  T H R E A D  ---------------

Current thread (0x00000000173e6800):  JavaThread "C2 CompilerThread0" daemon [_thread_in_native, id=13748, stack(0x00000000179c0000,0x0000000017ac0000)]

Stack: [0x00000000179c0000,0x0000000017ac0000]
Native frames: (J=compiled Java code, j=interpreted, Vv=VM code, C=native code)
V  [jvm.dll+0x3169ba]
V  [jvm.dll+0x2674c3]
V  [jvm.dll+0x268103]
V  [jvm.dll+0x25f8f5]
V  [jvm.dll+0xbf025]
V  [jvm.dll+0xbf4cc]
V  [jvm.dll+0x45df82]
V  [jvm.dll+0x49f21f]
V  [jvm.dll+0x453401]
V  [jvm.dll+0x454124]
V  [jvm.dll+0x437c62]
V  [jvm.dll+0x988e2]
V  [jvm.dll+0x990d3]
V  [jvm.dll+0x22c194]
V  [jvm.dll+0x28576a]
C  [msvcr100.dll+0x21d9f]
C  [msvcr100.dll+0x21e3b]
C  [KERNEL32.DLL+0x13d2]
C  [ntdll.dll+0x154e4]


Current CompileTask:
C2:   9067 1366       4       com.android.dx.ssa.SCCP::simulateBranch (666 bytes)


---------------  P R O C E S S  ---------------

Java Threads: ( => current thread )
  0x0000000001340800 JavaThread "DestroyJavaVM" [_thread_blocked, id=9940, stack(0x0000000001220000,0x0000000001320000)]
  0x0000000017491000 JavaThread "Service Thread" daemon [_thread_blocked, id=9256, stack(0x0000000017dc0000,0x0000000017ec0000)]
  0x00000000173f4800 JavaThread "C1 CompilerThread3" daemon [_thread_blocked, id=5188, stack(0x0000000017cc0000,0x0000000017dc0000)]
  0x00000000173f2000 JavaThread "C2 CompilerThread2" daemon [_thread_in_native, id=12020, stack(0x0000000017bc0000,0x0000000017cc0000)]
  0x00000000173ec000 JavaThread "C2 CompilerThread1" daemon [_thread_in_native, id=8668, stack(0x0000000017ac0000,0x0000000017bc0000)]
=>0x00000000173e6800 JavaThread "C2 CompilerThread0" daemon [_thread_in_native, id=13748, stack(0x00000000179c0000,0x0000000017ac0000)]
  0x00000000173e5000 JavaThread "Attach Listener" daemon [_thread_blocked, id=5896, stack(0x00000000178c0000,0x00000000179c0000)]
  0x00000000173e4800 JavaThread "Signal Dispatcher" daemon [_thread_blocked, id=9596, stack(0x00000000177c0000,0x00000000178c0000)]
  0x0000000001438000 JavaThread "Finalizer" daemon [_thread_blocked, id=13468, stack(0x00000000172c0000,0x00000000173c0000)]
  0x0000000001431800 JavaThread "Reference Handler" daemon [_thread_blocked, id=12664, stack(0x00000000171c0000,0x00000000172c0000)]

Other Threads:
  0x00000000153e9000 VMThread [stack: 0x00000000170c0000,0x00000000171c0000] [id=4148]
  0x0000000017493000 WatcherThread [stack: 0x0000000017ec0000,0x0000000017fc0000] [id=10832]

VM state:not at safepoint (normal execution)

VM Mutex/Monitor currently owned by a thread: None

Heap:
 PSYoungGen      total 71680K, used 58593K [0x00000000eab00000, 0x00000000ef600000, 0x0000000100000000)
  eden space 66560K, 80% used [0x00000000eab00000,0x00000000edf39730,0x00000000eec00000)
  from space 5120K, 99% used [0x00000000ef100000,0x00000000ef5fef50,0x00000000ef600000)
  to   space 5120K, 0% used [0x00000000eec00000,0x00000000eec00000,0x00000000ef100000)
 ParOldGen       total 87552K, used 25128K [0x00000000c0000000, 0x00000000c5580000, 0x00000000eab00000)
  object space 87552K, 28% used [0x00000000c0000000,0x00000000c188a3d0,0x00000000c5580000)
 Metaspace       used 6834K, capacity 7448K, committed 7680K, reserved 1056768K
  class space    used 665K, capacity 720K, committed 768K, reserved 1048576K

Card table byte_map: [0x0000000001800000,0x0000000001a10000] byte_map_base: 0x0000000001200000

Marking Bits: (ParMarkBitMap*) 0x0000000059c2d4f0
 Begin Bits: [0x0000000012800000, 0x0000000013800000)
 End Bits:   [0x0000000013800000, 0x0000000014800000)

Polling page: 0x0000000000dd0000

CodeCache: size=245760Kb used=7084Kb max_used=7084Kb free=238675Kb
 bounds [0x0000000003400000, 0x0000000003b00000, 0x0000000012400000]
 total_blobs=2210 nmethods=1935 adapters=187
 compilation: disabled (not enough contiguous free space left)

Compilation events (10 events):
Event: 2.057 Thread 0x00000000173f4800 1561       3       com.android.dx.rop.annotation.NameValuePair::<init> (43 bytes)
Event: 2.057 Thread 0x00000000173f4800 nmethod 1561 0x0000000003a13690 code [0x0000000003a13820, 0x0000000003a13bb8]
Event: 2.058 Thread 0x00000000173f4800 1562       3       com.android.dx.rop.annotation.Annotations::add (75 bytes)
Event: 2.059 Thread 0x00000000173f4800 nmethod 1562 0x0000000003a13cd0 code [0x0000000003a13f20, 0x0000000003a14dc8]
Event: 2.060 Thread 0x00000000173f4800 1563       3       com.android.dx.ssa.back.SsaToRop::moveParametersToHighRegisters (88 bytes)
Event: 2.060 Thread 0x00000000173f4800 nmethod 1563 0x0000000003a15410 code [0x0000000003a155e0, 0x0000000003a15eb8]
Event: 2.060 Thread 0x00000000173f4800 1564       3       java.util.concurrent.ThreadPoolExecutor::isRunning (10 bytes)
Event: 2.061 Thread 0x00000000173f4800 nmethod 1564 0x0000000003a16210 code [0x0000000003a16360, 0x0000000003a164f0]
Event: 2.062 Thread 0x00000000173f4800 1566       3       com.android.dx.dex.file.CodeItem::<init> (81 bytes)
Event: 2.062 Thread 0x00000000173f4800 nmethod 1566 0x0000000003a16550 code [0x0000000003a16700, 0x0000000003a16bb8]

GC Heap History (2 events):
Event: 1.664 GC heap before
{Heap before GC invocations=1 (full 0):
 PSYoungGen      total 38400K, used 33280K [0x00000000eab00000, 0x00000000ed580000, 0x0000000100000000)
  eden space 33280K, 100% used [0x00000000eab00000,0x00000000ecb80000,0x00000000ecb80000)
  from space 5120K, 0% used [0x00000000ed080000,0x00000000ed080000,0x00000000ed580000)
  to   space 5120K, 0% used [0x00000000ecb80000,0x00000000ecb80000,0x00000000ed080000)
 ParOldGen       total 87552K, used 0K [0x00000000c0000000, 0x00000000c5580000, 0x00000000eab00000)
  object space 87552K, 0% used [0x00000000c0000000,0x00000000c0000000,0x00000000c5580000)
 Metaspace       used 5957K, capacity 6896K, committed 7040K, reserved 1056768K
  class space    used 588K, capacity 616K, committed 640K, reserved 1048576K
Event: 1.723 GC heap after
Heap after GC invocations=1 (full 0):
 PSYoungGen      total 38400K, used 5104K [0x00000000eab00000, 0x00000000ef600000, 0x0000000100000000)
  eden space 33280K, 0% used [0x00000000eab00000,0x00000000eab00000,0x00000000ecb80000)
  from space 5120K, 99% used [0x00000000ecb80000,0x00000000ed07c078,0x00000000ed080000)
  to   space 5120K, 0% used [0x00000000ef100000,0x00000000ef100000,0x00000000ef600000)
 ParOldGen       total 87552K, used 981K [0x00000000c0000000, 0x00000000c5580000, 0x00000000eab00000)
  object space 87552K, 1% used [0x00000000c0000000,0x00000000c00f54f8,0x00000000c5580000)
 Metaspace       used 5957K, capacity 6896K, committed 7040K, reserved 1056768K
  class space    used 588K, capacity 616K, committed 640K, reserved 1048576K
}

Deoptimization events (10 events):
Event: 1.873 Thread 0x000000001777b000 Uncommon trap: reason=bimorphic action=maybe_recompile pc=0x000000000362d110 method=java.util.HashMap.getNode(ILjava/lang/Object;)Ljava/util/HashMap$Node; @ 126
Event: 1.873 Thread 0x000000001777b000 Uncommon trap: reason=class_check action=maybe_recompile pc=0x0000000003871ea4 method=java.util.HashMap.putVal(ILjava/lang/Object;Ljava/lang/Object;ZZ)Ljava/lang/Object; @ 203
Event: 1.883 Thread 0x000000001777b000 Uncommon trap: reason=bimorphic action=maybe_recompile pc=0x000000000362d110 method=java.util.HashMap.getNode(ILjava/lang/Object;)Ljava/util/HashMap$Node; @ 126
Event: 1.883 Thread 0x000000001777b000 Uncommon trap: reason=class_check action=maybe_recompile pc=0x0000000003871ea4 method=java.util.HashMap.putVal(ILjava/lang/Object;Ljava/lang/Object;ZZ)Ljava/lang/Object; @ 203
Event: 1.883 Thread 0x000000001777b000 Uncommon trap: reason=bimorphic action=maybe_recompile pc=0x000000000362d110 method=java.util.HashMap.getNode(ILjava/lang/Object;)Ljava/util/HashMap$Node; @ 126
Event: 1.883 Thread 0x000000001777b000 Uncommon trap: reason=class_check action=maybe_recompile pc=0x0000000003871ea4 method=java.util.HashMap.putVal(ILjava/lang/Object;Ljava/lang/Object;ZZ)Ljava/lang/Object; @ 203
Event: 1.884 Thread 0x000000001777b000 Uncommon trap: reason=bimorphic action=maybe_recompile pc=0x000000000362d110 method=java.util.HashMap.getNode(ILjava/lang/Object;)Ljava/util/HashMap$Node; @ 126
Event: 1.884 Thread 0x000000001777b000 Uncommon trap: reason=class_check action=maybe_recompile pc=0x0000000003871ea4 method=java.util.HashMap.putVal(ILjava/lang/Object;Ljava/lang/Object;ZZ)Ljava/lang/Object; @ 203
Event: 1.884 Thread 0x000000001777b000 Uncommon trap: reason=bimorphic action=maybe_recompile pc=0x000000000362c8a8 method=java.util.HashMap.getNode(ILjava/lang/Object;)Ljava/util/HashMap$Node; @ 126
Event: 2.058 Thread 0x0000000001340800 Uncommon trap: reason=bimorphic action=maybe_recompile pc=0x00000000039e0b78 method=com.android.dx.ssa.LiteralOpUpgrader.tryReplacingWithConstant(Lcom/android/dx/ssa/NormalSsaInsn;)Z @ 52

Internal exceptions (10 events):
Event: 0.987 Thread 0x0000000001340800 Exception <a 'java/security/PrivilegedActionException'> (0x00000000ebcbb6f8) thrown at [C:\workspace\8-2-build-windows-amd64-cygwin\jdk8u31\2394\hotspot\src\share\vm\prims\jvm.cpp, line 1312]
Event: 1.016 Thread 0x0000000001340800 Implicit null exception at 0x000000000370da29 to 0x000000000370fc65
Event: 1.132 Thread 0x0000000001340800 Exception <a 'java/security/PrivilegedActionException'> (0x00000000ebeb7d40) thrown at [C:\workspace\8-2-build-windows-amd64-cygwin\jdk8u31\2394\hotspot\src\share\vm\prims\jvm.cpp, line 1312]
Event: 1.902 Thread 0x0000000001340800 Exception <a 'java/security/PrivilegedActionException'> (0x00000000eb40af80) thrown at [C:\workspace\8-2-build-windows-amd64-cygwin\jdk8u31\2394\hotspot\src\share\vm\prims\jvm.cpp, line 1312]
Event: 1.903 Thread 0x0000000001340800 Exception <a 'java/security/PrivilegedActionException'> (0x00000000eb40dbc8) thrown at [C:\workspace\8-2-build-windows-amd64-cygwin\jdk8u31\2394\hotspot\src\share\vm\prims\jvm.cpp, line 1312]
Event: 1.957 Thread 0x000000001777b000 Exception <a 'java/security/PrivilegedActionException'> (0x00000000ebb85790) thrown at [C:\workspace\8-2-build-windows-amd64-cygwin\jdk8u31\2394\hotspot\src\share\vm\prims\jvm.cpp, line 1312]
Event: 1.958 Thread 0x000000001777b000 Exception <a 'java/security/PrivilegedActionException'> (0x00000000ebb8b470) thrown at [C:\workspace\8-2-build-windows-amd64-cygwin\jdk8u31\2394\hotspot\src\share\vm\prims\jvm.cpp, line 1312]
Event: 1.959 Thread 0x000000001777b000 Exception <a 'java/security/PrivilegedActionException'> (0x00000000ebb90ee0) thrown at [C:\workspace\8-2-build-windows-amd64-cygwin\jdk8u31\2394\hotspot\src\share\vm\prims\jvm.cpp, line 1312]
Event: 2.014 Thread 0x0000000001340800 Exception <a 'java/security/PrivilegedActionException'> (0x00000000ebfa5b48) thrown at [C:\workspace\8-2-build-windows-amd64-cygwin\jdk8u31\2394\hotspot\src\share\vm\prims\jvm.cpp, line 1312]
Event: 2.015 Thread 0x0000000001340800 Exception <a 'java/security/PrivilegedActionException'> (0x00000000ebfa8630) thrown at [C:\workspace\8-2-build-windows-amd64-cygwin\jdk8u31\2394\hotspot\src\share\vm\prims\jvm.cpp, line 1312]

Events (10 events):
Event: 1.958 loading class com/android/dx/dex/file/UniformListItem done
Event: 1.959 loading class com/android/dx/dex/file/AnnotationSetRefItem
Event: 1.959 loading class com/android/dx/dex/file/AnnotationSetRefItem done
Event: 2.014 loading class com/android/dx/cf/attrib/AttDeprecated
Event: 2.014 loading class com/android/dx/cf/attrib/AttDeprecated done
Event: 2.014 loading class com/android/dx/cf/attrib/AttRuntimeVisibleAnnotations
Event: 2.014 loading class com/android/dx/cf/attrib/AttRuntimeVisibleAnnotations done
Event: 2.058 Thread 0x0000000001340800 Uncommon trap: trap_request=0xffffffc6 fr.pc=0x00000000039e0b78
Event: 2.058 Thread 0x0000000001340800 DEOPT PACKING pc=0x00000000039e0b78 sp=0x000000000131dec0
Event: 2.058 Thread 0x0000000001340800 DEOPT UNPACKING pc=0x000000000344556a sp=0x000000000131de60 mode 2


Dynamic libraries:
0x00007ff644d20000 - 0x00007ff644d54000 	C:\Program Files\Java\jdk1.8.0_31\bin\java.exe
0x00007ffa88b20000 - 0x00007ffa88ccd000 	C:\WINDOWS\SYSTEM32\ntdll.dll
0x00007ffa87f00000 - 0x00007ffa8803e000 	C:\WINDOWS\system32\KERNEL32.DLL
0x00007ffa85d10000 - 0x00007ffa85e25000 	C:\WINDOWS\system32\KERNELBASE.dll
0x00007ffa847e0000 - 0x00007ffa8486e000 	C:\WINDOWS\system32\apphelp.dll
0x00007ffa6e1c0000 - 0x00007ffa6e213000 	C:\WINDOWS\AppPatch\AppPatch64\AcGenral.DLL
0x00007ffa88640000 - 0x00007ffa886ea000 	C:\WINDOWS\system32\msvcrt.dll
0x00007ffa86170000 - 0x00007ffa8619e000 	C:\WINDOWS\system32\SspiCli.dll
0x00007ffa88040000 - 0x00007ffa88094000 	C:\WINDOWS\system32\SHLWAPI.dll
0x00007ffa88260000 - 0x00007ffa883d7000 	C:\WINDOWS\system32\USER32.dll
0x00007ffa864a0000 - 0x00007ffa86634000 	C:\WINDOWS\system32\ole32.dll
0x00007ffa86860000 - 0x00007ffa87d88000 	C:\WINDOWS\system32\SHELL32.dll
0x00007ffa85670000 - 0x00007ffa85691000 	C:\WINDOWS\SYSTEM32\USERENV.dll
0x00007ffa88590000 - 0x00007ffa8863a000 	C:\WINDOWS\system32\ADVAPI32.dll
0x00007ffa7fce0000 - 0x00007ffa7fcfe000 	C:\WINDOWS\SYSTEM32\MPR.dll
0x00007ffa88450000 - 0x00007ffa88590000 	C:\WINDOWS\system32\RPCRT4.dll
0x00007ffa86650000 - 0x00007ffa866a9000 	C:\WINDOWS\SYSTEM32\sechost.dll
0x00007ffa861c0000 - 0x00007ffa863d1000 	C:\WINDOWS\SYSTEM32\combase.dll
0x00007ffa86710000 - 0x00007ffa8685f000 	C:\WINDOWS\system32\GDI32.dll
0x00007ffa85c40000 - 0x00007ffa85c55000 	C:\WINDOWS\SYSTEM32\profapi.dll
0x00007ffa841b0000 - 0x00007ffa84262000 	C:\WINDOWS\SYSTEM32\SHCORE.dll
0x00007ffa87e50000 - 0x00007ffa87e86000 	C:\WINDOWS\system32\IMM32.DLL
0x00007ffa887e0000 - 0x00007ffa88932000 	C:\WINDOWS\system32\MSCTF.dll
0x00007ffa83d30000 - 0x00007ffa83fab000 	C:\WINDOWS\WinSxS\amd64_microsoft.windows.common-controls_6595b64144ccf1df_6.0.9600.18006_none_623f33d3ecbe86e8\COMCTL32.dll
0x000000005ab30000 - 0x000000005ac02000 	C:\Program Files\Java\jdk1.8.0_31\jre\bin\msvcr100.dll
0x0000000059450000 - 0x0000000059caa000 	C:\Program Files\Java\jdk1.8.0_31\jre\bin\server\jvm.dll
0x00007ffa7c230000 - 0x00007ffa7c239000 	C:\WINDOWS\SYSTEM32\WSOCK32.dll
0x00007ffa819d0000 - 0x00007ffa819f2000 	C:\WINDOWS\SYSTEM32\WINMM.dll
0x00007ffa861a0000 - 0x00007ffa861a7000 	C:\WINDOWS\system32\PSAPI.DLL
0x00007ffa866b0000 - 0x00007ffa8670a000 	C:\WINDOWS\system32\WS2_32.dll
0x00007ffa81670000 - 0x00007ffa8169a000 	C:\WINDOWS\SYSTEM32\WINMMBASE.dll
0x00007ffa87ef0000 - 0x00007ffa87ef9000 	C:\WINDOWS\system32\NSI.dll
0x00007ffa860c0000 - 0x00007ffa8610f000 	C:\WINDOWS\SYSTEM32\cfgmgr32.dll
0x00007ffa84a50000 - 0x00007ffa84a78000 	C:\WINDOWS\SYSTEM32\DEVOBJ.dll
0x000000005ab20000 - 0x000000005ab2f000 	C:\Program Files\Java\jdk1.8.0_31\jre\bin\verify.dll
0x000000005aaf0000 - 0x000000005ab18000 	C:\Program Files\Java\jdk1.8.0_31\jre\bin\java.dll
0x000000005aad0000 - 0x000000005aae6000 	C:\Program Files\Java\jdk1.8.0_31\jre\bin\zip.dll
0x00007ffa80710000 - 0x00007ffa80899000 	C:\WINDOWS\SYSTEM32\dbghelp.dll

VM Arguments:
jvm_args: -Djava.awt.headless=true -Xmx1024M -Dfile.encoding=windows-1252 -Duser.country=CA -Duser.language=en -Duser.variant 
java_command: com.android.dx.command.Main --dex --force-jumbo --num-threads=4 --multi-dex --output C:\Users\Saketh\Desktop\Honours Project\Marked\app\build\intermediates\transforms\dex\debug\folders\1000\10\com.android.support-recyclerview-v7-25.3.0_8d828fc274cf5bfceb1198a171aa23e5b9006a3d C:\Users\Saketh\Desktop\Honours Project\Marked\app\build\intermediates\exploded-aar\com.android.support\recyclerview-v7\25.3.0\jars\classes.jar
java_class_path (initial): C:\Users\Saketh\Desktop\New folder\adt-bundle-windows-x86_64-20130522\sdk\build-tools\25.0.0\lib\dx.jar
Launcher Type: SUN_STANDARD

Environment Variables:
PATH=C:\ProgramData\Oracle\Java\javapath;C:\Program Files (x86)\NVIDIA Corporation\PhysX\Common;C:\Program Files (x86)\Intel\iCLS Client\;C:\Program Files\Intel\iCLS Client\;C:\WINDOWS\system32;C:\WINDOWS;C:\WINDOWS\System32\Wbem;C:\WINDOWS\System32\WindowsPowerShell\v1.0\;C:\Program Files\Intel\Intel(R) Management Engine Components\DAL;C:\Program Files\Intel\Intel(R) Management Engine Components\IPT;C:\Program Files (x86)\Intel\Intel(R) Management Engine Components\DAL;C:\Program Files (x86)\Intel\Intel(R) Management Engine Components\IPT;C:\Program Files\Microsoft\Web Platform Installer\;C:\Program Files\Intel\WiFi\bin\;C:\Program Files\Common Files\Intel\WirelessCommon\;C:\Program Files (x86)\MiKTeX 2.9\miktex\bin\;C:\Program Files (x86)\Skype\Phone\;C:\Program Files\TortoiseGit\bin
USERNAME=Saketh
OS=Windows_NT
PROCESSOR_IDENTIFIER=Intel64 Family 6 Model 58 Stepping 9, GenuineIntel



---------------  S Y S T E M  ---------------

OS: Windows 8.1 , 64 bit Build 9600 

CPU:total 8 (4 cores per cpu, 2 threads per core) family 6 model 58 stepping 9, cmov, cx8, fxsr, mmx, sse, sse2, sse3, ssse3, sse4.1, sse4.2, popcnt, avx, aes, clmul, erms, ht, tsc, tscinvbit, tscinv

Memory: 4k page, physical 8334620k(907312k free), swap 11480348k(60016k free)

vm_info: Java HotSpot(TM) 64-Bit Server VM (25.31-b07) for windows-amd64 JRE (1.8.0_31-b13), built on Dec 17 2014 21:00:28 by "java_re" with MS VC++ 10.0 (VS2010)

time: Mon May 01 19:04:37 2017
elapsed time: 9 seconds (0d 0h 0m 9s)

