#
# A fatal error has been detected by the Java Runtime Environment:
#
#  EXCEPTION_ACCESS_VIOLATION (0xc0000005) at pc=0x000000005954b107, pid=15872, tid=14164
#
# JRE version: Java(TM) SE Runtime Environment (8.0_31-b13) (build 1.8.0_31-b13)
# Java VM: Java HotSpot(TM) 64-Bit Server VM (25.31-b07 mixed mode windows-amd64 compressed oops)
# Problematic frame:
# V  [jvm.dll+0x1fb107]
#
# Failed to write core dump. Minidumps are not enabled by default on client versions of Windows
#
# If you would like to submit a bug report, please visit:
#   http://bugreport.java.com/bugreport/crash.jsp
#

---------------  T H R E A D  ---------------

Current thread (0x0000000016e7b800):  JavaThread "pool-2-thread-1" [_thread_in_vm, id=14164, stack(0x00000000178a0000,0x00000000179a0000)]

siginfo: ExceptionCode=0xc0000005, writing address 0x000000001799a090

Registers:
RAX=0x000000001799a090, RBX=0x0000000000000006, RCX=0x0000000000005000, RDX=0x0000000000000006
RSP=0x000000001799f090, RBP=0x0000000000000000, RSI=0x000000001799f090, RDI=0x0000000000000006
R8 =0x0000000000000006, R9 =0x0000000016e7a3f0, R10=0x00000000142fc7e8, R11=0x00000000178aa148
R12=0x0000000016e7a3f0, R13=0x0000000016e7b800, R14=0x000000001799f158, R15=0x00000000142fc7e8
RIP=0x000000005954b107, EFLAGS=0x0000000000010206

Top of Stack: (sp=0x000000001799f090)
0x000000001799f090:   00000000000002c8 0000000000000000
0x000000001799f0a0:   0000000016e7b800 0000000016e7a3f0
0x000000001799f0b0:   00000000ffffffff 000000005954c037
0x000000001799f0c0:   000000001799f1c0 00000000142fc7e8
0x000000001799f0d0:   0000000016e7b800 0000000059401fb3
0x000000001799f0e0:   000000001799f120 0000000016e7b800
0x000000001799f0f0:   000000001799f1b0 0000000016e7b800
0x000000001799f100:   00000000142fc7e8 0000000016e7b800
0x000000001799f110:   00000000021b0e20 0000000016e7b800
0x000000001799f120:   00000000142fc7e8 0000000016e7b800
0x000000001799f130:   00000000142fc7e8 0000000016e7b800
0x000000001799f140:   0000000000000001 00000000142fc7e8
0x000000001799f150:   0000000016e7b800 0000000016d2b190
0x000000001799f160:   0000000016e7b800 000000005940349d
0x000000001799f170:   000000001799f478 0000000100006670
0x000000001799f180:   0000000100006670 00007ffa866b10b0 

Instructions: (pc=0x000000005954b107)
0x000000005954b0e7:   48 89 6c 24 30 33 ed 66 90 e8 7b 5c 08 00 ff c3
0x000000005954b0f7:   48 63 c8 48 8b c6 48 0f af cf 48 ff c7 48 2b c1
0x000000005954b107:   89 28 48 63 c3 48 3b 05 ed 6e 57 00 7e db 48 8b
0x000000005954b117:   6c 24 30 48 8b 5c 24 38 48 8b 74 24 40 48 83 c4 


Register to memory mapping:

RAX=0x000000001799a090 is pointing into the stack for thread: 0x0000000016e7b800
RBX=0x0000000000000006 is an unknown value
RCX=0x0000000000005000 is an unknown value
RDX=0x0000000000000006 is an unknown value
RSP=0x000000001799f090 is pointing into the stack for thread: 0x0000000016e7b800
RBP=0x0000000000000000 is an unknown value
RSI=0x000000001799f090 is pointing into the stack for thread: 0x0000000016e7b800
RDI=0x0000000000000006 is an unknown value
R8 =0x0000000000000006 is an unknown value
R9 =0x0000000016e7a3f0 is an unknown value
R10={method} {0x00000000142fc7f0} 'run' '()V' in 'java/lang/Thread'
R11=0x00000000178aa148 is pointing into the stack for thread: 0x0000000016e7b800
R12=0x0000000016e7a3f0 is an unknown value
R13=0x0000000016e7b800 is a thread
R14=0x000000001799f158 is pointing into the stack for thread: 0x0000000016e7b800
R15={method} {0x00000000142fc7f0} 'run' '()V' in 'java/lang/Thread'


Stack: [0x00000000178a0000,0x00000000179a0000],  sp=0x000000001799f090,  free space=1020k
