#
# There is insufficient memory for the Java Runtime Environment to continue.
# Native memory allocation (malloc) failed to allocate 658896 bytes for Chunk::new
# Possible reasons:
#   The system is out of physical RAM or swap space
#   In 32 bit mode, the process size limit was hit
# Possible solutions:
#   Reduce memory load on the system
#   Increase physical memory or swap space
#   Check if swap backing store is full
#   Use 64 bit Java on a 64 bit OS
#   Decrease Java heap size (-Xmx/-Xms)
#   Decrease number of Java threads
#   Decrease Java thread stack sizes (-Xss)
#   Set larger code cache with -XX:ReservedCodeCacheSize=
# This output file may be truncated or incomplete.
#
#  Out of Memory Error (allocation.cpp:390), pid=10336, tid=4588
#
# JRE version: Java(TM) SE Runtime Environment (8.0_31-b13) (build 1.8.0_31-b13)
# Java VM: Java HotSpot(TM) 64-Bit Server VM (25.31-b07 mixed mode windows-amd64 compressed oops)
# Failed to write core dump. Minidumps are not enabled by default on client versions of Windows
#

---------------  T H R E A D  ---------------

Current thread (0x000000001794a000):  JavaThread "C2 CompilerThread1" daemon [_thread_in_native, id=4588, stack(0x0000000018020000,0x0000000018120000)]

Stack: [0x0000000018020000,0x0000000018120000]
Native frames: (J=compiled Java code, j=interpreted, Vv=VM code, C=native code)
V  [jvm.dll+0x3169ba]


Current CompileTask:
C2:   1541 1114   !   4       com.android.dx.cf.code.BytecodeArray::parseInstruction (2764 bytes)


---------------  P R O C E S S  ---------------

Java Threads: ( => current thread )
  0x0000000018570000 JavaThread "pool-1-thread-4" [_thread_in_Java, id=6804, stack(0x0000000019120000,0x0000000019220000)]
  0x000000001856f800 JavaThread "pool-1-thread-3" [_thread_in_native, id=3244, stack(0x0000000019020000,0x0000000019120000)]
  0x000000001856e800 JavaThread "pool-1-thread-2" [_thread_in_Java, id=10364, stack(0x0000000018f20000,0x0000000019020000)]
  0x0000000018569000 JavaThread "pool-2-thread-1" [_thread_blocked, id=9736, stack(0x0000000018e20000,0x0000000018f20000)]
  0x0000000018561800 JavaThread "pool-1-thread-1" [_thread_in_Java, id=812, stack(0x0000000018d20000,0x0000000018e20000)]
  0x00000000179d9800 JavaThread "Service Thread" daemon [_thread_blocked, id=2920, stack(0x0000000018320000,0x0000000018420000)]
  0x0000000017953000 JavaThread "C1 CompilerThread3" daemon [_thread_blocked, id=7592, stack(0x0000000018220000,0x0000000018320000)]
  0x000000001794e000 JavaThread "C2 CompilerThread2" daemon [_thread_in_native, id=3176, stack(0x0000000018120000,0x0000000018220000)]
=>0x000000001794a000 JavaThread "C2 CompilerThread1" daemon [_thread_in_native, id=4588, stack(0x0000000018020000,0x0000000018120000)]
  0x0000000017947000 JavaThread "C2 CompilerThread0" daemon [_thread_in_native, id=8296, stack(0x0000000017f20000,0x0000000018020000)]
  0x0000000017944800 JavaThread "Attach Listener" daemon [_thread_blocked, id=6808, stack(0x0000000017e20000,0x0000000017f20000)]
  0x000000001595e000 JavaThread "Signal Dispatcher" daemon [_thread_blocked, id=9788, stack(0x0000000017d20000,0x0000000017e20000)]
  0x00000000019e7800 JavaThread "Finalizer" daemon [_thread_blocked, id=11056, stack(0x0000000017820000,0x0000000017920000)]
  0x000000001594c800 JavaThread "Reference Handler" daemon [_thread_blocked, id=11040, stack(0x0000000017720000,0x0000000017820000)]
  0x00000000018f0800 JavaThread "main" [_thread_in_Java, id=11416, stack(0x00000000017f0000,0x00000000018f0000)]

Other Threads:
  0x0000000015948800 VMThread [stack: 0x0000000017620000,0x0000000017720000] [id=9396]
  0x00000000179db800 WatcherThread [stack: 0x0000000018420000,0x0000000018520000] [id=9264]

VM state:not at safepoint (normal execution)

VM Mutex/Monitor currently owned by a thread: None

Heap:
 PSYoungGen      total 38400K, used 34933K [0x00000000eab00000, 0x00000000ed580000, 0x0000000100000000)
  eden space 33280K, 89% used [0x00000000eab00000,0x00000000ec822110,0x00000000ecb80000)
  from space 5120K, 99% used [0x00000000ecb80000,0x00000000ed07b6c0,0x00000000ed080000)
  to   space 5120K, 0% used [0x00000000ed080000,0x00000000ed080000,0x00000000ed580000)
 ParOldGen       total 87552K, used 431K [0x00000000c0000000, 0x00000000c5580000, 0x00000000eab00000)
  object space 87552K, 0% used [0x00000000c0000000,0x00000000c006beb8,0x00000000c5580000)
 Metaspace       used 5981K, capacity 6896K, committed 7040K, reserved 1056768K
  class space    used 588K, capacity 616K, committed 640K, reserved 1048576K

Card table byte_map: [0x0000000001db0000,0x0000000001fc0000] byte_map_base: 0x00000000017b0000

Marking Bits: (ParMarkBitMap*) 0x0000000059b4d4f0
 Begin Bits: [0x0000000012d60000, 0x0000000013d60000)
 End Bits:   [0x0000000013d60000, 0x0000000014d60000)

Polling page: 0x0000000001260000

CodeCache: size=245760Kb used=4717Kb max_used=4717Kb free=241042Kb
 bounds [0x0000000003400000, 0x00000000038a0000, 0x0000000012400000]
 total_blobs=1537 nmethods=1273 adapters=177
 compilation: disabled (not enough contiguous free space left)

Compilation events (10 events):
Event: 1.410 Thread 0x0000000017953000 nmethod 1246 0x0000000003886b50 code [0x0000000003886ca0, 0x0000000003886db0]
Event: 1.410 Thread 0x0000000017953000 1248       1       com.android.dx.dex.file.DexFile::getTypeIds (5 bytes)
Event: 1.410 Thread 0x0000000017953000 nmethod 1248 0x0000000003886e10 code [0x0000000003886f60, 0x0000000003887070]
Event: 1.410 Thread 0x0000000017953000 1250       1       com.android.dx.dex.file.DexFile::getFieldIds (5 bytes)
Event: 1.410 Thread 0x0000000017953000 nmethod 1250 0x00000000038870d0 code [0x0000000003887220, 0x0000000003887330]
Event: 1.410 Thread 0x0000000017953000 1229       3       com.android.dx.rop.cst.CstType::<init> (46 bytes)
Event: 1.410 Thread 0x0000000017953000 nmethod 1229 0x0000000003887390 code [0x0000000003887520, 0x0000000003887998]
Event: 1.410 Thread 0x0000000017953000 1271       3       com.android.dx.cf.code.Ropper::addExceptionSetupBlocks (203 bytes)
Event: 1.413 Thread 0x0000000017953000 nmethod 1271 0x0000000003887b50 code [0x0000000003887f20, 0x000000000388a268]
Event: 1.413 Thread 0x0000000017953000 1274       3       com.android.dx.ssa.SsaConverter::placePhiFunctions (394 bytes)

GC Heap History (2 events):
Event: 1.213 GC heap before
{Heap before GC invocations=1 (full 0):
 PSYoungGen      total 38400K, used 33280K [0x00000000eab00000, 0x00000000ed580000, 0x0000000100000000)
  eden space 33280K, 100% used [0x00000000eab00000,0x00000000ecb80000,0x00000000ecb80000)
  from space 5120K, 0% used [0x00000000ed080000,0x00000000ed080000,0x00000000ed580000)
  to   space 5120K, 0% used [0x00000000ecb80000,0x00000000ecb80000,0x00000000ed080000)
 ParOldGen       total 87552K, used 0K [0x00000000c0000000, 0x00000000c5580000, 0x00000000eab00000)
  object space 87552K, 0% used [0x00000000c0000000,0x00000000c0000000,0x00000000c5580000)
 Metaspace       used 5805K, capacity 6768K, committed 7040K, reserved 1056768K
  class space    used 584K, capacity 616K, committed 640K, reserved 1048576K
Event: 1.250 GC heap after
Heap after GC invocations=1 (full 0):
 PSYoungGen      total 38400K, used 5101K [0x00000000eab00000, 0x00000000ed580000, 0x0000000100000000)
  eden space 33280K, 0% used [0x00000000eab00000,0x00000000eab00000,0x00000000ecb80000)
  from space 5120K, 99% used [0x00000000ecb80000,0x00000000ed07b6c0,0x00000000ed080000)
  to   space 5120K, 0% used [0x00000000ed080000,0x00000000ed080000,0x00000000ed580000)
 ParOldGen       total 87552K, used 431K [0x00000000c0000000, 0x00000000c5580000, 0x00000000eab00000)
  object space 87552K, 0% used [0x00000000c0000000,0x00000000c006beb8,0x00000000c5580000)
 Metaspace       used 5805K, capacity 6768K, committed 7040K, reserved 1056768K
  class space    used 584K, capacity 616K, committed 640K, reserved 1048576K
}

Deoptimization events (0 events):
No events

Internal exceptions (10 events):
Event: 0.819 Thread 0x0000000018561800 Exception <a 'java/security/PrivilegedActionException'> (0x00000000ebeed6d0) thrown at [C:\workspace\8-2-build-windows-amd64-cygwin\jdk8u31\2394\hotspot\src\share\vm\prims\jvm.cpp, line 1312]
Event: 0.842 Thread 0x0000000018570000 Exception <a 'java/security/PrivilegedActionException'> (0x00000000ebf47308) thrown at [C:\workspace\8-2-build-windows-amd64-cygwin\jdk8u31\2394\hotspot\src\share\vm\prims\jvm.cpp, line 1312]
Event: 0.944 Thread 0x0000000018570000 Exception <a 'java/security/PrivilegedActionException'> (0x00000000ebfc62d8) thrown at [C:\workspace\8-2-build-windows-amd64-cygwin\jdk8u31\2394\hotspot\src\share\vm\prims\jvm.cpp, line 1312]
Event: 0.963 Thread 0x000000001856f800 Exception <a 'java/security/PrivilegedActionException'> (0x00000000ec1c5e60) thrown at [C:\workspace\8-2-build-windows-amd64-cygwin\jdk8u31\2394\hotspot\src\share\vm\prims\jvm.cpp, line 1312]
Event: 1.377 Thread 0x00000000018f0800 Exception <a 'java/security/PrivilegedActionException'> (0x00000000eb233d60) thrown at [C:\workspace\8-2-build-windows-amd64-cygwin\jdk8u31\2394\hotspot\src\share\vm\prims\jvm.cpp, line 1312]
Event: 1.378 Thread 0x00000000018f0800 Exception <a 'java/security/PrivilegedActionException'> (0x00000000eb2369a8) thrown at [C:\workspace\8-2-build-windows-amd64-cygwin\jdk8u31\2394\hotspot\src\share\vm\prims\jvm.cpp, line 1312]
Event: 1.381 Thread 0x000000001856e800 Exception <a 'java/security/PrivilegedActionException'> (0x00000000eb36bb30) thrown at [C:\workspace\8-2-build-windows-amd64-cygwin\jdk8u31\2394\hotspot\src\share\vm\prims\jvm.cpp, line 1312]
Event: 1.382 Thread 0x000000001856e800 Exception <a 'java/security/PrivilegedActionException'> (0x00000000eb371810) thrown at [C:\workspace\8-2-build-windows-amd64-cygwin\jdk8u31\2394\hotspot\src\share\vm\prims\jvm.cpp, line 1312]
Event: 1.382 Thread 0x000000001856e800 Exception <a 'java/security/PrivilegedActionException'> (0x00000000eb3771b8) thrown at [C:\workspace\8-2-build-windows-amd64-cygwin\jdk8u31\2394\hotspot\src\share\vm\prims\jvm.cpp, line 1312]
Event: 1.395 Thread 0x00000000018f0800 Exception <a 'java/security/PrivilegedActionException'> (0x00000000eb4b6d88) thrown at [C:\workspace\8-2-build-windows-amd64-cygwin\jdk8u31\2394\hotspot\src\share\vm\prims\jvm.cpp, line 1312]

Events (10 events):
Event: 1.382 loading class com/android/dx/dex/file/UniformListItem
Event: 1.382 loading class com/android/dx/dex/file/UniformListItem done
Event: 1.382 loading class com/android/dx/dex/file/AnnotationSetRefItem
Event: 1.382 loading class com/android/dx/dex/file/AnnotationSetRefItem done
Event: 1.394 Thread 0x000000001856e800 DEOPT PACKING pc=0x0000000003705eb5 sp=0x000000001901e690
Event: 1.394 Thread 0x000000001856e800 DEOPT UNPACKING pc=0x00000000034475bf sp=0x000000001901e480 mode 0
Event: 1.395 loading class com/android/dx/cf/code/BytecodeArray$ConstantParserVisitor
Event: 1.395 loading class com/android/dx/cf/code/BytecodeArray$ConstantParserVisitor done
Event: 1.407 Thread 0x000000001856e800 DEOPT PACKING pc=0x000000000370609f sp=0x000000001901e690
Event: 1.407 Thread 0x000000001856e800 DEOPT UNPACKING pc=0x00000000034475bf sp=0x000000001901e480 mode 0


Dynamic libraries:
0x00007ff6ba4d0000 - 0x00007ff6ba504000 	C:\Program Files\Java\jdk1.8.0_31\bin\java.exe
0x00007ffa88b20000 - 0x00007ffa88ccd000 	C:\WINDOWS\SYSTEM32\ntdll.dll
0x00007ffa87f00000 - 0x00007ffa8803e000 	C:\WINDOWS\system32\KERNEL32.DLL
0x00007ffa85d10000 - 0x00007ffa85e25000 	C:\WINDOWS\system32\KERNELBASE.dll
0x00007ffa847e0000 - 0x00007ffa8486e000 	C:\WINDOWS\system32\apphelp.dll
0x00007ffa68190000 - 0x00007ffa681e3000 	C:\WINDOWS\AppPatch\AppPatch64\AcGenral.DLL
0x00007ffa88640000 - 0x00007ffa886ea000 	C:\WINDOWS\system32\msvcrt.dll
0x00007ffa86170000 - 0x00007ffa8619e000 	C:\WINDOWS\system32\SspiCli.dll
0x00007ffa88040000 - 0x00007ffa88094000 	C:\WINDOWS\system32\SHLWAPI.dll
0x00007ffa88260000 - 0x00007ffa883d7000 	C:\WINDOWS\system32\USER32.dll
0x00007ffa864a0000 - 0x00007ffa86634000 	C:\WINDOWS\system32\ole32.dll
0x00007ffa86860000 - 0x00007ffa87d88000 	C:\WINDOWS\system32\SHELL32.dll
0x00007ffa85670000 - 0x00007ffa85691000 	C:\WINDOWS\SYSTEM32\USERENV.dll
0x00007ffa88590000 - 0x00007ffa8863a000 	C:\WINDOWS\system32\ADVAPI32.dll
0x00007ffa7fce0000 - 0x00007ffa7fcfe000 	C:\WINDOWS\SYSTEM32\MPR.dll
0x00007ffa88450000 - 0x00007ffa88590000 	C:\WINDOWS\system32\RPCRT4.dll
0x00007ffa86650000 - 0x00007ffa866a9000 	C:\WINDOWS\SYSTEM32\sechost.dll
0x00007ffa861c0000 - 0x00007ffa863d1000 	C:\WINDOWS\SYSTEM32\combase.dll
0x00007ffa86710000 - 0x00007ffa8685f000 	C:\WINDOWS\system32\GDI32.dll
0x00007ffa85c40000 - 0x00007ffa85c55000 	C:\WINDOWS\SYSTEM32\profapi.dll
0x00007ffa841b0000 - 0x00007ffa84262000 	C:\WINDOWS\SYSTEM32\SHCORE.dll
0x00007ffa87e50000 - 0x00007ffa87e86000 	C:\WINDOWS\system32\IMM32.DLL
0x00007ffa887e0000 - 0x00007ffa88932000 	C:\WINDOWS\system32\MSCTF.dll
0x00007ffa83d30000 - 0x00007ffa83fab000 	C:\WINDOWS\WinSxS\amd64_microsoft.windows.common-controls_6595b64144ccf1df_6.0.9600.18006_none_623f33d3ecbe86e8\COMCTL32.dll
0x0000000059bd0000 - 0x0000000059ca2000 	C:\Program Files\Java\jdk1.8.0_31\jre\bin\msvcr100.dll
0x0000000059370000 - 0x0000000059bca000 	C:\Program Files\Java\jdk1.8.0_31\jre\bin\server\jvm.dll
0x00007ffa7c230000 - 0x00007ffa7c239000 	C:\WINDOWS\SYSTEM32\WSOCK32.dll
0x00007ffa819d0000 - 0x00007ffa819f2000 	C:\WINDOWS\SYSTEM32\WINMM.dll
0x00007ffa861a0000 - 0x00007ffa861a7000 	C:\WINDOWS\system32\PSAPI.DLL
0x00007ffa866b0000 - 0x00007ffa8670a000 	C:\WINDOWS\system32\WS2_32.dll
0x00007ffa81670000 - 0x00007ffa8169a000 	C:\WINDOWS\SYSTEM32\WINMMBASE.dll
0x00007ffa87ef0000 - 0x00007ffa87ef9000 	C:\WINDOWS\system32\NSI.dll
0x00007ffa860c0000 - 0x00007ffa8610f000 	C:\WINDOWS\SYSTEM32\cfgmgr32.dll
0x00007ffa84a50000 - 0x00007ffa84a78000 	C:\WINDOWS\SYSTEM32\DEVOBJ.dll
0x0000000059360000 - 0x000000005936f000 	C:\Program Files\Java\jdk1.8.0_31\jre\bin\verify.dll
0x0000000059330000 - 0x0000000059358000 	C:\Program Files\Java\jdk1.8.0_31\jre\bin\java.dll
0x0000000059310000 - 0x0000000059326000 	C:\Program Files\Java\jdk1.8.0_31\jre\bin\zip.dll
0x00007ffa80710000 - 0x00007ffa80899000 	C:\WINDOWS\SYSTEM32\dbghelp.dll

VM Arguments:
jvm_args: -Djava.awt.headless=true -Xmx1024M -Dfile.encoding=windows-1252 -Duser.country=CA -Duser.language=en -Duser.variant 
java_command: com.android.dx.command.Main --dex --num-threads=4 --output C:\Users\Saketh\Desktop\Honours Project\Marked\app\build\intermediates\pre-dexed\debug\com.google.android.gms-play-services-ads-10.2.1_5efa32bcdbf939419ef8dc866fe66c8d88e4da9f.jar C:\Users\Saketh\Desktop\Honours Project\Marked\app\build\intermediates\exploded-aar\com.google.android.gms\play-services-ads\10.2.1\jars\classes.jar
java_class_path (initial): C:\Users\Saketh\Desktop\New folder\adt-bundle-windows-x86_64-20130522\sdk\build-tools\25.0.0\lib\dx.jar
Launcher Type: SUN_STANDARD

Environment Variables:
PATH=C:\ProgramData\Oracle\Java\javapath;C:\Program Files (x86)\NVIDIA Corporation\PhysX\Common;C:\Program Files (x86)\Intel\iCLS Client\;C:\Program Files\Intel\iCLS Client\;C:\WINDOWS\system32;C:\WINDOWS;C:\WINDOWS\System32\Wbem;C:\WINDOWS\System32\WindowsPowerShell\v1.0\;C:\Program Files\Intel\Intel(R) Management Engine Components\DAL;C:\Program Files\Intel\Intel(R) Management Engine Components\IPT;C:\Program Files (x86)\Intel\Intel(R) Management Engine Components\DAL;C:\Program Files (x86)\Intel\Intel(R) Management Engine Components\IPT;C:\Program Files\Microsoft\Web Platform Installer\;C:\Program Files\Intel\WiFi\bin\;C:\Program Files\Common Files\Intel\WirelessCommon\;C:\Program Files (x86)\MiKTeX 2.9\miktex\bin\;C:\Program Files (x86)\Skype\Phone\;C:\Program Files\TortoiseGit\bin
USERNAME=Saketh
OS=Windows_NT
PROCESSOR_IDENTIFIER=Intel64 Family 6 Model 58 Stepping 9, GenuineIntel



---------------  S Y S T E M  ---------------

OS: Windows 8.1 , 64 bit Build 9600 

CPU:total 8 (4 cores per cpu, 2 threads per core) family 6 model 58 stepping 9, cmov, cx8, fxsr, mmx, sse, sse2, sse3, ssse3, sse4.1, sse4.2, popcnt, avx, aes, clmul, erms, ht, tsc, tscinvbit, tscinv

Memory: 4k page, physical 8334620k(914520k free), swap 11480348k(5048k free)

vm_info: Java HotSpot(TM) 64-Bit Server VM (25.31-b07) for windows-amd64 JRE (1.8.0_31-b13), built on Dec 17 2014 21:00:28 by "java_re" with MS VC++ 10.0 (VS2010)

time: Thu Apr 20 02:13:58 2017
elapsed time: 1 seconds (0d 0h 0m 1s)

