#
# There is insufficient memory for the Java Runtime Environment to continue.
# Native memory allocation (malloc) failed to allocate 100576 bytes for Chunk::new
# Possible reasons:
#   The system is out of physical RAM or swap space
#   In 32 bit mode, the process size limit was hit
# Possible solutions:
#   Reduce memory load on the system
#   Increase physical memory or swap space
#   Check if swap backing store is full
#   Use 64 bit Java on a 64 bit OS
#   Decrease Java heap size (-Xmx/-Xms)
#   Decrease number of Java threads
#   Decrease Java thread stack sizes (-Xss)
#   Set larger code cache with -XX:ReservedCodeCacheSize=
# This output file may be truncated or incomplete.
#
#  Out of Memory Error (allocation.cpp:390), pid=14440, tid=7980
#
# JRE version: Java(TM) SE Runtime Environment (8.0_31-b13) (build 1.8.0_31-b13)
# Java VM: Java HotSpot(TM) 64-Bit Server VM (25.31-b07 mixed mode windows-amd64 compressed oops)
# Failed to write core dump. Minidumps are not enabled by default on client versions of Windows
#

---------------  T H R E A D  ---------------

Current thread (0x0000000016d0d800):  JavaThread "C2 CompilerThread2" daemon [_thread_in_native, id=7980, stack(0x0000000017490000,0x0000000017590000)]

Stack: [0x0000000017490000,0x0000000017590000]
Native frames: (J=compiled Java code, j=interpreted, Vv=VM code, C=native code)
V  [jvm.dll+0x3169ba]


Current CompileTask:
C2:   1420  150       4       java.util.regex.Pattern$BnM::optimize (179 bytes)


---------------  P R O C E S S  ---------------

Java Threads: ( => current thread )
  0x0000000016d1b000 JavaThread "Service Thread" daemon [_thread_blocked, id=2776, stack(0x0000000017690000,0x0000000017790000)]
  0x0000000016d10000 JavaThread "C1 CompilerThread3" daemon [_thread_in_native, id=12892, stack(0x0000000017590000,0x0000000017690000)]
=>0x0000000016d0d800 JavaThread "C2 CompilerThread2" daemon [_thread_in_native, id=7980, stack(0x0000000017490000,0x0000000017590000)]
  0x0000000016d06800 JavaThread "C2 CompilerThread1" daemon [_thread_in_native, id=10512, stack(0x0000000017390000,0x0000000017490000)]
  0x0000000016cb7000 JavaThread "C2 CompilerThread0" daemon [_thread_in_native, id=9964, stack(0x0000000017290000,0x0000000017390000)]
  0x0000000016cb5000 JavaThread "Attach Listener" daemon [_thread_blocked, id=14520, stack(0x0000000017190000,0x0000000017290000)]
  0x0000000016cb4800 JavaThread "Signal Dispatcher" daemon [_thread_blocked, id=13284, stack(0x0000000017090000,0x0000000017190000)]
  0x00000000020f7800 JavaThread "Finalizer" daemon [_thread_blocked, id=7724, stack(0x0000000016b90000,0x0000000016c90000)]
  0x00000000020f1000 JavaThread "Reference Handler" daemon [_thread_blocked, id=12072, stack(0x0000000016a90000,0x0000000016b90000)]
  0x0000000002000800 JavaThread "main" [_thread_in_vm, id=11908, stack(0x0000000001e90000,0x0000000001f90000)]

Other Threads:
  0x0000000014cb8800 VMThread [stack: 0x0000000016990000,0x0000000016a90000] [id=13656]
  0x0000000016d1d000 WatcherThread [stack: 0x0000000017790000,0x0000000017890000] [id=3008]

VM state:synchronizing (normal execution)

VM Mutex/Monitor currently owned by a thread:  ([mutex/lock_event])
[0x000000000219cb60] Threads_lock - owner thread: 0x0000000014cb8800

Heap:
 PSYoungGen      total 38400K, used 5325K [0x00000000eab00000, 0x00000000ed580000, 0x0000000100000000)
  eden space 33280K, 16% used [0x00000000eab00000,0x00000000eb0335c8,0x00000000ecb80000)
  from space 5120K, 0% used [0x00000000ed080000,0x00000000ed080000,0x00000000ed580000)
  to   space 5120K, 0% used [0x00000000ecb80000,0x00000000ecb80000,0x00000000ed080000)
 ParOldGen       total 87552K, used 0K [0x00000000c0000000, 0x00000000c5580000, 0x00000000eab00000)
  object space 87552K, 0% used [0x00000000c0000000,0x00000000c0000000,0x00000000c5580000)
 Metaspace       used 3719K, capacity 4944K, committed 5120K, reserved 1056768K
  class space    used 411K, capacity 456K, committed 512K, reserved 1048576K

Card table byte_map: [0x0000000011560000,0x0000000011770000] byte_map_base: 0x0000000010f60000

Marking Bits: (ParMarkBitMap*) 0x0000000059c2d4f0
 Begin Bits: [0x00000000120d0000, 0x00000000130d0000)
 End Bits:   [0x00000000130d0000, 0x00000000140d0000)

Polling page: 0x0000000000710000

CodeCache: size=245760Kb used=1419Kb max_used=1419Kb free=244340Kb
 bounds [0x00000000021a0000, 0x0000000002410000, 0x00000000111a0000]
 total_blobs=440 nmethods=191 adapters=163
 compilation: enabled

Compilation events (10 events):
Event: 0.675 Thread 0x0000000016d10000 nmethod 152 0x00000000022ef8d0 code [0x00000000022efa40, 0x00000000022efda8]
Event: 0.675 Thread 0x0000000016d10000  153       3       java.lang.Character::toLowerCase (6 bytes)
Event: 0.675 Thread 0x0000000016d10000 nmethod 153 0x00000000022efed0 code [0x00000000022f0040, 0x00000000022f02d8]
Event: 0.675 Thread 0x0000000016d10000  151       1       java.net.URL::getQuery (5 bytes)
Event: 0.675 Thread 0x0000000016d10000 nmethod 151 0x00000000022ebb50 code [0x00000000022ebca0, 0x00000000022ebdb0]
Event: 0.679 Thread 0x0000000016d10000  155       3       sun.nio.cs.UTF_8$Encoder::encode (359 bytes)
Event: 0.680 Thread 0x0000000016d06800 nmethod 147% 0x00000000022f3850 code [0x00000000022f39a0, 0x00000000022f3e38]
Event: 0.681 Thread 0x0000000016d10000 nmethod 155 0x00000000022f24d0 code [0x00000000022f26c0, 0x00000000022f31d8]
Event: 0.681 Thread 0x0000000016d10000  156       3       java.util.HashMap::get (23 bytes)
Event: 0.681 Thread 0x0000000016d10000 nmethod 156 0x00000000022f1dd0 code [0x00000000022f1f60, 0x00000000022f2358]

GC Heap History (0 events):
No events

Deoptimization events (0 events):
No events

Internal exceptions (10 events):
Event: 0.655 Thread 0x0000000002000800 Exception <a 'java/security/PrivilegedActionException'> (0x00000000eade2fd8) thrown at [C:\workspace\8-2-build-windows-amd64-cygwin\jdk8u31\2394\hotspot\src\share\vm\prims\jvm.cpp, line 1312]
Event: 0.672 Thread 0x0000000002000800 Exception <a 'java/security/PrivilegedActionException'> (0x00000000eaf03ee0) thrown at [C:\workspace\8-2-build-windows-amd64-cygwin\jdk8u31\2394\hotspot\src\share\vm\prims\jvm.cpp, line 1312]
Event: 0.673 Thread 0x0000000002000800 Exception <a 'java/security/PrivilegedActionException'> (0x00000000eaf09b40) thrown at [C:\workspace\8-2-build-windows-amd64-cygwin\jdk8u31\2394\hotspot\src\share\vm\prims\jvm.cpp, line 1312]
Event: 0.673 Thread 0x0000000002000800 Exception <a 'java/security/PrivilegedActionException'> (0x00000000eaf0cbc0) thrown at [C:\workspace\8-2-build-windows-amd64-cygwin\jdk8u31\2394\hotspot\src\share\vm\prims\jvm.cpp, line 1312]
Event: 0.674 Thread 0x0000000002000800 Exception <a 'java/security/PrivilegedActionException'> (0x00000000eaf16940) thrown at [C:\workspace\8-2-build-windows-amd64-cygwin\jdk8u31\2394\hotspot\src\share\vm\prims\jvm.cpp, line 1312]
Event: 0.674 Thread 0x0000000002000800 Exception <a 'java/security/PrivilegedActionException'> (0x00000000eaf190d0) thrown at [C:\workspace\8-2-build-windows-amd64-cygwin\jdk8u31\2394\hotspot\src\share\vm\prims\jvm.cpp, line 1312]
Event: 0.675 Thread 0x0000000002000800 Exception <a 'java/security/PrivilegedActionException'> (0x00000000eaf1b458) thrown at [C:\workspace\8-2-build-windows-amd64-cygwin\jdk8u31\2394\hotspot\src\share\vm\prims\jvm.cpp, line 1312]
Event: 0.676 Thread 0x0000000002000800 Exception <a 'java/security/PrivilegedActionException'> (0x00000000eaf1d658) thrown at [C:\workspace\8-2-build-windows-amd64-cygwin\jdk8u31\2394\hotspot\src\share\vm\prims\jvm.cpp, line 1312]
Event: 0.679 Thread 0x0000000002000800 Exception <a 'java/security/PrivilegedActionException'> (0x00000000eaf1f948) thrown at [C:\workspace\8-2-build-windows-amd64-cygwin\jdk8u31\2394\hotspot\src\share\vm\prims\jvm.cpp, line 1312]
Event: 0.679 Thread 0x0000000002000800 Exception <a 'java/security/PrivilegedActionException'> (0x00000000eaf21a10) thrown at [C:\workspace\8-2-build-windows-amd64-cygwin\jdk8u31\2394\hotspot\src\share\vm\prims\jvm.cpp, line 1312]

Events (10 events):
Event: 0.674 loading class com/android/dx/cf/iface/HasAttribute
Event: 0.674 loading class com/android/dx/cf/iface/HasAttribute done
Event: 0.675 loading class com/android/dx/rop/cst/ConstantPool
Event: 0.675 loading class com/android/dx/rop/cst/ConstantPool done
Event: 0.675 loading class com/android/dx/cf/iface/AttributeList
Event: 0.675 loading class com/android/dx/cf/iface/AttributeList done
Event: 0.679 loading class com/android/dx/cf/iface/FieldList
Event: 0.679 loading class com/android/dx/cf/iface/FieldList done
Event: 0.679 loading class com/android/dx/cf/iface/MethodList
Event: 0.679 loading class com/android/dx/cf/iface/MethodList done


Dynamic libraries:
0x00007ff644d20000 - 0x00007ff644d54000 	C:\Program Files\Java\jdk1.8.0_31\bin\java.exe
0x00007ffa88b20000 - 0x00007ffa88ccd000 	C:\WINDOWS\SYSTEM32\ntdll.dll
0x00007ffa87f00000 - 0x00007ffa8803e000 	C:\WINDOWS\system32\KERNEL32.DLL
0x00007ffa85d10000 - 0x00007ffa85e25000 	C:\WINDOWS\system32\KERNELBASE.dll
0x00007ffa847e0000 - 0x00007ffa8486e000 	C:\WINDOWS\system32\apphelp.dll
0x00007ffa6e1c0000 - 0x00007ffa6e213000 	C:\WINDOWS\AppPatch\AppPatch64\AcGenral.DLL
0x00007ffa88640000 - 0x00007ffa886ea000 	C:\WINDOWS\system32\msvcrt.dll
0x00007ffa86170000 - 0x00007ffa8619e000 	C:\WINDOWS\system32\SspiCli.dll
0x00007ffa88040000 - 0x00007ffa88094000 	C:\WINDOWS\system32\SHLWAPI.dll
0x00007ffa88260000 - 0x00007ffa883d7000 	C:\WINDOWS\system32\USER32.dll
0x00007ffa864a0000 - 0x00007ffa86634000 	C:\WINDOWS\system32\ole32.dll
0x00007ffa86860000 - 0x00007ffa87d88000 	C:\WINDOWS\system32\SHELL32.dll
0x00007ffa85670000 - 0x00007ffa85691000 	C:\WINDOWS\SYSTEM32\USERENV.dll
0x00007ffa88590000 - 0x00007ffa8863a000 	C:\WINDOWS\system32\ADVAPI32.dll
0x00007ffa7fce0000 - 0x00007ffa7fcfe000 	C:\WINDOWS\SYSTEM32\MPR.dll
0x00007ffa88450000 - 0x00007ffa88590000 	C:\WINDOWS\system32\RPCRT4.dll
0x00007ffa86650000 - 0x00007ffa866a9000 	C:\WINDOWS\SYSTEM32\sechost.dll
0x00007ffa861c0000 - 0x00007ffa863d1000 	C:\WINDOWS\SYSTEM32\combase.dll
0x00007ffa86710000 - 0x00007ffa8685f000 	C:\WINDOWS\system32\GDI32.dll
0x00007ffa85c40000 - 0x00007ffa85c55000 	C:\WINDOWS\SYSTEM32\profapi.dll
0x00007ffa841b0000 - 0x00007ffa84262000 	C:\WINDOWS\SYSTEM32\SHCORE.dll
0x00007ffa87e50000 - 0x00007ffa87e86000 	C:\WINDOWS\system32\IMM32.DLL
0x00007ffa887e0000 - 0x00007ffa88932000 	C:\WINDOWS\system32\MSCTF.dll
0x00007ffa83d30000 - 0x00007ffa83fab000 	C:\WINDOWS\WinSxS\amd64_microsoft.windows.common-controls_6595b64144ccf1df_6.0.9600.18006_none_623f33d3ecbe86e8\COMCTL32.dll
0x000000005ab30000 - 0x000000005ac02000 	C:\Program Files\Java\jdk1.8.0_31\jre\bin\msvcr100.dll
0x0000000059450000 - 0x0000000059caa000 	C:\Program Files\Java\jdk1.8.0_31\jre\bin\server\jvm.dll
0x00007ffa7c230000 - 0x00007ffa7c239000 	C:\WINDOWS\SYSTEM32\WSOCK32.dll
0x00007ffa819d0000 - 0x00007ffa819f2000 	C:\WINDOWS\SYSTEM32\WINMM.dll
0x00007ffa861a0000 - 0x00007ffa861a7000 	C:\WINDOWS\system32\PSAPI.DLL
0x00007ffa866b0000 - 0x00007ffa8670a000 	C:\WINDOWS\system32\WS2_32.dll
0x00007ffa81670000 - 0x00007ffa8169a000 	C:\WINDOWS\SYSTEM32\WINMMBASE.dll
0x00007ffa87ef0000 - 0x00007ffa87ef9000 	C:\WINDOWS\system32\NSI.dll
0x00007ffa860c0000 - 0x00007ffa8610f000 	C:\WINDOWS\SYSTEM32\cfgmgr32.dll
0x00007ffa84a50000 - 0x00007ffa84a78000 	C:\WINDOWS\SYSTEM32\DEVOBJ.dll
0x000000005ab20000 - 0x000000005ab2f000 	C:\Program Files\Java\jdk1.8.0_31\jre\bin\verify.dll
0x000000005aaf0000 - 0x000000005ab18000 	C:\Program Files\Java\jdk1.8.0_31\jre\bin\java.dll
0x000000005aad0000 - 0x000000005aae6000 	C:\Program Files\Java\jdk1.8.0_31\jre\bin\zip.dll
0x00007ffa80710000 - 0x00007ffa80899000 	C:\WINDOWS\SYSTEM32\dbghelp.dll

VM Arguments:
jvm_args: -Djava.awt.headless=true -Xmx1024M -Dfile.encoding=windows-1252 -Duser.country=CA -Duser.language=en -Duser.variant 
java_command: com.android.dx.command.Main --dex --force-jumbo --num-threads=4 --multi-dex --output C:\Users\Saketh\Desktop\Honours Project\Marked\app\build\intermediates\transforms\dex\debug\folders\1000\10\com.android.support-transition-25.3.0_d2a133233465a753f3a32253e3a0e200056a75b3 C:\Users\Saketh\Desktop\Honours Project\Marked\app\build\intermediates\exploded-aar\com.android.support\transition\25.3.0\jars\classes.jar
java_class_path (initial): C:\Users\Saketh\Desktop\New folder\adt-bundle-windows-x86_64-20130522\sdk\build-tools\25.0.0\lib\dx.jar
Launcher Type: SUN_STANDARD

Environment Variables:
PATH=C:\ProgramData\Oracle\Java\javapath;C:\Program Files (x86)\NVIDIA Corporation\PhysX\Common;C:\Program Files (x86)\Intel\iCLS Client\;C:\Program Files\Intel\iCLS Client\;C:\WINDOWS\system32;C:\WINDOWS;C:\WINDOWS\System32\Wbem;C:\WINDOWS\System32\WindowsPowerShell\v1.0\;C:\Program Files\Intel\Intel(R) Management Engine Components\DAL;C:\Program Files\Intel\Intel(R) Management Engine Components\IPT;C:\Program Files (x86)\Intel\Intel(R) Management Engine Components\DAL;C:\Program Files (x86)\Intel\Intel(R) Management Engine Components\IPT;C:\Program Files\Microsoft\Web Platform Installer\;C:\Program Files\Intel\WiFi\bin\;C:\Program Files\Common Files\Intel\WirelessCommon\;C:\Program Files (x86)\MiKTeX 2.9\miktex\bin\;C:\Program Files (x86)\Skype\Phone\;C:\Program Files\TortoiseGit\bin
USERNAME=Saketh
OS=Windows_NT
PROCESSOR_IDENTIFIER=Intel64 Family 6 Model 58 Stepping 9, GenuineIntel



---------------  S Y S T E M  ---------------

OS: Windows 8.1 , 64 bit Build 9600 

CPU:total 8 (4 cores per cpu, 2 threads per core) family 6 model 58 stepping 9, cmov, cx8, fxsr, mmx, sse, sse2, sse3, ssse3, sse4.1, sse4.2, popcnt, avx, aes, clmul, erms, ht, tsc, tscinvbit, tscinv

Memory: 4k page, physical 8334620k(620564k free), swap 11480348k(4380k free)

vm_info: Java HotSpot(TM) 64-Bit Server VM (25.31-b07) for windows-amd64 JRE (1.8.0_31-b13), built on Dec 17 2014 21:00:28 by "java_re" with MS VC++ 10.0 (VS2010)

time: Wed May 03 00:53:09 2017
elapsed time: 1 seconds (0d 0h 0m 1s)

