#
# There is insufficient memory for the Java Runtime Environment to continue.
# Native memory allocation (malloc) failed to allocate 32744 bytes for ChunkPool::allocate
# Possible reasons:
#   The system is out of physical RAM or swap space
#   In 32 bit mode, the process size limit was hit
# Possible solutions:
#   Reduce memory load on the system
#   Increase physical memory or swap space
#   Check if swap backing store is full
#   Use 64 bit Java on a 64 bit OS
#   Decrease Java heap size (-Xmx/-Xms)
#   Decrease number of Java threads
#   Decrease Java thread stack sizes (-Xss)
#   Set larger code cache with -XX:ReservedCodeCacheSize=
# This output file may be truncated or incomplete.
#
#  Out of Memory Error (allocation.cpp:273), pid=14972, tid=6012
#
# JRE version: Java(TM) SE Runtime Environment (8.0_31-b13) (build 1.8.0_31-b13)
# Java VM: Java HotSpot(TM) 64-Bit Server VM (25.31-b07 mixed mode windows-amd64 compressed oops)
# Failed to write core dump. Minidumps are not enabled by default on client versions of Windows
#

---------------  T H R E A D  ---------------

Current thread (0x000000001720d800):  JavaThread "C2 CompilerThread2" daemon [_thread_in_native, id=6012, stack(0x00000000179e0000,0x0000000017ae0000)]

Stack: [0x00000000179e0000,0x0000000017ae0000]
Native frames: (J=compiled Java code, j=interpreted, Vv=VM code, C=native code)
V  [jvm.dll+0x3169ba]


Current CompileTask:
C2:    401  672       4       com.android.dx.rop.code.RegisterSpec::equals (51 bytes)


---------------  P R O C E S S  ---------------

Java Threads: ( => current thread )
  0x0000000017e42800 JavaThread "pool-2-thread-4" [_thread_in_Java, id=9048, stack(0x00000000189e0000,0x0000000018ae0000)]
  0x0000000017e3f800 JavaThread "pool-2-thread-3" [_thread_in_Java, id=13676, stack(0x00000000188e0000,0x00000000189e0000)]
  0x0000000017e45000 JavaThread "pool-2-thread-2" [_thread_in_Java, id=14520, stack(0x00000000187e0000,0x00000000188e0000)]
  0x0000000017593800 JavaThread "pool-3-thread-1" [_thread_blocked, id=11452, stack(0x00000000186e0000,0x00000000187e0000)]
  0x0000000017592800 JavaThread "pool-2-thread-1" [_thread_in_Java, id=11096, stack(0x00000000185e0000,0x00000000186e0000)]
  0x00000000172aa800 JavaThread "Service Thread" daemon [_thread_blocked, id=16008, stack(0x0000000017be0000,0x0000000017ce0000)]
  0x000000001720e000 JavaThread "C1 CompilerThread3" daemon [_thread_in_native, id=15232, stack(0x0000000017ae0000,0x0000000017be0000)]
=>0x000000001720d800 JavaThread "C2 CompilerThread2" daemon [_thread_in_native, id=6012, stack(0x00000000179e0000,0x0000000017ae0000)]
  0x000000001720c000 JavaThread "C2 CompilerThread1" daemon [_thread_in_native, id=3624, stack(0x00000000178e0000,0x00000000179e0000)]
  0x0000000017207000 JavaThread "C2 CompilerThread0" daemon [_thread_in_native, id=15312, stack(0x00000000177e0000,0x00000000178e0000)]
  0x0000000017204800 JavaThread "Attach Listener" daemon [_thread_blocked, id=9880, stack(0x00000000176e0000,0x00000000177e0000)]
  0x0000000017204000 JavaThread "Signal Dispatcher" daemon [_thread_blocked, id=15124, stack(0x00000000175e0000,0x00000000176e0000)]
  0x0000000001257800 JavaThread "Finalizer" daemon [_thread_blocked, id=13732, stack(0x00000000170e0000,0x00000000171e0000)]
  0x0000000001251000 JavaThread "Reference Handler" daemon [_thread_blocked, id=12380, stack(0x0000000016fe0000,0x00000000170e0000)]
  0x0000000001160800 JavaThread "main" [_thread_in_Java, id=13000, stack(0x0000000001050000,0x0000000001150000)]

Other Threads:
  0x00000000151e8800 VMThread [stack: 0x0000000016ee0000,0x0000000016fe0000] [id=8816]
  0x00000000172ac800 WatcherThread [stack: 0x0000000017ce0000,0x0000000017de0000] [id=14076]

VM state:not at safepoint (normal execution)

VM Mutex/Monitor currently owned by a thread: None

Heap:
 PSYoungGen      total 38400K, used 18973K [0x00000000eab00000, 0x00000000ed580000, 0x0000000100000000)
  eden space 33280K, 57% used [0x00000000eab00000,0x00000000ebd875b8,0x00000000ecb80000)
  from space 5120K, 0% used [0x00000000ed080000,0x00000000ed080000,0x00000000ed580000)
  to   space 5120K, 0% used [0x00000000ecb80000,0x00000000ecb80000,0x00000000ed080000)
 ParOldGen       total 87552K, used 0K [0x00000000c0000000, 0x00000000c5580000, 0x00000000eab00000)
  object space 87552K, 0% used [0x00000000c0000000,0x00000000c0000000,0x00000000c5580000)
 Metaspace       used 5644K, capacity 6640K, committed 6784K, reserved 1056768K
  class space    used 584K, capacity 616K, committed 640K, reserved 1048576K

Card table byte_map: [0x0000000001630000,0x0000000001840000] byte_map_base: 0x0000000001030000

Marking Bits: (ParMarkBitMap*) 0x0000000059b2d4f0
 Begin Bits: [0x0000000012600000, 0x0000000013600000)
 End Bits:   [0x0000000013600000, 0x0000000014600000)

Polling page: 0x0000000000fa0000

CodeCache: size=245760Kb used=2364Kb max_used=2376Kb free=243395Kb
 bounds [0x0000000003400000, 0x0000000003670000, 0x0000000012400000]
 total_blobs=897 nmethods=634 adapters=177
 compilation: enabled

Compilation events (10 events):
Event: 0.392 Thread 0x0000000017207000 nmethod 662 0x000000000364d650 code [0x000000000364d780, 0x000000000364d818]
Event: 0.392 Thread 0x0000000017207000  666       4       com.android.dx.rop.type.Type::equals (31 bytes)
Event: 0.392 Thread 0x000000001720d800 nmethod 661 0x000000000364d2d0 code [0x000000000364d420, 0x000000000364d578]
Event: 0.392 Thread 0x000000001720d800  664       4       com.android.dx.ssa.NormalSsaInsn::isNormalMoveInsn (20 bytes)
Event: 0.393 Thread 0x000000001720d800 nmethod 664 0x000000000364d050 code [0x000000000364d180, 0x000000000364d218]
Event: 0.393 Thread 0x0000000017207000 nmethod 666 0x000000000364ccd0 code [0x000000000364ce20, 0x000000000364cf98]
Event: 0.393 Thread 0x000000001720d800  668       4       com.android.dx.ssa.SsaBasicBlock::isReachable (29 bytes)
Event: 0.394 Thread 0x0000000017207000  671   !   4       com.android.dx.util.IntList::<init> (37 bytes)
Event: 0.394 Thread 0x000000001720d800 nmethod 668 0x000000000364c950 code [0x000000000364caa0, 0x000000000364cb68]
Event: 0.395 Thread 0x000000001720d800  672       4       com.android.dx.rop.code.RegisterSpec::equals (51 bytes)

GC Heap History (0 events):
No events

Deoptimization events (1 events):
Event: 0.380 Thread 0x0000000017e45000 Uncommon trap: reason=bimorphic action=maybe_recompile pc=0x00000000036219cc method=java.util.HashMap.getNode(ILjava/lang/Object;)Ljava/util/HashMap$Node; @ 126

Internal exceptions (10 events):
Event: 0.340 Thread 0x0000000017e3f800 Exception <a 'java/security/PrivilegedActionException'> (0x00000000eb46a7d0) thrown at [C:\workspace\8-2-build-windows-amd64-cygwin\jdk8u31\2394\hotspot\src\share\vm\prims\jvm.cpp, line 1312]
Event: 0.340 Thread 0x0000000017592800 Exception <a 'java/security/PrivilegedActionException'> (0x00000000eb775288) thrown at [C:\workspace\8-2-build-windows-amd64-cygwin\jdk8u31\2394\hotspot\src\share\vm\prims\jvm.cpp, line 1312]
Event: 0.341 Thread 0x0000000017592800 Exception <a 'java/security/PrivilegedActionException'> (0x00000000eb77afb8) thrown at [C:\workspace\8-2-build-windows-amd64-cygwin\jdk8u31\2394\hotspot\src\share\vm\prims\jvm.cpp, line 1312]
Event: 0.342 Thread 0x0000000017592800 Exception <a 'java/security/PrivilegedActionException'> (0x00000000eb783f38) thrown at [C:\workspace\8-2-build-windows-amd64-cygwin\jdk8u31\2394\hotspot\src\share\vm\prims\jvm.cpp, line 1312]
Event: 0.348 Thread 0x0000000017592800 Exception <a 'java/security/PrivilegedActionException'> (0x00000000eb79d2e0) thrown at [C:\workspace\8-2-build-windows-amd64-cygwin\jdk8u31\2394\hotspot\src\share\vm\prims\jvm.cpp, line 1312]
Event: 0.349 Thread 0x0000000017e45000 Exception <a 'java/security/PrivilegedActionException'> (0x00000000eb3487e0) thrown at [C:\workspace\8-2-build-windows-amd64-cygwin\jdk8u31\2394\hotspot\src\share\vm\prims\jvm.cpp, line 1312]
Event: 0.350 Thread 0x0000000001160800 Exception <a 'java/security/PrivilegedActionException'> (0x00000000eb91ec90) thrown at [C:\workspace\8-2-build-windows-amd64-cygwin\jdk8u31\2394\hotspot\src\share\vm\prims\jvm.cpp, line 1312]
Event: 0.353 Thread 0x0000000017e3f800 Exception <a 'java/security/PrivilegedActionException'> (0x00000000eb48b4f0) thrown at [C:\workspace\8-2-build-windows-amd64-cygwin\jdk8u31\2394\hotspot\src\share\vm\prims\jvm.cpp, line 1312]
Event: 0.357 Thread 0x0000000017e42800 Exception <a 'java/security/PrivilegedActionException'> (0x00000000eb9b1040) thrown at [C:\workspace\8-2-build-windows-amd64-cygwin\jdk8u31\2394\hotspot\src\share\vm\prims\jvm.cpp, line 1312]
Event: 0.384 Thread 0x0000000017592800 Exception <a 'java/security/PrivilegedActionException'> (0x00000000ebb98160) thrown at [C:\workspace\8-2-build-windows-amd64-cygwin\jdk8u31\2394\hotspot\src\share\vm\prims\jvm.cpp, line 1312]

Events (10 events):
Event: 0.380 Thread 0x0000000017e45000 DEOPT PACKING pc=0x00000000036219cc sp=0x00000000188dedb0
Event: 0.380 Thread 0x0000000017e45000 DEOPT UNPACKING pc=0x000000000344556a sp=0x00000000188decd8 mode 2
Event: 0.384 loading class com/android/dx/rop/code/LocalItem
Event: 0.384 loading class com/android/dx/rop/code/LocalItem done
Event: 0.388 loading class java/util/TreeMap$EntrySet
Event: 0.388 loading class java/util/TreeMap$EntrySet done
Event: 0.388 loading class java/util/TreeMap$EntryIterator
Event: 0.388 loading class java/util/TreeMap$EntryIterator done
Event: 0.390 loading class java/util/ArrayList$1
Event: 0.390 loading class java/util/ArrayList$1 done


Dynamic libraries:
0x00007ff722c50000 - 0x00007ff722c84000 	C:\Program Files\Java\jdk1.8.0_31\bin\java.exe
0x00007ffa88b20000 - 0x00007ffa88ccd000 	C:\WINDOWS\SYSTEM32\ntdll.dll
0x00007ffa87f00000 - 0x00007ffa8803e000 	C:\WINDOWS\system32\KERNEL32.DLL
0x00007ffa85d10000 - 0x00007ffa85e25000 	C:\WINDOWS\system32\KERNELBASE.dll
0x00007ffa847e0000 - 0x00007ffa8486e000 	C:\WINDOWS\system32\apphelp.dll
0x00007ffa6b190000 - 0x00007ffa6b1e3000 	C:\WINDOWS\AppPatch\AppPatch64\AcGenral.DLL
0x00007ffa88640000 - 0x00007ffa886ea000 	C:\WINDOWS\system32\msvcrt.dll
0x00007ffa86170000 - 0x00007ffa8619e000 	C:\WINDOWS\system32\SspiCli.dll
0x00007ffa88040000 - 0x00007ffa88094000 	C:\WINDOWS\system32\SHLWAPI.dll
0x00007ffa88260000 - 0x00007ffa883d7000 	C:\WINDOWS\system32\USER32.dll
0x00007ffa864a0000 - 0x00007ffa86634000 	C:\WINDOWS\system32\ole32.dll
0x00007ffa86860000 - 0x00007ffa87d88000 	C:\WINDOWS\system32\SHELL32.dll
0x00007ffa85670000 - 0x00007ffa85691000 	C:\WINDOWS\SYSTEM32\USERENV.dll
0x00007ffa88590000 - 0x00007ffa8863a000 	C:\WINDOWS\system32\ADVAPI32.dll
0x00007ffa7fce0000 - 0x00007ffa7fcfe000 	C:\WINDOWS\SYSTEM32\MPR.dll
0x00007ffa88450000 - 0x00007ffa88590000 	C:\WINDOWS\system32\RPCRT4.dll
0x00007ffa86650000 - 0x00007ffa866a9000 	C:\WINDOWS\SYSTEM32\sechost.dll
0x00007ffa861c0000 - 0x00007ffa863d1000 	C:\WINDOWS\SYSTEM32\combase.dll
0x00007ffa86710000 - 0x00007ffa8685f000 	C:\WINDOWS\system32\GDI32.dll
0x00007ffa85c40000 - 0x00007ffa85c55000 	C:\WINDOWS\SYSTEM32\profapi.dll
0x00007ffa841b0000 - 0x00007ffa84262000 	C:\WINDOWS\SYSTEM32\SHCORE.dll
0x00007ffa87e50000 - 0x00007ffa87e86000 	C:\WINDOWS\system32\IMM32.DLL
0x00007ffa887e0000 - 0x00007ffa88932000 	C:\WINDOWS\system32\MSCTF.dll
0x00007ffa83d30000 - 0x00007ffa83fab000 	C:\WINDOWS\WinSxS\amd64_microsoft.windows.common-controls_6595b64144ccf1df_6.0.9600.18006_none_623f33d3ecbe86e8\COMCTL32.dll
0x0000000059bb0000 - 0x0000000059c82000 	C:\Program Files\Java\jdk1.8.0_31\jre\bin\msvcr100.dll
0x0000000059350000 - 0x0000000059baa000 	C:\Program Files\Java\jdk1.8.0_31\jre\bin\server\jvm.dll
0x00007ffa7c230000 - 0x00007ffa7c239000 	C:\WINDOWS\SYSTEM32\WSOCK32.dll
0x00007ffa819d0000 - 0x00007ffa819f2000 	C:\WINDOWS\SYSTEM32\WINMM.dll
0x00007ffa861a0000 - 0x00007ffa861a7000 	C:\WINDOWS\system32\PSAPI.DLL
0x00007ffa866b0000 - 0x00007ffa8670a000 	C:\WINDOWS\system32\WS2_32.dll
0x00007ffa81670000 - 0x00007ffa8169a000 	C:\WINDOWS\SYSTEM32\WINMMBASE.dll
0x00007ffa87ef0000 - 0x00007ffa87ef9000 	C:\WINDOWS\system32\NSI.dll
0x00007ffa860c0000 - 0x00007ffa8610f000 	C:\WINDOWS\SYSTEM32\cfgmgr32.dll
0x00007ffa84a50000 - 0x00007ffa84a78000 	C:\WINDOWS\SYSTEM32\DEVOBJ.dll
0x0000000059340000 - 0x000000005934f000 	C:\Program Files\Java\jdk1.8.0_31\jre\bin\verify.dll
0x0000000059310000 - 0x0000000059338000 	C:\Program Files\Java\jdk1.8.0_31\jre\bin\java.dll
0x00000000592f0000 - 0x0000000059306000 	C:\Program Files\Java\jdk1.8.0_31\jre\bin\zip.dll
0x00007ffa80710000 - 0x00007ffa80899000 	C:\WINDOWS\SYSTEM32\dbghelp.dll

VM Arguments:
jvm_args: -Djava.awt.headless=true -Xmx1024M -Dfile.encoding=windows-1252 -Duser.country=CA -Duser.language=en -Duser.variant 
java_command: com.android.dx.command.Main --dex --force-jumbo --num-threads=4 --multi-dex --output C:\Users\Saketh\Desktop\Honours Project\Marked\app\build\intermediates\transforms\dex\debug\folders\1000\10\com.google.firebase-firebase-analytics-impl-10.2.1_a158504962ddc8cc93a482e783ac886c0f93b218 C:\Users\Saketh\Desktop\Honours Project\Marked\app\build\intermediates\exploded-aar\com.google.firebase\firebase-analytics-impl\10.2.1\jars\classes.jar
java_class_path (initial): C:\Users\Saketh\Desktop\New folder\adt-bundle-windows-x86_64-20130522\sdk\build-tools\25.0.0\lib\dx.jar
Launcher Type: SUN_STANDARD

Environment Variables:
PATH=C:\ProgramData\Oracle\Java\javapath;C:\Program Files (x86)\NVIDIA Corporation\PhysX\Common;C:\Program Files (x86)\Intel\iCLS Client\;C:\Program Files\Intel\iCLS Client\;C:\WINDOWS\system32;C:\WINDOWS;C:\WINDOWS\System32\Wbem;C:\WINDOWS\System32\WindowsPowerShell\v1.0\;C:\Program Files\Intel\Intel(R) Management Engine Components\DAL;C:\Program Files\Intel\Intel(R) Management Engine Components\IPT;C:\Program Files (x86)\Intel\Intel(R) Management Engine Components\DAL;C:\Program Files (x86)\Intel\Intel(R) Management Engine Components\IPT;C:\Program Files\Microsoft\Web Platform Installer\;C:\Program Files\Intel\WiFi\bin\;C:\Program Files\Common Files\Intel\WirelessCommon\;C:\Program Files (x86)\MiKTeX 2.9\miktex\bin\;C:\Program Files (x86)\Skype\Phone\;C:\Program Files\TortoiseGit\bin
USERNAME=Saketh
OS=Windows_NT
PROCESSOR_IDENTIFIER=Intel64 Family 6 Model 58 Stepping 9, GenuineIntel



---------------  S Y S T E M  ---------------

OS: Windows 8.1 , 64 bit Build 9600 

CPU:total 8 (4 cores per cpu, 2 threads per core) family 6 model 58 stepping 9, cmov, cx8, fxsr, mmx, sse, sse2, sse3, ssse3, sse4.1, sse4.2, popcnt, avx, aes, clmul, erms, ht, tsc, tscinvbit, tscinv

Memory: 4k page, physical 8334620k(944976k free), swap 11480348k(5084k free)

vm_info: Java HotSpot(TM) 64-Bit Server VM (25.31-b07) for windows-amd64 JRE (1.8.0_31-b13), built on Dec 17 2014 21:00:28 by "java_re" with MS VC++ 10.0 (VS2010)

time: Mon May 08 02:43:12 2017
elapsed time: 0 seconds (0d 0h 0m 0s)

