#
# There is insufficient memory for the Java Runtime Environment to continue.
# Native memory allocation (malloc) failed to allocate 613456 bytes for Chunk::new
# Possible reasons:
#   The system is out of physical RAM or swap space
#   In 32 bit mode, the process size limit was hit
# Possible solutions:
#   Reduce memory load on the system
#   Increase physical memory or swap space
#   Check if swap backing store is full
#   Use 64 bit Java on a 64 bit OS
#   Decrease Java heap size (-Xmx/-Xms)
#   Decrease number of Java threads
#   Decrease Java thread stack sizes (-Xss)
#   Set larger code cache with -XX:ReservedCodeCacheSize=
# This output file may be truncated or incomplete.
#
#  Out of Memory Error (allocation.cpp:390), pid=8556, tid=5912
#
# JRE version: Java(TM) SE Runtime Environment (8.0_31-b13) (build 1.8.0_31-b13)
# Java VM: Java HotSpot(TM) 64-Bit Server VM (25.31-b07 mixed mode windows-amd64 compressed oops)
# Failed to write core dump. Minidumps are not enabled by default on client versions of Windows
#

---------------  T H R E A D  ---------------

Current thread (0x0000000017036800):  JavaThread "C2 CompilerThread1" daemon [_thread_in_native, id=5912, stack(0x00000000176c0000,0x00000000177c0000)]

Stack: [0x00000000176c0000,0x00000000177c0000]
Native frames: (J=compiled Java code, j=interpreted, Vv=VM code, C=native code)
V  [jvm.dll+0x3169ba]
V  [jvm.dll+0x2674c3]
V  [jvm.dll+0x268103]
V  [jvm.dll+0x25f8f5]
V  [jvm.dll+0xbf025]
V  [jvm.dll+0xbf4cc]
V  [jvm.dll+0x45df82]
V  [jvm.dll+0x49f21f]
V  [jvm.dll+0x453401]
V  [jvm.dll+0x454124]
V  [jvm.dll+0x437c62]
V  [jvm.dll+0x988e2]
V  [jvm.dll+0x990d3]
V  [jvm.dll+0x22c194]
V  [jvm.dll+0x28576a]
C  [msvcr100.dll+0x21d9f]
C  [msvcr100.dll+0x21e3b]
C  [KERNEL32.DLL+0x13d2]
C  [ntdll.dll+0x154e4]


Current CompileTask:
C2:   3160 1389       4       com.android.dx.ssa.LiteralOpUpgrader$1::visitNonMoveInsn (203 bytes)


---------------  P R O C E S S  ---------------

Java Threads: ( => current thread )
  0x000000001724a800 JavaThread "pool-2-thread-4" [_thread_in_Java, id=9412, stack(0x0000000017fc0000,0x00000000180c0000)]
  0x00000000172cf800 JavaThread "pool-2-thread-3" [_thread_in_Java, id=8708, stack(0x0000000017ec0000,0x0000000017fc0000)]
  0x00000000172df800 JavaThread "pool-2-thread-2" [_thread_blocked, id=9964, stack(0x0000000017dc0000,0x0000000017ec0000)]
  0x00000000172d8800 JavaThread "pool-3-thread-1" [_thread_blocked, id=8436, stack(0x0000000017cc0000,0x0000000017dc0000)]
  0x00000000172d8000 JavaThread "pool-2-thread-1" [_thread_in_Java, id=10744, stack(0x0000000017bc0000,0x0000000017cc0000)]
  0x0000000017049000 JavaThread "Service Thread" daemon [_thread_blocked, id=9796, stack(0x00000000179c0000,0x0000000017ac0000)]
  0x0000000017040800 JavaThread "C1 CompilerThread3" daemon [_thread_in_native, id=13404, stack(0x00000000178c0000,0x00000000179c0000)]
  0x000000001703d800 JavaThread "C2 CompilerThread2" daemon [_thread_in_native, id=4272, stack(0x00000000177c0000,0x00000000178c0000)]
=>0x0000000017036800 JavaThread "C2 CompilerThread1" daemon [_thread_in_native, id=5912, stack(0x00000000176c0000,0x00000000177c0000)]
  0x0000000016fe7000 JavaThread "C2 CompilerThread0" daemon [_thread_in_native, id=13376, stack(0x00000000175c0000,0x00000000176c0000)]
  0x0000000016fe4800 JavaThread "Attach Listener" daemon [_thread_blocked, id=14092, stack(0x00000000174c0000,0x00000000175c0000)]
  0x0000000016fe4000 JavaThread "Signal Dispatcher" daemon [_thread_blocked, id=13608, stack(0x00000000173c0000,0x00000000174c0000)]
  0x0000000000fc7800 JavaThread "Finalizer" daemon [_thread_blocked, id=12356, stack(0x0000000016ec0000,0x0000000016fc0000)]
  0x0000000000fc1000 JavaThread "Reference Handler" daemon [_thread_blocked, id=13676, stack(0x0000000016dc0000,0x0000000016ec0000)]
  0x0000000000ed0800 JavaThread "main" [_thread_in_Java, id=8300, stack(0x0000000000dd0000,0x0000000000ed0000)]

Other Threads:
  0x0000000014fe8800 VMThread [stack: 0x0000000016cc0000,0x0000000016dc0000] [id=13800]
  0x000000001704d000 WatcherThread [stack: 0x0000000017ac0000,0x0000000017bc0000] [id=13140]

VM state:not at safepoint (normal execution)

VM Mutex/Monitor currently owned by a thread:  ([mutex/lock_event])
[0x0000000000a5ba10] CodeCache_lock - owner thread: 0x0000000017040800
[0x0000000000a5ed70] Compile_lock - owner thread: 0x0000000017040800
[0x0000000000a5e9f0] MethodCompileQueue_lock - owner thread: 0x0000000000000000

Heap:
 PSYoungGen      total 38400K, used 23226K [0x00000000eab00000, 0x00000000ef600000, 0x0000000100000000)
  eden space 33280K, 54% used [0x00000000eab00000,0x00000000ebcb57f0,0x00000000ecb80000)
  from space 5120K, 99% used [0x00000000ecb80000,0x00000000ed0792a0,0x00000000ed080000)
  to   space 5120K, 0% used [0x00000000ef100000,0x00000000ef100000,0x00000000ef600000)
 ParOldGen       total 87552K, used 930K [0x00000000c0000000, 0x00000000c5580000, 0x00000000eab00000)
  object space 87552K, 1% used [0x00000000c0000000,0x00000000c00e8a48,0x00000000c5580000)
 Metaspace       used 6062K, capacity 7024K, committed 7296K, reserved 1056768K
  class space    used 592K, capacity 616K, committed 640K, reserved 1048576K

Card table byte_map: [0x0000000001390000,0x00000000015a0000] byte_map_base: 0x0000000000d90000

Marking Bits: (ParMarkBitMap*) 0x0000000059c2d4f0
 Begin Bits: [0x0000000012400000, 0x0000000013400000)
 End Bits:   [0x0000000013400000, 0x0000000014400000)

Polling page: 0x0000000000940000

CodeCache: size=245760Kb used=6074Kb max_used=6074Kb free=239685Kb
 bounds [0x0000000003400000, 0x0000000003a00000, 0x0000000012400000]
 total_blobs=1729 nmethods=1464 adapters=179
 compilation: enabled

Compilation events (10 events):
Event: 3.113 Thread 0x0000000017040800 nmethod 1461 0x000000000396f250 code [0x000000000396f3a0, 0x000000000396f4b0]
Event: 3.113 Thread 0x0000000017040800 1456       1       java.util.HashMap$Node::getValue (5 bytes)
Event: 3.113 Thread 0x0000000017040800 nmethod 1456 0x00000000039b6890 code [0x00000000039b69e0, 0x00000000039b6af0]
Event: 3.115 Thread 0x0000000017040800 1462       3       com.android.dx.ssa.NormalSsaInsn::canThrow (8 bytes)
Event: 3.116 Thread 0x0000000017040800 nmethod 1462 0x00000000039b6b50 code [0x00000000039b6ce0, 0x00000000039b7128]
Event: 3.122 Thread 0x0000000017040800 1463       3       com.android.dx.cf.direct.StdAttributeFactory::code (613 bytes)
Event: 3.131 Thread 0x0000000017040800 nmethod 1463 0x00000000039b72d0 code [0x00000000039b7c00, 0x00000000039be678]
Event: 3.131 Thread 0x0000000017040800 1465       3       java.io.DataInputStream::<init> (30 bytes)
Event: 3.132 Thread 0x0000000017040800 nmethod 1465 0x00000000039c6310 code [0x00000000039c6480, 0x00000000039c68d0]
Event: 3.132 Thread 0x0000000017040800 1466       3       com.android.dx.cf.direct.StdAttributeFactory::localVariableTable (98 bytes)

GC Heap History (2 events):
Event: 2.489 GC heap before
{Heap before GC invocations=1 (full 0):
 PSYoungGen      total 38400K, used 33280K [0x00000000eab00000, 0x00000000ed580000, 0x0000000100000000)
  eden space 33280K, 100% used [0x00000000eab00000,0x00000000ecb80000,0x00000000ecb80000)
  from space 5120K, 0% used [0x00000000ed080000,0x00000000ed080000,0x00000000ed580000)
  to   space 5120K, 0% used [0x00000000ecb80000,0x00000000ecb80000,0x00000000ed080000)
 ParOldGen       total 87552K, used 0K [0x00000000c0000000, 0x00000000c5580000, 0x00000000eab00000)
  object space 87552K, 0% used [0x00000000c0000000,0x00000000c0000000,0x00000000c5580000)
 Metaspace       used 5960K, capacity 6960K, committed 7040K, reserved 1056768K
  class space    used 591K, capacity 616K, committed 640K, reserved 1048576K
Event: 2.578 GC heap after
Heap after GC invocations=1 (full 0):
 PSYoungGen      total 38400K, used 5092K [0x00000000eab00000, 0x00000000ef600000, 0x0000000100000000)
  eden space 33280K, 0% used [0x00000000eab00000,0x00000000eab00000,0x00000000ecb80000)
  from space 5120K, 99% used [0x00000000ecb80000,0x00000000ed0792a0,0x00000000ed080000)
  to   space 5120K, 0% used [0x00000000ef100000,0x00000000ef100000,0x00000000ef600000)
 ParOldGen       total 87552K, used 930K [0x00000000c0000000, 0x00000000c5580000, 0x00000000eab00000)
  object space 87552K, 1% used [0x00000000c0000000,0x00000000c00e8a48,0x00000000c5580000)
 Metaspace       used 5960K, capacity 6960K, committed 7040K, reserved 1056768K
  class space    used 591K, capacity 616K, committed 640K, reserved 1048576K
}

Deoptimization events (10 events):
Event: 1.618 Thread 0x000000001724a800 Uncommon trap: reason=unreached action=reinterpret pc=0x000000000370749c method=com.android.dx.rop.cst.Constant.compareTo(Lcom/android/dx/rop/cst/Constant;)I @ 12
Event: 1.619 Thread 0x000000001724a800 Uncommon trap: reason=bimorphic action=maybe_recompile pc=0x00000000036bb364 method=java.util.HashMap.getNode(ILjava/lang/Object;)Ljava/util/HashMap$Node; @ 126
Event: 1.619 Thread 0x000000001724a800 Uncommon trap: reason=bimorphic action=maybe_recompile pc=0x00000000036bb364 method=java.util.HashMap.getNode(ILjava/lang/Object;)Ljava/util/HashMap$Node; @ 126
Event: 1.747 Thread 0x00000000172d8000 Uncommon trap: reason=class_check action=maybe_recompile pc=0x00000000036bb3ac method=com.android.dx.rop.type.Type.equals(Ljava/lang/Object;)Z @ 8
Event: 1.882 Thread 0x00000000172df800 Uncommon trap: reason=bimorphic action=maybe_recompile pc=0x00000000037de0f4 method=java.util.HashMap.putVal(ILjava/lang/Object;Ljava/lang/Object;ZZ)Ljava/lang/Object; @ 91
Event: 2.931 Thread 0x000000001724a800 Uncommon trap: reason=bimorphic action=maybe_recompile pc=0x00000000037de0f4 method=java.util.HashMap.putVal(ILjava/lang/Object;Ljava/lang/Object;ZZ)Ljava/lang/Object; @ 91
Event: 2.931 Thread 0x000000001724a800 Uncommon trap: reason=bimorphic action=maybe_recompile pc=0x00000000037de0f4 method=java.util.HashMap.putVal(ILjava/lang/Object;Ljava/lang/Object;ZZ)Ljava/lang/Object; @ 91
Event: 2.931 Thread 0x000000001724a800 Uncommon trap: reason=bimorphic action=maybe_recompile pc=0x00000000037de0f4 method=java.util.HashMap.putVal(ILjava/lang/Object;Ljava/lang/Object;ZZ)Ljava/lang/Object; @ 91
Event: 2.985 Thread 0x000000001724a800 Uncommon trap: reason=null_check action=make_not_entrant pc=0x00000000037140d0 method=com.android.dx.ssa.SsaRenamer.getLocalForNewReg(I)Lcom/android/dx/rop/code/LocalItem; @ 19
Event: 3.069 Thread 0x00000000172d8000 Uncommon trap: reason=uninitialized action=reinterpret pc=0x00000000038e2974 method=com.android.dx.cf.code.BytecodeArray.parseInstruction(ILcom/android/dx/cf/code/BytecodeArray$Visitor;)I @ 999

Internal exceptions (10 events):
Event: 1.224 Thread 0x00000000172cf800 Exception <a 'java/security/PrivilegedActionException'> (0x00000000eb7030e8) thrown at [C:\workspace\8-2-build-windows-amd64-cygwin\jdk8u31\2394\hotspot\src\share\vm\prims\jvm.cpp, line 1312]
Event: 1.235 Thread 0x0000000000ed0800 Exception <a 'java/security/PrivilegedActionException'> (0x00000000eb841ef0) thrown at [C:\workspace\8-2-build-windows-amd64-cygwin\jdk8u31\2394\hotspot\src\share\vm\prims\jvm.cpp, line 1312]
Event: 1.236 Thread 0x0000000000ed0800 Exception <a 'java/security/PrivilegedActionException'> (0x00000000eb845098) thrown at [C:\workspace\8-2-build-windows-amd64-cygwin\jdk8u31\2394\hotspot\src\share\vm\prims\jvm.cpp, line 1312]
Event: 1.339 Thread 0x000000001724a800 Exception <a 'java/security/PrivilegedActionException'> (0x00000000eba0b5a0) thrown at [C:\workspace\8-2-build-windows-amd64-cygwin\jdk8u31\2394\hotspot\src\share\vm\prims\jvm.cpp, line 1312]
Event: 1.429 Thread 0x00000000172df800 Implicit null exception at 0x00000000036b9022 to 0x00000000036b9121
Event: 1.573 Thread 0x00000000172d8000 Exception <a 'java/security/PrivilegedActionException'> (0x00000000ebe65db0) thrown at [C:\workspace\8-2-build-windows-amd64-cygwin\jdk8u31\2394\hotspot\src\share\vm\prims\jvm.cpp, line 1312]
Event: 2.054 Thread 0x000000001724a800 Exception <a 'java/security/PrivilegedActionException'> (0x00000000ec1deaf8) thrown at [C:\workspace\8-2-build-windows-amd64-cygwin\jdk8u31\2394\hotspot\src\share\vm\prims\jvm.cpp, line 1312]
Event: 2.926 Thread 0x0000000000ed0800 Exception <a 'java/security/PrivilegedActionException'> (0x00000000eac81f10) thrown at [C:\workspace\8-2-build-windows-amd64-cygwin\jdk8u31\2394\hotspot\src\share\vm\prims\jvm.cpp, line 1312]
Event: 2.985 Thread 0x000000001724a800 Implicit null exception at 0x0000000003711d03 to 0x00000000037140a9
Event: 3.066 Thread 0x00000000172d8000 Exception <a 'java/security/PrivilegedActionException'> (0x00000000eb47e410) thrown at [C:\workspace\8-2-build-windows-amd64-cygwin\jdk8u31\2394\hotspot\src\share\vm\prims\jvm.cpp, line 1312]

Events (10 events):
Event: 2.931 Thread 0x000000001724a800 DEOPT PACKING pc=0x00000000037de0f4 sp=0x00000000180bed70
Event: 2.931 Thread 0x000000001724a800 DEOPT UNPACKING pc=0x000000000344556a sp=0x00000000180bece8 mode 2
Event: 2.985 Thread 0x000000001724a800 Uncommon trap: trap_request=0xfffffff4 fr.pc=0x00000000037140d0
Event: 2.985 Thread 0x000000001724a800 DEOPT PACKING pc=0x00000000037140d0 sp=0x00000000180bece0
Event: 2.985 Thread 0x000000001724a800 DEOPT UNPACKING pc=0x000000000344556a sp=0x00000000180beb28 mode 2
Event: 3.065 loading class com/android/dx/cf/code/SwitchList
Event: 3.065 loading class com/android/dx/cf/code/SwitchList done
Event: 3.069 Thread 0x00000000172d8000 Uncommon trap: trap_request=0xffffffb5 fr.pc=0x00000000038e2974
Event: 3.069 Thread 0x00000000172d8000 DEOPT PACKING pc=0x00000000038e2974 sp=0x0000000017cbe860
Event: 3.069 Thread 0x00000000172d8000 DEOPT UNPACKING pc=0x000000000344556a sp=0x0000000017cbe800 mode 2


Dynamic libraries:
0x00007ff644d20000 - 0x00007ff644d54000 	C:\Program Files\Java\jdk1.8.0_31\bin\java.exe
0x00007ffa88b20000 - 0x00007ffa88ccd000 	C:\WINDOWS\SYSTEM32\ntdll.dll
0x00007ffa87f00000 - 0x00007ffa8803e000 	C:\WINDOWS\system32\KERNEL32.DLL
0x00007ffa85d10000 - 0x00007ffa85e25000 	C:\WINDOWS\system32\KERNELBASE.dll
0x00007ffa847e0000 - 0x00007ffa8486e000 	C:\WINDOWS\system32\apphelp.dll
0x00007ffa6e1c0000 - 0x00007ffa6e213000 	C:\WINDOWS\AppPatch\AppPatch64\AcGenral.DLL
0x00007ffa88640000 - 0x00007ffa886ea000 	C:\WINDOWS\system32\msvcrt.dll
0x00007ffa86170000 - 0x00007ffa8619e000 	C:\WINDOWS\system32\SspiCli.dll
0x00007ffa88040000 - 0x00007ffa88094000 	C:\WINDOWS\system32\SHLWAPI.dll
0x00007ffa88260000 - 0x00007ffa883d7000 	C:\WINDOWS\system32\USER32.dll
0x00007ffa864a0000 - 0x00007ffa86634000 	C:\WINDOWS\system32\ole32.dll
0x00007ffa86860000 - 0x00007ffa87d88000 	C:\WINDOWS\system32\SHELL32.dll
0x00007ffa85670000 - 0x00007ffa85691000 	C:\WINDOWS\SYSTEM32\USERENV.dll
0x00007ffa88590000 - 0x00007ffa8863a000 	C:\WINDOWS\system32\ADVAPI32.dll
0x00007ffa7fce0000 - 0x00007ffa7fcfe000 	C:\WINDOWS\SYSTEM32\MPR.dll
0x00007ffa88450000 - 0x00007ffa88590000 	C:\WINDOWS\system32\RPCRT4.dll
0x00007ffa86650000 - 0x00007ffa866a9000 	C:\WINDOWS\SYSTEM32\sechost.dll
0x00007ffa861c0000 - 0x00007ffa863d1000 	C:\WINDOWS\SYSTEM32\combase.dll
0x00007ffa86710000 - 0x00007ffa8685f000 	C:\WINDOWS\system32\GDI32.dll
0x00007ffa85c40000 - 0x00007ffa85c55000 	C:\WINDOWS\SYSTEM32\profapi.dll
0x00007ffa841b0000 - 0x00007ffa84262000 	C:\WINDOWS\SYSTEM32\SHCORE.dll
0x00007ffa87e50000 - 0x00007ffa87e86000 	C:\WINDOWS\system32\IMM32.DLL
0x00007ffa887e0000 - 0x00007ffa88932000 	C:\WINDOWS\system32\MSCTF.dll
0x00007ffa83d30000 - 0x00007ffa83fab000 	C:\WINDOWS\WinSxS\amd64_microsoft.windows.common-controls_6595b64144ccf1df_6.0.9600.18006_none_623f33d3ecbe86e8\COMCTL32.dll
0x000000005ab30000 - 0x000000005ac02000 	C:\Program Files\Java\jdk1.8.0_31\jre\bin\msvcr100.dll
0x0000000059450000 - 0x0000000059caa000 	C:\Program Files\Java\jdk1.8.0_31\jre\bin\server\jvm.dll
0x00007ffa7c230000 - 0x00007ffa7c239000 	C:\WINDOWS\SYSTEM32\WSOCK32.dll
0x00007ffa819d0000 - 0x00007ffa819f2000 	C:\WINDOWS\SYSTEM32\WINMM.dll
0x00007ffa861a0000 - 0x00007ffa861a7000 	C:\WINDOWS\system32\PSAPI.DLL
0x00007ffa866b0000 - 0x00007ffa8670a000 	C:\WINDOWS\system32\WS2_32.dll
0x00007ffa81670000 - 0x00007ffa8169a000 	C:\WINDOWS\SYSTEM32\WINMMBASE.dll
0x00007ffa87ef0000 - 0x00007ffa87ef9000 	C:\WINDOWS\system32\NSI.dll
0x00007ffa860c0000 - 0x00007ffa8610f000 	C:\WINDOWS\SYSTEM32\cfgmgr32.dll
0x00007ffa84a50000 - 0x00007ffa84a78000 	C:\WINDOWS\SYSTEM32\DEVOBJ.dll
0x000000005ab20000 - 0x000000005ab2f000 	C:\Program Files\Java\jdk1.8.0_31\jre\bin\verify.dll
0x000000005aaf0000 - 0x000000005ab18000 	C:\Program Files\Java\jdk1.8.0_31\jre\bin\java.dll
0x000000005aad0000 - 0x000000005aae6000 	C:\Program Files\Java\jdk1.8.0_31\jre\bin\zip.dll
0x00007ffa80710000 - 0x00007ffa80899000 	C:\WINDOWS\SYSTEM32\dbghelp.dll

VM Arguments:
jvm_args: -Djava.awt.headless=true -Xmx1024M -Dfile.encoding=windows-1252 -Duser.country=CA -Duser.language=en -Duser.variant 
java_command: com.android.dx.command.Main --dex --force-jumbo --num-threads=4 --multi-dex --output C:\Users\Saketh\Desktop\Honours Project\Marked\app\build\intermediates\transforms\dex\debug\folders\1000\10\com.android.support-transition-25.3.0_d2a133233465a753f3a32253e3a0e200056a75b3 C:\Users\Saketh\Desktop\Honours Project\Marked\app\build\intermediates\exploded-aar\com.android.support\transition\25.3.0\jars\classes.jar
java_class_path (initial): C:\Users\Saketh\Desktop\New folder\adt-bundle-windows-x86_64-20130522\sdk\build-tools\25.0.0\lib\dx.jar
Launcher Type: SUN_STANDARD

Environment Variables:
PATH=C:\ProgramData\Oracle\Java\javapath;C:\Program Files (x86)\NVIDIA Corporation\PhysX\Common;C:\Program Files (x86)\Intel\iCLS Client\;C:\Program Files\Intel\iCLS Client\;C:\WINDOWS\system32;C:\WINDOWS;C:\WINDOWS\System32\Wbem;C:\WINDOWS\System32\WindowsPowerShell\v1.0\;C:\Program Files\Intel\Intel(R) Management Engine Components\DAL;C:\Program Files\Intel\Intel(R) Management Engine Components\IPT;C:\Program Files (x86)\Intel\Intel(R) Management Engine Components\DAL;C:\Program Files (x86)\Intel\Intel(R) Management Engine Components\IPT;C:\Program Files\Microsoft\Web Platform Installer\;C:\Program Files\Intel\WiFi\bin\;C:\Program Files\Common Files\Intel\WirelessCommon\;C:\Program Files (x86)\MiKTeX 2.9\miktex\bin\;C:\Program Files (x86)\Skype\Phone\;C:\Program Files\TortoiseGit\bin
USERNAME=Saketh
OS=Windows_NT
PROCESSOR_IDENTIFIER=Intel64 Family 6 Model 58 Stepping 9, GenuineIntel



---------------  S Y S T E M  ---------------

OS: Windows 8.1 , 64 bit Build 9600 

CPU:total 8 (4 cores per cpu, 2 threads per core) family 6 model 58 stepping 9, cmov, cx8, fxsr, mmx, sse, sse2, sse3, ssse3, sse4.1, sse4.2, popcnt, avx, aes, clmul, erms, ht, tsc, tscinvbit, tscinv

Memory: 4k page, physical 8334620k(823636k free), swap 11480348k(11956k free)

vm_info: Java HotSpot(TM) 64-Bit Server VM (25.31-b07) for windows-amd64 JRE (1.8.0_31-b13), built on Dec 17 2014 21:00:28 by "java_re" with MS VC++ 10.0 (VS2010)

time: Sun Apr 30 22:35:22 2017
elapsed time: 3 seconds (0d 0h 0m 3s)

