#
# There is insufficient memory for the Java Runtime Environment to continue.
# Native memory allocation (malloc) failed to allocate 65552 bytes for Chunk::new
# Possible reasons:
#   The system is out of physical RAM or swap space
#   In 32 bit mode, the process size limit was hit
# Possible solutions:
#   Reduce memory load on the system
#   Increase physical memory or swap space
#   Check if swap backing store is full
#   Use 64 bit Java on a 64 bit OS
#   Decrease Java heap size (-Xmx/-Xms)
#   Decrease number of Java threads
#   Decrease Java thread stack sizes (-Xss)
#   Set larger code cache with -XX:ReservedCodeCacheSize=
# This output file may be truncated or incomplete.
#
#  Out of Memory Error (allocation.cpp:390), pid=14880, tid=7504
#
# JRE version: Java(TM) SE Runtime Environment (8.0_31-b13) (build 1.8.0_31-b13)
# Java VM: Java HotSpot(TM) 64-Bit Server VM (25.31-b07 mixed mode windows-amd64 compressed oops)
# Failed to write core dump. Minidumps are not enabled by default on client versions of Windows
#

---------------  T H R E A D  ---------------

Current thread (0x00000000177e9800):  JavaThread "C2 CompilerThread1" daemon [_thread_in_native, id=7504, stack(0x0000000017ec0000,0x0000000017fc0000)]

Stack: [0x0000000017ec0000,0x0000000017fc0000]
Native frames: (J=compiled Java code, j=interpreted, Vv=VM code, C=native code)
V  [jvm.dll+0x3169ba]


Current CompileTask:
C2:   8161 2100       4       com.android.dx.cf.code.Ropper::addExceptionSetupBlocks (203 bytes)


---------------  P R O C E S S  ---------------

Java Threads: ( => current thread )
  0x0000000017aab800 JavaThread "pool-2-thread-4" [_thread_in_Java, id=12532, stack(0x0000000018fc0000,0x00000000190c0000)]
  0x0000000017aaa800 JavaThread "pool-2-thread-3" [_thread_in_Java, id=14360, stack(0x0000000018ec0000,0x0000000018fc0000)]
  0x0000000017aaa000 JavaThread "pool-2-thread-2" [_thread_in_Java, id=2736, stack(0x0000000018dc0000,0x0000000018ec0000)]
  0x0000000017b53000 JavaThread "pool-3-thread-1" [_thread_blocked, id=10896, stack(0x0000000018cc0000,0x0000000018dc0000)]
  0x0000000017b4f800 JavaThread "pool-2-thread-1" [_thread_in_Java, id=14540, stack(0x0000000018bc0000,0x0000000018cc0000)]
  0x000000001787f800 JavaThread "Service Thread" daemon [_thread_blocked, id=9888, stack(0x00000000181c0000,0x00000000182c0000)]
  0x00000000177f8000 JavaThread "C1 CompilerThread3" daemon [_thread_blocked, id=13472, stack(0x00000000180c0000,0x00000000181c0000)]
  0x00000000177f2800 JavaThread "C2 CompilerThread2" daemon [_thread_in_native, id=10172, stack(0x0000000017fc0000,0x00000000180c0000)]
=>0x00000000177e9800 JavaThread "C2 CompilerThread1" daemon [_thread_in_native, id=7504, stack(0x0000000017ec0000,0x0000000017fc0000)]
  0x00000000177e7800 JavaThread "C2 CompilerThread0" daemon [_thread_in_native, id=8228, stack(0x0000000017dc0000,0x0000000017ec0000)]
  0x00000000177e5800 JavaThread "Attach Listener" daemon [_thread_blocked, id=14744, stack(0x0000000017cc0000,0x0000000017dc0000)]
  0x00000000177e4800 JavaThread "Signal Dispatcher" daemon [_thread_blocked, id=3380, stack(0x0000000017bc0000,0x0000000017cc0000)]
  0x00000000017b9000 JavaThread "Finalizer" daemon [_thread_blocked, id=11172, stack(0x00000000176c0000,0x00000000177c0000)]
  0x00000000157ec000 JavaThread "Reference Handler" daemon [_thread_blocked, id=2936, stack(0x00000000175c0000,0x00000000176c0000)]
  0x00000000016c0800 JavaThread "main" [_thread_in_Java, id=4432, stack(0x00000000015c0000,0x00000000016c0000)]

Other Threads:
  0x00000000157e8000 VMThread [stack: 0x00000000174c0000,0x00000000175c0000] [id=14816]
  0x0000000017883800 WatcherThread [stack: 0x00000000182c0000,0x00000000183c0000] [id=9504]

VM state:not at safepoint (normal execution)

VM Mutex/Monitor currently owned by a thread: None

Heap:
 PSYoungGen      total 230912K, used 116490K [0x00000000eab00000, 0x00000000fe680000, 0x0000000100000000)
  eden space 139264K, 83% used [0x00000000eab00000,0x00000000f1cc28e8,0x00000000f3300000)
  from space 91648K, 0% used [0x00000000f3300000,0x00000000f3300000,0x00000000f8c80000)
  to   space 79360K, 0% used [0x00000000f8c80000,0x00000000f8c80000,0x00000000fda00000)
 ParOldGen       total 197632K, used 120523K [0x00000000c0000000, 0x00000000cc100000, 0x00000000eab00000)
  object space 197632K, 60% used [0x00000000c0000000,0x00000000c75b2e60,0x00000000cc100000)
 Metaspace       used 6378K, capacity 7192K, committed 7424K, reserved 1056768K
  class space    used 611K, capacity 656K, committed 768K, reserved 1048576K

Card table byte_map: [0x0000000001b80000,0x0000000001d90000] byte_map_base: 0x0000000001580000

Marking Bits: (ParMarkBitMap*) 0x0000000059b4d4f0
 Begin Bits: [0x0000000012c00000, 0x0000000013c00000)
 End Bits:   [0x0000000013c00000, 0x0000000014c00000)

Polling page: 0x00000000011d0000

CodeCache: size=245760Kb used=8751Kb max_used=8770Kb free=237008Kb
 bounds [0x0000000003400000, 0x0000000003ca0000, 0x0000000012400000]
 total_blobs=2281 nmethods=2014 adapters=177
 compilation: enabled

Compilation events (10 events):
Event: 7.309 Thread 0x00000000177f8000 2103       2       java.util.concurrent.locks.ReentrantLock$FairSync::lock (6 bytes)
Event: 7.309 Thread 0x00000000177f8000 nmethod 2103 0x0000000003c6fb50 code [0x0000000003c6fce0, 0x0000000003c6fef8]
Event: 7.346 Thread 0x00000000177f8000 2104       2       com.android.dx.command.dexer.Main$ClassTranslatorTask::call (5 bytes)
Event: 7.346 Thread 0x00000000177f8000 nmethod 2104 0x0000000003c6f790 code [0x0000000003c6f900, 0x0000000003c6fa88]
Event: 7.346 Thread 0x00000000177f8000 2105       2       com.android.dx.command.dexer.Main$ClassTranslatorTask::call (14 bytes)
Event: 7.346 Thread 0x00000000177f8000 nmethod 2105 0x0000000003c6f3d0 code [0x0000000003c6f540, 0x0000000003c6f6c8]
Event: 7.346 Thread 0x00000000177f8000 2106   !   2       com.android.dx.dex.cf.CfTranslator::translate (44 bytes)
Event: 7.347 Thread 0x00000000177f8000 nmethod 2106 0x0000000003c73f10 code [0x0000000003c740c0, 0x0000000003c74448]
Event: 7.388 Thread 0x00000000177e9800 nmethod 2055 0x0000000003c76bd0 code [0x0000000003c76e80, 0x0000000003c78b40]
Event: 7.388 Thread 0x00000000177e9800 2100       4       com.android.dx.cf.code.Ropper::addExceptionSetupBlocks (203 bytes)

GC Heap History (10 events):
Event: 6.214 GC heap before
{Heap before GC invocations=9 (full 2):
 PSYoungGen      total 149504K, used 117760K [0x00000000eab00000, 0x00000000f8900000, 0x0000000100000000)
  eden space 117760K, 100% used [0x00000000eab00000,0x00000000f1e00000,0x00000000f1e00000)
  from space 31744K, 0% used [0x00000000f4c00000,0x00000000f4c00000,0x00000000f6b00000)
  to   space 47104K, 81% used [0x00000000f1e00000,0x00000000f4346698,0x00000000f4c00000)
 ParOldGen       total 98816K, used 98377K [0x00000000c0000000, 0x00000000c6080000, 0x00000000eab00000)
  object space 98816K, 99% used [0x00000000c0000000,0x00000000c6012598,0x00000000c6080000)
 Metaspace       used 6334K, capacity 7192K, committed 7424K, reserved 1056768K
  class space    used 610K, capacity 656K, committed 768K, reserved 1048576K
Event: 6.468 GC heap after
Heap after GC invocations=9 (full 2):
 PSYoungGen      total 149504K, used 83053K [0x00000000eab00000, 0x00000000f8900000, 0x0000000100000000)
  eden space 117760K, 70% used [0x00000000eab00000,0x00000000efc1b678,0x00000000f1e00000)
  from space 31744K, 0% used [0x00000000f4c00000,0x00000000f4c00000,0x00000000f6b00000)
  to   space 47104K, 0% used [0x00000000f1e00000,0x00000000f1e00000,0x00000000f4c00000)
 ParOldGen       total 197632K, used 98607K [0x00000000c0000000, 0x00000000cc100000, 0x00000000eab00000)
  object space 197632K, 49% used [0x00000000c0000000,0x00000000c604bcb8,0x00000000cc100000)
 Metaspace       used 6334K, capacity 7192K, committed 7424K, reserved 1056768K
  class space    used 610K, capacity 656K, committed 768K, reserved 1048576K
}
Event: 6.517 GC heap before
{Heap before GC invocations=10 (full 2):
 PSYoungGen      total 149504K, used 117760K [0x00000000eab00000, 0x00000000f8900000, 0x0000000100000000)
  eden space 117760K, 100% used [0x00000000eab00000,0x00000000f1e00000,0x00000000f1e00000)
  from space 31744K, 0% used [0x00000000f4c00000,0x00000000f4c00000,0x00000000f6b00000)
  to   space 47104K, 0% used [0x00000000f1e00000,0x00000000f1e00000,0x00000000f4c00000)
 ParOldGen       total 197632K, used 98607K [0x00000000c0000000, 0x00000000cc100000, 0x00000000eab00000)
  object space 197632K, 49% used [0x00000000c0000000,0x00000000c604bcb8,0x00000000cc100000)
 Metaspace       used 6336K, capacity 7192K, committed 7424K, reserved 1056768K
  class space    used 610K, capacity 656K, committed 768K, reserved 1048576K
Event: 6.559 GC heap after
Heap after GC invocations=10 (full 2):
 PSYoungGen      total 164864K, used 47072K [0x00000000eab00000, 0x00000000fda00000, 0x0000000100000000)
  eden space 117760K, 0% used [0x00000000eab00000,0x00000000eab00000,0x00000000f1e00000)
  from space 47104K, 99% used [0x00000000f1e00000,0x00000000f4bf80f8,0x00000000f4c00000)
  to   space 79360K, 0% used [0x00000000f8c80000,0x00000000f8c80000,0x00000000fda00000)
 ParOldGen       total 197632K, used 142864K [0x00000000c0000000, 0x00000000cc100000, 0x00000000eab00000)
  object space 197632K, 72% used [0x00000000c0000000,0x00000000c8b842b8,0x00000000cc100000)
 Metaspace       used 6336K, capacity 7192K, committed 7424K, reserved 1056768K
  class space    used 610K, capacity 656K, committed 768K, reserved 1048576K
}
Event: 6.750 GC heap before
{Heap before GC invocations=11 (full 2):
 PSYoungGen      total 164864K, used 164832K [0x00000000eab00000, 0x00000000fda00000, 0x0000000100000000)
  eden space 117760K, 100% used [0x00000000eab00000,0x00000000f1e00000,0x00000000f1e00000)
  from space 47104K, 99% used [0x00000000f1e00000,0x00000000f4bf80f8,0x00000000f4c00000)
  to   space 79360K, 0% used [0x00000000f8c80000,0x00000000f8c80000,0x00000000fda00000)
 ParOldGen       total 197632K, used 142864K [0x00000000c0000000, 0x00000000cc100000, 0x00000000eab00000)
  object space 197632K, 72% used [0x00000000c0000000,0x00000000c8b842b8,0x00000000cc100000)
 Metaspace       used 6347K, capacity 7192K, committed 7424K, reserved 1056768K
  class space    used 611K, capacity 656K, committed 768K, reserved 1048576K
Event: 6.807 GC heap after
Heap after GC invocations=11 (full 2):
 PSYoungGen      total 218624K, used 71608K [0x00000000eab00000, 0x00000000fe680000, 0x0000000100000000)
  eden space 139264K, 0% used [0x00000000eab00000,0x00000000eab00000,0x00000000f3300000)
  from space 79360K, 90% used [0x00000000f8c80000,0x00000000fd26e320,0x00000000fda00000)
  to   space 91648K, 0% used [0x00000000f3300000,0x00000000f3300000,0x00000000f8c80000)
 ParOldGen       total 197632K, used 142880K [0x00000000c0000000, 0x00000000cc100000, 0x00000000eab00000)
  object space 197632K, 72% used [0x00000000c0000000,0x00000000c8b882b8,0x00000000cc100000)
 Metaspace       used 6347K, capacity 7192K, committed 7424K, reserved 1056768K
  class space    used 611K, capacity 656K, committed 768K, reserved 1048576K
}
Event: 7.417 GC heap before
{Heap before GC invocations=12 (full 2):
 PSYoungGen      total 218624K, used 210872K [0x00000000eab00000, 0x00000000fe680000, 0x0000000100000000)
  eden space 139264K, 100% used [0x00000000eab00000,0x00000000f3300000,0x00000000f3300000)
  from space 79360K, 90% used [0x00000000f8c80000,0x00000000fd26e320,0x00000000fda00000)
  to   space 91648K, 0% used [0x00000000f3300000,0x00000000f3300000,0x00000000f8c80000)
 ParOldGen       total 197632K, used 142880K [0x00000000c0000000, 0x00000000cc100000, 0x00000000eab00000)
  object space 197632K, 72% used [0x00000000c0000000,0x00000000c8b882b8,0x00000000cc100000)
 Metaspace       used 6369K, capacity 7192K, committed 7424K, reserved 1056768K
  class space    used 611K, capacity 656K, committed 768K, reserved 1048576K
Event: 7.518 GC heap after
Heap after GC invocations=12 (full 2):
 PSYoungGen      total 230912K, used 91635K [0x00000000eab00000, 0x00000000fe680000, 0x0000000100000000)
  eden space 139264K, 0% used [0x00000000eab00000,0x00000000eab00000,0x00000000f3300000)
  from space 91648K, 99% used [0x00000000f3300000,0x00000000f8c7ceb0,0x00000000f8c80000)
  to   space 79360K, 0% used [0x00000000f8c80000,0x00000000f8c80000,0x00000000fda00000)
 ParOldGen       total 197632K, used 197081K [0x00000000c0000000, 0x00000000cc100000, 0x00000000eab00000)
  object space 197632K, 99% used [0x00000000c0000000,0x00000000cc0766c8,0x00000000cc100000)
 Metaspace       used 6369K, capacity 7192K, committed 7424K, reserved 1056768K
  class space    used 611K, capacity 656K, committed 768K, reserved 1048576K
}
Event: 7.518 GC heap before
{Heap before GC invocations=13 (full 3):
 PSYoungGen      total 230912K, used 91635K [0x00000000eab00000, 0x00000000fe680000, 0x0000000100000000)
  eden space 139264K, 0% used [0x00000000eab00000,0x00000000eab00000,0x00000000f3300000)
  from space 91648K, 99% used [0x00000000f3300000,0x00000000f8c7ceb0,0x00000000f8c80000)
  to   space 79360K, 0% used [0x00000000f8c80000,0x00000000f8c80000,0x00000000fda00000)
 ParOldGen       total 197632K, used 197081K [0x00000000c0000000, 0x00000000cc100000, 0x00000000eab00000)
  object space 197632K, 99% used [0x00000000c0000000,0x00000000cc0766c8,0x00000000cc100000)
 Metaspace       used 6369K, capacity 7192K, committed 7424K, reserved 1056768K
  class space    used 611K, capacity 656K, committed 768K, reserved 1048576K
Event: 8.103 GC heap after
Heap after GC invocations=13 (full 3):
 PSYoungGen      total 230912K, used 0K [0x00000000eab00000, 0x00000000fe680000, 0x0000000100000000)
  eden space 139264K, 0% used [0x00000000eab00000,0x00000000eab00000,0x00000000f3300000)
  from space 91648K, 0% used [0x00000000f3300000,0x00000000f3300000,0x00000000f8c80000)
  to   space 79360K, 0% used [0x00000000f8c80000,0x00000000f8c80000,0x00000000fda00000)
 ParOldGen       total 197632K, used 120523K [0x00000000c0000000, 0x00000000cc100000, 0x00000000eab00000)
  object space 197632K, 60% used [0x00000000c0000000,0x00000000c75b2e60,0x00000000cc100000)
 Metaspace       used 6369K, capacity 7192K, committed 7424K, reserved 1056768K
  class space    used 611K, capacity 656K, committed 768K, reserved 1048576K
}

Deoptimization events (10 events):
Event: 6.479 Thread 0x0000000017aab800 Uncommon trap: reason=class_check action=maybe_recompile pc=0x0000000003716478 method=com.android.dx.ssa.back.InterferenceGraph.add(II)V @ 19
Event: 6.479 Thread 0x0000000017aab800 Uncommon trap: reason=class_check action=maybe_recompile pc=0x0000000003716478 method=com.android.dx.ssa.back.InterferenceGraph.add(II)V @ 19
Event: 6.479 Thread 0x0000000017aab800 Uncommon trap: reason=class_check action=maybe_recompile pc=0x0000000003716478 method=com.android.dx.ssa.back.InterferenceGraph.add(II)V @ 19
Event: 6.500 Thread 0x0000000017b4f800 Uncommon trap: reason=class_check action=maybe_recompile pc=0x0000000003b7f9dc method=com.android.dx.ssa.SsaConverter.placePhiFunctions(Lcom/android/dx/ssa/SsaMethod;Lcom/android/dx/ssa/LocalVariableInfo;I)V @ 257
Event: 6.587 Thread 0x0000000017aab800 Uncommon trap: reason=class_check action=maybe_recompile pc=0x0000000003b7910c method=com.android.dx.ssa.back.InterferenceGraph.mergeInterferenceSet(ILcom/android/dx/util/IntSet;)V @ 20
Event: 6.588 Thread 0x0000000017aab800 Uncommon trap: reason=class_check action=maybe_recompile pc=0x0000000003b7910c method=com.android.dx.ssa.back.InterferenceGraph.mergeInterferenceSet(ILcom/android/dx/util/IntSet;)V @ 20
Event: 6.589 Thread 0x0000000017aab800 Uncommon trap: reason=class_check action=maybe_recompile pc=0x0000000003b7910c method=com.android.dx.ssa.back.InterferenceGraph.mergeInterferenceSet(ILcom/android/dx/util/IntSet;)V @ 20
Event: 6.589 Thread 0x0000000017aaa800 Uncommon trap: reason=class_check action=maybe_recompile pc=0x0000000003b7910c method=com.android.dx.ssa.back.InterferenceGraph.mergeInterferenceSet(ILcom/android/dx/util/IntSet;)V @ 20
Event: 6.677 Thread 0x00000000016c0800 Uncommon trap: reason=unreached action=reinterpret pc=0x0000000003a546a4 method=java.util.HashMap.putVal(ILjava/lang/Object;Ljava/lang/Object;ZZ)Ljava/lang/Object; @ 109
Event: 6.683 Thread 0x00000000016c0800 Uncommon trap: reason=unloaded action=reinterpret pc=0x00000000039cd034 method=com.android.dx.ssa.LiteralOpUpgrader$1.visitNonMoveInsn(Lcom/android/dx/ssa/NormalSsaInsn;)V @ 72

Internal exceptions (10 events):
Event: 2.739 Thread 0x00000000016c0800 Exception <a 'java/lang/ArrayIndexOutOfBoundsException': 18> (0x00000000eba18908) thrown at [C:\workspace\8-2-build-windows-amd64-cygwin\jdk8u31\2394\hotspot\src\share\vm\interpreter\interpreterRuntime.cpp, line 366]
Event: 2.740 Thread 0x00000000016c0800 Exception <a 'java/lang/ArrayIndexOutOfBoundsException'> (0x00000000eba1a3a0) thrown at [C:\workspace\8-2-build-windows-amd64-cygwin\jdk8u31\2394\hotspot\src\share\vm\runtime\sharedRuntime.cpp, line 604]
Event: 2.741 Thread 0x00000000016c0800 Exception <a 'java/lang/ArrayIndexOutOfBoundsException'> (0x00000000eba1b5b8) thrown at [C:\workspace\8-2-build-windows-amd64-cygwin\jdk8u31\2394\hotspot\src\share\vm\runtime\sharedRuntime.cpp, line 604]
Event: 3.442 Thread 0x00000000016c0800 Exception <a 'java/security/PrivilegedActionException'> (0x00000000ec722360) thrown at [C:\workspace\8-2-build-windows-amd64-cygwin\jdk8u31\2394\hotspot\src\share\vm\prims\jvm.cpp, line 1312]
Event: 4.440 Thread 0x0000000017aab800 Exception <a 'java/security/PrivilegedActionException'> (0x00000000ecd87838) thrown at [C:\workspace\8-2-build-windows-amd64-cygwin\jdk8u31\2394\hotspot\src\share\vm\prims\jvm.cpp, line 1312]
Event: 4.536 Thread 0x00000000016c0800 Exception <a 'java/security/PrivilegedActionException'> (0x00000000ed07ac60) thrown at [C:\workspace\8-2-build-windows-amd64-cygwin\jdk8u31\2394\hotspot\src\share\vm\prims\jvm.cpp, line 1312]
Event: 4.752 Thread 0x00000000016c0800 Exception <a 'java/security/PrivilegedActionException'> (0x00000000edafd830) thrown at [C:\workspace\8-2-build-windows-amd64-cygwin\jdk8u31\2394\hotspot\src\share\vm\prims\jvm.cpp, line 1312]
Event: 5.333 Thread 0x0000000017aab800 Exception <a 'java/security/PrivilegedActionException'> (0x00000000eea65018) thrown at [C:\workspace\8-2-build-windows-amd64-cygwin\jdk8u31\2394\hotspot\src\share\vm\prims\jvm.cpp, line 1312]
Event: 5.365 Thread 0x0000000017aab800 Exception <a 'java/security/PrivilegedActionException'> (0x00000000eeb492e0) thrown at [C:\workspace\8-2-build-windows-amd64-cygwin\jdk8u31\2394\hotspot\src\share\vm\prims\jvm.cpp, line 1312]
Event: 6.683 Thread 0x00000000016c0800 Exception <a 'java/security/PrivilegedActionException'> (0x00000000ef8841c8) thrown at [C:\workspace\8-2-build-windows-amd64-cygwin\jdk8u31\2394\hotspot\src\share\vm\prims\jvm.cpp, line 1312]

Events (10 events):
Event: 7.297 Thread 0x00000000016c0800 DEOPT PACKING pc=0x0000000003892da7 sp=0x00000000016be710
Event: 7.297 Thread 0x00000000016c0800 DEOPT UNPACKING pc=0x00000000034475bf sp=0x00000000016be4f8 mode 0
Event: 7.333 Thread 0x0000000017aab800 DEOPT PACKING pc=0x0000000003892da7 sp=0x00000000190be6b0
Event: 7.334 Thread 0x0000000017aab800 DEOPT UNPACKING pc=0x00000000034475bf sp=0x00000000190be498 mode 0
Event: 7.382 Thread 0x0000000017aaa000 DEOPT PACKING pc=0x0000000003892da7 sp=0x0000000018ebe670
Event: 7.382 Thread 0x0000000017aaa000 DEOPT UNPACKING pc=0x00000000034475bf sp=0x0000000018ebe458 mode 0
Event: 7.397 Thread 0x0000000017aab800 DEOPT PACKING pc=0x000000000391bdb6 sp=0x00000000190be690
Event: 7.397 Thread 0x0000000017aab800 DEOPT UNPACKING pc=0x00000000034475bf sp=0x00000000190be3f8 mode 0
Event: 7.417 Executing VM operation: ParallelGCFailedAllocation
Event: 8.103 Executing VM operation: ParallelGCFailedAllocation done


Dynamic libraries:
0x00007ff644d20000 - 0x00007ff644d54000 	C:\Program Files\Java\jdk1.8.0_31\bin\java.exe
0x00007ffa88b20000 - 0x00007ffa88ccd000 	C:\WINDOWS\SYSTEM32\ntdll.dll
0x00007ffa87f00000 - 0x00007ffa8803e000 	C:\WINDOWS\system32\KERNEL32.DLL
0x00007ffa85d10000 - 0x00007ffa85e25000 	C:\WINDOWS\system32\KERNELBASE.dll
0x00007ffa847e0000 - 0x00007ffa8486e000 	C:\WINDOWS\system32\apphelp.dll
0x00007ffa6e1c0000 - 0x00007ffa6e213000 	C:\WINDOWS\AppPatch\AppPatch64\AcGenral.DLL
0x00007ffa88640000 - 0x00007ffa886ea000 	C:\WINDOWS\system32\msvcrt.dll
0x00007ffa86170000 - 0x00007ffa8619e000 	C:\WINDOWS\system32\SspiCli.dll
0x00007ffa88040000 - 0x00007ffa88094000 	C:\WINDOWS\system32\SHLWAPI.dll
0x00007ffa88260000 - 0x00007ffa883d7000 	C:\WINDOWS\system32\USER32.dll
0x00007ffa864a0000 - 0x00007ffa86634000 	C:\WINDOWS\system32\ole32.dll
0x00007ffa86860000 - 0x00007ffa87d88000 	C:\WINDOWS\system32\SHELL32.dll
0x00007ffa85670000 - 0x00007ffa85691000 	C:\WINDOWS\SYSTEM32\USERENV.dll
0x00007ffa88590000 - 0x00007ffa8863a000 	C:\WINDOWS\system32\ADVAPI32.dll
0x00007ffa7fce0000 - 0x00007ffa7fcfe000 	C:\WINDOWS\SYSTEM32\MPR.dll
0x00007ffa88450000 - 0x00007ffa88590000 	C:\WINDOWS\system32\RPCRT4.dll
0x00007ffa86650000 - 0x00007ffa866a9000 	C:\WINDOWS\SYSTEM32\sechost.dll
0x00007ffa861c0000 - 0x00007ffa863d1000 	C:\WINDOWS\SYSTEM32\combase.dll
0x00007ffa86710000 - 0x00007ffa8685f000 	C:\WINDOWS\system32\GDI32.dll
0x00007ffa85c40000 - 0x00007ffa85c55000 	C:\WINDOWS\SYSTEM32\profapi.dll
0x00007ffa841b0000 - 0x00007ffa84262000 	C:\WINDOWS\SYSTEM32\SHCORE.dll
0x00007ffa87e50000 - 0x00007ffa87e86000 	C:\WINDOWS\system32\IMM32.DLL
0x00007ffa887e0000 - 0x00007ffa88932000 	C:\WINDOWS\system32\MSCTF.dll
0x00007ffa83d30000 - 0x00007ffa83fab000 	C:\WINDOWS\WinSxS\amd64_microsoft.windows.common-controls_6595b64144ccf1df_6.0.9600.18006_none_623f33d3ecbe86e8\COMCTL32.dll
0x0000000059bd0000 - 0x0000000059ca2000 	C:\Program Files\Java\jdk1.8.0_31\jre\bin\msvcr100.dll
0x0000000059370000 - 0x0000000059bca000 	C:\Program Files\Java\jdk1.8.0_31\jre\bin\server\jvm.dll
0x00007ffa7c230000 - 0x00007ffa7c239000 	C:\WINDOWS\SYSTEM32\WSOCK32.dll
0x00007ffa819d0000 - 0x00007ffa819f2000 	C:\WINDOWS\SYSTEM32\WINMM.dll
0x00007ffa861a0000 - 0x00007ffa861a7000 	C:\WINDOWS\system32\PSAPI.DLL
0x00007ffa866b0000 - 0x00007ffa8670a000 	C:\WINDOWS\system32\WS2_32.dll
0x00007ffa81670000 - 0x00007ffa8169a000 	C:\WINDOWS\SYSTEM32\WINMMBASE.dll
0x00007ffa87ef0000 - 0x00007ffa87ef9000 	C:\WINDOWS\system32\NSI.dll
0x00007ffa860c0000 - 0x00007ffa8610f000 	C:\WINDOWS\SYSTEM32\cfgmgr32.dll
0x00007ffa84a50000 - 0x00007ffa84a78000 	C:\WINDOWS\SYSTEM32\DEVOBJ.dll
0x0000000059360000 - 0x000000005936f000 	C:\Program Files\Java\jdk1.8.0_31\jre\bin\verify.dll
0x0000000059330000 - 0x0000000059358000 	C:\Program Files\Java\jdk1.8.0_31\jre\bin\java.dll
0x0000000059310000 - 0x0000000059326000 	C:\Program Files\Java\jdk1.8.0_31\jre\bin\zip.dll

VM Arguments:
jvm_args: -Djava.awt.headless=true -Xmx1024M -Dfile.encoding=windows-1252 -Duser.country=CA -Duser.language=en -Duser.variant 
java_command: com.android.dx.command.Main --dex --force-jumbo --num-threads=4 --multi-dex --output C:\Users\Saketh\Desktop\Honours Project\Marked\app\build\intermediates\transforms\dex\debug\folders\1000\10\com.google.android.gms-play-services-ads-10.2.1_5efa32bcdbf939419ef8dc866fe66c8d88e4da9f C:\Users\Saketh\Desktop\Honours Project\Marked\app\build\intermediates\exploded-aar\com.google.android.gms\play-services-ads\10.2.1\jars\classes.jar
java_class_path (initial): C:\Users\Saketh\Desktop\New folder\adt-bundle-windows-x86_64-20130522\sdk\build-tools\25.0.0\lib\dx.jar
Launcher Type: SUN_STANDARD

Environment Variables:
PATH=C:\ProgramData\Oracle\Java\javapath;C:\Program Files (x86)\NVIDIA Corporation\PhysX\Common;C:\Program Files (x86)\Intel\iCLS Client\;C:\Program Files\Intel\iCLS Client\;C:\WINDOWS\system32;C:\WINDOWS;C:\WINDOWS\System32\Wbem;C:\WINDOWS\System32\WindowsPowerShell\v1.0\;C:\Program Files\Intel\Intel(R) Management Engine Components\DAL;C:\Program Files\Intel\Intel(R) Management Engine Components\IPT;C:\Program Files (x86)\Intel\Intel(R) Management Engine Components\DAL;C:\Program Files (x86)\Intel\Intel(R) Management Engine Components\IPT;C:\Program Files\Microsoft\Web Platform Installer\;C:\Program Files\Intel\WiFi\bin\;C:\Program Files\Common Files\Intel\WirelessCommon\;C:\Program Files (x86)\MiKTeX 2.9\miktex\bin\;C:\Program Files (x86)\Skype\Phone\;C:\Program Files\TortoiseGit\bin
USERNAME=Saketh
OS=Windows_NT
PROCESSOR_IDENTIFIER=Intel64 Family 6 Model 58 Stepping 9, GenuineIntel



---------------  S Y S T E M  ---------------

OS: Windows 8.1 , 64 bit Build 9600 

CPU:total 8 (4 cores per cpu, 2 threads per core) family 6 model 58 stepping 9, cmov, cx8, fxsr, mmx, sse, sse2, sse3, ssse3, sse4.1, sse4.2, popcnt, avx, aes, clmul, erms, ht, tsc, tscinvbit, tscinv

Memory: 4k page, physical 8334620k(1219488k free), swap 11480348k(5068k free)

vm_info: Java HotSpot(TM) 64-Bit Server VM (25.31-b07) for windows-amd64 JRE (1.8.0_31-b13), built on Dec 17 2014 21:00:28 by "java_re" with MS VC++ 10.0 (VS2010)

time: Wed May 03 15:07:38 2017
elapsed time: 8 seconds (0d 0h 0m 8s)

