#
# There is insufficient memory for the Java Runtime Environment to continue.
# Native memory allocation (malloc) failed to allocate 1021856 bytes for Chunk::new
# Possible reasons:
#   The system is out of physical RAM or swap space
#   In 32 bit mode, the process size limit was hit
# Possible solutions:
#   Reduce memory load on the system
#   Increase physical memory or swap space
#   Check if swap backing store is full
#   Use 64 bit Java on a 64 bit OS
#   Decrease Java heap size (-Xmx/-Xms)
#   Decrease number of Java threads
#   Decrease Java thread stack sizes (-Xss)
#   Set larger code cache with -XX:ReservedCodeCacheSize=
# This output file may be truncated or incomplete.
#
#  Out of Memory Error (allocation.cpp:390), pid=7416, tid=12696
#
# JRE version: Java(TM) SE Runtime Environment (8.0_31-b13) (build 1.8.0_31-b13)
# Java VM: Java HotSpot(TM) 64-Bit Server VM (25.31-b07 mixed mode windows-amd64 compressed oops)
# Failed to write core dump. Minidumps are not enabled by default on client versions of Windows
#

---------------  T H R E A D  ---------------

Current thread (0x00000000173e8000):  JavaThread "C2 CompilerThread0" daemon [_thread_in_native, id=12696, stack(0x00000000179c0000,0x0000000017ac0000)]

Stack: [0x00000000179c0000,0x0000000017ac0000]
Native frames: (J=compiled Java code, j=interpreted, Vv=VM code, C=native code)
V  [jvm.dll+0x3169ba]


Current CompileTask:
C2:   2377 1104       4       com.android.dx.ssa.SCCP::simulateStmt (481 bytes)


---------------  P R O C E S S  ---------------

Java Threads: ( => current thread )
  0x00000000176b8000 JavaThread "pool-2-thread-4" [_thread_blocked, id=9324, stack(0x0000000018bc0000,0x0000000018cc0000)]
  0x00000000176b7000 JavaThread "pool-2-thread-3" [_thread_in_Java, id=11520, stack(0x0000000018ac0000,0x0000000018bc0000)]
  0x00000000176bf000 JavaThread "pool-2-thread-2" [_thread_blocked, id=10068, stack(0x00000000189c0000,0x0000000018ac0000)]
  0x00000000176b6800 JavaThread "pool-3-thread-1" [_thread_blocked, id=12124, stack(0x00000000188c0000,0x00000000189c0000)]
  0x00000000176b0800 JavaThread "pool-2-thread-1" [_thread_blocked, id=5916, stack(0x00000000187c0000,0x00000000188c0000)]
  0x000000001748a000 JavaThread "Service Thread" daemon [_thread_blocked, id=10348, stack(0x0000000017dc0000,0x0000000017ec0000)]
  0x0000000017424800 JavaThread "C1 CompilerThread3" daemon [_thread_in_native, id=6488, stack(0x0000000017cc0000,0x0000000017dc0000)]
  0x00000000173f5800 JavaThread "C2 CompilerThread2" daemon [_thread_in_native, id=12948, stack(0x0000000017bc0000,0x0000000017cc0000)]
  0x00000000173ee000 JavaThread "C2 CompilerThread1" daemon [_thread_in_native, id=9664, stack(0x0000000017ac0000,0x0000000017bc0000)]
=>0x00000000173e8000 JavaThread "C2 CompilerThread0" daemon [_thread_in_native, id=12696, stack(0x00000000179c0000,0x0000000017ac0000)]
  0x00000000173e6000 JavaThread "Attach Listener" daemon [_thread_blocked, id=10468, stack(0x00000000178c0000,0x00000000179c0000)]
  0x00000000173e5800 JavaThread "Signal Dispatcher" daemon [_thread_blocked, id=11620, stack(0x00000000177c0000,0x00000000178c0000)]
  0x0000000001499800 JavaThread "Finalizer" daemon [_thread_blocked, id=10644, stack(0x00000000172c0000,0x00000000173c0000)]
  0x0000000001493000 JavaThread "Reference Handler" daemon [_thread_blocked, id=14008, stack(0x00000000171c0000,0x00000000172c0000)]
  0x00000000013a0800 JavaThread "main" [_thread_blocked, id=10836, stack(0x00000000012a0000,0x00000000013a0000)]

Other Threads:
  0x00000000153e7800 VMThread [stack: 0x00000000170c0000,0x00000000171c0000] [id=4644]
  0x000000001748c000 WatcherThread [stack: 0x0000000017ec0000,0x0000000017fc0000] [id=12272]

VM state:not at safepoint (normal execution)

VM Mutex/Monitor currently owned by a thread: None

Heap:
 PSYoungGen      total 38400K, used 11589K [0x00000000eab00000, 0x00000000ef600000, 0x0000000100000000)
  eden space 33280K, 19% used [0x00000000eab00000,0x00000000eb158528,0x00000000ecb80000)
  from space 5120K, 99% used [0x00000000ecb80000,0x00000000ed0792b0,0x00000000ed080000)
  to   space 5120K, 0% used [0x00000000ef100000,0x00000000ef100000,0x00000000ef600000)
 ParOldGen       total 87552K, used 909K [0x00000000c0000000, 0x00000000c5580000, 0x00000000eab00000)
  object space 87552K, 1% used [0x00000000c0000000,0x00000000c00e3528,0x00000000c5580000)
 Metaspace       used 5976K, capacity 6960K, committed 7040K, reserved 1056768K
  class space    used 588K, capacity 616K, committed 640K, reserved 1048576K

Card table byte_map: [0x0000000001860000,0x0000000001a70000] byte_map_base: 0x0000000001260000

Marking Bits: (ParMarkBitMap*) 0x0000000059c2d4f0
 Begin Bits: [0x0000000012800000, 0x0000000013800000)
 End Bits:   [0x0000000013800000, 0x0000000014800000)

Polling page: 0x00000000011e0000

CodeCache: size=245760Kb used=4828Kb max_used=4829Kb free=240931Kb
 bounds [0x0000000003400000, 0x00000000038c0000, 0x0000000012400000]
 total_blobs=1553 nmethods=1288 adapters=177
 compilation: enabled

Compilation events (10 events):
Event: 2.353 Thread 0x0000000017424800 1290       3       com.android.dx.dex.file.StringIdsSection::intern (13 bytes)
Event: 2.353 Thread 0x0000000017424800 nmethod 1290 0x00000000038b8890 code [0x00000000038b8a20, 0x00000000038b8f18]
Event: 2.353 Thread 0x0000000017424800 1291       3       com.android.dx.dex.file.StringIdItem::<init> (29 bytes)
Event: 2.354 Thread 0x0000000017424800 nmethod 1291 0x00000000038b8210 code [0x00000000038b83a0, 0x00000000038b8728]
Event: 2.354 Thread 0x0000000017424800 1292  s    3       com.android.dx.dex.file.StringIdsSection::intern (53 bytes)
Event: 2.354 Thread 0x00000000173ee000 nmethod 1236 0x00000000038b7e50 code [0x00000000038b7fa0, 0x00000000038b8118]
Event: 2.354 Thread 0x00000000173ee000 1208       4       com.android.dx.ssa.SsaMethod$2::visitNonMoveInsn (6 bytes)
Event: 2.354 Thread 0x00000000173ee000 nmethod 1208 0x00000000038b3c10 code [0x00000000038b3d60, 0x00000000038b3de8]
Event: 2.354 Thread 0x00000000173ee000 1288       4       com.android.dx.ssa.back.FirstFitLocalCombiningAllocator$1::processInsn (169 bytes)
Event: 2.355 Thread 0x0000000017424800 nmethod 1292 0x00000000038b6f90 code [0x00000000038b7160, 0x00000000038b7a98]

GC Heap History (2 events):
Event: 2.035 GC heap before
{Heap before GC invocations=1 (full 0):
 PSYoungGen      total 38400K, used 33280K [0x00000000eab00000, 0x00000000ed580000, 0x0000000100000000)
  eden space 33280K, 100% used [0x00000000eab00000,0x00000000ecb80000,0x00000000ecb80000)
  from space 5120K, 0% used [0x00000000ed080000,0x00000000ed080000,0x00000000ed580000)
  to   space 5120K, 0% used [0x00000000ecb80000,0x00000000ecb80000,0x00000000ed080000)
 ParOldGen       total 87552K, used 0K [0x00000000c0000000, 0x00000000c5580000, 0x00000000eab00000)
  object space 87552K, 0% used [0x00000000c0000000,0x00000000c0000000,0x00000000c5580000)
 Metaspace       used 5886K, capacity 6896K, committed 7040K, reserved 1056768K
  class space    used 588K, capacity 616K, committed 640K, reserved 1048576K
Event: 2.233 GC heap after
Heap after GC invocations=1 (full 0):
 PSYoungGen      total 38400K, used 5092K [0x00000000eab00000, 0x00000000ef600000, 0x0000000100000000)
  eden space 33280K, 0% used [0x00000000eab00000,0x00000000eab00000,0x00000000ecb80000)
  from space 5120K, 99% used [0x00000000ecb80000,0x00000000ed0792b0,0x00000000ed080000)
  to   space 5120K, 0% used [0x00000000ef100000,0x00000000ef100000,0x00000000ef600000)
 ParOldGen       total 87552K, used 909K [0x00000000c0000000, 0x00000000c5580000, 0x00000000eab00000)
  object space 87552K, 1% used [0x00000000c0000000,0x00000000c00e3528,0x00000000c5580000)
 Metaspace       used 5886K, capacity 6896K, committed 7040K, reserved 1056768K
  class space    used 588K, capacity 616K, committed 640K, reserved 1048576K
}

Deoptimization events (1 events):
Event: 1.901 Thread 0x00000000176b7000 Uncommon trap: reason=null_check action=make_not_entrant pc=0x00000000037ac760 method=com.android.dx.rop.type.Type.equals(Ljava/lang/Object;)Z @ 8

Internal exceptions (10 events):
Event: 1.422 Thread 0x00000000176b7000 Exception <a 'java/security/PrivilegedActionException'> (0x00000000eba692f0) thrown at [C:\workspace\8-2-build-windows-amd64-cygwin\jdk8u31\2394\hotspot\src\share\vm\prims\jvm.cpp, line 1312]
Event: 1.423 Thread 0x00000000176b7000 Exception <a 'java/security/PrivilegedActionException'> (0x00000000eba6ed20) thrown at [C:\workspace\8-2-build-windows-amd64-cygwin\jdk8u31\2394\hotspot\src\share\vm\prims\jvm.cpp, line 1312]
Event: 1.459 Thread 0x00000000176b8000 Exception <a 'java/security/PrivilegedActionException'> (0x00000000ebac57d8) thrown at [C:\workspace\8-2-build-windows-amd64-cygwin\jdk8u31\2394\hotspot\src\share\vm\prims\jvm.cpp, line 1312]
Event: 1.574 Thread 0x00000000176b7000 Exception <a 'java/security/PrivilegedActionException'> (0x00000000ebbb47d8) thrown at [C:\workspace\8-2-build-windows-amd64-cygwin\jdk8u31\2394\hotspot\src\share\vm\prims\jvm.cpp, line 1312]
Event: 1.580 Thread 0x00000000176b7000 Exception <a 'java/security/PrivilegedActionException'> (0x00000000ebbd1b60) thrown at [C:\workspace\8-2-build-windows-amd64-cygwin\jdk8u31\2394\hotspot\src\share\vm\prims\jvm.cpp, line 1312]
Event: 1.604 Thread 0x00000000013a0800 Exception <a 'java/security/PrivilegedActionException'> (0x00000000eb8d3840) thrown at [C:\workspace\8-2-build-windows-amd64-cygwin\jdk8u31\2394\hotspot\src\share\vm\prims\jvm.cpp, line 1312]
Event: 1.633 Thread 0x00000000013a0800 Exception <a 'java/security/PrivilegedActionException'> (0x00000000eb91a370) thrown at [C:\workspace\8-2-build-windows-amd64-cygwin\jdk8u31\2394\hotspot\src\share\vm\prims\jvm.cpp, line 1312]
Event: 1.634 Thread 0x00000000013a0800 Exception <a 'java/security/PrivilegedActionException'> (0x00000000eb9242a0) thrown at [C:\workspace\8-2-build-windows-amd64-cygwin\jdk8u31\2394\hotspot\src\share\vm\prims\jvm.cpp, line 1312]
Event: 1.634 Thread 0x00000000013a0800 Exception <a 'java/security/PrivilegedActionException'> (0x00000000eb927020) thrown at [C:\workspace\8-2-build-windows-amd64-cygwin\jdk8u31\2394\hotspot\src\share\vm\prims\jvm.cpp, line 1312]
Event: 1.901 Thread 0x00000000176b7000 Implicit null exception at 0x00000000037ac662 to 0x00000000037ac752

Events (10 events):
Event: 1.634 loading class com/android/dx/cf/attrib/AttDeprecated done
Event: 1.634 loading class com/android/dx/cf/attrib/AttRuntimeVisibleAnnotations
Event: 1.634 loading class com/android/dx/cf/attrib/AttRuntimeVisibleAnnotations done
Event: 1.681 Executing VM operation: ForceSafepoint
Event: 1.697 Executing VM operation: ForceSafepoint done
Event: 1.901 Thread 0x00000000176b7000 Uncommon trap: trap_request=0xfffffff4 fr.pc=0x00000000037ac760
Event: 1.901 Thread 0x00000000176b7000 DEOPT PACKING pc=0x00000000037ac760 sp=0x0000000018bbe8e0
Event: 1.902 Thread 0x00000000176b7000 DEOPT UNPACKING pc=0x000000000344556a sp=0x0000000018bbe868 mode 2
Event: 1.996 Executing VM operation: ParallelGCFailedAllocation
Event: 2.234 Executing VM operation: ParallelGCFailedAllocation done


Dynamic libraries:
0x00007ff644d20000 - 0x00007ff644d54000 	C:\Program Files\Java\jdk1.8.0_31\bin\java.exe
0x00007ffa88b20000 - 0x00007ffa88ccd000 	C:\WINDOWS\SYSTEM32\ntdll.dll
0x00007ffa87f00000 - 0x00007ffa8803e000 	C:\WINDOWS\system32\KERNEL32.DLL
0x00007ffa85d10000 - 0x00007ffa85e25000 	C:\WINDOWS\system32\KERNELBASE.dll
0x00007ffa847e0000 - 0x00007ffa8486e000 	C:\WINDOWS\system32\apphelp.dll
0x00007ffa6d0a0000 - 0x00007ffa6d0f3000 	C:\WINDOWS\AppPatch\AppPatch64\AcGenral.DLL
0x00007ffa88640000 - 0x00007ffa886ea000 	C:\WINDOWS\system32\msvcrt.dll
0x00007ffa86170000 - 0x00007ffa8619e000 	C:\WINDOWS\system32\SspiCli.dll
0x00007ffa88040000 - 0x00007ffa88094000 	C:\WINDOWS\system32\SHLWAPI.dll
0x00007ffa88260000 - 0x00007ffa883d7000 	C:\WINDOWS\system32\USER32.dll
0x00007ffa864a0000 - 0x00007ffa86634000 	C:\WINDOWS\system32\ole32.dll
0x00007ffa86860000 - 0x00007ffa87d88000 	C:\WINDOWS\system32\SHELL32.dll
0x00007ffa85670000 - 0x00007ffa85691000 	C:\WINDOWS\SYSTEM32\USERENV.dll
0x00007ffa88590000 - 0x00007ffa8863a000 	C:\WINDOWS\system32\ADVAPI32.dll
0x00007ffa7fce0000 - 0x00007ffa7fcfe000 	C:\WINDOWS\SYSTEM32\MPR.dll
0x00007ffa88450000 - 0x00007ffa88590000 	C:\WINDOWS\system32\RPCRT4.dll
0x00007ffa86650000 - 0x00007ffa866a9000 	C:\WINDOWS\SYSTEM32\sechost.dll
0x00007ffa861c0000 - 0x00007ffa863d1000 	C:\WINDOWS\SYSTEM32\combase.dll
0x00007ffa86710000 - 0x00007ffa8685f000 	C:\WINDOWS\system32\GDI32.dll
0x00007ffa85c40000 - 0x00007ffa85c55000 	C:\WINDOWS\SYSTEM32\profapi.dll
0x00007ffa841b0000 - 0x00007ffa84262000 	C:\WINDOWS\SYSTEM32\SHCORE.dll
0x00007ffa87e50000 - 0x00007ffa87e86000 	C:\WINDOWS\system32\IMM32.DLL
0x00007ffa887e0000 - 0x00007ffa88932000 	C:\WINDOWS\system32\MSCTF.dll
0x00007ffa83d30000 - 0x00007ffa83fab000 	C:\WINDOWS\WinSxS\amd64_microsoft.windows.common-controls_6595b64144ccf1df_6.0.9600.18006_none_623f33d3ecbe86e8\COMCTL32.dll
0x000000005ab30000 - 0x000000005ac02000 	C:\Program Files\Java\jdk1.8.0_31\jre\bin\msvcr100.dll
0x0000000059450000 - 0x0000000059caa000 	C:\Program Files\Java\jdk1.8.0_31\jre\bin\server\jvm.dll
0x00007ffa7c230000 - 0x00007ffa7c239000 	C:\WINDOWS\SYSTEM32\WSOCK32.dll
0x00007ffa819d0000 - 0x00007ffa819f2000 	C:\WINDOWS\SYSTEM32\WINMM.dll
0x00007ffa861a0000 - 0x00007ffa861a7000 	C:\WINDOWS\system32\PSAPI.DLL
0x00007ffa866b0000 - 0x00007ffa8670a000 	C:\WINDOWS\system32\WS2_32.dll
0x00007ffa81670000 - 0x00007ffa8169a000 	C:\WINDOWS\SYSTEM32\WINMMBASE.dll
0x00007ffa87ef0000 - 0x00007ffa87ef9000 	C:\WINDOWS\system32\NSI.dll
0x00007ffa860c0000 - 0x00007ffa8610f000 	C:\WINDOWS\SYSTEM32\cfgmgr32.dll
0x00007ffa84a50000 - 0x00007ffa84a78000 	C:\WINDOWS\SYSTEM32\DEVOBJ.dll
0x000000005ab20000 - 0x000000005ab2f000 	C:\Program Files\Java\jdk1.8.0_31\jre\bin\verify.dll
0x000000005aaf0000 - 0x000000005ab18000 	C:\Program Files\Java\jdk1.8.0_31\jre\bin\java.dll
0x000000005aad0000 - 0x000000005aae6000 	C:\Program Files\Java\jdk1.8.0_31\jre\bin\zip.dll
0x00007ffa80710000 - 0x00007ffa80899000 	C:\WINDOWS\SYSTEM32\dbghelp.dll

VM Arguments:
jvm_args: -Djava.awt.headless=true -Xmx1024M -Dfile.encoding=windows-1252 -Duser.country=CA -Duser.language=en -Duser.variant 
java_command: com.android.dx.command.Main --dex --force-jumbo --num-threads=4 --multi-dex --output C:\Users\Saketh\Desktop\Honours Project\Marked\app\build\intermediates\transforms\dex\debug\folders\1000\10\com.google.android.gms-play-services-base-10.2.1_7b2c2338a71ea1528ca1aeeec532839beb986afe C:\Users\Saketh\Desktop\Honours Project\Marked\app\build\intermediates\exploded-aar\com.google.android.gms\play-services-base\10.2.1\jars\classes.jar
java_class_path (initial): C:\Users\Saketh\Desktop\New folder\adt-bundle-windows-x86_64-20130522\sdk\build-tools\25.0.0\lib\dx.jar
Launcher Type: SUN_STANDARD

Environment Variables:
PATH=C:\ProgramData\Oracle\Java\javapath;C:\Program Files (x86)\NVIDIA Corporation\PhysX\Common;C:\Program Files (x86)\Intel\iCLS Client\;C:\Program Files\Intel\iCLS Client\;C:\WINDOWS\system32;C:\WINDOWS;C:\WINDOWS\System32\Wbem;C:\WINDOWS\System32\WindowsPowerShell\v1.0\;C:\Program Files\Intel\Intel(R) Management Engine Components\DAL;C:\Program Files\Intel\Intel(R) Management Engine Components\IPT;C:\Program Files (x86)\Intel\Intel(R) Management Engine Components\DAL;C:\Program Files (x86)\Intel\Intel(R) Management Engine Components\IPT;C:\Program Files\Microsoft\Web Platform Installer\;C:\Program Files\Intel\WiFi\bin\;C:\Program Files\Common Files\Intel\WirelessCommon\;C:\Program Files (x86)\MiKTeX 2.9\miktex\bin\;C:\Program Files (x86)\Skype\Phone\;C:\Program Files\TortoiseGit\bin
USERNAME=Saketh
OS=Windows_NT
PROCESSOR_IDENTIFIER=Intel64 Family 6 Model 58 Stepping 9, GenuineIntel



---------------  S Y S T E M  ---------------

OS: Windows 8.1 , 64 bit Build 9600 

CPU:total 8 (4 cores per cpu, 2 threads per core) family 6 model 58 stepping 9, cmov, cx8, fxsr, mmx, sse, sse2, sse3, ssse3, sse4.1, sse4.2, popcnt, avx, aes, clmul, erms, ht, tsc, tscinvbit, tscinv

Memory: 4k page, physical 8334620k(1529904k free), swap 11480348k(5068k free)

vm_info: Java HotSpot(TM) 64-Bit Server VM (25.31-b07) for windows-amd64 JRE (1.8.0_31-b13), built on Dec 17 2014 21:00:28 by "java_re" with MS VC++ 10.0 (VS2010)

time: Tue May 02 17:11:50 2017
elapsed time: 2 seconds (0d 0h 0m 2s)

