#
# There is insufficient memory for the Java Runtime Environment to continue.
# Native memory allocation (malloc) failed to allocate 32744 bytes for ChunkPool::allocate
# Possible reasons:
#   The system is out of physical RAM or swap space
#   In 32 bit mode, the process size limit was hit
# Possible solutions:
#   Reduce memory load on the system
#   Increase physical memory or swap space
#   Check if swap backing store is full
#   Use 64 bit Java on a 64 bit OS
#   Decrease Java heap size (-Xmx/-Xms)
#   Decrease number of Java threads
#   Decrease Java thread stack sizes (-Xss)
#   Set larger code cache with -XX:ReservedCodeCacheSize=
# This output file may be truncated or incomplete.
#
#  Out of Memory Error (allocation.cpp:273), pid=12964, tid=3068
#
# JRE version: Java(TM) SE Runtime Environment (8.0_31-b13) (build 1.8.0_31-b13)
# Java VM: Java HotSpot(TM) 64-Bit Server VM (25.31-b07 mixed mode windows-amd64 compressed oops)
# Failed to write core dump. Minidumps are not enabled by default on client versions of Windows
#

---------------  T H R E A D  ---------------

Current thread (0x0000000017012800):  JavaThread "C2 CompilerThread2" daemon [_thread_in_native, id=3068, stack(0x00000000177e0000,0x00000000178e0000)]

Stack: [0x00000000177e0000,0x00000000178e0000]
Native frames: (J=compiled Java code, j=interpreted, Vv=VM code, C=native code)
V  [jvm.dll+0x3169ba]


Current CompileTask:
C2:   1172  766       4       com.android.dx.rop.type.Type::hashCode (8 bytes)


---------------  P R O C E S S  ---------------

Java Threads: ( => current thread )
  0x0000000018261800 JavaThread "pool-2-thread-4" [_thread_blocked, id=9064, stack(0x00000000187e0000,0x00000000188e0000)]
  0x000000001730d000 JavaThread "pool-2-thread-3" [_thread_blocked, id=7032, stack(0x0000000017ee0000,0x0000000017fe0000)]
  0x0000000017216000 JavaThread "pool-2-thread-2" [_thread_in_Java, id=8832, stack(0x0000000017de0000,0x0000000017ee0000)]
  0x00000000171d9800 JavaThread "pool-3-thread-1" [_thread_blocked, id=14192, stack(0x0000000017ce0000,0x0000000017de0000)]
  0x00000000171d2800 JavaThread "pool-2-thread-1" [_thread_blocked, id=7044, stack(0x0000000017be0000,0x0000000017ce0000)]
  0x000000001709f000 JavaThread "Service Thread" daemon [_thread_blocked, id=2948, stack(0x00000000179e0000,0x0000000017ae0000)]
  0x0000000017039800 JavaThread "C1 CompilerThread3" daemon [_thread_in_native, id=11088, stack(0x00000000178e0000,0x00000000179e0000)]
=>0x0000000017012800 JavaThread "C2 CompilerThread2" daemon [_thread_in_native, id=3068, stack(0x00000000177e0000,0x00000000178e0000)]
  0x000000001700b800 JavaThread "C2 CompilerThread1" daemon [_thread_in_native, id=8660, stack(0x00000000176e0000,0x00000000177e0000)]
  0x0000000017007000 JavaThread "C2 CompilerThread0" daemon [_thread_in_native, id=13748, stack(0x00000000175e0000,0x00000000176e0000)]
  0x0000000017004800 JavaThread "Attach Listener" daemon [_thread_blocked, id=7960, stack(0x00000000174e0000,0x00000000175e0000)]
  0x0000000017004000 JavaThread "Signal Dispatcher" daemon [_thread_blocked, id=9876, stack(0x00000000173e0000,0x00000000174e0000)]
  0x0000000000f97800 JavaThread "Finalizer" daemon [_thread_blocked, id=10112, stack(0x0000000016ee0000,0x0000000016fe0000)]
  0x0000000000f91000 JavaThread "Reference Handler" daemon [_thread_blocked, id=8280, stack(0x0000000016de0000,0x0000000016ee0000)]
  0x0000000000ea0800 JavaThread "main" [_thread_in_native, id=13720, stack(0x0000000000a70000,0x0000000000b70000)]

Other Threads:
  0x0000000014fe8800 VMThread [stack: 0x0000000016ce0000,0x0000000016de0000] [id=13016]
  0x00000000170a1000 WatcherThread [stack: 0x0000000017ae0000,0x0000000017be0000] [id=13480]

VM state:not at safepoint (normal execution)

VM Mutex/Monitor currently owned by a thread: None

Heap:
 PSYoungGen      total 38400K, used 15315K [0x00000000eab00000, 0x00000000ed580000, 0x0000000100000000)
  eden space 33280K, 46% used [0x00000000eab00000,0x00000000eb9f4c48,0x00000000ecb80000)
  from space 5120K, 0% used [0x00000000ed080000,0x00000000ed080000,0x00000000ed580000)
  to   space 5120K, 0% used [0x00000000ecb80000,0x00000000ecb80000,0x00000000ed080000)
 ParOldGen       total 87552K, used 0K [0x00000000c0000000, 0x00000000c5580000, 0x00000000eab00000)
  object space 87552K, 0% used [0x00000000c0000000,0x00000000c0000000,0x00000000c5580000)
 Metaspace       used 5584K, capacity 6576K, committed 6784K, reserved 1056768K
  class space    used 578K, capacity 616K, committed 640K, reserved 1048576K

Card table byte_map: [0x00000000013b0000,0x00000000015c0000] byte_map_base: 0x0000000000db0000

Marking Bits: (ParMarkBitMap*) 0x0000000059c2d4f0
 Begin Bits: [0x0000000012400000, 0x0000000013400000)
 End Bits:   [0x0000000013400000, 0x0000000014400000)

Polling page: 0x0000000000a30000

CodeCache: size=245760Kb used=2849Kb max_used=2849Kb free=242910Kb
 bounds [0x0000000003400000, 0x00000000036d0000, 0x0000000012400000]
 total_blobs=1027 nmethods=764 adapters=177
 compilation: enabled

Compilation events (10 events):
Event: 1.164 Thread 0x0000000017039800 nmethod 764 0x00000000036b8dd0 code [0x00000000036b8f20, 0x00000000036b9110]
Event: 1.164 Thread 0x0000000017039800  754       3       com.android.dx.ssa.LiteralOpUpgrader::tryReplacingWithConstant (161 bytes)
Event: 1.166 Thread 0x0000000017039800 nmethod 754 0x00000000036bee10 code [0x00000000036bf0a0, 0x00000000036c0598]
Event: 1.166 Thread 0x0000000017039800  758       3       com.android.dx.ssa.Optimizer::getAdvice (4 bytes)
Event: 1.166 Thread 0x0000000017039800 nmethod 758 0x00000000036b4ad0 code [0x00000000036b4c20, 0x00000000036b4d50]
Event: 1.166 Thread 0x0000000017039800  759       3       com.android.dx.rop.code.DexTranslationAdvice::requiresSourcesInOrder (30 bytes)
Event: 1.166 Thread 0x0000000017039800 nmethod 759 0x00000000036c0fd0 code [0x00000000036c1140, 0x00000000036c1448]
Event: 1.166 Thread 0x0000000017039800  760       3       com.android.dx.ssa.back.FirstFitLocalCombiningAllocator$1::processInsn (169 bytes)
Event: 1.167 Thread 0x0000000017012800 nmethod 755 0x00000000036c4650 code [0x00000000036c47c0, 0x00000000036c4cb8]
Event: 1.167 Thread 0x0000000017012800  766       4       com.android.dx.rop.type.Type::hashCode (8 bytes)

GC Heap History (0 events):
No events

Deoptimization events (4 events):
Event: 1.088 Thread 0x00000000171d2800 Uncommon trap: reason=class_check action=maybe_recompile pc=0x000000000362c6d0 method=com.android.dx.rop.cst.CstMemberRef.compareTo0(Lcom/android/dx/rop/cst/Constant;)I @ 1
Event: 1.088 Thread 0x0000000017216000 Uncommon trap: reason=class_check action=maybe_recompile pc=0x000000000362c6d0 method=com.android.dx.rop.cst.CstMemberRef.compareTo0(Lcom/android/dx/rop/cst/Constant;)I @ 1
Event: 1.088 Thread 0x0000000017216000 Uncommon trap: reason=class_check action=maybe_recompile pc=0x000000000362c6d0 method=com.android.dx.rop.cst.CstMemberRef.compareTo0(Lcom/android/dx/rop/cst/Constant;)I @ 1
Event: 1.089 Thread 0x0000000018261800 Uncommon trap: reason=class_check action=maybe_recompile pc=0x000000000362c6d0 method=com.android.dx.rop.cst.CstMemberRef.compareTo0(Lcom/android/dx/rop/cst/Constant;)I @ 1

Internal exceptions (10 events):
Event: 1.077 Thread 0x0000000017216000 Exception <a 'java/security/PrivilegedActionException'> (0x00000000eb674188) thrown at [C:\workspace\8-2-build-windows-amd64-cygwin\jdk8u31\2394\hotspot\src\share\vm\prims\jvm.cpp, line 1312]
Event: 1.082 Thread 0x0000000017216000 Exception <a 'java/security/PrivilegedActionException'> (0x00000000eb681548) thrown at [C:\workspace\8-2-build-windows-amd64-cygwin\jdk8u31\2394\hotspot\src\share\vm\prims\jvm.cpp, line 1312]
Event: 1.083 Thread 0x0000000018261800 Exception <a 'java/security/PrivilegedActionException'> (0x00000000eb5272a8) thrown at [C:\workspace\8-2-build-windows-amd64-cygwin\jdk8u31\2394\hotspot\src\share\vm\prims\jvm.cpp, line 1312]
Event: 1.084 Thread 0x00000000171d2800 Exception <a 'java/security/PrivilegedActionException'> (0x00000000eb3a7940) thrown at [C:\workspace\8-2-build-windows-amd64-cygwin\jdk8u31\2394\hotspot\src\share\vm\prims\jvm.cpp, line 1312]
Event: 1.085 Thread 0x00000000171d2800 Exception <a 'java/security/PrivilegedActionException'> (0x00000000eb3ad670) thrown at [C:\workspace\8-2-build-windows-amd64-cygwin\jdk8u31\2394\hotspot\src\share\vm\prims\jvm.cpp, line 1312]
Event: 1.086 Thread 0x00000000171d2800 Exception <a 'java/security/PrivilegedActionException'> (0x00000000eb3b65f0) thrown at [C:\workspace\8-2-build-windows-amd64-cygwin\jdk8u31\2394\hotspot\src\share\vm\prims\jvm.cpp, line 1312]
Event: 1.087 Thread 0x00000000171d2800 Exception <a 'java/security/PrivilegedActionException'> (0x00000000eb3bbe48) thrown at [C:\workspace\8-2-build-windows-amd64-cygwin\jdk8u31\2394\hotspot\src\share\vm\prims\jvm.cpp, line 1312]
Event: 1.088 Thread 0x00000000171d2800 Exception <a 'java/security/PrivilegedActionException'> (0x00000000eb3bf120) thrown at [C:\workspace\8-2-build-windows-amd64-cygwin\jdk8u31\2394\hotspot\src\share\vm\prims\jvm.cpp, line 1312]
Event: 1.088 Thread 0x00000000171d2800 Exception <a 'java/security/PrivilegedActionException'> (0x00000000eb3c2ab0) thrown at [C:\workspace\8-2-build-windows-amd64-cygwin\jdk8u31\2394\hotspot\src\share\vm\prims\jvm.cpp, line 1312]
Event: 1.103 Thread 0x00000000171d2800 Exception <a 'java/security/PrivilegedActionException'> (0x00000000eb3f9518) thrown at [C:\workspace\8-2-build-windows-amd64-cygwin\jdk8u31\2394\hotspot\src\share\vm\prims\jvm.cpp, line 1312]

Events (10 events):
Event: 1.088 loading class com/android/dx/cf/code/SwitchList done
Event: 1.088 Thread 0x0000000018261800 Uncommon trap: trap_request=0xffffffde fr.pc=0x000000000362c6d0
Event: 1.089 Thread 0x0000000018261800 DEOPT PACKING pc=0x000000000362c6d0 sp=0x00000000188dee00
Event: 1.089 Thread 0x0000000018261800 DEOPT UNPACKING pc=0x000000000344556a sp=0x00000000188ded88 mode 2
Event: 1.103 loading class com/android/dx/ssa/back/FirstFitLocalCombiningAllocator$Multiset
Event: 1.103 loading class com/android/dx/ssa/back/FirstFitLocalCombiningAllocator$Multiset done
Event: 1.107 loading class java/util/DualPivotQuicksort
Event: 1.110 loading class java/util/DualPivotQuicksort done
Event: 1.154 loading class java/util/ArrayList$1
Event: 1.154 loading class java/util/ArrayList$1 done


Dynamic libraries:
0x00007ff644d20000 - 0x00007ff644d54000 	C:\Program Files\Java\jdk1.8.0_31\bin\java.exe
0x00007ffa88b20000 - 0x00007ffa88ccd000 	C:\WINDOWS\SYSTEM32\ntdll.dll
0x00007ffa87f00000 - 0x00007ffa8803e000 	C:\WINDOWS\system32\KERNEL32.DLL
0x00007ffa85d10000 - 0x00007ffa85e25000 	C:\WINDOWS\system32\KERNELBASE.dll
0x00007ffa847e0000 - 0x00007ffa8486e000 	C:\WINDOWS\system32\apphelp.dll
0x00007ffa6d0a0000 - 0x00007ffa6d0f3000 	C:\WINDOWS\AppPatch\AppPatch64\AcGenral.DLL
0x00007ffa88640000 - 0x00007ffa886ea000 	C:\WINDOWS\system32\msvcrt.dll
0x00007ffa86170000 - 0x00007ffa8619e000 	C:\WINDOWS\system32\SspiCli.dll
0x00007ffa88040000 - 0x00007ffa88094000 	C:\WINDOWS\system32\SHLWAPI.dll
0x00007ffa88260000 - 0x00007ffa883d7000 	C:\WINDOWS\system32\USER32.dll
0x00007ffa864a0000 - 0x00007ffa86634000 	C:\WINDOWS\system32\ole32.dll
0x00007ffa86860000 - 0x00007ffa87d88000 	C:\WINDOWS\system32\SHELL32.dll
0x00007ffa85670000 - 0x00007ffa85691000 	C:\WINDOWS\SYSTEM32\USERENV.dll
0x00007ffa88590000 - 0x00007ffa8863a000 	C:\WINDOWS\system32\ADVAPI32.dll
0x00007ffa7fce0000 - 0x00007ffa7fcfe000 	C:\WINDOWS\SYSTEM32\MPR.dll
0x00007ffa88450000 - 0x00007ffa88590000 	C:\WINDOWS\system32\RPCRT4.dll
0x00007ffa86650000 - 0x00007ffa866a9000 	C:\WINDOWS\SYSTEM32\sechost.dll
0x00007ffa861c0000 - 0x00007ffa863d1000 	C:\WINDOWS\SYSTEM32\combase.dll
0x00007ffa86710000 - 0x00007ffa8685f000 	C:\WINDOWS\system32\GDI32.dll
0x00007ffa85c40000 - 0x00007ffa85c55000 	C:\WINDOWS\SYSTEM32\profapi.dll
0x00007ffa841b0000 - 0x00007ffa84262000 	C:\WINDOWS\SYSTEM32\SHCORE.dll
0x00007ffa87e50000 - 0x00007ffa87e86000 	C:\WINDOWS\system32\IMM32.DLL
0x00007ffa887e0000 - 0x00007ffa88932000 	C:\WINDOWS\system32\MSCTF.dll
0x00007ffa83d30000 - 0x00007ffa83fab000 	C:\WINDOWS\WinSxS\amd64_microsoft.windows.common-controls_6595b64144ccf1df_6.0.9600.18006_none_623f33d3ecbe86e8\COMCTL32.dll
0x000000005ab30000 - 0x000000005ac02000 	C:\Program Files\Java\jdk1.8.0_31\jre\bin\msvcr100.dll
0x0000000059450000 - 0x0000000059caa000 	C:\Program Files\Java\jdk1.8.0_31\jre\bin\server\jvm.dll
0x00007ffa7c230000 - 0x00007ffa7c239000 	C:\WINDOWS\SYSTEM32\WSOCK32.dll
0x00007ffa819d0000 - 0x00007ffa819f2000 	C:\WINDOWS\SYSTEM32\WINMM.dll
0x00007ffa861a0000 - 0x00007ffa861a7000 	C:\WINDOWS\system32\PSAPI.DLL
0x00007ffa866b0000 - 0x00007ffa8670a000 	C:\WINDOWS\system32\WS2_32.dll
0x00007ffa81670000 - 0x00007ffa8169a000 	C:\WINDOWS\SYSTEM32\WINMMBASE.dll
0x00007ffa87ef0000 - 0x00007ffa87ef9000 	C:\WINDOWS\system32\NSI.dll
0x00007ffa860c0000 - 0x00007ffa8610f000 	C:\WINDOWS\SYSTEM32\cfgmgr32.dll
0x00007ffa84a50000 - 0x00007ffa84a78000 	C:\WINDOWS\SYSTEM32\DEVOBJ.dll
0x000000005ab20000 - 0x000000005ab2f000 	C:\Program Files\Java\jdk1.8.0_31\jre\bin\verify.dll
0x000000005aaf0000 - 0x000000005ab18000 	C:\Program Files\Java\jdk1.8.0_31\jre\bin\java.dll
0x000000005aad0000 - 0x000000005aae6000 	C:\Program Files\Java\jdk1.8.0_31\jre\bin\zip.dll

VM Arguments:
jvm_args: -Djava.awt.headless=true -Xmx1024M -Dfile.encoding=windows-1252 -Duser.country=CA -Duser.language=en -Duser.variant 
java_command: com.android.dx.command.Main --dex --force-jumbo --num-threads=4 --multi-dex --output C:\Users\Saketh\Desktop\Honours Project\Marked\app\build\intermediates\transforms\dex\debug\folders\1000\5\slice_0 C:\Users\Saketh\Desktop\Honours Project\Marked\app\build\intermediates\transforms\instantRunSlicer\debug\folders\1\5\slice_0
java_class_path (initial): C:\Users\Saketh\Desktop\New folder\adt-bundle-windows-x86_64-20130522\sdk\build-tools\25.0.0\lib\dx.jar
Launcher Type: SUN_STANDARD

Environment Variables:
PATH=C:\ProgramData\Oracle\Java\javapath;C:\Program Files (x86)\NVIDIA Corporation\PhysX\Common;C:\Program Files (x86)\Intel\iCLS Client\;C:\Program Files\Intel\iCLS Client\;C:\WINDOWS\system32;C:\WINDOWS;C:\WINDOWS\System32\Wbem;C:\WINDOWS\System32\WindowsPowerShell\v1.0\;C:\Program Files\Intel\Intel(R) Management Engine Components\DAL;C:\Program Files\Intel\Intel(R) Management Engine Components\IPT;C:\Program Files (x86)\Intel\Intel(R) Management Engine Components\DAL;C:\Program Files (x86)\Intel\Intel(R) Management Engine Components\IPT;C:\Program Files\Microsoft\Web Platform Installer\;C:\Program Files\Intel\WiFi\bin\;C:\Program Files\Common Files\Intel\WirelessCommon\;C:\Program Files (x86)\MiKTeX 2.9\miktex\bin\;C:\Program Files (x86)\Skype\Phone\;C:\Program Files\TortoiseGit\bin
USERNAME=Saketh
OS=Windows_NT
PROCESSOR_IDENTIFIER=Intel64 Family 6 Model 58 Stepping 9, GenuineIntel



---------------  S Y S T E M  ---------------

OS: Windows 8.1 , 64 bit Build 9600 

CPU:total 8 (4 cores per cpu, 2 threads per core) family 6 model 58 stepping 9, cmov, cx8, fxsr, mmx, sse, sse2, sse3, ssse3, sse4.1, sse4.2, popcnt, avx, aes, clmul, erms, ht, tsc, tscinvbit, tscinv

Memory: 4k page, physical 8334620k(1177884k free), swap 11480348k(5104k free)

vm_info: Java HotSpot(TM) 64-Bit Server VM (25.31-b07) for windows-amd64 JRE (1.8.0_31-b13), built on Dec 17 2014 21:00:28 by "java_re" with MS VC++ 10.0 (VS2010)

time: Tue May 02 17:08:26 2017
elapsed time: 1 seconds (0d 0h 0m 1s)

