#
# There is insufficient memory for the Java Runtime Environment to continue.
# Native memory allocation (malloc) failed to allocate 32744 bytes for ChunkPool::allocate
# Possible reasons:
#   The system is out of physical RAM or swap space
#   In 32 bit mode, the process size limit was hit
# Possible solutions:
#   Reduce memory load on the system
#   Increase physical memory or swap space
#   Check if swap backing store is full
#   Use 64 bit Java on a 64 bit OS
#   Decrease Java heap size (-Xmx/-Xms)
#   Decrease number of Java threads
#   Decrease Java thread stack sizes (-Xss)
#   Set larger code cache with -XX:ReservedCodeCacheSize=
# This output file may be truncated or incomplete.
#
#  Out of Memory Error (allocation.cpp:273), pid=8024, tid=2328
#
# JRE version: Java(TM) SE Runtime Environment (8.0_31-b13) (build 1.8.0_31-b13)
# Java VM: Java HotSpot(TM) 64-Bit Server VM (25.31-b07 mixed mode windows-amd64 compressed oops)
# Failed to write core dump. Minidumps are not enabled by default on client versions of Windows
#

---------------  T H R E A D  ---------------

Current thread (0x0000000017316000):  JavaThread "C1 CompilerThread3" daemon [_thread_in_vm, id=2328, stack(0x0000000017be0000,0x0000000017ce0000)]

Stack: [0x0000000017be0000,0x0000000017ce0000]
Native frames: (J=compiled Java code, j=interpreted, Vv=VM code, C=native code)
V  [jvm.dll+0x3169ba]


Current CompileTask:
C1:    271  229   !   3       com.android.dx.cf.cst.ConstantPoolParser::parse0 (731 bytes)


---------------  P R O C E S S  ---------------

Java Threads: ( => current thread )
  0x00000000174f4000 JavaThread "pool-2-thread-4" [_thread_blocked, id=3528, stack(0x00000000182e0000,0x00000000183e0000)]
  0x00000000174f1800 JavaThread "pool-2-thread-3" [_thread_blocked, id=11220, stack(0x00000000181e0000,0x00000000182e0000)]
  0x00000000174f6000 JavaThread "pool-2-thread-2" [_thread_blocked, id=5296, stack(0x00000000180e0000,0x00000000181e0000)]
  0x00000000174ee800 JavaThread "pool-3-thread-1" [_thread_blocked, id=10592, stack(0x0000000017fe0000,0x00000000180e0000)]
  0x00000000174ee000 JavaThread "pool-2-thread-1" [_thread_blocked, id=11028, stack(0x0000000017ee0000,0x0000000017fe0000)]
  0x00000000173a6000 JavaThread "Service Thread" daemon [_thread_blocked, id=7712, stack(0x0000000017ce0000,0x0000000017de0000)]
=>0x0000000017316000 JavaThread "C1 CompilerThread3" daemon [_thread_in_vm, id=2328, stack(0x0000000017be0000,0x0000000017ce0000)]
  0x0000000017310800 JavaThread "C2 CompilerThread2" daemon [_thread_blocked, id=10292, stack(0x0000000017ae0000,0x0000000017be0000)]
  0x000000001730c800 JavaThread "C2 CompilerThread1" daemon [_thread_in_native, id=8460, stack(0x00000000179e0000,0x0000000017ae0000)]
  0x0000000017307000 JavaThread "C2 CompilerThread0" daemon [_thread_blocked, id=7164, stack(0x00000000178e0000,0x00000000179e0000)]
  0x0000000017305000 JavaThread "Attach Listener" daemon [_thread_blocked, id=8324, stack(0x00000000177e0000,0x00000000178e0000)]
  0x0000000017304800 JavaThread "Signal Dispatcher" daemon [_thread_blocked, id=8040, stack(0x00000000176e0000,0x00000000177e0000)]
  0x0000000001387800 JavaThread "Finalizer" daemon [_thread_blocked, id=10004, stack(0x00000000171e0000,0x00000000172e0000)]
  0x00000000152eb800 JavaThread "Reference Handler" daemon [_thread_blocked, id=10256, stack(0x00000000170e0000,0x00000000171e0000)]
  0x0000000001290800 JavaThread "main" [_thread_in_Java, id=1100, stack(0x0000000001190000,0x0000000001290000)]

Other Threads:
  0x00000000152e6800 VMThread [stack: 0x0000000016fe0000,0x00000000170e0000] [id=7320]
  0x00000000173a9000 WatcherThread [stack: 0x0000000017de0000,0x0000000017ee0000] [id=3880]

VM state:not at safepoint (normal execution)

VM Mutex/Monitor currently owned by a thread: None

Heap:
 PSYoungGen      total 38400K, used 8653K [0x00000000eab00000, 0x00000000ed580000, 0x0000000100000000)
  eden space 33280K, 26% used [0x00000000eab00000,0x00000000eb373598,0x00000000ecb80000)
  from space 5120K, 0% used [0x00000000ed080000,0x00000000ed080000,0x00000000ed580000)
  to   space 5120K, 0% used [0x00000000ecb80000,0x00000000ecb80000,0x00000000ed080000)
 ParOldGen       total 87552K, used 0K [0x00000000c0000000, 0x00000000c5580000, 0x00000000eab00000)
  object space 87552K, 0% used [0x00000000c0000000,0x00000000c0000000,0x00000000c5580000)
 Metaspace       used 3971K, capacity 5168K, committed 5376K, reserved 1056768K
  class space    used 447K, capacity 488K, committed 512K, reserved 1048576K

Card table byte_map: [0x0000000001750000,0x0000000001960000] byte_map_base: 0x0000000001150000

Marking Bits: (ParMarkBitMap*) 0x000000005540d4f0
 Begin Bits: [0x0000000012700000, 0x0000000013700000)
 End Bits:   [0x0000000013700000, 0x0000000014700000)

Polling page: 0x0000000001080000

CodeCache: size=245760Kb used=1477Kb max_used=1483Kb free=244283Kb
 bounds [0x0000000003400000, 0x0000000003670000, 0x0000000012400000]
 total_blobs=480 nmethods=229 adapters=164
 compilation: enabled

Compilation events (10 events):
Event: 0.262 Thread 0x0000000017316000 nmethod 221 0x000000000356cfd0 code [0x000000000356d200, 0x000000000356df88]
Event: 0.262 Thread 0x0000000017316000  223       3       sun.util.calendar.Gregorian$Date::setNormalizedYear (7 bytes)
Event: 0.262 Thread 0x0000000017316000 nmethod 223 0x000000000356e7d0 code [0x000000000356e940, 0x000000000356ebb0]
Event: 0.262 Thread 0x0000000017316000  224       3       sun.util.calendar.CalendarDate::setYear (20 bytes)
Event: 0.262 Thread 0x0000000017316000 nmethod 224 0x000000000356ec50 code [0x000000000356eda0, 0x000000000356ef30]
Event: 0.262 Thread 0x0000000017316000  225       3       sun.util.calendar.CalendarDate::setMonth (20 bytes)
Event: 0.263 Thread 0x0000000017316000 nmethod 225 0x000000000356ef90 code [0x000000000356f0e0, 0x000000000356f270]
Event: 0.263 Thread 0x0000000017316000  228       3       com.android.dx.rop.cst.Constant::compareTo (33 bytes)
Event: 0.263 Thread 0x0000000017316000 nmethod 228 0x000000000356f2d0 code [0x000000000356f480, 0x000000000356fbb8]
Event: 0.263 Thread 0x0000000017316000  229   !   3       com.android.dx.cf.cst.ConstantPoolParser::parse0 (731 bytes)

GC Heap History (0 events):
No events

Deoptimization events (0 events):
No events

Internal exceptions (10 events):
Event: 0.257 Thread 0x00000000174f1800 Exception <a 'java/security/PrivilegedActionException'> (0x00000000eb0dad28) thrown at [C:\workspace\8-2-build-windows-amd64-cygwin\jdk8u31\2394\hotspot\src\share\vm\prims\jvm.cpp, line 1312]
Event: 0.257 Thread 0x00000000174f1800 Exception <a 'java/security/PrivilegedActionException'> (0x00000000eb0de3d8) thrown at [C:\workspace\8-2-build-windows-amd64-cygwin\jdk8u31\2394\hotspot\src\share\vm\prims\jvm.cpp, line 1312]
Event: 0.258 Thread 0x00000000174f1800 Exception <a 'java/security/PrivilegedActionException'> (0x00000000eb0e12b0) thrown at [C:\workspace\8-2-build-windows-amd64-cygwin\jdk8u31\2394\hotspot\src\share\vm\prims\jvm.cpp, line 1312]
Event: 0.259 Thread 0x0000000001290800 Exception <a 'java/security/PrivilegedActionException'> (0x00000000eb2e1460) thrown at [C:\workspace\8-2-build-windows-amd64-cygwin\jdk8u31\2394\hotspot\src\share\vm\prims\jvm.cpp, line 1312]
Event: 0.260 Thread 0x0000000001290800 Exception <a 'java/security/PrivilegedActionException'> (0x00000000eb2e6040) thrown at [C:\workspace\8-2-build-windows-amd64-cygwin\jdk8u31\2394\hotspot\src\share\vm\prims\jvm.cpp, line 1312]
Event: 0.261 Thread 0x0000000001290800 Exception <a 'java/security/PrivilegedActionException'> (0x00000000eb2e9bd0) thrown at [C:\workspace\8-2-build-windows-amd64-cygwin\jdk8u31\2394\hotspot\src\share\vm\prims\jvm.cpp, line 1312]
Event: 0.261 Thread 0x0000000001290800 Exception <a 'java/security/PrivilegedActionException'> (0x00000000eb2ed018) thrown at [C:\workspace\8-2-build-windows-amd64-cygwin\jdk8u31\2394\hotspot\src\share\vm\prims\jvm.cpp, line 1312]
Event: 0.263 Thread 0x00000000174f1800 Exception <a 'java/security/PrivilegedActionException'> (0x00000000eb0ec000) thrown at [C:\workspace\8-2-build-windows-amd64-cygwin\jdk8u31\2394\hotspot\src\share\vm\prims\jvm.cpp, line 1312]
Event: 0.263 Thread 0x0000000001290800 Exception <a 'java/security/PrivilegedActionException'> (0x00000000eb2f4d48) thrown at [C:\workspace\8-2-build-windows-amd64-cygwin\jdk8u31\2394\hotspot\src\share\vm\prims\jvm.cpp, line 1312]
Event: 0.264 Thread 0x00000000174f1800 Exception <a 'java/security/PrivilegedActionException'> (0x00000000eb0f1e58) thrown at [C:\workspace\8-2-build-windows-amd64-cygwin\jdk8u31\2394\hotspot\src\share\vm\prims\jvm.cpp, line 1312]

Events (10 events):
Event: 0.261 loading class com/android/dx/dex/file/MemberIdItem
Event: 0.261 loading class com/android/dx/dex/file/MemberIdItem done
Event: 0.263 loading class com/android/dx/dex/file/AnnotationUtils
Event: 0.263 loading class com/android/dx/dex/file/AnnotationUtils done
Event: 0.263 loading class com/android/dx/cf/attrib/AttConstantValue
Event: 0.263 loading class com/android/dx/cf/attrib/AttConstantValue done
Event: 0.264 loading class com/android/dx/rop/cst/CstKnownNull
Event: 0.264 loading class com/android/dx/rop/cst/CstKnownNull done
Event: 0.265 loading class com/android/dx/cf/iface/StdField
Event: 0.265 loading class com/android/dx/cf/iface/StdField done


Dynamic libraries:
0x00007ff736240000 - 0x00007ff736274000 	C:\Program Files\Java\jdk1.8.0_31\bin\java.exe
0x00007ffc7dbd0000 - 0x00007ffc7dd7d000 	C:\WINDOWS\SYSTEM32\ntdll.dll
0x00007ffc7d6d0000 - 0x00007ffc7d80e000 	C:\WINDOWS\system32\KERNEL32.DLL
0x00007ffc7adc0000 - 0x00007ffc7aed5000 	C:\WINDOWS\system32\KERNELBASE.dll
0x00007ffc798a0000 - 0x00007ffc7992e000 	C:\WINDOWS\system32\apphelp.dll
0x00007ffc6a7a0000 - 0x00007ffc6a7f3000 	C:\WINDOWS\AppPatch\AppPatch64\AcGenral.DLL
0x00007ffc7b2b0000 - 0x00007ffc7b35a000 	C:\WINDOWS\system32\msvcrt.dll
0x00007ffc7b170000 - 0x00007ffc7b19e000 	C:\WINDOWS\system32\SspiCli.dll
0x00007ffc7daf0000 - 0x00007ffc7db44000 	C:\WINDOWS\system32\SHLWAPI.dll
0x00007ffc7b360000 - 0x00007ffc7b4d7000 	C:\WINDOWS\system32\USER32.dll
0x00007ffc7d950000 - 0x00007ffc7dae4000 	C:\WINDOWS\system32\ole32.dll
0x00007ffc7c130000 - 0x00007ffc7d658000 	C:\WINDOWS\system32\SHELL32.dll
0x00007ffc7a2c0000 - 0x00007ffc7a2e1000 	C:\WINDOWS\SYSTEM32\USERENV.dll
0x00007ffc7bcd0000 - 0x00007ffc7bd7a000 	C:\WINDOWS\system32\ADVAPI32.dll
0x00007ffc73400000 - 0x00007ffc7341e000 	C:\WINDOWS\SYSTEM32\MPR.dll
0x00007ffc7d810000 - 0x00007ffc7d950000 	C:\WINDOWS\system32\RPCRT4.dll
0x00007ffc7b250000 - 0x00007ffc7b2a9000 	C:\WINDOWS\SYSTEM32\sechost.dll
0x00007ffc7b700000 - 0x00007ffc7b911000 	C:\WINDOWS\SYSTEM32\combase.dll
0x00007ffc7b4e0000 - 0x00007ffc7b62f000 	C:\WINDOWS\system32\GDI32.dll
0x00007ffc7acf0000 - 0x00007ffc7ad05000 	C:\WINDOWS\SYSTEM32\profapi.dll
0x00007ffc797e0000 - 0x00007ffc79892000 	C:\WINDOWS\SYSTEM32\SHCORE.dll
0x00007ffc7c090000 - 0x00007ffc7c0c6000 	C:\WINDOWS\system32\IMM32.DLL
0x00007ffc7be60000 - 0x00007ffc7bfb2000 	C:\WINDOWS\system32\MSCTF.dll
0x00007ffc785f0000 - 0x00007ffc7886b000 	C:\WINDOWS\WinSxS\amd64_microsoft.windows.common-controls_6595b64144ccf1df_6.0.9600.18006_none_623f33d3ecbe86e8\COMCTL32.dll
0x00000000562e0000 - 0x00000000563b2000 	C:\Program Files\Java\jdk1.8.0_31\jre\bin\msvcr100.dll
0x0000000054c30000 - 0x000000005548a000 	C:\Program Files\Java\jdk1.8.0_31\jre\bin\server\jvm.dll
0x00007ffc71940000 - 0x00007ffc71949000 	C:\WINDOWS\SYSTEM32\WSOCK32.dll
0x00007ffc77280000 - 0x00007ffc772a2000 	C:\WINDOWS\SYSTEM32\WINMM.dll
0x00007ffc7bcc0000 - 0x00007ffc7bcc7000 	C:\WINDOWS\system32\PSAPI.DLL
0x00007ffc7d670000 - 0x00007ffc7d6ca000 	C:\WINDOWS\system32\WS2_32.dll
0x00007ffc76b60000 - 0x00007ffc76b8a000 	C:\WINDOWS\SYSTEM32\WINMMBASE.dll
0x00007ffc7dbc0000 - 0x00007ffc7dbc9000 	C:\WINDOWS\system32\NSI.dll
0x00007ffc7aee0000 - 0x00007ffc7af2f000 	C:\WINDOWS\SYSTEM32\cfgmgr32.dll
0x00007ffc79b10000 - 0x00007ffc79b38000 	C:\WINDOWS\SYSTEM32\DEVOBJ.dll
0x00000000562d0000 - 0x00000000562df000 	C:\Program Files\Java\jdk1.8.0_31\jre\bin\verify.dll
0x00000000562a0000 - 0x00000000562c8000 	C:\Program Files\Java\jdk1.8.0_31\jre\bin\java.dll
0x0000000056280000 - 0x0000000056296000 	C:\Program Files\Java\jdk1.8.0_31\jre\bin\zip.dll
0x00007ffc74ea0000 - 0x00007ffc75029000 	C:\WINDOWS\SYSTEM32\dbghelp.dll

VM Arguments:
jvm_args: -Djava.awt.headless=true -Xmx1024M -Dfile.encoding=windows-1252 -Duser.country=CA -Duser.language=en -Duser.variant 
java_command: com.android.dx.command.Main --dex --force-jumbo --num-threads=4 --multi-dex --output C:\Users\Saketh\Desktop\Honours Project\Marked\app\build\intermediates\transforms\dex\debug\folders\1000\10\support-annotations-25.2.0_ab471fb34c7aaf963d421ae03a8d496e6fd78001 C:\Users\Saketh\Desktop\New folder\adt-bundle-windows-x86_64-20130522\sdk\extras\android\m2repository\com\android\support\support-annotations\25.2.0\support-annotations-25.2.0.jar
java_class_path (initial): C:\Users\Saketh\Desktop\New folder\adt-bundle-windows-x86_64-20130522\sdk\build-tools\25.0.0\lib\dx.jar
Launcher Type: SUN_STANDARD

Environment Variables:
PATH=C:\ProgramData\Oracle\Java\javapath;C:\Program Files (x86)\NVIDIA Corporation\PhysX\Common;C:\Program Files (x86)\Intel\iCLS Client\;C:\Program Files\Intel\iCLS Client\;C:\WINDOWS\system32;C:\WINDOWS;C:\WINDOWS\System32\Wbem;C:\WINDOWS\System32\WindowsPowerShell\v1.0\;C:\Program Files\Intel\Intel(R) Management Engine Components\DAL;C:\Program Files\Intel\Intel(R) Management Engine Components\IPT;C:\Program Files (x86)\Intel\Intel(R) Management Engine Components\DAL;C:\Program Files (x86)\Intel\Intel(R) Management Engine Components\IPT;C:\Program Files\Microsoft\Web Platform Installer\;C:\Program Files\Intel\WiFi\bin\;C:\Program Files\Common Files\Intel\WirelessCommon\;C:\Program Files (x86)\MiKTeX 2.9\miktex\bin\;C:\Program Files (x86)\Skype\Phone\;C:\Program Files\TortoiseGit\bin
USERNAME=Saketh
OS=Windows_NT
PROCESSOR_IDENTIFIER=Intel64 Family 6 Model 58 Stepping 9, GenuineIntel



---------------  S Y S T E M  ---------------

OS: Windows 8.1 , 64 bit Build 9600 

CPU:total 8 (4 cores per cpu, 2 threads per core) family 6 model 58 stepping 9, cmov, cx8, fxsr, mmx, sse, sse2, sse3, ssse3, sse4.1, sse4.2, popcnt, avx, aes, clmul, erms, ht, tsc, tscinvbit, tscinv

Memory: 4k page, physical 8334620k(1088084k free), swap 11480348k(5032k free)

vm_info: Java HotSpot(TM) 64-Bit Server VM (25.31-b07) for windows-amd64 JRE (1.8.0_31-b13), built on Dec 17 2014 21:00:28 by "java_re" with MS VC++ 10.0 (VS2010)

time: Mon Mar 27 17:34:40 2017
elapsed time: 0 seconds (0d 0h 0m 0s)

