#
# There is insufficient memory for the Java Runtime Environment to continue.
# Native memory allocation (malloc) failed to allocate 400096 bytes for Chunk::new
# Possible reasons:
#   The system is out of physical RAM or swap space
#   In 32 bit mode, the process size limit was hit
# Possible solutions:
#   Reduce memory load on the system
#   Increase physical memory or swap space
#   Check if swap backing store is full
#   Use 64 bit Java on a 64 bit OS
#   Decrease Java heap size (-Xmx/-Xms)
#   Decrease number of Java threads
#   Decrease Java thread stack sizes (-Xss)
#   Set larger code cache with -XX:ReservedCodeCacheSize=
# This output file may be truncated or incomplete.
#
#  Out of Memory Error (allocation.cpp:390), pid=5192, tid=9232
#
# JRE version: Java(TM) SE Runtime Environment (8.0_31-b13) (build 1.8.0_31-b13)
# Java VM: Java HotSpot(TM) 64-Bit Server VM (25.31-b07 mixed mode windows-amd64 compressed oops)
# Failed to write core dump. Minidumps are not enabled by default on client versions of Windows
#

---------------  T H R E A D  ---------------

Current thread (0x00000000173f4000):  JavaThread "C2 CompilerThread2" daemon [_thread_in_native, id=9232, stack(0x0000000017bc0000,0x0000000017cc0000)]

Stack: [0x0000000017bc0000,0x0000000017cc0000]
Native frames: (J=compiled Java code, j=interpreted, Vv=VM code, C=native code)
V  [jvm.dll+0x3169ba]


Current CompileTask:
C2:   1205  919       4       com.android.dx.ssa.back.LivenessAnalyzer::handleTailRecursion (94 bytes)


---------------  P R O C E S S  ---------------

Java Threads: ( => current thread )
  0x00000000175ee000 JavaThread "pool-2-thread-4" [_thread_in_Java, id=3068, stack(0x00000000183c0000,0x00000000184c0000)]
  0x00000000175eb000 JavaThread "pool-2-thread-3" [_thread_in_Java, id=8944, stack(0x00000000182c0000,0x00000000183c0000)]
  0x00000000175a8800 JavaThread "pool-2-thread-2" [_thread_blocked, id=1952, stack(0x00000000181c0000,0x00000000182c0000)]
  0x00000000175a4800 JavaThread "pool-3-thread-1" [_thread_blocked, id=5448, stack(0x00000000180c0000,0x00000000181c0000)]
  0x00000000175a3800 JavaThread "pool-2-thread-1" [_thread_in_Java, id=11344, stack(0x0000000017fc0000,0x00000000180c0000)]
  0x0000000017486000 JavaThread "Service Thread" daemon [_thread_blocked, id=6516, stack(0x0000000017dc0000,0x0000000017ec0000)]
  0x00000000173f7000 JavaThread "C1 CompilerThread3" daemon [_thread_in_native, id=9132, stack(0x0000000017cc0000,0x0000000017dc0000)]
=>0x00000000173f4000 JavaThread "C2 CompilerThread2" daemon [_thread_in_native, id=9232, stack(0x0000000017bc0000,0x0000000017cc0000)]
  0x00000000173ea800 JavaThread "C2 CompilerThread1" daemon [_thread_blocked, id=5288, stack(0x0000000017ac0000,0x0000000017bc0000)]
  0x00000000173e8000 JavaThread "C2 CompilerThread0" daemon [_thread_in_native, id=12740, stack(0x00000000179c0000,0x0000000017ac0000)]
  0x00000000173e5800 JavaThread "Attach Listener" daemon [_thread_blocked, id=1168, stack(0x00000000178c0000,0x00000000179c0000)]
  0x00000000153fe800 JavaThread "Signal Dispatcher" daemon [_thread_blocked, id=8248, stack(0x00000000177c0000,0x00000000178c0000)]
  0x00000000013e8800 JavaThread "Finalizer" daemon [_thread_blocked, id=12496, stack(0x00000000172c0000,0x00000000173c0000)]
  0x00000000013e1000 JavaThread "Reference Handler" daemon [_thread_blocked, id=7692, stack(0x00000000171c0000,0x00000000172c0000)]
  0x00000000012f0800 JavaThread "main" [_thread_blocked, id=3356, stack(0x0000000001190000,0x0000000001290000)]

Other Threads:
  0x00000000153e8800 VMThread [stack: 0x00000000170c0000,0x00000000171c0000] [id=7732]
  0x000000001748a000 WatcherThread [stack: 0x0000000017ec0000,0x0000000017fc0000] [id=9916]

VM state:not at safepoint (normal execution)

VM Mutex/Monitor currently owned by a thread: None

Heap:
 PSYoungGen      total 38400K, used 21306K [0x00000000eab00000, 0x00000000ed580000, 0x0000000100000000)
  eden space 33280K, 64% used [0x00000000eab00000,0x00000000ebfceac0,0x00000000ecb80000)
  from space 5120K, 0% used [0x00000000ed080000,0x00000000ed080000,0x00000000ed580000)
  to   space 5120K, 0% used [0x00000000ecb80000,0x00000000ecb80000,0x00000000ed080000)
 ParOldGen       total 87552K, used 0K [0x00000000c0000000, 0x00000000c5580000, 0x00000000eab00000)
  object space 87552K, 0% used [0x00000000c0000000,0x00000000c0000000,0x00000000c5580000)
 Metaspace       used 5757K, capacity 6768K, committed 7040K, reserved 1056768K
  class space    used 588K, capacity 616K, committed 640K, reserved 1048576K

Card table byte_map: [0x00000000017b0000,0x00000000019c0000] byte_map_base: 0x00000000011b0000

Marking Bits: (ParMarkBitMap*) 0x000000005d1bd4f0
 Begin Bits: [0x0000000012800000, 0x0000000013800000)
 End Bits:   [0x0000000013800000, 0x0000000014800000)

Polling page: 0x0000000001290000

CodeCache: size=245760Kb used=3726Kb max_used=3726Kb free=242033Kb
 bounds [0x0000000003400000, 0x00000000037b0000, 0x0000000012400000]
 total_blobs=1217 nmethods=952 adapters=179
 compilation: enabled

Compilation events (10 events):
Event: 1.197 Thread 0x00000000173f7000 nmethod 947 0x000000000379b210 code [0x000000000379b420, 0x000000000379c088]
Event: 1.197 Thread 0x00000000173f7000  948       3       java.util.ArrayList::indexOf (67 bytes)
Event: 1.197 Thread 0x00000000173f7000 nmethod 948 0x0000000003791b90 code [0x0000000003791d20, 0x00000000037921e8]
Event: 1.197 Thread 0x00000000173f7000  944       3       com.android.dx.rop.code.BasicBlockList$RegCountVisitor::visitThrowingCstInsn (6 bytes)
Event: 1.197 Thread 0x00000000173f7000 nmethod 944 0x0000000003798050 code [0x00000000037981c0, 0x0000000003798348]
Event: 1.197 Thread 0x00000000173f7000  951       1       com.android.dx.rop.type.Type::isConstant (2 bytes)
Event: 1.198 Thread 0x00000000173f7000 nmethod 951 0x0000000003782750 code [0x00000000037828a0, 0x00000000037829b0]
Event: 1.198 Thread 0x00000000173f7000  939       3       java.util.BitSet::checkRange (104 bytes)
Event: 1.199 Thread 0x00000000173f7000 nmethod 939 0x000000000379dc10 code [0x000000000379df00, 0x000000000379f678]
Event: 1.199 Thread 0x00000000173f7000  952       3       com.android.dx.cf.code.LocalVariableList::pcAndIndexToLocal (51 bytes)

GC Heap History (0 events):
No events

Deoptimization events (5 events):
Event: 1.052 Thread 0x00000000175a3800 Uncommon trap: reason=class_check action=maybe_recompile pc=0x00000000036cc68c method=com.android.dx.ssa.NormalSsaInsn.accept(Lcom/android/dx/ssa/SsaInsn$Visitor;)V @ 9
Event: 1.114 Thread 0x00000000175a3800 Uncommon trap: reason=class_check action=maybe_recompile pc=0x00000000036cc68c method=com.android.dx.ssa.NormalSsaInsn.accept(Lcom/android/dx/ssa/SsaInsn$Visitor;)V @ 9
Event: 1.114 Thread 0x00000000175a3800 Uncommon trap: reason=class_check action=maybe_recompile pc=0x0000000003640930 method=com.android.dx.ssa.NormalSsaInsn.accept(Lcom/android/dx/ssa/SsaInsn$Visitor;)V @ 9
Event: 1.114 Thread 0x00000000175a3800 Uncommon trap: reason=class_check action=maybe_recompile pc=0x0000000003640930 method=com.android.dx.ssa.NormalSsaInsn.accept(Lcom/android/dx/ssa/SsaInsn$Visitor;)V @ 9
Event: 1.174 Thread 0x00000000175eb000 Uncommon trap: reason=null_check action=make_not_entrant pc=0x00000000036cce5c method=com.android.dx.ssa.SsaRenamer.getLocalForNewReg(I)Lcom/android/dx/rop/code/LocalItem; @ 19

Internal exceptions (10 events):
Event: 0.770 Thread 0x00000000175a3800 Exception <a 'java/security/PrivilegedActionException'> (0x00000000eb5d6610) thrown at [C:\workspace\8-2-build-windows-amd64-cygwin\jdk8u31\2394\hotspot\src\share\vm\prims\jvm.cpp, line 1312]
Event: 0.771 Thread 0x00000000175a3800 Exception <a 'java/security/PrivilegedActionException'> (0x00000000eb5da110) thrown at [C:\workspace\8-2-build-windows-amd64-cygwin\jdk8u31\2394\hotspot\src\share\vm\prims\jvm.cpp, line 1312]
Event: 0.775 Thread 0x00000000175eb000 Exception <a 'java/security/PrivilegedActionException'> (0x00000000eb42a970) thrown at [C:\workspace\8-2-build-windows-amd64-cygwin\jdk8u31\2394\hotspot\src\share\vm\prims\jvm.cpp, line 1312]
Event: 0.776 Thread 0x00000000012f0800 Exception <a 'java/security/PrivilegedActionException'> (0x00000000eb2800d0) thrown at [C:\workspace\8-2-build-windows-amd64-cygwin\jdk8u31\2394\hotspot\src\share\vm\prims\jvm.cpp, line 1312]
Event: 0.778 Thread 0x00000000175eb000 Exception <a 'java/security/PrivilegedActionException'> (0x00000000eb4312c8) thrown at [C:\workspace\8-2-build-windows-amd64-cygwin\jdk8u31\2394\hotspot\src\share\vm\prims\jvm.cpp, line 1312]
Event: 0.780 Thread 0x00000000175ee000 Exception <a 'java/security/PrivilegedActionException'> (0x00000000eb5116a8) thrown at [C:\workspace\8-2-build-windows-amd64-cygwin\jdk8u31\2394\hotspot\src\share\vm\prims\jvm.cpp, line 1312]
Event: 0.785 Thread 0x00000000175a3800 Exception <a 'java/security/PrivilegedActionException'> (0x00000000eb5f2f88) thrown at [C:\workspace\8-2-build-windows-amd64-cygwin\jdk8u31\2394\hotspot\src\share\vm\prims\jvm.cpp, line 1312]
Event: 0.788 Thread 0x00000000175a3800 Exception <a 'java/security/PrivilegedActionException'> (0x00000000eb5f93c8) thrown at [C:\workspace\8-2-build-windows-amd64-cygwin\jdk8u31\2394\hotspot\src\share\vm\prims\jvm.cpp, line 1312]
Event: 0.820 Thread 0x00000000175eb000 Exception <a 'java/security/PrivilegedActionException'> (0x00000000eb492860) thrown at [C:\workspace\8-2-build-windows-amd64-cygwin\jdk8u31\2394\hotspot\src\share\vm\prims\jvm.cpp, line 1312]
Event: 1.174 Thread 0x00000000175eb000 Implicit null exception at 0x00000000036ca907 to 0x00000000036cce35

Events (10 events):
Event: 1.114 Thread 0x00000000175a3800 DEOPT UNPACKING pc=0x000000000344556a sp=0x00000000180be750 mode 2
Event: 1.114 Thread 0x00000000175a3800 Uncommon trap: trap_request=0xffffffde fr.pc=0x0000000003640930
Event: 1.114 Thread 0x00000000175a3800 DEOPT PACKING pc=0x0000000003640930 sp=0x00000000180be7a0
Event: 1.114 Thread 0x00000000175a3800 DEOPT UNPACKING pc=0x000000000344556a sp=0x00000000180be740 mode 2
Event: 1.114 Thread 0x00000000175a3800 Uncommon trap: trap_request=0xffffffde fr.pc=0x0000000003640930
Event: 1.114 Thread 0x00000000175a3800 DEOPT PACKING pc=0x0000000003640930 sp=0x00000000180be7a0
Event: 1.114 Thread 0x00000000175a3800 DEOPT UNPACKING pc=0x000000000344556a sp=0x00000000180be740 mode 2
Event: 1.174 Thread 0x00000000175eb000 Uncommon trap: trap_request=0xfffffff4 fr.pc=0x00000000036cce5c
Event: 1.174 Thread 0x00000000175eb000 DEOPT PACKING pc=0x00000000036cce5c sp=0x00000000183bebc0
Event: 1.174 Thread 0x00000000175eb000 DEOPT UNPACKING pc=0x000000000344556a sp=0x00000000183bea08 mode 2


Dynamic libraries:
0x00007ff6fd260000 - 0x00007ff6fd294000 	C:\Program Files\Java\jdk1.8.0_31\bin\java.exe
0x00007ffcb6780000 - 0x00007ffcb692d000 	C:\WINDOWS\SYSTEM32\ntdll.dll
0x00007ffcb3e60000 - 0x00007ffcb3f9e000 	C:\WINDOWS\system32\KERNEL32.DLL
0x00007ffcb3c80000 - 0x00007ffcb3d95000 	C:\WINDOWS\system32\KERNELBASE.dll
0x00007ffcb2390000 - 0x00007ffcb241e000 	C:\WINDOWS\system32\apphelp.dll
0x00007ffc9e8c0000 - 0x00007ffc9e913000 	C:\WINDOWS\AppPatch\AppPatch64\AcGenral.DLL
0x00007ffcb5d60000 - 0x00007ffcb5e0a000 	C:\WINDOWS\system32\msvcrt.dll
0x00007ffcb3b50000 - 0x00007ffcb3b7e000 	C:\WINDOWS\system32\SspiCli.dll
0x00007ffcb57b0000 - 0x00007ffcb5804000 	C:\WINDOWS\system32\SHLWAPI.dll
0x00007ffcb58c0000 - 0x00007ffcb5a37000 	C:\WINDOWS\system32\USER32.dll
0x00007ffcb5e10000 - 0x00007ffcb5fa4000 	C:\WINDOWS\system32\ole32.dll
0x00007ffcb4280000 - 0x00007ffcb57a8000 	C:\WINDOWS\system32\SHELL32.dll
0x00007ffcb2e70000 - 0x00007ffcb2e91000 	C:\WINDOWS\SYSTEM32\USERENV.dll
0x00007ffcb5810000 - 0x00007ffcb58ba000 	C:\WINDOWS\system32\ADVAPI32.dll
0x00007ffca9a50000 - 0x00007ffca9a6e000 	C:\WINDOWS\SYSTEM32\MPR.dll
0x00007ffcb6420000 - 0x00007ffcb6560000 	C:\WINDOWS\system32\RPCRT4.dll
0x00007ffcb6720000 - 0x00007ffcb6779000 	C:\WINDOWS\SYSTEM32\sechost.dll
0x00007ffcb3fa0000 - 0x00007ffcb41b1000 	C:\WINDOWS\SYSTEM32\combase.dll
0x00007ffcb6070000 - 0x00007ffcb61bf000 	C:\WINDOWS\system32\GDI32.dll
0x00007ffcb38a0000 - 0x00007ffcb38b5000 	C:\WINDOWS\SYSTEM32\profapi.dll
0x00007ffcb2420000 - 0x00007ffcb24d2000 	C:\WINDOWS\SYSTEM32\SHCORE.dll
0x00007ffcb3e00000 - 0x00007ffcb3e36000 	C:\WINDOWS\system32\IMM32.DLL
0x00007ffcb5b20000 - 0x00007ffcb5c72000 	C:\WINDOWS\system32\MSCTF.dll
0x00007ffcaff90000 - 0x00007ffcb020b000 	C:\WINDOWS\WinSxS\amd64_microsoft.windows.common-controls_6595b64144ccf1df_6.0.9600.18006_none_623f33d3ecbe86e8\COMCTL32.dll
0x000000005c5d0000 - 0x000000005c6a2000 	C:\Program Files\Java\jdk1.8.0_31\jre\bin\msvcr100.dll
0x000000005c9e0000 - 0x000000005d23a000 	C:\Program Files\Java\jdk1.8.0_31\jre\bin\server\jvm.dll
0x00007ffcab380000 - 0x00007ffcab389000 	C:\WINDOWS\SYSTEM32\WSOCK32.dll
0x00007ffcb0a20000 - 0x00007ffcb0a42000 	C:\WINDOWS\SYSTEM32\WINMM.dll
0x00007ffcb5b10000 - 0x00007ffcb5b17000 	C:\WINDOWS\system32\PSAPI.DLL
0x00007ffcb41c0000 - 0x00007ffcb421a000 	C:\WINDOWS\system32\WS2_32.dll
0x00007ffcb0770000 - 0x00007ffcb079a000 	C:\WINDOWS\SYSTEM32\WINMMBASE.dll
0x00007ffcb3e40000 - 0x00007ffcb3e49000 	C:\WINDOWS\system32\NSI.dll
0x00007ffcb3b80000 - 0x00007ffcb3bcf000 	C:\WINDOWS\SYSTEM32\cfgmgr32.dll
0x00007ffcb26c0000 - 0x00007ffcb26e8000 	C:\WINDOWS\SYSTEM32\DEVOBJ.dll
0x000000005df30000 - 0x000000005df3f000 	C:\Program Files\Java\jdk1.8.0_31\jre\bin\verify.dll
0x000000005d700000 - 0x000000005d728000 	C:\Program Files\Java\jdk1.8.0_31\jre\bin\java.dll
0x000000005d6e0000 - 0x000000005d6f6000 	C:\Program Files\Java\jdk1.8.0_31\jre\bin\zip.dll
0x00007ffca6a90000 - 0x00007ffca6c19000 	C:\WINDOWS\SYSTEM32\dbghelp.dll

VM Arguments:
jvm_args: -Djava.awt.headless=true -Xmx1024M -Dfile.encoding=windows-1252 -Duser.country=CA -Duser.language=en -Duser.variant 
java_command: com.android.dx.command.Main --dex --force-jumbo --num-threads=4 --multi-dex --output C:\Users\Saketh\Desktop\Honours Project\Marked\app\build\intermediates\transforms\dex\debug\folders\1000\10\com.android.support-support-core-utils-25.0.0_e6e029de067b9bf63363a1806d86ffafdb28c88c C:\Users\Saketh\Desktop\Honours Project\Marked\app\build\intermediates\exploded-aar\com.android.support\support-core-utils\25.0.0\jars\classes.jar
java_class_path (initial): C:\Users\Saketh\Desktop\New folder\adt-bundle-windows-x86_64-20130522\sdk\build-tools\25.0.0\lib\dx.jar
Launcher Type: SUN_STANDARD

Environment Variables:
PATH=C:\ProgramData\Oracle\Java\javapath;C:\Program Files (x86)\NVIDIA Corporation\PhysX\Common;C:\Program Files (x86)\Intel\iCLS Client\;C:\Program Files\Intel\iCLS Client\;C:\WINDOWS\system32;C:\WINDOWS;C:\WINDOWS\System32\Wbem;C:\WINDOWS\System32\WindowsPowerShell\v1.0\;C:\Program Files\Intel\Intel(R) Management Engine Components\DAL;C:\Program Files\Intel\Intel(R) Management Engine Components\IPT;C:\Program Files (x86)\Intel\Intel(R) Management Engine Components\DAL;C:\Program Files (x86)\Intel\Intel(R) Management Engine Components\IPT;C:\Program Files\Microsoft\Web Platform Installer\;C:\Program Files\Intel\WiFi\bin\;C:\Program Files\Common Files\Intel\WirelessCommon\;C:\Program Files (x86)\MiKTeX 2.9\miktex\bin\;C:\Program Files (x86)\Skype\Phone\;C:\Program Files\TortoiseGit\bin
USERNAME=Saketh
OS=Windows_NT
PROCESSOR_IDENTIFIER=Intel64 Family 6 Model 58 Stepping 9, GenuineIntel



---------------  S Y S T E M  ---------------

OS: Windows 8.1 , 64 bit Build 9600 

CPU:total 8 (4 cores per cpu, 2 threads per core) family 6 model 58 stepping 9, cmov, cx8, fxsr, mmx, sse, sse2, sse3, ssse3, sse4.1, sse4.2, popcnt, avx, aes, clmul, erms, ht, tsc, tscinvbit, tscinv

Memory: 4k page, physical 8334620k(941856k free), swap 11480348k(5116k free)

vm_info: Java HotSpot(TM) 64-Bit Server VM (25.31-b07) for windows-amd64 JRE (1.8.0_31-b13), built on Dec 17 2014 21:00:28 by "java_re" with MS VC++ 10.0 (VS2010)

time: Mon Feb 20 18:12:30 2017
elapsed time: 1 seconds (0d 0h 0m 1s)

