#
# A fatal error has been detected by the Java Runtime Environment:
#
#  EXCEPTION_ACCESS_VIOLATION (0xc0000005) at pc=0x000000005956b107, pid=9332, tid=15000
#
# JRE version: Java(TM) SE Runtime Environment (8.0_31-b13) (build 1.8.0_31-b13)
# Java VM: Java HotSpot(TM) 64-Bit Server VM (25.31-b07 mixed mode windows-amd64 compressed oops)
# Problematic frame:
# V  [jvm.dll+0x1fb107]
#
# Failed to write core dump. Minidumps are not enabled by default on client versions of Windows
#
# If you would like to submit a bug report, please visit:
#   http://bugreport.java.com/bugreport/crash.jsp
#

---------------  T H R E A D  ---------------

Current thread (0x0000000016ff4000):  JavaThread "Signal Dispatcher" daemon [_thread_in_vm, id=15000, stack(0x00000000173d0000,0x00000000174d0000)]

siginfo: ExceptionCode=0xc0000005, writing address 0x00000000174ca470

Registers:
RAX=0x00000000174ca470, RBX=0x0000000000000006, RCX=0x0000000000005000, RDX=0x0000000000000006
RSP=0x00000000174cf470, RBP=0x0000000000000000, RSI=0x00000000174cf470, RDI=0x0000000000000006
R8 =0x0000000000000006, R9 =0x0000000016ff2300, R10=0x000000001462c8b8, R11=0x00000000173da150
R12=0x0000000016ff2300, R13=0x0000000016ff4000, R14=0x00000000174cf538, R15=0x000000001462c8b8
RIP=0x000000005956b107, EFLAGS=0x0000000000010202

Top of Stack: (sp=0x00000000174cf470)
0x00000000174cf470:   0000000000000000 0000000059c399e5
0x00000000174cf480:   0000000016ff4000 0000000016ff2300
0x00000000174cf490:   00000000ffffffff 000000005956c037
0x00000000174cf4a0:   00000000174cf5a0 000000001462c8b8
0x00000000174cf4b0:   0000000016ff4000 0000000059421fb3
0x00000000174cf4c0:   00000000174cf500 0000000016ff4000
0x00000000174cf4d0:   00000000174cf590 0000000016ff4000
0x00000000174cf4e0:   000000001462c8b8 0000000016ff4000
0x00000000174cf4f0:   0000000003410e20 0000000016ff4000
0x00000000174cf500:   000000001462c8b8 0000000016ff4000
0x00000000174cf510:   000000001462c8b8 0000000016ff4000
0x00000000174cf520:   0000000000000001 000000001462c8b8
0x00000000174cf530:   0000000016ff4000 000000000108bb70
0x00000000174cf540:   0000000016ff4000 000000005942349d
0x00000000174cf550:   00000000174cf8a0 0000000100006670
0x00000000174cf560:   0000000100006670 00007ffa88b3be53 

Instructions: (pc=0x000000005956b107)
0x000000005956b0e7:   48 89 6c 24 30 33 ed 66 90 e8 7b 5c 08 00 ff c3
0x000000005956b0f7:   48 63 c8 48 8b c6 48 0f af cf 48 ff c7 48 2b c1
0x000000005956b107:   89 28 48 63 c3 48 3b 05 ed 6e 57 00 7e db 48 8b
0x000000005956b117:   6c 24 30 48 8b 5c 24 38 48 8b 74 24 40 48 83 c4 


Register to memory mapping:

RAX=0x00000000174ca470 is pointing into the stack for thread: 0x0000000016ff4000
RBX=0x0000000000000006 is an unknown value
RCX=0x0000000000005000 is an unknown value
RDX=0x0000000000000006 is an unknown value
RSP=0x00000000174cf470 is pointing into the stack for thread: 0x0000000016ff4000
RBP=0x0000000000000000 is an unknown value
RSI=0x00000000174cf470 is pointing into the stack for thread: 0x0000000016ff4000
RDI=0x0000000000000006 is an unknown value
R8 =0x0000000000000006 is an unknown value
R9 =0x0000000016ff2300 is an unknown value
R10={method} {0x000000001462c8c0} 'exit' '()V' in 'java/lang/Thread'
R11=0x00000000173da150 is pointing into the stack for thread: 0x0000000016ff4000
R12=0x0000000016ff2300 is an unknown value
R13=0x0000000016ff4000 is a thread
R14=0x00000000174cf538 is pointing into the stack for thread: 0x0000000016ff4000
R15={method} {0x000000001462c8c0} 'exit' '()V' in 'java/lang/Thread'


Stack: [0x00000000173d0000,0x00000000174d0000],  sp=0x00000000174cf470,  free space=1021k
