#
# There is insufficient memory for the Java Runtime Environment to continue.
# Native memory allocation (malloc) failed to allocate 855536 bytes for Chunk::new
# Possible reasons:
#   The system is out of physical RAM or swap space
#   In 32 bit mode, the process size limit was hit
# Possible solutions:
#   Reduce memory load on the system
#   Increase physical memory or swap space
#   Check if swap backing store is full
#   Use 64 bit Java on a 64 bit OS
#   Decrease Java heap size (-Xmx/-Xms)
#   Decrease number of Java threads
#   Decrease Java thread stack sizes (-Xss)
#   Set larger code cache with -XX:ReservedCodeCacheSize=
# This output file may be truncated or incomplete.
#
#  Out of Memory Error (allocation.cpp:390), pid=14016, tid=11272
#
# JRE version: Java(TM) SE Runtime Environment (8.0_31-b13) (build 1.8.0_31-b13)
# Java VM: Java HotSpot(TM) 64-Bit Server VM (25.31-b07 mixed mode windows-amd64 compressed oops)
# Failed to write core dump. Minidumps are not enabled by default on client versions of Windows
#

---------------  T H R E A D  ---------------

Current thread (0x0000000016ca8800):  JavaThread "C2 CompilerThread0" daemon [_thread_in_native, id=11272, stack(0x0000000017280000,0x0000000017380000)]

Stack: [0x0000000017280000,0x0000000017380000]
Native frames: (J=compiled Java code, j=interpreted, Vv=VM code, C=native code)
V  [jvm.dll+0x3169ba]


Current CompileTask:
C2:   1842 1267       4       com.android.dx.ssa.SCCP::simulateStmt (481 bytes)


---------------  P R O C E S S  ---------------

Java Threads: ( => current thread )
  0x0000000017069800 JavaThread "pool-2-thread-4" [_thread_blocked, id=3248, stack(0x0000000018480000,0x0000000018580000)]
  0x0000000017078000 JavaThread "pool-2-thread-3" [_thread_in_Java, id=6776, stack(0x0000000018380000,0x0000000018480000)]
  0x00000000178d3800 JavaThread "pool-2-thread-2" [_thread_blocked, id=8136, stack(0x0000000018280000,0x0000000018380000)]
  0x0000000016f81800 JavaThread "pool-3-thread-1" [_thread_blocked, id=14032, stack(0x0000000018180000,0x0000000018280000)]
  0x0000000016f80800 JavaThread "pool-2-thread-1" [_thread_blocked, id=11952, stack(0x0000000018080000,0x0000000018180000)]
  0x0000000016d42800 JavaThread "Service Thread" daemon [_thread_blocked, id=11832, stack(0x0000000017680000,0x0000000017780000)]
  0x0000000016d00000 JavaThread "C1 CompilerThread3" daemon [_thread_blocked, id=11288, stack(0x0000000017580000,0x0000000017680000)]
  0x0000000016cf5000 JavaThread "C2 CompilerThread2" daemon [_thread_in_native, id=1440, stack(0x0000000017480000,0x0000000017580000)]
  0x0000000016caa800 JavaThread "C2 CompilerThread1" daemon [_thread_in_native, id=6856, stack(0x0000000017380000,0x0000000017480000)]
=>0x0000000016ca8800 JavaThread "C2 CompilerThread0" daemon [_thread_in_native, id=11272, stack(0x0000000017280000,0x0000000017380000)]
  0x0000000016ca6800 JavaThread "Attach Listener" daemon [_thread_blocked, id=10352, stack(0x0000000017180000,0x0000000017280000)]
  0x0000000016ca5800 JavaThread "Signal Dispatcher" daemon [_thread_blocked, id=14236, stack(0x0000000017080000,0x0000000017180000)]
  0x00000000020fa000 JavaThread "Finalizer" daemon [_thread_blocked, id=3104, stack(0x0000000016b80000,0x0000000016c80000)]
  0x0000000014c9c000 JavaThread "Reference Handler" daemon [_thread_blocked, id=11960, stack(0x0000000016a80000,0x0000000016b80000)]
  0x0000000002000800 JavaThread "main" [_thread_blocked, id=9796, stack(0x0000000001e80000,0x0000000001f80000)]

Other Threads:
  0x0000000014c98000 VMThread [stack: 0x0000000016980000,0x0000000016a80000] [id=8084]
  0x0000000016d44800 WatcherThread [stack: 0x0000000017780000,0x0000000017880000] [id=4184]

VM state:not at safepoint (normal execution)

VM Mutex/Monitor currently owned by a thread: None

Heap:
 PSYoungGen      total 38400K, used 15463K [0x00000000eab00000, 0x00000000ed580000, 0x0000000100000000)
  eden space 33280K, 31% used [0x00000000eab00000,0x00000000eb51e470,0x00000000ecb80000)
  from space 5120K, 99% used [0x00000000ecb80000,0x00000000ed07ba98,0x00000000ed080000)
  to   space 5120K, 0% used [0x00000000ed080000,0x00000000ed080000,0x00000000ed580000)
 ParOldGen       total 87552K, used 640K [0x00000000c0000000, 0x00000000c5580000, 0x00000000eab00000)
  object space 87552K, 0% used [0x00000000c0000000,0x00000000c00a00d0,0x00000000c5580000)
 Metaspace       used 5990K, capacity 6960K, committed 7040K, reserved 1056768K
  class space    used 585K, capacity 616K, committed 640K, reserved 1048576K

Card table byte_map: [0x0000000011540000,0x0000000011750000] byte_map_base: 0x0000000010f40000

Marking Bits: (ParMarkBitMap*) 0x0000000059c2d4f0
 Begin Bits: [0x00000000120b0000, 0x00000000130b0000)
 End Bits:   [0x00000000130b0000, 0x00000000140b0000)

Polling page: 0x0000000000660000

CodeCache: size=245760Kb used=5297Kb max_used=5297Kb free=240462Kb
 bounds [0x0000000002180000, 0x00000000026c0000, 0x0000000011180000]
 total_blobs=1612 nmethods=1349 adapters=177
 compilation: enabled

Compilation events (10 events):
Event: 1.813 Thread 0x0000000016d00000 1361       3       com.android.dx.ssa.SsaMethod::getCountReachableBlocks (44 bytes)
Event: 1.814 Thread 0x0000000016d00000 nmethod 1361 0x00000000026a9a10 code [0x00000000026a9be0, 0x00000000026aa478]
Event: 1.814 Thread 0x0000000016d00000 1362       3       com.android.dx.ssa.back.SsaToRop::convertBasicBlocks (151 bytes)
Event: 1.816 Thread 0x0000000016d00000 nmethod 1362 0x00000000026ad950 code [0x00000000026adc40, 0x00000000026af498]
Event: 1.816 Thread 0x0000000016d00000 1359       3       com.android.dx.dex.file.ValueEncoder::addContents (75 bytes)
Event: 1.817 Thread 0x0000000016d00000 nmethod 1359 0x00000000026a8890 code [0x00000000026a8a80, 0x00000000026a96a8]
Event: 1.817 Thread 0x0000000016d00000 1363       3       java.util.HashMap$HashIterator::<init> (79 bytes)
Event: 1.817 Thread 0x0000000016d00000 nmethod 1363 0x00000000026a8210 code [0x00000000026a8380, 0x00000000026a8710]
Event: 1.817 Thread 0x0000000016d00000 1360       3       com.android.dx.cf.direct.DirectClassFile::getSourceFile (31 bytes)
Event: 1.818 Thread 0x0000000016d00000 nmethod 1360 0x00000000026a7750 code [0x00000000026a7920, 0x00000000026a7f88]

GC Heap History (2 events):
Event: 1.531 GC heap before
{Heap before GC invocations=1 (full 0):
 PSYoungGen      total 38400K, used 33280K [0x00000000eab00000, 0x00000000ed580000, 0x0000000100000000)
  eden space 33280K, 100% used [0x00000000eab00000,0x00000000ecb80000,0x00000000ecb80000)
  from space 5120K, 0% used [0x00000000ed080000,0x00000000ed080000,0x00000000ed580000)
  to   space 5120K, 0% used [0x00000000ecb80000,0x00000000ecb80000,0x00000000ed080000)
 ParOldGen       total 87552K, used 0K [0x00000000c0000000, 0x00000000c5580000, 0x00000000eab00000)
  object space 87552K, 0% used [0x00000000c0000000,0x00000000c0000000,0x00000000c5580000)
 Metaspace       used 5869K, capacity 6832K, committed 7040K, reserved 1056768K
  class space    used 583K, capacity 616K, committed 640K, reserved 1048576K
Event: 1.719 GC heap after
Heap after GC invocations=1 (full 0):
 PSYoungGen      total 38400K, used 5102K [0x00000000eab00000, 0x00000000ed580000, 0x0000000100000000)
  eden space 33280K, 0% used [0x00000000eab00000,0x00000000eab00000,0x00000000ecb80000)
  from space 5120K, 99% used [0x00000000ecb80000,0x00000000ed07ba98,0x00000000ed080000)
  to   space 5120K, 0% used [0x00000000ed080000,0x00000000ed080000,0x00000000ed580000)
 ParOldGen       total 87552K, used 640K [0x00000000c0000000, 0x00000000c5580000, 0x00000000eab00000)
  object space 87552K, 0% used [0x00000000c0000000,0x00000000c00a00d0,0x00000000c5580000)
 Metaspace       used 5869K, capacity 6832K, committed 7040K, reserved 1056768K
  class space    used 583K, capacity 616K, committed 640K, reserved 1048576K
}

Deoptimization events (6 events):
Event: 1.401 Thread 0x0000000016f80800 Uncommon trap: reason=class_check action=maybe_recompile pc=0x00000000024439ec method=com.android.dx.ssa.NormalSsaInsn.accept(Lcom/android/dx/ssa/SsaInsn$Visitor;)V @ 9
Event: 1.401 Thread 0x0000000016f80800 Uncommon trap: reason=class_check action=maybe_recompile pc=0x0000000002412970 method=com.android.dx.ssa.NormalSsaInsn.accept(Lcom/android/dx/ssa/SsaInsn$Visitor;)V @ 9
Event: 1.401 Thread 0x0000000016f80800 Uncommon trap: reason=class_check action=maybe_recompile pc=0x0000000002412970 method=com.android.dx.ssa.NormalSsaInsn.accept(Lcom/android/dx/ssa/SsaInsn$Visitor;)V @ 9
Event: 1.401 Thread 0x0000000016f80800 Uncommon trap: reason=class_check action=maybe_recompile pc=0x0000000002412970 method=com.android.dx.ssa.NormalSsaInsn.accept(Lcom/android/dx/ssa/SsaInsn$Visitor;)V @ 9
Event: 1.457 Thread 0x0000000017078000 Uncommon trap: reason=class_check action=maybe_recompile pc=0x00000000024439ec method=com.android.dx.ssa.NormalSsaInsn.accept(Lcom/android/dx/ssa/SsaInsn$Visitor;)V @ 9
Event: 1.515 Thread 0x00000000178d3800 Uncommon trap: reason=unreached action=reinterpret pc=0x00000000025cb7fc method=com.android.dx.cf.code.BytecodeArray.parseInstruction(ILcom/android/dx/cf/code/BytecodeArray$Visitor;)I @ 1198

Internal exceptions (10 events):
Event: 1.299 Thread 0x0000000002000800 Exception <a 'java/security/PrivilegedActionException'> (0x00000000ec6685a0) thrown at [C:\workspace\8-2-build-windows-amd64-cygwin\jdk8u31\2394\hotspot\src\share\vm\prims\jvm.cpp, line 1312]
Event: 1.300 Thread 0x0000000002000800 Exception <a 'java/security/PrivilegedActionException'> (0x00000000ec672700) thrown at [C:\workspace\8-2-build-windows-amd64-cygwin\jdk8u31\2394\hotspot\src\share\vm\prims\jvm.cpp, line 1312]
Event: 1.324 Thread 0x0000000002000800 Exception <a 'java/security/PrivilegedActionException'> (0x00000000ec675230) thrown at [C:\workspace\8-2-build-windows-amd64-cygwin\jdk8u31\2394\hotspot\src\share\vm\prims\jvm.cpp, line 1312]
Event: 1.325 Thread 0x0000000002000800 Exception <a 'java/security/PrivilegedActionException'> (0x00000000ec678af0) thrown at [C:\workspace\8-2-build-windows-amd64-cygwin\jdk8u31\2394\hotspot\src\share\vm\prims\jvm.cpp, line 1312]
Event: 1.326 Thread 0x0000000002000800 Exception <a 'java/security/PrivilegedActionException'> (0x00000000ec67b398) thrown at [C:\workspace\8-2-build-windows-amd64-cygwin\jdk8u31\2394\hotspot\src\share\vm\prims\jvm.cpp, line 1312]
Event: 1.327 Thread 0x0000000002000800 Exception <a 'java/security/PrivilegedActionException'> (0x00000000ec683bd0) thrown at [C:\workspace\8-2-build-windows-amd64-cygwin\jdk8u31\2394\hotspot\src\share\vm\prims\jvm.cpp, line 1312]
Event: 1.486 Thread 0x0000000017069800 Exception <a 'java/security/PrivilegedActionException'> (0x00000000ec8dd040) thrown at [C:\workspace\8-2-build-windows-amd64-cygwin\jdk8u31\2394\hotspot\src\share\vm\prims\jvm.cpp, line 1312]
Event: 1.743 Thread 0x0000000002000800 Exception <a 'java/security/PrivilegedActionException'> (0x00000000eab0ab80) thrown at [C:\workspace\8-2-build-windows-amd64-cygwin\jdk8u31\2394\hotspot\src\share\vm\prims\jvm.cpp, line 1312]
Event: 1.743 Thread 0x0000000002000800 Exception <a 'java/security/PrivilegedActionException'> (0x00000000eab0d540) thrown at [C:\workspace\8-2-build-windows-amd64-cygwin\jdk8u31\2394\hotspot\src\share\vm\prims\jvm.cpp, line 1312]
Event: 1.765 Thread 0x0000000002000800 Exception <a 'java/security/PrivilegedActionException'> (0x00000000eae8eec0) thrown at [C:\workspace\8-2-build-windows-amd64-cygwin\jdk8u31\2394\hotspot\src\share\vm\prims\jvm.cpp, line 1312]

Events (10 events):
Event: 1.531 Executing VM operation: ParallelGCFailedAllocation
Event: 1.719 Executing VM operation: ParallelGCFailedAllocation done
Event: 1.743 loading class com/android/dx/cf/attrib/AttDeprecated
Event: 1.743 loading class com/android/dx/cf/attrib/AttDeprecated done
Event: 1.743 loading class com/android/dx/cf/attrib/AttRuntimeVisibleAnnotations
Event: 1.743 loading class com/android/dx/cf/attrib/AttRuntimeVisibleAnnotations done
Event: 1.749 Thread 0x0000000017078000 DEOPT PACKING pc=0x00000000025215f5 sp=0x000000001847eaf0
Event: 1.749 Thread 0x0000000017078000 DEOPT UNPACKING pc=0x00000000021c75bf sp=0x000000001847e8d0 mode 0
Event: 1.765 loading class com/android/dx/cf/attrib/AttConstantValue
Event: 1.765 loading class com/android/dx/cf/attrib/AttConstantValue done


Dynamic libraries:
0x00007ff644d20000 - 0x00007ff644d54000 	C:\Program Files\Java\jdk1.8.0_31\bin\java.exe
0x00007ffa88b20000 - 0x00007ffa88ccd000 	C:\WINDOWS\SYSTEM32\ntdll.dll
0x00007ffa87f00000 - 0x00007ffa8803e000 	C:\WINDOWS\system32\KERNEL32.DLL
0x00007ffa85d10000 - 0x00007ffa85e25000 	C:\WINDOWS\system32\KERNELBASE.dll
0x00007ffa847e0000 - 0x00007ffa8486e000 	C:\WINDOWS\system32\apphelp.dll
0x00007ffa6e1c0000 - 0x00007ffa6e213000 	C:\WINDOWS\AppPatch\AppPatch64\AcGenral.DLL
0x00007ffa88640000 - 0x00007ffa886ea000 	C:\WINDOWS\system32\msvcrt.dll
0x00007ffa86170000 - 0x00007ffa8619e000 	C:\WINDOWS\system32\SspiCli.dll
0x00007ffa88040000 - 0x00007ffa88094000 	C:\WINDOWS\system32\SHLWAPI.dll
0x00007ffa88260000 - 0x00007ffa883d7000 	C:\WINDOWS\system32\USER32.dll
0x00007ffa864a0000 - 0x00007ffa86634000 	C:\WINDOWS\system32\ole32.dll
0x00007ffa86860000 - 0x00007ffa87d88000 	C:\WINDOWS\system32\SHELL32.dll
0x00007ffa85670000 - 0x00007ffa85691000 	C:\WINDOWS\SYSTEM32\USERENV.dll
0x00007ffa88590000 - 0x00007ffa8863a000 	C:\WINDOWS\system32\ADVAPI32.dll
0x00007ffa7fce0000 - 0x00007ffa7fcfe000 	C:\WINDOWS\SYSTEM32\MPR.dll
0x00007ffa88450000 - 0x00007ffa88590000 	C:\WINDOWS\system32\RPCRT4.dll
0x00007ffa86650000 - 0x00007ffa866a9000 	C:\WINDOWS\SYSTEM32\sechost.dll
0x00007ffa861c0000 - 0x00007ffa863d1000 	C:\WINDOWS\SYSTEM32\combase.dll
0x00007ffa86710000 - 0x00007ffa8685f000 	C:\WINDOWS\system32\GDI32.dll
0x00007ffa85c40000 - 0x00007ffa85c55000 	C:\WINDOWS\SYSTEM32\profapi.dll
0x00007ffa841b0000 - 0x00007ffa84262000 	C:\WINDOWS\SYSTEM32\SHCORE.dll
0x00007ffa87e50000 - 0x00007ffa87e86000 	C:\WINDOWS\system32\IMM32.DLL
0x00007ffa887e0000 - 0x00007ffa88932000 	C:\WINDOWS\system32\MSCTF.dll
0x00007ffa83d30000 - 0x00007ffa83fab000 	C:\WINDOWS\WinSxS\amd64_microsoft.windows.common-controls_6595b64144ccf1df_6.0.9600.18006_none_623f33d3ecbe86e8\COMCTL32.dll
0x000000005ab30000 - 0x000000005ac02000 	C:\Program Files\Java\jdk1.8.0_31\jre\bin\msvcr100.dll
0x0000000059450000 - 0x0000000059caa000 	C:\Program Files\Java\jdk1.8.0_31\jre\bin\server\jvm.dll
0x00007ffa7c230000 - 0x00007ffa7c239000 	C:\WINDOWS\SYSTEM32\WSOCK32.dll
0x00007ffa819d0000 - 0x00007ffa819f2000 	C:\WINDOWS\SYSTEM32\WINMM.dll
0x00007ffa861a0000 - 0x00007ffa861a7000 	C:\WINDOWS\system32\PSAPI.DLL
0x00007ffa866b0000 - 0x00007ffa8670a000 	C:\WINDOWS\system32\WS2_32.dll
0x00007ffa81670000 - 0x00007ffa8169a000 	C:\WINDOWS\SYSTEM32\WINMMBASE.dll
0x00007ffa87ef0000 - 0x00007ffa87ef9000 	C:\WINDOWS\system32\NSI.dll
0x00007ffa860c0000 - 0x00007ffa8610f000 	C:\WINDOWS\SYSTEM32\cfgmgr32.dll
0x00007ffa84a50000 - 0x00007ffa84a78000 	C:\WINDOWS\SYSTEM32\DEVOBJ.dll
0x000000005ab20000 - 0x000000005ab2f000 	C:\Program Files\Java\jdk1.8.0_31\jre\bin\verify.dll
0x000000005aaf0000 - 0x000000005ab18000 	C:\Program Files\Java\jdk1.8.0_31\jre\bin\java.dll
0x000000005aad0000 - 0x000000005aae6000 	C:\Program Files\Java\jdk1.8.0_31\jre\bin\zip.dll

VM Arguments:
jvm_args: -Djava.awt.headless=true -Xmx1024M -Dfile.encoding=windows-1252 -Duser.country=CA -Duser.language=en -Duser.variant 
java_command: com.android.dx.command.Main --dex --force-jumbo --num-threads=4 --multi-dex --output C:\Users\Saketh\Desktop\Honours Project\Marked\app\build\intermediates\transforms\dex\debug\folders\1000\10\com.google.android.gms-play-services-wallet-10.2.1_4adbb8e03123282c909d1bfb6c008fa0af5da7ff C:\Users\Saketh\Desktop\Honours Project\Marked\app\build\intermediates\exploded-aar\com.google.android.gms\play-services-wallet\10.2.1\jars\classes.jar
java_class_path (initial): C:\Users\Saketh\Desktop\New folder\adt-bundle-windows-x86_64-20130522\sdk\build-tools\25.0.0\lib\dx.jar
Launcher Type: SUN_STANDARD

Environment Variables:
PATH=C:\ProgramData\Oracle\Java\javapath;C:\Program Files (x86)\NVIDIA Corporation\PhysX\Common;C:\Program Files (x86)\Intel\iCLS Client\;C:\Program Files\Intel\iCLS Client\;C:\WINDOWS\system32;C:\WINDOWS;C:\WINDOWS\System32\Wbem;C:\WINDOWS\System32\WindowsPowerShell\v1.0\;C:\Program Files\Intel\Intel(R) Management Engine Components\DAL;C:\Program Files\Intel\Intel(R) Management Engine Components\IPT;C:\Program Files (x86)\Intel\Intel(R) Management Engine Components\DAL;C:\Program Files (x86)\Intel\Intel(R) Management Engine Components\IPT;C:\Program Files\Microsoft\Web Platform Installer\;C:\Program Files\Intel\WiFi\bin\;C:\Program Files\Common Files\Intel\WirelessCommon\;C:\Program Files (x86)\MiKTeX 2.9\miktex\bin\;C:\Program Files (x86)\Skype\Phone\;C:\Program Files\TortoiseGit\bin
USERNAME=Saketh
OS=Windows_NT
PROCESSOR_IDENTIFIER=Intel64 Family 6 Model 58 Stepping 9, GenuineIntel



---------------  S Y S T E M  ---------------

OS: Windows 8.1 , 64 bit Build 9600 

CPU:total 8 (4 cores per cpu, 2 threads per core) family 6 model 58 stepping 9, cmov, cx8, fxsr, mmx, sse, sse2, sse3, ssse3, sse4.1, sse4.2, popcnt, avx, aes, clmul, erms, ht, tsc, tscinvbit, tscinv

Memory: 4k page, physical 8334620k(1071000k free), swap 11480348k(5064k free)

vm_info: Java HotSpot(TM) 64-Bit Server VM (25.31-b07) for windows-amd64 JRE (1.8.0_31-b13), built on Dec 17 2014 21:00:28 by "java_re" with MS VC++ 10.0 (VS2010)

time: Mon May 01 19:05:23 2017
elapsed time: 1 seconds (0d 0h 0m 1s)

