#
# There is insufficient memory for the Java Runtime Environment to continue.
# Native memory allocation (malloc) failed to allocate 440176 bytes for Chunk::new
# Possible reasons:
#   The system is out of physical RAM or swap space
#   In 32 bit mode, the process size limit was hit
# Possible solutions:
#   Reduce memory load on the system
#   Increase physical memory or swap space
#   Check if swap backing store is full
#   Use 64 bit Java on a 64 bit OS
#   Decrease Java heap size (-Xmx/-Xms)
#   Decrease number of Java threads
#   Decrease Java thread stack sizes (-Xss)
#   Set larger code cache with -XX:ReservedCodeCacheSize=
# This output file may be truncated or incomplete.
#
#  Out of Memory Error (allocation.cpp:390), pid=13104, tid=1576
#
# JRE version: Java(TM) SE Runtime Environment (8.0_31-b13) (build 1.8.0_31-b13)
# Java VM: Java HotSpot(TM) 64-Bit Server VM (25.31-b07 mixed mode windows-amd64 compressed oops)
# Failed to write core dump. Minidumps are not enabled by default on client versions of Windows
#

---------------  T H R E A D  ---------------

Current thread (0x00000000174f9000):  JavaThread "C2 CompilerThread1" daemon [_thread_in_native, id=1576, stack(0x0000000017bd0000,0x0000000017cd0000)]

Stack: [0x0000000017bd0000,0x0000000017cd0000]
Native frames: (J=compiled Java code, j=interpreted, Vv=VM code, C=native code)
V  [jvm.dll+0x3169ba]


Current CompileTask:
C2:    812  860       4       com.android.dx.ssa.back.LivenessAnalyzer::handleTailRecursion (94 bytes)


---------------  P R O C E S S  ---------------

Java Threads: ( => current thread )
  0x0000000018120000 JavaThread "pool-2-thread-4" [_thread_blocked, id=12232, stack(0x0000000018cd0000,0x0000000018dd0000)]
  0x000000001811f000 JavaThread "pool-2-thread-3" [_thread_in_Java, id=7424, stack(0x0000000018bd0000,0x0000000018cd0000)]
  0x00000000178c8800 JavaThread "pool-2-thread-2" [_thread_in_Java, id=13064, stack(0x0000000018ad0000,0x0000000018bd0000)]
  0x00000000178c4000 JavaThread "pool-3-thread-1" [_thread_blocked, id=10012, stack(0x00000000189d0000,0x0000000018ad0000)]
  0x00000000177ea000 JavaThread "pool-2-thread-1" [_thread_in_vm, id=11220, stack(0x00000000188d0000,0x00000000189d0000)]
  0x0000000017598000 JavaThread "Service Thread" daemon [_thread_blocked, id=14140, stack(0x0000000017ed0000,0x0000000017fd0000)]
  0x000000001753a800 JavaThread "C1 CompilerThread3" daemon [_thread_in_native, id=15584, stack(0x0000000017dd0000,0x0000000017ed0000)]
  0x0000000017517800 JavaThread "C2 CompilerThread2" daemon [_thread_blocked, id=10912, stack(0x0000000017cd0000,0x0000000017dd0000)]
=>0x00000000174f9000 JavaThread "C2 CompilerThread1" daemon [_thread_in_native, id=1576, stack(0x0000000017bd0000,0x0000000017cd0000)]
  0x00000000174f7000 JavaThread "C2 CompilerThread0" daemon [_thread_blocked, id=9172, stack(0x0000000017ad0000,0x0000000017bd0000)]
  0x00000000174f5000 JavaThread "Attach Listener" daemon [_thread_blocked, id=9500, stack(0x00000000179d0000,0x0000000017ad0000)]
  0x00000000174f4800 JavaThread "Signal Dispatcher" daemon [_thread_blocked, id=14064, stack(0x00000000178d0000,0x00000000179d0000)]
  0x0000000001577800 JavaThread "Finalizer" daemon [_thread_blocked, id=14256, stack(0x00000000173d0000,0x00000000174d0000)]
  0x0000000001571000 JavaThread "Reference Handler" daemon [_thread_blocked, id=10936, stack(0x00000000172d0000,0x00000000173d0000)]
  0x0000000001480800 JavaThread "main" [_thread_in_Java, id=12444, stack(0x0000000001320000,0x0000000001420000)]

Other Threads:
  0x00000000154e8800 VMThread [stack: 0x00000000171d0000,0x00000000172d0000] [id=9224]
  0x000000001759a000 WatcherThread [stack: 0x0000000017fd0000,0x00000000180d0000] [id=11372]

VM state:not at safepoint (normal execution)

VM Mutex/Monitor currently owned by a thread: None

Heap:
 PSYoungGen      total 38400K, used 23350K [0x00000000eab00000, 0x00000000ed580000, 0x0000000100000000)
  eden space 33280K, 70% used [0x00000000eab00000,0x00000000ec1cd938,0x00000000ecb80000)
  from space 5120K, 0% used [0x00000000ed080000,0x00000000ed080000,0x00000000ed580000)
  to   space 5120K, 0% used [0x00000000ecb80000,0x00000000ecb80000,0x00000000ed080000)
 ParOldGen       total 87552K, used 0K [0x00000000c0000000, 0x00000000c5580000, 0x00000000eab00000)
  object space 87552K, 0% used [0x00000000c0000000,0x00000000c0000000,0x00000000c5580000)
 Metaspace       used 5759K, capacity 6768K, committed 7040K, reserved 1056768K
  class space    used 589K, capacity 616K, committed 640K, reserved 1048576K

Card table byte_map: [0x0000000001940000,0x0000000001b50000] byte_map_base: 0x0000000001340000

Marking Bits: (ParMarkBitMap*) 0x0000000059b2d4f0
 Begin Bits: [0x0000000012900000, 0x0000000013900000)
 End Bits:   [0x0000000013900000, 0x0000000014900000)

Polling page: 0x0000000001280000

CodeCache: size=245760Kb used=3375Kb max_used=3375Kb free=242384Kb
 bounds [0x0000000003400000, 0x0000000003750000, 0x0000000012400000]
 total_blobs=1128 nmethods=865 adapters=177
 compilation: enabled

Compilation events (10 events):
Event: 0.797 Thread 0x000000001753a800 nmethod 872 0x0000000003741050 code [0x00000000037411a0, 0x00000000037412b0]
Event: 0.797 Thread 0x000000001753a800  855       3       com.android.dx.ssa.SsaMethod::returnSpareRegisters (6 bytes)
Event: 0.797 Thread 0x000000001753a800 nmethod 855 0x0000000003740d10 code [0x0000000003740e60, 0x0000000003740fb0]
Event: 0.797 Thread 0x000000001753a800  867       3       com.android.dx.rop.type.StdTypeList::<init> (6 bytes)
Event: 0.797 Thread 0x000000001753a800 nmethod 867 0x0000000003740990 code [0x0000000003740b00, 0x0000000003740c88]
Event: 0.797 Thread 0x000000001753a800  873       3       com.android.dx.util.IntList::makeImmutable (20 bytes)
Event: 0.798 Thread 0x000000001753a800 nmethod 873 0x0000000003740390 code [0x0000000003740500, 0x0000000003740878]
Event: 0.798 Thread 0x000000001753a800  858       1       com.android.dx.cf.code.ByteCatchList$Item::getHandlerPc (5 bytes)
Event: 0.798 Thread 0x000000001753a800 nmethod 858 0x00000000037400d0 code [0x0000000003740220, 0x0000000003740330]
Event: 0.798 Thread 0x000000001753a800  874       3       com.android.dx.cf.code.Merger::isPossiblyAssignableFrom (202 bytes)

GC Heap History (0 events):
No events

Deoptimization events (0 events):
No events

Internal exceptions (10 events):
Event: 0.606 Thread 0x000000001811f000 Exception <a 'java/security/PrivilegedActionException'> (0x00000000eb5fedf0) thrown at [C:\workspace\8-2-build-windows-amd64-cygwin\jdk8u31\2394\hotspot\src\share\vm\prims\jvm.cpp, line 1312]
Event: 0.611 Thread 0x000000001811f000 Exception <a 'java/security/PrivilegedActionException'> (0x00000000eb604ad0) thrown at [C:\workspace\8-2-build-windows-amd64-cygwin\jdk8u31\2394\hotspot\src\share\vm\prims\jvm.cpp, line 1312]
Event: 0.612 Thread 0x000000001811f000 Exception <a 'java/security/PrivilegedActionException'> (0x00000000eb60a500) thrown at [C:\workspace\8-2-build-windows-amd64-cygwin\jdk8u31\2394\hotspot\src\share\vm\prims\jvm.cpp, line 1312]
Event: 0.612 Thread 0x00000000178c8800 Exception <a 'java/security/PrivilegedActionException'> (0x00000000eba84888) thrown at [C:\workspace\8-2-build-windows-amd64-cygwin\jdk8u31\2394\hotspot\src\share\vm\prims\jvm.cpp, line 1312]
Event: 0.628 Thread 0x0000000001480800 Exception <a 'java/security/PrivilegedActionException'> (0x00000000ebb18f70) thrown at [C:\workspace\8-2-build-windows-amd64-cygwin\jdk8u31\2394\hotspot\src\share\vm\prims\jvm.cpp, line 1312]
Event: 0.633 Thread 0x0000000001480800 Exception <a 'java/security/PrivilegedActionException'> (0x00000000ebb22ea0) thrown at [C:\workspace\8-2-build-windows-amd64-cygwin\jdk8u31\2394\hotspot\src\share\vm\prims\jvm.cpp, line 1312]
Event: 0.634 Thread 0x0000000001480800 Exception <a 'java/security/PrivilegedActionException'> (0x00000000ebb25c20) thrown at [C:\workspace\8-2-build-windows-amd64-cygwin\jdk8u31\2394\hotspot\src\share\vm\prims\jvm.cpp, line 1312]
Event: 0.659 Thread 0x00000000177ea000 Exception <a 'java/security/PrivilegedActionException'> (0x00000000eb8fbe60) thrown at [C:\workspace\8-2-build-windows-amd64-cygwin\jdk8u31\2394\hotspot\src\share\vm\prims\jvm.cpp, line 1312]
Event: 0.667 Thread 0x0000000001480800 Exception <a 'java/security/PrivilegedActionException'> (0x00000000ebcc4398) thrown at [C:\workspace\8-2-build-windows-amd64-cygwin\jdk8u31\2394\hotspot\src\share\vm\prims\jvm.cpp, line 1312]
Event: 0.720 Thread 0x000000001811f000 Exception <a 'java/security/PrivilegedActionException'> (0x00000000ebbeb5f8) thrown at [C:\workspace\8-2-build-windows-amd64-cygwin\jdk8u31\2394\hotspot\src\share\vm\prims\jvm.cpp, line 1312]

Events (10 events):
Event: 0.666 loading class com/android/dx/cf/code/Ropper$ExceptionHandlerSetup
Event: 0.666 loading class com/android/dx/cf/code/Ropper$ExceptionHandlerSetup done
Event: 0.668 loading class java/util/HashMap$Values
Event: 0.668 loading class java/util/HashMap$Values done
Event: 0.668 loading class java/util/HashMap$ValueIterator
Event: 0.668 loading class java/util/HashMap$ValueIterator done
Event: 0.702 Executing VM operation: ForceSafepoint
Event: 0.704 Executing VM operation: ForceSafepoint done
Event: 0.720 loading class com/android/dx/rop/code/RegOps
Event: 0.720 loading class com/android/dx/rop/code/RegOps done


Dynamic libraries:
0x00007ff722c50000 - 0x00007ff722c84000 	C:\Program Files\Java\jdk1.8.0_31\bin\java.exe
0x00007ffa88b20000 - 0x00007ffa88ccd000 	C:\WINDOWS\SYSTEM32\ntdll.dll
0x00007ffa87f00000 - 0x00007ffa8803e000 	C:\WINDOWS\system32\KERNEL32.DLL
0x00007ffa85d10000 - 0x00007ffa85e25000 	C:\WINDOWS\system32\KERNELBASE.dll
0x00007ffa847e0000 - 0x00007ffa8486e000 	C:\WINDOWS\system32\apphelp.dll
0x00007ffa6b190000 - 0x00007ffa6b1e3000 	C:\WINDOWS\AppPatch\AppPatch64\AcGenral.DLL
0x00007ffa88640000 - 0x00007ffa886ea000 	C:\WINDOWS\system32\msvcrt.dll
0x00007ffa86170000 - 0x00007ffa8619e000 	C:\WINDOWS\system32\SspiCli.dll
0x00007ffa88040000 - 0x00007ffa88094000 	C:\WINDOWS\system32\SHLWAPI.dll
0x00007ffa88260000 - 0x00007ffa883d7000 	C:\WINDOWS\system32\USER32.dll
0x00007ffa864a0000 - 0x00007ffa86634000 	C:\WINDOWS\system32\ole32.dll
0x00007ffa86860000 - 0x00007ffa87d88000 	C:\WINDOWS\system32\SHELL32.dll
0x00007ffa85670000 - 0x00007ffa85691000 	C:\WINDOWS\SYSTEM32\USERENV.dll
0x00007ffa88590000 - 0x00007ffa8863a000 	C:\WINDOWS\system32\ADVAPI32.dll
0x00007ffa7fce0000 - 0x00007ffa7fcfe000 	C:\WINDOWS\SYSTEM32\MPR.dll
0x00007ffa88450000 - 0x00007ffa88590000 	C:\WINDOWS\system32\RPCRT4.dll
0x00007ffa86650000 - 0x00007ffa866a9000 	C:\WINDOWS\SYSTEM32\sechost.dll
0x00007ffa861c0000 - 0x00007ffa863d1000 	C:\WINDOWS\SYSTEM32\combase.dll
0x00007ffa86710000 - 0x00007ffa8685f000 	C:\WINDOWS\system32\GDI32.dll
0x00007ffa85c40000 - 0x00007ffa85c55000 	C:\WINDOWS\SYSTEM32\profapi.dll
0x00007ffa841b0000 - 0x00007ffa84262000 	C:\WINDOWS\SYSTEM32\SHCORE.dll
0x00007ffa87e50000 - 0x00007ffa87e86000 	C:\WINDOWS\system32\IMM32.DLL
0x00007ffa887e0000 - 0x00007ffa88932000 	C:\WINDOWS\system32\MSCTF.dll
0x00007ffa83d30000 - 0x00007ffa83fab000 	C:\WINDOWS\WinSxS\amd64_microsoft.windows.common-controls_6595b64144ccf1df_6.0.9600.18006_none_623f33d3ecbe86e8\COMCTL32.dll
0x0000000059bb0000 - 0x0000000059c82000 	C:\Program Files\Java\jdk1.8.0_31\jre\bin\msvcr100.dll
0x0000000059350000 - 0x0000000059baa000 	C:\Program Files\Java\jdk1.8.0_31\jre\bin\server\jvm.dll
0x00007ffa7c230000 - 0x00007ffa7c239000 	C:\WINDOWS\SYSTEM32\WSOCK32.dll
0x00007ffa819d0000 - 0x00007ffa819f2000 	C:\WINDOWS\SYSTEM32\WINMM.dll
0x00007ffa861a0000 - 0x00007ffa861a7000 	C:\WINDOWS\system32\PSAPI.DLL
0x00007ffa866b0000 - 0x00007ffa8670a000 	C:\WINDOWS\system32\WS2_32.dll
0x00007ffa81670000 - 0x00007ffa8169a000 	C:\WINDOWS\SYSTEM32\WINMMBASE.dll
0x00007ffa87ef0000 - 0x00007ffa87ef9000 	C:\WINDOWS\system32\NSI.dll
0x00007ffa860c0000 - 0x00007ffa8610f000 	C:\WINDOWS\SYSTEM32\cfgmgr32.dll
0x00007ffa84a50000 - 0x00007ffa84a78000 	C:\WINDOWS\SYSTEM32\DEVOBJ.dll
0x0000000059340000 - 0x000000005934f000 	C:\Program Files\Java\jdk1.8.0_31\jre\bin\verify.dll
0x0000000059310000 - 0x0000000059338000 	C:\Program Files\Java\jdk1.8.0_31\jre\bin\java.dll
0x00000000592f0000 - 0x0000000059306000 	C:\Program Files\Java\jdk1.8.0_31\jre\bin\zip.dll
0x00007ffa80710000 - 0x00007ffa80899000 	C:\WINDOWS\SYSTEM32\dbghelp.dll

VM Arguments:
jvm_args: -Djava.awt.headless=true -Xmx1024M -Dfile.encoding=windows-1252 -Duser.country=CA -Duser.language=en -Duser.variant 
java_command: com.android.dx.command.Main --dex --force-jumbo --num-threads=4 --multi-dex --output C:\Users\Saketh\Desktop\Honours Project\Marked\app\build\intermediates\transforms\dex\debug\folders\1000\10\com.google.android.gms-play-services-base-10.2.1_7b2c2338a71ea1528ca1aeeec532839beb986afe C:\Users\Saketh\Desktop\Honours Project\Marked\app\build\intermediates\exploded-aar\com.google.android.gms\play-services-base\10.2.1\jars\classes.jar
java_class_path (initial): C:\Users\Saketh\Desktop\New folder\adt-bundle-windows-x86_64-20130522\sdk\build-tools\25.0.0\lib\dx.jar
Launcher Type: SUN_STANDARD

Environment Variables:
PATH=C:\ProgramData\Oracle\Java\javapath;C:\Program Files (x86)\NVIDIA Corporation\PhysX\Common;C:\Program Files (x86)\Intel\iCLS Client\;C:\Program Files\Intel\iCLS Client\;C:\WINDOWS\system32;C:\WINDOWS;C:\WINDOWS\System32\Wbem;C:\WINDOWS\System32\WindowsPowerShell\v1.0\;C:\Program Files\Intel\Intel(R) Management Engine Components\DAL;C:\Program Files\Intel\Intel(R) Management Engine Components\IPT;C:\Program Files (x86)\Intel\Intel(R) Management Engine Components\DAL;C:\Program Files (x86)\Intel\Intel(R) Management Engine Components\IPT;C:\Program Files\Microsoft\Web Platform Installer\;C:\Program Files\Intel\WiFi\bin\;C:\Program Files\Common Files\Intel\WirelessCommon\;C:\Program Files (x86)\MiKTeX 2.9\miktex\bin\;C:\Program Files (x86)\Skype\Phone\;C:\Program Files\TortoiseGit\bin
USERNAME=Saketh
OS=Windows_NT
PROCESSOR_IDENTIFIER=Intel64 Family 6 Model 58 Stepping 9, GenuineIntel



---------------  S Y S T E M  ---------------

OS: Windows 8.1 , 64 bit Build 9600 

CPU:total 8 (4 cores per cpu, 2 threads per core) family 6 model 58 stepping 9, cmov, cx8, fxsr, mmx, sse, sse2, sse3, ssse3, sse4.1, sse4.2, popcnt, avx, aes, clmul, erms, ht, tsc, tscinvbit, tscinv

Memory: 4k page, physical 8334620k(967472k free), swap 11480348k(5108k free)

vm_info: Java HotSpot(TM) 64-Bit Server VM (25.31-b07) for windows-amd64 JRE (1.8.0_31-b13), built on Dec 17 2014 21:00:28 by "java_re" with MS VC++ 10.0 (VS2010)

time: Mon May 08 02:43:10 2017
elapsed time: 0 seconds (0d 0h 0m 0s)

