#
# There is insufficient memory for the Java Runtime Environment to continue.
# Native memory allocation (malloc) failed to allocate 1618736 bytes for Chunk::new
# Possible reasons:
#   The system is out of physical RAM or swap space
#   In 32 bit mode, the process size limit was hit
# Possible solutions:
#   Reduce memory load on the system
#   Increase physical memory or swap space
#   Check if swap backing store is full
#   Use 64 bit Java on a 64 bit OS
#   Decrease Java heap size (-Xmx/-Xms)
#   Decrease number of Java threads
#   Decrease Java thread stack sizes (-Xss)
#   Set larger code cache with -XX:ReservedCodeCacheSize=
# This output file may be truncated or incomplete.
#
#  Out of Memory Error (allocation.cpp:390), pid=8836, tid=4540
#
# JRE version: Java(TM) SE Runtime Environment (8.0_31-b13) (build 1.8.0_31-b13)
# Java VM: Java HotSpot(TM) 64-Bit Server VM (25.31-b07 mixed mode windows-amd64 compressed oops)
# Failed to write core dump. Minidumps are not enabled by default on client versions of Windows
#

---------------  T H R E A D  ---------------

Current thread (0x0000000016df5000):  JavaThread "C2 CompilerThread2" daemon [_thread_in_native, id=4540, stack(0x00000000175c0000,0x00000000176c0000)]

Stack: [0x00000000175c0000,0x00000000176c0000]
Native frames: (J=compiled Java code, j=interpreted, Vv=VM code, C=native code)
V  [jvm.dll+0x3169ba]


Current CompileTask:
C2:   8608 1289   !   4       com.android.dx.cf.code.BytecodeArray::parseInstruction (2764 bytes)


---------------  P R O C E S S  ---------------

Java Threads: ( => current thread )
  0x0000000017189000 JavaThread "pool-2-thread-4" [_thread_blocked, id=5912, stack(0x00000000185c0000,0x00000000186c0000)]
  0x000000001717d000 JavaThread "pool-2-thread-3" [_thread_blocked, id=8532, stack(0x00000000184c0000,0x00000000185c0000)]
  0x00000000179d1800 JavaThread "pool-2-thread-2" [_thread_blocked, id=6824, stack(0x00000000183c0000,0x00000000184c0000)]
  0x0000000017169800 JavaThread "pool-3-thread-1" [_thread_blocked, id=10596, stack(0x00000000182c0000,0x00000000183c0000)]
  0x0000000017169000 JavaThread "pool-2-thread-1" [_thread_blocked, id=7688, stack(0x00000000181c0000,0x00000000182c0000)]
  0x0000000016e8a000 JavaThread "Service Thread" daemon [_thread_blocked, id=9008, stack(0x00000000177c0000,0x00000000178c0000)]
  0x0000000016e07800 JavaThread "C1 CompilerThread3" daemon [_thread_blocked, id=10420, stack(0x00000000176c0000,0x00000000177c0000)]
=>0x0000000016df5000 JavaThread "C2 CompilerThread2" daemon [_thread_in_native, id=4540, stack(0x00000000175c0000,0x00000000176c0000)]
  0x0000000016dec800 JavaThread "C2 CompilerThread1" daemon [_thread_in_native, id=9840, stack(0x00000000174c0000,0x00000000175c0000)]
  0x0000000016de7800 JavaThread "C2 CompilerThread0" daemon [_thread_in_native, id=4212, stack(0x00000000173c0000,0x00000000174c0000)]
  0x0000000016de5800 JavaThread "Attach Listener" daemon [_thread_blocked, id=2452, stack(0x00000000172c0000,0x00000000173c0000)]
  0x0000000016de4800 JavaThread "Signal Dispatcher" daemon [_thread_blocked, id=5676, stack(0x00000000171c0000,0x00000000172c0000)]
  0x00000000022c8800 JavaThread "Finalizer" daemon [_thread_blocked, id=5892, stack(0x0000000016cc0000,0x0000000016dc0000)]
  0x0000000014dec000 JavaThread "Reference Handler" daemon [_thread_blocked, id=6016, stack(0x0000000016bc0000,0x0000000016cc0000)]
  0x00000000021d0800 JavaThread "main" [_thread_blocked, id=8220, stack(0x0000000002000000,0x0000000002100000)]

Other Threads:
  0x0000000014de8000 VMThread [stack: 0x0000000016ac0000,0x0000000016bc0000] [id=10124]
  0x0000000016e8c000 WatcherThread [stack: 0x00000000178c0000,0x00000000179c0000] [id=8944]

VM state:at safepoint (normal execution)

VM Mutex/Monitor currently owned by a thread:  ([mutex/lock_event])
[0x00000000021cc100] Threads_lock - owner thread: 0x0000000014de8000
[0x00000000021cca00] Heap_lock - owner thread: 0x00000000021d0800

Heap:
 PSYoungGen      total 38400K, used 5114K [0x00000000eab00000, 0x00000000ed580000, 0x0000000100000000)
  eden space 33280K, 0% used [0x00000000eab00000,0x00000000eab00000,0x00000000ecb80000)
  from space 5120K, 99% used [0x00000000ed080000,0x00000000ed57eac8,0x00000000ed580000)
  to   space 5120K, 0% used [0x00000000ecb80000,0x00000000ecb80000,0x00000000ed080000)
 ParOldGen       total 87552K, used 3926K [0x00000000c0000000, 0x00000000c5580000, 0x00000000eab00000)
  object space 87552K, 4% used [0x00000000c0000000,0x00000000c03d5b88,0x00000000c5580000)
 Metaspace       used 6050K, capacity 6960K, committed 7040K, reserved 1060864K
  class space    used 591K, capacity 616K, committed 640K, reserved 1048576K

Card table byte_map: [0x0000000011690000,0x00000000118a0000] byte_map_base: 0x0000000011090000

Marking Bits: (ParMarkBitMap*) 0x000000005540d4f0
 Begin Bits: [0x0000000012200000, 0x0000000013200000)
 End Bits:   [0x0000000013200000, 0x0000000014200000)

Polling page: 0x0000000001f00000

CodeCache: size=245760Kb used=5519Kb max_used=5519Kb free=240240Kb
 bounds [0x00000000022d0000, 0x0000000002840000, 0x00000000112d0000]
 total_blobs=1644 nmethods=1378 adapters=179
 compilation: disabled (not enough contiguous free space left)

Compilation events (10 events):
Event: 7.965 Thread 0x0000000016e07800 1364       3       com.android.dx.ssa.DomFront::buildDomTree (72 bytes)
Event: 7.967 Thread 0x0000000016e07800 nmethod 1364 0x0000000002815150 code [0x00000000028153a0, 0x00000000028161c8]
Event: 7.967 Thread 0x0000000016e07800 1366       3       com.android.dx.util.LabeledList::rebuildLabelToIndex (46 bytes)
Event: 7.967 Thread 0x0000000016e07800 nmethod 1366 0x0000000002816c10 code [0x0000000002816dc0, 0x0000000002817448]
Event: 7.967 Thread 0x0000000016e07800 1369       3       com.android.dx.dex.code.RopTranslator::outputInstructions (69 bytes)
Event: 7.968 Thread 0x0000000016e07800 nmethod 1369 0x0000000002817650 code [0x00000000028177e0, 0x0000000002817c38]
Event: 7.968 Thread 0x0000000016e07800 1371       3       com.android.dx.rop.code.RegisterSpecList::make (17 bytes)
Event: 7.969 Thread 0x0000000016e07800 nmethod 1371 0x0000000002817e10 code [0x0000000002817fe0, 0x0000000002818868]
Event: 7.969 Thread 0x0000000016e07800 1370       1       com.android.dx.rop.code.SourcePosition::getLine (5 bytes)
Event: 7.969 Thread 0x0000000016e07800 nmethod 1370 0x0000000002818e10 code [0x0000000002818f60, 0x0000000002819070]

GC Heap History (2 events):
Event: 7.427 GC heap before
{Heap before GC invocations=1 (full 0):
 PSYoungGen      total 38400K, used 33280K [0x00000000eab00000, 0x00000000ed580000, 0x0000000100000000)
  eden space 33280K, 100% used [0x00000000eab00000,0x00000000ecb80000,0x00000000ecb80000)
  from space 5120K, 0% used [0x00000000ed080000,0x00000000ed080000,0x00000000ed580000)
  to   space 5120K, 0% used [0x00000000ecb80000,0x00000000ecb80000,0x00000000ed080000)
 ParOldGen       total 87552K, used 0K [0x00000000c0000000, 0x00000000c5580000, 0x00000000eab00000)
  object space 87552K, 0% used [0x00000000c0000000,0x00000000c0000000,0x00000000c5580000)
 Metaspace       used 5952K, capacity 6896K, committed 7040K, reserved 1056768K
  class space    used 590K, capacity 616K, committed 640K, reserved 1048576K
Event: 7.662 GC heap after
Heap after GC invocations=1 (full 0):
 PSYoungGen      total 38400K, used 5109K [0x00000000eab00000, 0x00000000ed580000, 0x0000000100000000)
  eden space 33280K, 0% used [0x00000000eab00000,0x00000000eab00000,0x00000000ecb80000)
  from space 5120K, 99% used [0x00000000ecb80000,0x00000000ed07d630,0x00000000ed080000)
  to   space 5120K, 0% used [0x00000000ed080000,0x00000000ed080000,0x00000000ed580000)
 ParOldGen       total 87552K, used 1402K [0x00000000c0000000, 0x00000000c5580000, 0x00000000eab00000)
  object space 87552K, 1% used [0x00000000c0000000,0x00000000c015e908,0x00000000c5580000)
 Metaspace       used 5952K, capacity 6896K, committed 7040K, reserved 1056768K
  class space    used 590K, capacity 616K, committed 640K, reserved 1048576K
}

Deoptimization events (8 events):
Event: 7.038 Thread 0x000000001717d000 Uncommon trap: reason=unreached action=reinterpret pc=0x00000000026b84f0 method=com.android.dx.ssa.SsaMethod.onSourcesChanged(Lcom/android/dx/ssa/SsaInsn;Lcom/android/dx/rop/code/RegisterSpecList;)V @ 4
Event: 7.279 Thread 0x0000000017169000 Uncommon trap: reason=class_check action=maybe_recompile pc=0x000000000253e7d8 method=com.android.dx.rop.type.Type.equals(Ljava/lang/Object;)Z @ 8
Event: 7.746 Thread 0x0000000017189000 Uncommon trap: reason=class_check action=maybe_recompile pc=0x0000000002768b6c method=com.android.dx.ssa.NormalSsaInsn.accept(Lcom/android/dx/ssa/SsaInsn$Visitor;)V @ 9
Event: 7.746 Thread 0x0000000017189000 Uncommon trap: reason=class_check action=maybe_recompile pc=0x00000000025373b0 method=com.android.dx.ssa.NormalSsaInsn.accept(Lcom/android/dx/ssa/SsaInsn$Visitor;)V @ 9
Event: 7.746 Thread 0x0000000017189000 Uncommon trap: reason=class_check action=maybe_recompile pc=0x00000000025373b0 method=com.android.dx.ssa.NormalSsaInsn.accept(Lcom/android/dx/ssa/SsaInsn$Visitor;)V @ 9
Event: 7.746 Thread 0x0000000017189000 Uncommon trap: reason=class_check action=maybe_recompile pc=0x00000000025373b0 method=com.android.dx.ssa.NormalSsaInsn.accept(Lcom/android/dx/ssa/SsaInsn$Visitor;)V @ 9
Event: 7.809 Thread 0x00000000179d1800 Uncommon trap: reason=class_check action=maybe_recompile pc=0x0000000002768b6c method=com.android.dx.ssa.NormalSsaInsn.accept(Lcom/android/dx/ssa/SsaInsn$Visitor;)V @ 9
Event: 7.809 Thread 0x00000000179d1800 Uncommon trap: reason=class_check action=maybe_recompile pc=0x0000000002580b0c method=com.android.dx.ssa.NormalSsaInsn.accept(Lcom/android/dx/ssa/SsaInsn$Visitor;)V @ 9

Internal exceptions (10 events):
Event: 6.303 Thread 0x0000000017189000 Exception <a 'java/security/PrivilegedActionException'> (0x00000000eba05fa0) thrown at [C:\workspace\8-2-build-windows-amd64-cygwin\jdk8u31\2394\hotspot\src\share\vm\prims\jvm.cpp, line 1312]
Event: 6.328 Thread 0x000000001717d000 Exception <a 'java/security/PrivilegedActionException'> (0x00000000eb6a53e0) thrown at [C:\workspace\8-2-build-windows-amd64-cygwin\jdk8u31\2394\hotspot\src\share\vm\prims\jvm.cpp, line 1312]
Event: 6.341 Thread 0x00000000179d1800 Exception <a 'java/security/PrivilegedActionException'> (0x00000000eb560b90) thrown at [C:\workspace\8-2-build-windows-amd64-cygwin\jdk8u31\2394\hotspot\src\share\vm\prims\jvm.cpp, line 1312]
Event: 6.345 Thread 0x0000000017189000 Exception <a 'java/security/PrivilegedActionException'> (0x00000000eba40868) thrown at [C:\workspace\8-2-build-windows-amd64-cygwin\jdk8u31\2394\hotspot\src\share\vm\prims\jvm.cpp, line 1312]
Event: 6.441 Thread 0x0000000017189000 Exception <a 'java/security/PrivilegedActionException'> (0x00000000eba46548) thrown at [C:\workspace\8-2-build-windows-amd64-cygwin\jdk8u31\2394\hotspot\src\share\vm\prims\jvm.cpp, line 1312]
Event: 6.442 Thread 0x0000000017189000 Exception <a 'java/security/PrivilegedActionException'> (0x00000000eba4bf78) thrown at [C:\workspace\8-2-build-windows-amd64-cygwin\jdk8u31\2394\hotspot\src\share\vm\prims\jvm.cpp, line 1312]
Event: 6.590 Thread 0x0000000017169000 Exception <a 'java/security/PrivilegedActionException'> (0x00000000ebca4ee0) thrown at [C:\workspace\8-2-build-windows-amd64-cygwin\jdk8u31\2394\hotspot\src\share\vm\prims\jvm.cpp, line 1312]
Event: 6.597 Thread 0x0000000017169000 Exception <a 'java/security/PrivilegedActionException'> (0x00000000ebcc0908) thrown at [C:\workspace\8-2-build-windows-amd64-cygwin\jdk8u31\2394\hotspot\src\share\vm\prims\jvm.cpp, line 1312]
Event: 6.654 Thread 0x00000000021d0800 Exception <a 'java/security/PrivilegedActionException'> (0x00000000ebdc68d8) thrown at [C:\workspace\8-2-build-windows-amd64-cygwin\jdk8u31\2394\hotspot\src\share\vm\prims\jvm.cpp, line 1312]
Event: 6.662 Thread 0x00000000021d0800 Exception <a 'java/security/PrivilegedActionException'> (0x00000000ebdd2b48) thrown at [C:\workspace\8-2-build-windows-amd64-cygwin\jdk8u31\2394\hotspot\src\share\vm\prims\jvm.cpp, line 1312]

Events (10 events):
Event: 7.746 Thread 0x0000000017189000 DEOPT UNPACKING pc=0x000000000231556a sp=0x00000000186be8d0 mode 2
Event: 7.746 Thread 0x0000000017189000 Uncommon trap: trap_request=0xffffffde fr.pc=0x00000000025373b0
Event: 7.746 Thread 0x0000000017189000 DEOPT PACKING pc=0x00000000025373b0 sp=0x00000000186be930
Event: 7.746 Thread 0x0000000017189000 DEOPT UNPACKING pc=0x000000000231556a sp=0x00000000186be8d0 mode 2
Event: 7.809 Thread 0x00000000179d1800 Uncommon trap: trap_request=0xffffffde fr.pc=0x0000000002768b6c
Event: 7.809 Thread 0x00000000179d1800 DEOPT PACKING pc=0x0000000002768b6c sp=0x00000000184be850
Event: 7.809 Thread 0x00000000179d1800 DEOPT UNPACKING pc=0x000000000231556a sp=0x00000000184be780 mode 2
Event: 7.809 Thread 0x00000000179d1800 Uncommon trap: trap_request=0xffffffde fr.pc=0x0000000002580b0c
Event: 7.809 Thread 0x00000000179d1800 DEOPT PACKING pc=0x0000000002580b0c sp=0x00000000184be470
Event: 7.809 Thread 0x00000000179d1800 DEOPT UNPACKING pc=0x000000000231556a sp=0x00000000184be3c0 mode 2


Dynamic libraries:
0x00007ff736240000 - 0x00007ff736274000 	C:\Program Files\Java\jdk1.8.0_31\bin\java.exe
0x00007ffc7dbd0000 - 0x00007ffc7dd7d000 	C:\WINDOWS\SYSTEM32\ntdll.dll
0x00007ffc7d6d0000 - 0x00007ffc7d80e000 	C:\WINDOWS\system32\KERNEL32.DLL
0x00007ffc7adc0000 - 0x00007ffc7aed5000 	C:\WINDOWS\system32\KERNELBASE.dll
0x00007ffc798a0000 - 0x00007ffc7992e000 	C:\WINDOWS\system32\apphelp.dll
0x00007ffc6a7a0000 - 0x00007ffc6a7f3000 	C:\WINDOWS\AppPatch\AppPatch64\AcGenral.DLL
0x00007ffc7b2b0000 - 0x00007ffc7b35a000 	C:\WINDOWS\system32\msvcrt.dll
0x00007ffc7b170000 - 0x00007ffc7b19e000 	C:\WINDOWS\system32\SspiCli.dll
0x00007ffc7daf0000 - 0x00007ffc7db44000 	C:\WINDOWS\system32\SHLWAPI.dll
0x00007ffc7b360000 - 0x00007ffc7b4d7000 	C:\WINDOWS\system32\USER32.dll
0x00007ffc7d950000 - 0x00007ffc7dae4000 	C:\WINDOWS\system32\ole32.dll
0x00007ffc7c130000 - 0x00007ffc7d658000 	C:\WINDOWS\system32\SHELL32.dll
0x00007ffc7a2c0000 - 0x00007ffc7a2e1000 	C:\WINDOWS\SYSTEM32\USERENV.dll
0x00007ffc7bcd0000 - 0x00007ffc7bd7a000 	C:\WINDOWS\system32\ADVAPI32.dll
0x00007ffc73400000 - 0x00007ffc7341e000 	C:\WINDOWS\SYSTEM32\MPR.dll
0x00007ffc7d810000 - 0x00007ffc7d950000 	C:\WINDOWS\system32\RPCRT4.dll
0x00007ffc7b250000 - 0x00007ffc7b2a9000 	C:\WINDOWS\SYSTEM32\sechost.dll
0x00007ffc7b700000 - 0x00007ffc7b911000 	C:\WINDOWS\SYSTEM32\combase.dll
0x00007ffc7b4e0000 - 0x00007ffc7b62f000 	C:\WINDOWS\system32\GDI32.dll
0x00007ffc7acf0000 - 0x00007ffc7ad05000 	C:\WINDOWS\SYSTEM32\profapi.dll
0x00007ffc797e0000 - 0x00007ffc79892000 	C:\WINDOWS\SYSTEM32\SHCORE.dll
0x00007ffc7c090000 - 0x00007ffc7c0c6000 	C:\WINDOWS\system32\IMM32.DLL
0x00007ffc7be60000 - 0x00007ffc7bfb2000 	C:\WINDOWS\system32\MSCTF.dll
0x00007ffc785f0000 - 0x00007ffc7886b000 	C:\WINDOWS\WinSxS\amd64_microsoft.windows.common-controls_6595b64144ccf1df_6.0.9600.18006_none_623f33d3ecbe86e8\COMCTL32.dll
0x00000000562e0000 - 0x00000000563b2000 	C:\Program Files\Java\jdk1.8.0_31\jre\bin\msvcr100.dll
0x0000000054c30000 - 0x000000005548a000 	C:\Program Files\Java\jdk1.8.0_31\jre\bin\server\jvm.dll
0x00007ffc71940000 - 0x00007ffc71949000 	C:\WINDOWS\SYSTEM32\WSOCK32.dll
0x00007ffc77280000 - 0x00007ffc772a2000 	C:\WINDOWS\SYSTEM32\WINMM.dll
0x00007ffc7bcc0000 - 0x00007ffc7bcc7000 	C:\WINDOWS\system32\PSAPI.DLL
0x00007ffc7d670000 - 0x00007ffc7d6ca000 	C:\WINDOWS\system32\WS2_32.dll
0x00007ffc76b60000 - 0x00007ffc76b8a000 	C:\WINDOWS\SYSTEM32\WINMMBASE.dll
0x00007ffc7dbc0000 - 0x00007ffc7dbc9000 	C:\WINDOWS\system32\NSI.dll
0x00007ffc7aee0000 - 0x00007ffc7af2f000 	C:\WINDOWS\SYSTEM32\cfgmgr32.dll
0x00007ffc79b10000 - 0x00007ffc79b38000 	C:\WINDOWS\SYSTEM32\DEVOBJ.dll
0x00000000562d0000 - 0x00000000562df000 	C:\Program Files\Java\jdk1.8.0_31\jre\bin\verify.dll
0x00000000562a0000 - 0x00000000562c8000 	C:\Program Files\Java\jdk1.8.0_31\jre\bin\java.dll
0x0000000056280000 - 0x0000000056296000 	C:\Program Files\Java\jdk1.8.0_31\jre\bin\zip.dll

VM Arguments:
jvm_args: -Djava.awt.headless=true -Xmx1024M -Dfile.encoding=windows-1252 -Duser.country=CA -Duser.language=en -Duser.variant 
java_command: com.android.dx.command.Main --dex --force-jumbo --num-threads=4 --multi-dex --output C:\Users\Saketh\Desktop\Honours Project\Marked\app\build\intermediates\transforms\dex\debug\folders\1000\10\com.android.support-support-media-compat-25.2.0_a82419268e9aeb8e107f81aacc891857915544b4 C:\Users\Saketh\Desktop\Honours Project\Marked\app\build\intermediates\exploded-aar\com.android.support\support-media-compat\25.2.0\jars\classes.jar
java_class_path (initial): C:\Users\Saketh\Desktop\New folder\adt-bundle-windows-x86_64-20130522\sdk\build-tools\25.0.0\lib\dx.jar
Launcher Type: SUN_STANDARD

Environment Variables:
PATH=C:\ProgramData\Oracle\Java\javapath;C:\Program Files (x86)\NVIDIA Corporation\PhysX\Common;C:\Program Files (x86)\Intel\iCLS Client\;C:\Program Files\Intel\iCLS Client\;C:\WINDOWS\system32;C:\WINDOWS;C:\WINDOWS\System32\Wbem;C:\WINDOWS\System32\WindowsPowerShell\v1.0\;C:\Program Files\Intel\Intel(R) Management Engine Components\DAL;C:\Program Files\Intel\Intel(R) Management Engine Components\IPT;C:\Program Files (x86)\Intel\Intel(R) Management Engine Components\DAL;C:\Program Files (x86)\Intel\Intel(R) Management Engine Components\IPT;C:\Program Files\Microsoft\Web Platform Installer\;C:\Program Files\Intel\WiFi\bin\;C:\Program Files\Common Files\Intel\WirelessCommon\;C:\Program Files (x86)\MiKTeX 2.9\miktex\bin\;C:\Program Files (x86)\Skype\Phone\;C:\Program Files\TortoiseGit\bin
USERNAME=Saketh
OS=Windows_NT
PROCESSOR_IDENTIFIER=Intel64 Family 6 Model 58 Stepping 9, GenuineIntel



---------------  S Y S T E M  ---------------

OS: Windows 8.1 , 64 bit Build 9600 

CPU:total 8 (4 cores per cpu, 2 threads per core) family 6 model 58 stepping 9, cmov, cx8, fxsr, mmx, sse, sse2, sse3, ssse3, sse4.1, sse4.2, popcnt, avx, aes, clmul, erms, ht, tsc, tscinvbit, tscinv

Memory: 4k page, physical 8334620k(880500k free), swap 11480348k(5392k free)

vm_info: Java HotSpot(TM) 64-Bit Server VM (25.31-b07) for windows-amd64 JRE (1.8.0_31-b13), built on Dec 17 2014 21:00:28 by "java_re" with MS VC++ 10.0 (VS2010)

time: Mon Mar 27 17:34:33 2017
elapsed time: 9 seconds (0d 0h 0m 9s)

