#
# There is insufficient memory for the Java Runtime Environment to continue.
# Native memory allocation (malloc) failed to allocate 65552 bytes for Chunk::new
# Possible reasons:
#   The system is out of physical RAM or swap space
#   In 32 bit mode, the process size limit was hit
# Possible solutions:
#   Reduce memory load on the system
#   Increase physical memory or swap space
#   Check if swap backing store is full
#   Use 64 bit Java on a 64 bit OS
#   Decrease Java heap size (-Xmx/-Xms)
#   Decrease number of Java threads
#   Decrease Java thread stack sizes (-Xss)
#   Set larger code cache with -XX:ReservedCodeCacheSize=
# This output file may be truncated or incomplete.
#
#  Out of Memory Error (allocation.cpp:390), pid=12272, tid=11612
#
# JRE version: Java(TM) SE Runtime Environment (8.0_31-b13) (build 1.8.0_31-b13)
# Java VM: Java HotSpot(TM) 64-Bit Server VM (25.31-b07 mixed mode windows-amd64 compressed oops)
# Failed to write core dump. Minidumps are not enabled by default on client versions of Windows
#

---------------  T H R E A D  ---------------

Current thread (0x00000000175e7000):  JavaThread "C2 CompilerThread0" daemon [_thread_in_native, id=11612, stack(0x0000000017bc0000,0x0000000017cc0000)]

Stack: [0x0000000017bc0000,0x0000000017cc0000]
Native frames: (J=compiled Java code, j=interpreted, Vv=VM code, C=native code)
V  [jvm.dll+0x3169ba]


Current CompileTask:
C2:   2997 1354       4       com.android.dx.ssa.LiteralOpUpgrader::tryReplacingWithConstant (161 bytes)


---------------  P R O C E S S  ---------------

Java Threads: ( => current thread )
  0x00000000177e1000 JavaThread "pool-2-thread-2" [_thread_in_Java, id=13964, stack(0x00000000183c0000,0x00000000184c0000)]
  0x00000000177e5000 JavaThread "pool-3-thread-1" [_thread_blocked, id=13980, stack(0x00000000182c0000,0x00000000183c0000)]
  0x00000000177c9800 JavaThread "pool-2-thread-1" [_thread_in_Java, id=13684, stack(0x00000000181c0000,0x00000000182c0000)]
  0x0000000017653000 JavaThread "Service Thread" daemon [_thread_blocked, id=14420, stack(0x0000000017fc0000,0x00000000180c0000)]
  0x0000000017645000 JavaThread "C1 CompilerThread3" daemon [_thread_in_vm, id=8928, stack(0x0000000017ec0000,0x0000000017fc0000)]
  0x0000000017632000 JavaThread "C2 CompilerThread2" daemon [_thread_in_native, id=12968, stack(0x0000000017dc0000,0x0000000017ec0000)]
  0x000000001762e800 JavaThread "C2 CompilerThread1" daemon [_thread_in_native, id=14644, stack(0x0000000017cc0000,0x0000000017dc0000)]
=>0x00000000175e7000 JavaThread "C2 CompilerThread0" daemon [_thread_in_native, id=11612, stack(0x0000000017bc0000,0x0000000017cc0000)]
  0x00000000175e4800 JavaThread "Attach Listener" daemon [_thread_blocked, id=11692, stack(0x0000000017ac0000,0x0000000017bc0000)]
  0x00000000175e4000 JavaThread "Signal Dispatcher" daemon [_thread_blocked, id=7760, stack(0x00000000179c0000,0x0000000017ac0000)]
  0x0000000001632000 JavaThread "Finalizer" daemon [_thread_blocked, id=14732, stack(0x00000000174c0000,0x00000000175c0000)]
  0x0000000001631000 JavaThread "Reference Handler" daemon [_thread_blocked, id=12076, stack(0x00000000173c0000,0x00000000174c0000)]
  0x0000000001540800 JavaThread "main" [_thread_blocked, id=8300, stack(0x00000000013c0000,0x00000000014c0000)]

Other Threads:
  0x00000000155e8800 VMThread [stack: 0x00000000172c0000,0x00000000173c0000] [id=1780]
  0x0000000017655000 WatcherThread [stack: 0x00000000180c0000,0x00000000181c0000] [id=14072]

VM state:not at safepoint (normal execution)

VM Mutex/Monitor currently owned by a thread: None

Heap:
 PSYoungGen      total 38400K, used 26887K [0x00000000eab00000, 0x00000000ed580000, 0x0000000100000000)
  eden space 33280K, 65% used [0x00000000eab00000,0x00000000ec042ab0,0x00000000ecb80000)
  from space 5120K, 99% used [0x00000000ecb80000,0x00000000ed07f300,0x00000000ed080000)
  to   space 5120K, 0% used [0x00000000ed080000,0x00000000ed080000,0x00000000ed580000)
 ParOldGen       total 87552K, used 1281K [0x00000000c0000000, 0x00000000c5580000, 0x00000000eab00000)
  object space 87552K, 1% used [0x00000000c0000000,0x00000000c01404f0,0x00000000c5580000)
 Metaspace       used 5983K, capacity 6960K, committed 7040K, reserved 1056768K
  class space    used 589K, capacity 616K, committed 640K, reserved 1048576K

Card table byte_map: [0x0000000001a00000,0x0000000001c10000] byte_map_base: 0x0000000001400000

Marking Bits: (ParMarkBitMap*) 0x0000000059c2d4f0
 Begin Bits: [0x0000000012a00000, 0x0000000013a00000)
 End Bits:   [0x0000000013a00000, 0x0000000014a00000)

Polling page: 0x0000000001160000

CodeCache: size=245760Kb used=5536Kb max_used=5537Kb free=240223Kb
 bounds [0x0000000003400000, 0x0000000003980000, 0x0000000012400000]
 total_blobs=1648 nmethods=1385 adapters=177
 compilation: enabled

Compilation events (10 events):
Event: 2.648 Thread 0x00000000175e7000 1382       4       com.android.dx.ssa.back.FirstFitLocalCombiningAllocator$1::visitNonMoveInsn (6 bytes)
Event: 2.649 Thread 0x00000000175e7000 nmethod 1382 0x00000000039206d0 code [0x0000000003920820, 0x00000000039208a8]
Event: 2.649 Thread 0x00000000175e7000 1353       4       com.android.dx.ssa.LiteralOpUpgrader$1::visitNonMoveInsn (203 bytes)
Event: 2.841 Thread 0x00000000175e7000 nmethod 1353 0x000000000396a990 code [0x000000000396af40, 0x000000000396d4b8]
Event: 2.841 Thread 0x00000000175e7000 1354       4       com.android.dx.ssa.LiteralOpUpgrader::tryReplacingWithConstant (161 bytes)
Event: 2.986 Thread 0x0000000017645000 1393       3       com.android.dx.ssa.SCCP::replaceConstants (209 bytes)
Event: 2.987 Thread 0x0000000017645000 nmethod 1393 0x0000000003967c50 code [0x0000000003967f60, 0x0000000003969ab8]
Event: 2.992 Thread 0x0000000017645000 1397       3       com.android.dx.util.ByteArray::getShort (25 bytes)
Event: 2.992 Thread 0x0000000017645000 nmethod 1397 0x000000000394ab90 code [0x000000000394ad00, 0x000000000394afc8]
Event: 2.992 Thread 0x0000000017645000 1398   !   3       com.android.dx.cf.code.BytecodeArray::parseInstruction (2764 bytes)

GC Heap History (2 events):
Event: 1.561 GC heap before
{Heap before GC invocations=1 (full 0):
 PSYoungGen      total 38400K, used 33280K [0x00000000eab00000, 0x00000000ed580000, 0x0000000100000000)
  eden space 33280K, 100% used [0x00000000eab00000,0x00000000ecb80000,0x00000000ecb80000)
  from space 5120K, 0% used [0x00000000ed080000,0x00000000ed080000,0x00000000ed580000)
  to   space 5120K, 0% used [0x00000000ecb80000,0x00000000ecb80000,0x00000000ed080000)
 ParOldGen       total 87552K, used 0K [0x00000000c0000000, 0x00000000c5580000, 0x00000000eab00000)
  object space 87552K, 0% used [0x00000000c0000000,0x00000000c0000000,0x00000000c5580000)
 Metaspace       used 5898K, capacity 6896K, committed 7040K, reserved 1056768K
  class space    used 587K, capacity 616K, committed 640K, reserved 1048576K
Event: 1.844 GC heap after
Heap after GC invocations=1 (full 0):
 PSYoungGen      total 38400K, used 5116K [0x00000000eab00000, 0x00000000ed580000, 0x0000000100000000)
  eden space 33280K, 0% used [0x00000000eab00000,0x00000000eab00000,0x00000000ecb80000)
  from space 5120K, 99% used [0x00000000ecb80000,0x00000000ed07f300,0x00000000ed080000)
  to   space 5120K, 0% used [0x00000000ed080000,0x00000000ed080000,0x00000000ed580000)
 ParOldGen       total 87552K, used 1281K [0x00000000c0000000, 0x00000000c5580000, 0x00000000eab00000)
  object space 87552K, 1% used [0x00000000c0000000,0x00000000c01404f0,0x00000000c5580000)
 Metaspace       used 5898K, capacity 6896K, committed 7040K, reserved 1056768K
  class space    used 587K, capacity 616K, committed 640K, reserved 1048576K
}

Deoptimization events (5 events):
Event: 1.216 Thread 0x00000000177d0800 Uncommon trap: reason=bimorphic action=maybe_recompile pc=0x000000000360d174 method=java.util.HashMap.getNode(ILjava/lang/Object;)Ljava/util/HashMap$Node; @ 126
Event: 1.357 Thread 0x00000000177e1000 Uncommon trap: reason=null_check action=make_not_entrant pc=0x00000000037fb920 method=com.android.dx.rop.type.Type.equals(Ljava/lang/Object;)Z @ 8
Event: 2.223 Thread 0x00000000177c9800 Uncommon trap: reason=bimorphic action=maybe_recompile pc=0x00000000035f516c method=java.util.HashMap.getNode(ILjava/lang/Object;)Ljava/util/HashMap$Node; @ 126
Event: 2.223 Thread 0x00000000177c9800 Uncommon trap: reason=class_check action=maybe_recompile pc=0x000000000382ae3c method=java.util.HashMap.putVal(ILjava/lang/Object;Ljava/lang/Object;ZZ)Ljava/lang/Object; @ 203
Event: 2.992 Thread 0x00000000177c9800 Uncommon trap: reason=uninitialized action=reinterpret pc=0x000000000390a7b0 method=com.android.dx.cf.code.BytecodeArray.parseInstruction(ILcom/android/dx/cf/code/BytecodeArray$Visitor;)I @ 1079

Internal exceptions (10 events):
Event: 0.916 Thread 0x00000000177c9800 Exception <a 'java/security/PrivilegedActionException'> (0x00000000eb36e718) thrown at [C:\workspace\8-2-build-windows-amd64-cygwin\jdk8u31\2394\hotspot\src\share\vm\prims\jvm.cpp, line 1312]
Event: 0.920 Thread 0x00000000177c9800 Exception <a 'java/security/PrivilegedActionException'> (0x00000000eb809d00) thrown at [C:\workspace\8-2-build-windows-amd64-cygwin\jdk8u31\2394\hotspot\src\share\vm\prims\jvm.cpp, line 1312]
Event: 0.984 Thread 0x00000000177e3800 Exception <a 'java/security/PrivilegedActionException'> (0x00000000eb9190c8) thrown at [C:\workspace\8-2-build-windows-amd64-cygwin\jdk8u31\2394\hotspot\src\share\vm\prims\jvm.cpp, line 1312]
Event: 1.004 Thread 0x00000000177e3800 Exception <a 'java/security/PrivilegedActionException'> (0x00000000ebab9320) thrown at [C:\workspace\8-2-build-windows-amd64-cygwin\jdk8u31\2394\hotspot\src\share\vm\prims\jvm.cpp, line 1312]
Event: 1.004 Thread 0x00000000177e3800 Exception <a 'java/security/PrivilegedActionException'> (0x00000000ebabf000) thrown at [C:\workspace\8-2-build-windows-amd64-cygwin\jdk8u31\2394\hotspot\src\share\vm\prims\jvm.cpp, line 1312]
Event: 1.005 Thread 0x00000000177e3800 Exception <a 'java/security/PrivilegedActionException'> (0x00000000ebac4a30) thrown at [C:\workspace\8-2-build-windows-amd64-cygwin\jdk8u31\2394\hotspot\src\share\vm\prims\jvm.cpp, line 1312]
Event: 1.236 Thread 0x00000000177e3800 Exception <a 'java/security/PrivilegedActionException'> (0x00000000ec0d1f10) thrown at [C:\workspace\8-2-build-windows-amd64-cygwin\jdk8u31\2394\hotspot\src\share\vm\prims\jvm.cpp, line 1312]
Event: 1.357 Thread 0x00000000177e1000 Implicit null exception at 0x00000000037fb822 to 0x00000000037fb912
Event: 1.448 Thread 0x0000000001540800 Exception <a 'java/security/PrivilegedActionException'> (0x00000000ecaf2c98) thrown at [C:\workspace\8-2-build-windows-amd64-cygwin\jdk8u31\2394\hotspot\src\share\vm\prims\jvm.cpp, line 1312]
Event: 2.221 Thread 0x00000000177c9800 Exception <a 'java/security/PrivilegedActionException'> (0x00000000eb5a02f8) thrown at [C:\workspace\8-2-build-windows-amd64-cygwin\jdk8u31\2394\hotspot\src\share\vm\prims\jvm.cpp, line 1312]

Events (10 events):
Event: 2.223 Thread 0x00000000177c9800 DEOPT PACKING pc=0x000000000382ae3c sp=0x00000000182beb00
Event: 2.223 Thread 0x00000000177c9800 DEOPT UNPACKING pc=0x000000000344556a sp=0x00000000182bea78 mode 2
Event: 2.226 Thread 0x00000000177c9800 DEOPT PACKING pc=0x0000000003684465 sp=0x00000000182bea50
Event: 2.226 Thread 0x00000000177c9800 DEOPT UNPACKING pc=0x00000000034475bf sp=0x00000000182be7e8 mode 0
Event: 2.281 Thread 0x00000000177e3800 Thread exited: 0x00000000177e3800
Event: 2.377 Thread 0x00000000177c9800 DEOPT PACKING pc=0x0000000003684465 sp=0x00000000182bec10
Event: 2.377 Thread 0x00000000177c9800 DEOPT UNPACKING pc=0x00000000034475bf sp=0x00000000182be9a8 mode 0
Event: 2.992 Thread 0x00000000177c9800 Uncommon trap: trap_request=0xffffffb5 fr.pc=0x000000000390a7b0
Event: 2.992 Thread 0x00000000177c9800 DEOPT PACKING pc=0x000000000390a7b0 sp=0x00000000182bec90
Event: 2.992 Thread 0x00000000177c9800 DEOPT UNPACKING pc=0x000000000344556a sp=0x00000000182bec20 mode 2


Dynamic libraries:
0x00007ff644d20000 - 0x00007ff644d54000 	C:\Program Files\Java\jdk1.8.0_31\bin\java.exe
0x00007ffa88b20000 - 0x00007ffa88ccd000 	C:\WINDOWS\SYSTEM32\ntdll.dll
0x00007ffa87f00000 - 0x00007ffa8803e000 	C:\WINDOWS\system32\KERNEL32.DLL
0x00007ffa85d10000 - 0x00007ffa85e25000 	C:\WINDOWS\system32\KERNELBASE.dll
0x00007ffa847e0000 - 0x00007ffa8486e000 	C:\WINDOWS\system32\apphelp.dll
0x00007ffa69710000 - 0x00007ffa69763000 	C:\WINDOWS\AppPatch\AppPatch64\AcGenral.DLL
0x00007ffa88640000 - 0x00007ffa886ea000 	C:\WINDOWS\system32\msvcrt.dll
0x00007ffa86170000 - 0x00007ffa8619e000 	C:\WINDOWS\system32\SspiCli.dll
0x00007ffa88040000 - 0x00007ffa88094000 	C:\WINDOWS\system32\SHLWAPI.dll
0x00007ffa88260000 - 0x00007ffa883d7000 	C:\WINDOWS\system32\USER32.dll
0x00007ffa864a0000 - 0x00007ffa86634000 	C:\WINDOWS\system32\ole32.dll
0x00007ffa86860000 - 0x00007ffa87d88000 	C:\WINDOWS\system32\SHELL32.dll
0x00007ffa85670000 - 0x00007ffa85691000 	C:\WINDOWS\SYSTEM32\USERENV.dll
0x00007ffa88590000 - 0x00007ffa8863a000 	C:\WINDOWS\system32\ADVAPI32.dll
0x00007ffa7fce0000 - 0x00007ffa7fcfe000 	C:\WINDOWS\SYSTEM32\MPR.dll
0x00007ffa88450000 - 0x00007ffa88590000 	C:\WINDOWS\system32\RPCRT4.dll
0x00007ffa86650000 - 0x00007ffa866a9000 	C:\WINDOWS\SYSTEM32\sechost.dll
0x00007ffa861c0000 - 0x00007ffa863d1000 	C:\WINDOWS\SYSTEM32\combase.dll
0x00007ffa86710000 - 0x00007ffa8685f000 	C:\WINDOWS\system32\GDI32.dll
0x00007ffa85c40000 - 0x00007ffa85c55000 	C:\WINDOWS\SYSTEM32\profapi.dll
0x00007ffa841b0000 - 0x00007ffa84262000 	C:\WINDOWS\SYSTEM32\SHCORE.dll
0x00007ffa87e50000 - 0x00007ffa87e86000 	C:\WINDOWS\system32\IMM32.DLL
0x00007ffa887e0000 - 0x00007ffa88932000 	C:\WINDOWS\system32\MSCTF.dll
0x00007ffa83d30000 - 0x00007ffa83fab000 	C:\WINDOWS\WinSxS\amd64_microsoft.windows.common-controls_6595b64144ccf1df_6.0.9600.18006_none_623f33d3ecbe86e8\COMCTL32.dll
0x000000005ab30000 - 0x000000005ac02000 	C:\Program Files\Java\jdk1.8.0_31\jre\bin\msvcr100.dll
0x0000000059450000 - 0x0000000059caa000 	C:\Program Files\Java\jdk1.8.0_31\jre\bin\server\jvm.dll
0x00007ffa7c230000 - 0x00007ffa7c239000 	C:\WINDOWS\SYSTEM32\WSOCK32.dll
0x00007ffa819d0000 - 0x00007ffa819f2000 	C:\WINDOWS\SYSTEM32\WINMM.dll
0x00007ffa861a0000 - 0x00007ffa861a7000 	C:\WINDOWS\system32\PSAPI.DLL
0x00007ffa866b0000 - 0x00007ffa8670a000 	C:\WINDOWS\system32\WS2_32.dll
0x00007ffa81670000 - 0x00007ffa8169a000 	C:\WINDOWS\SYSTEM32\WINMMBASE.dll
0x00007ffa87ef0000 - 0x00007ffa87ef9000 	C:\WINDOWS\system32\NSI.dll
0x00007ffa860c0000 - 0x00007ffa8610f000 	C:\WINDOWS\SYSTEM32\cfgmgr32.dll
0x00007ffa84a50000 - 0x00007ffa84a78000 	C:\WINDOWS\SYSTEM32\DEVOBJ.dll
0x000000005ab20000 - 0x000000005ab2f000 	C:\Program Files\Java\jdk1.8.0_31\jre\bin\verify.dll
0x000000005aaf0000 - 0x000000005ab18000 	C:\Program Files\Java\jdk1.8.0_31\jre\bin\java.dll
0x000000005aad0000 - 0x000000005aae6000 	C:\Program Files\Java\jdk1.8.0_31\jre\bin\zip.dll

VM Arguments:
jvm_args: -Djava.awt.headless=true -Xmx1024M -Dfile.encoding=windows-1252 -Duser.country=CA -Duser.language=en -Duser.variant 
java_command: com.android.dx.command.Main --dex --force-jumbo --num-threads=4 --multi-dex --output C:\Users\Saketh\Desktop\Honours Project\Marked\app\build\intermediates\transforms\dex\debug\folders\1000\10\com.google.firebase-firebase-config-10.2.1_b0264c1e1796dd078af1783c8233aa2af1cbd08b C:\Users\Saketh\Desktop\Honours Project\Marked\app\build\intermediates\exploded-aar\com.google.firebase\firebase-config\10.2.1\jars\classes.jar
java_class_path (initial): C:\Users\Saketh\Desktop\New folder\adt-bundle-windows-x86_64-20130522\sdk\build-tools\25.0.0\lib\dx.jar
Launcher Type: SUN_STANDARD

Environment Variables:
PATH=C:\ProgramData\Oracle\Java\javapath;C:\Program Files (x86)\NVIDIA Corporation\PhysX\Common;C:\Program Files (x86)\Intel\iCLS Client\;C:\Program Files\Intel\iCLS Client\;C:\WINDOWS\system32;C:\WINDOWS;C:\WINDOWS\System32\Wbem;C:\WINDOWS\System32\WindowsPowerShell\v1.0\;C:\Program Files\Intel\Intel(R) Management Engine Components\DAL;C:\Program Files\Intel\Intel(R) Management Engine Components\IPT;C:\Program Files (x86)\Intel\Intel(R) Management Engine Components\DAL;C:\Program Files (x86)\Intel\Intel(R) Management Engine Components\IPT;C:\Program Files\Microsoft\Web Platform Installer\;C:\Program Files\Intel\WiFi\bin\;C:\Program Files\Common Files\Intel\WirelessCommon\;C:\Program Files (x86)\MiKTeX 2.9\miktex\bin\;C:\Program Files (x86)\Skype\Phone\;C:\Program Files\TortoiseGit\bin
USERNAME=Saketh
OS=Windows_NT
PROCESSOR_IDENTIFIER=Intel64 Family 6 Model 58 Stepping 9, GenuineIntel



---------------  S Y S T E M  ---------------

OS: Windows 8.1 , 64 bit Build 9600 

CPU:total 8 (4 cores per cpu, 2 threads per core) family 6 model 58 stepping 9, cmov, cx8, fxsr, mmx, sse, sse2, sse3, ssse3, sse4.1, sse4.2, popcnt, avx, aes, clmul, erms, ht, tsc, tscinvbit, tscinv

Memory: 4k page, physical 8334620k(589624k free), swap 11480348k(5172k free)

vm_info: Java HotSpot(TM) 64-Bit Server VM (25.31-b07) for windows-amd64 JRE (1.8.0_31-b13), built on Dec 17 2014 21:00:28 by "java_re" with MS VC++ 10.0 (VS2010)

time: Wed May 03 01:50:32 2017
elapsed time: 3 seconds (0d 0h 0m 3s)

