#
# There is insufficient memory for the Java Runtime Environment to continue.
# Native memory allocation (malloc) failed to allocate 730736 bytes for Chunk::new
# Possible reasons:
#   The system is out of physical RAM or swap space
#   In 32 bit mode, the process size limit was hit
# Possible solutions:
#   Reduce memory load on the system
#   Increase physical memory or swap space
#   Check if swap backing store is full
#   Use 64 bit Java on a 64 bit OS
#   Decrease Java heap size (-Xmx/-Xms)
#   Decrease number of Java threads
#   Decrease Java thread stack sizes (-Xss)
#   Set larger code cache with -XX:ReservedCodeCacheSize=
# This output file may be truncated or incomplete.
#
#  Out of Memory Error (allocation.cpp:390), pid=14240, tid=9864
#
# JRE version: Java(TM) SE Runtime Environment (8.0_31-b13) (build 1.8.0_31-b13)
# Java VM: Java HotSpot(TM) 64-Bit Server VM (25.31-b07 mixed mode windows-amd64 compressed oops)
# Failed to write core dump. Minidumps are not enabled by default on client versions of Windows
#

---------------  T H R E A D  ---------------

Current thread (0x00000000170fe000):  JavaThread "C2 CompilerThread1" daemon [_thread_in_native, id=9864, stack(0x00000000177d0000,0x00000000178d0000)]

Stack: [0x00000000177d0000,0x00000000178d0000]
Native frames: (J=compiled Java code, j=interpreted, Vv=VM code, C=native code)
V  [jvm.dll+0x3169ba]
V  [jvm.dll+0x2674c3]
V  [jvm.dll+0x268103]
V  [jvm.dll+0x25f8f5]
V  [jvm.dll+0xbf025]
V  [jvm.dll+0xbf4cc]
V  [jvm.dll+0x45df82]
V  [jvm.dll+0x49f21f]
V  [jvm.dll+0x453401]
V  [jvm.dll+0x454124]
V  [jvm.dll+0x437c62]
V  [jvm.dll+0x988e2]
V  [jvm.dll+0x990d3]
V  [jvm.dll+0x22c194]
V  [jvm.dll+0x28576a]
C  [msvcr100.dll+0x21d9f]
C  [msvcr100.dll+0x21e3b]
C  [KERNEL32.DLL+0x13d2]
C  [ntdll.dll+0x154e4]


Current CompileTask:
C2:   1258 1521       4       com.android.dx.ssa.SCCP::simulateBlock (54 bytes)


---------------  P R O C E S S  ---------------

Java Threads: ( => current thread )
  0x0000000017474000 JavaThread "pool-2-thread-4" [_thread_in_Java, id=8376, stack(0x00000000188d0000,0x00000000189d0000)]
  0x00000000174b6800 JavaThread "pool-2-thread-3" [_thread_blocked, id=10620, stack(0x00000000187d0000,0x00000000188d0000)]
  0x00000000174b4800 JavaThread "pool-2-thread-2" [_thread_in_Java, id=9396, stack(0x00000000186d0000,0x00000000187d0000)]
  0x0000000017d03000 JavaThread "pool-3-thread-1" [_thread_blocked, id=1936, stack(0x00000000185d0000,0x00000000186d0000)]
  0x0000000017d02800 JavaThread "pool-2-thread-1" [_thread_in_Java, id=10120, stack(0x00000000184d0000,0x00000000185d0000)]
  0x000000001718d000 JavaThread "Service Thread" daemon [_thread_blocked, id=13340, stack(0x0000000017ad0000,0x0000000017bd0000)]
  0x000000001711d800 JavaThread "C1 CompilerThread3" daemon [_thread_in_native, id=8308, stack(0x00000000179d0000,0x0000000017ad0000)]
  0x0000000017102800 JavaThread "C2 CompilerThread2" daemon [_thread_in_native, id=10296, stack(0x00000000178d0000,0x00000000179d0000)]
=>0x00000000170fe000 JavaThread "C2 CompilerThread1" daemon [_thread_in_native, id=9864, stack(0x00000000177d0000,0x00000000178d0000)]
  0x00000000170f9000 JavaThread "C2 CompilerThread0" daemon [_thread_in_native, id=10960, stack(0x00000000176d0000,0x00000000177d0000)]
  0x00000000170f7000 JavaThread "Attach Listener" daemon [_thread_blocked, id=14256, stack(0x00000000175d0000,0x00000000176d0000)]
  0x00000000170f6000 JavaThread "Signal Dispatcher" daemon [_thread_blocked, id=5424, stack(0x00000000174d0000,0x00000000175d0000)]
  0x0000000001099800 JavaThread "Finalizer" daemon [_thread_blocked, id=9612, stack(0x0000000016fd0000,0x00000000170d0000)]
  0x0000000001093000 JavaThread "Reference Handler" daemon [_thread_blocked, id=13044, stack(0x0000000016ed0000,0x0000000016fd0000)]
  0x0000000000fa0800 JavaThread "main" [_thread_in_vm, id=6012, stack(0x0000000000e70000,0x0000000000f70000)]

Other Threads:
  0x00000000150e8800 VMThread [stack: 0x0000000016dd0000,0x0000000016ed0000] [id=7780]
  0x0000000017195000 WatcherThread [stack: 0x0000000017bd0000,0x0000000017cd0000] [id=10932]

VM state:not at safepoint (normal execution)

VM Mutex/Monitor currently owned by a thread: None

Heap:
 PSYoungGen      total 71680K, used 39834K [0x00000000eab00000, 0x00000000ef600000, 0x0000000100000000)
  eden space 66560K, 52% used [0x00000000eab00000,0x00000000ecd53068,0x00000000eec00000)
  from space 5120K, 99% used [0x00000000ef100000,0x00000000ef5fd7e8,0x00000000ef600000)
  to   space 5120K, 0% used [0x00000000eec00000,0x00000000eec00000,0x00000000ef100000)
 ParOldGen       total 87552K, used 13796K [0x00000000c0000000, 0x00000000c5580000, 0x00000000eab00000)
  object space 87552K, 15% used [0x00000000c0000000,0x00000000c0d79300,0x00000000c5580000)
 Metaspace       used 6117K, capacity 7088K, committed 7296K, reserved 1058816K
  class space    used 587K, capacity 616K, committed 640K, reserved 1048576K

Card table byte_map: [0x00000000014c0000,0x00000000016d0000] byte_map_base: 0x0000000000ec0000

Marking Bits: (ParMarkBitMap*) 0x0000000059c2d4f0
 Begin Bits: [0x0000000012500000, 0x0000000013500000)
 End Bits:   [0x0000000013500000, 0x0000000014500000)

Polling page: 0x0000000000f80000

CodeCache: size=245760Kb used=5641Kb max_used=5641Kb free=240118Kb
 bounds [0x0000000003400000, 0x0000000003990000, 0x0000000012400000]
 total_blobs=1805 nmethods=1541 adapters=177
 compilation: enabled

Compilation events (10 events):
Event: 1.228 Thread 0x000000001711d800 nmethod 1609 0x000000000396ac90 code [0x000000000396ae20, 0x000000000396b0f8]
Event: 1.228 Thread 0x000000001711d800 1619 %     3       com.android.dx.ssa.SsaMethod::getCountReachableBlocks @ 10 (44 bytes)
Event: 1.229 Thread 0x000000001711d800 nmethod 1619% 0x000000000396b2d0 code [0x000000000396b4a0, 0x000000000396bde8]
Event: 1.229 Thread 0x000000001711d800 1618       1       com.android.dx.cf.direct.AttributeListParser::setObserver (6 bytes)
Event: 1.229 Thread 0x000000001711d800 nmethod 1618 0x000000000396c190 code [0x000000000396c2e0, 0x000000000396c410]
Event: 1.229 Thread 0x000000001711d800 1577       2       com.android.dx.ssa.LocalVariableExtractor::extract (14 bytes)
Event: 1.229 Thread 0x000000001711d800 nmethod 1577 0x000000000396c490 code [0x000000000396c600, 0x000000000396c7d8]
Event: 1.230 Thread 0x000000001711d800 1600       2       com.android.dx.dex.file.StringIdsSection::intern (13 bytes)
Event: 1.230 Thread 0x000000001711d800 nmethod 1600 0x000000000396c8d0 code [0x000000000396ca40, 0x000000000396ccd8]
Event: 1.230 Thread 0x000000001711d800 1620       3       com.android.dx.cf.code.Ropper::addExceptionSetupBlocks (203 bytes)

GC Heap History (8 events):
Event: 0.671 GC heap before
{Heap before GC invocations=1 (full 0):
 PSYoungGen      total 38400K, used 33280K [0x00000000eab00000, 0x00000000ed580000, 0x0000000100000000)
  eden space 33280K, 100% used [0x00000000eab00000,0x00000000ecb80000,0x00000000ecb80000)
  from space 5120K, 0% used [0x00000000ed080000,0x00000000ed080000,0x00000000ed580000)
  to   space 5120K, 0% used [0x00000000ecb80000,0x00000000ecb80000,0x00000000ed080000)
 ParOldGen       total 87552K, used 0K [0x00000000c0000000, 0x00000000c5580000, 0x00000000eab00000)
  object space 87552K, 0% used [0x00000000c0000000,0x00000000c0000000,0x00000000c5580000)
 Metaspace       used 5792K, capacity 6768K, committed 7040K, reserved 1058816K
  class space    used 582K, capacity 616K, committed 640K, reserved 1048576K
Event: 0.677 GC heap after
Heap after GC invocations=1 (full 0):
 PSYoungGen      total 38400K, used 5115K [0x00000000eab00000, 0x00000000ed580000, 0x0000000100000000)
  eden space 33280K, 0% used [0x00000000eab00000,0x00000000eab00000,0x00000000ecb80000)
  from space 5120K, 99% used [0x00000000ecb80000,0x00000000ed07edd8,0x00000000ed080000)
  to   space 5120K, 0% used [0x00000000ed080000,0x00000000ed080000,0x00000000ed580000)
 ParOldGen       total 87552K, used 933K [0x00000000c0000000, 0x00000000c5580000, 0x00000000eab00000)
  object space 87552K, 1% used [0x00000000c0000000,0x00000000c00e9458,0x00000000c5580000)
 Metaspace       used 5792K, capacity 6768K, committed 7040K, reserved 1058816K
  class space    used 582K, capacity 616K, committed 640K, reserved 1048576K
}
Event: 0.894 GC heap before
{Heap before GC invocations=2 (full 0):
 PSYoungGen      total 38400K, used 38395K [0x00000000eab00000, 0x00000000ed580000, 0x0000000100000000)
  eden space 33280K, 100% used [0x00000000eab00000,0x00000000ecb80000,0x00000000ecb80000)
  from space 5120K, 99% used [0x00000000ecb80000,0x00000000ed07edd8,0x00000000ed080000)
  to   space 5120K, 0% used [0x00000000ed080000,0x00000000ed080000,0x00000000ed580000)
 ParOldGen       total 87552K, used 933K [0x00000000c0000000, 0x00000000c5580000, 0x00000000eab00000)
  object space 87552K, 1% used [0x00000000c0000000,0x00000000c00e9458,0x00000000c5580000)
 Metaspace       used 6002K, capacity 6960K, committed 7040K, reserved 1058816K
  class space    used 583K, capacity 616K, committed 640K, reserved 1048576K
Event: 0.903 GC heap after
Heap after GC invocations=2 (full 0):
 PSYoungGen      total 38400K, used 5104K [0x00000000eab00000, 0x00000000ef600000, 0x0000000100000000)
  eden space 33280K, 0% used [0x00000000eab00000,0x00000000eab00000,0x00000000ecb80000)
  from space 5120K, 99% used [0x00000000ed080000,0x00000000ed57c268,0x00000000ed580000)
  to   space 5120K, 0% used [0x00000000ecb80000,0x00000000ecb80000,0x00000000ed080000)
 ParOldGen       total 87552K, used 5307K [0x00000000c0000000, 0x00000000c5580000, 0x00000000eab00000)
  object space 87552K, 6% used [0x00000000c0000000,0x00000000c052ee70,0x00000000c5580000)
 Metaspace       used 6002K, capacity 6960K, committed 7040K, reserved 1058816K
  class space    used 583K, capacity 616K, committed 640K, reserved 1048576K
}
Event: 1.026 GC heap before
{Heap before GC invocations=3 (full 0):
 PSYoungGen      total 38400K, used 38384K [0x00000000eab00000, 0x00000000ef600000, 0x0000000100000000)
  eden space 33280K, 100% used [0x00000000eab00000,0x00000000ecb80000,0x00000000ecb80000)
  from space 5120K, 99% used [0x00000000ed080000,0x00000000ed57c268,0x00000000ed580000)
  to   space 5120K, 0% used [0x00000000ecb80000,0x00000000ecb80000,0x00000000ed080000)
 ParOldGen       total 87552K, used 5307K [0x00000000c0000000, 0x00000000c5580000, 0x00000000eab00000)
  object space 87552K, 6% used [0x00000000c0000000,0x00000000c052ee70,0x00000000c5580000)
 Metaspace       used 6038K, capacity 7024K, committed 7296K, reserved 1058816K
  class space    used 583K, capacity 616K, committed 640K, reserved 1048576K
Event: 1.036 GC heap after
Heap after GC invocations=3 (full 0):
 PSYoungGen      total 38400K, used 5112K [0x00000000eab00000, 0x00000000ef600000, 0x0000000100000000)
  eden space 33280K, 0% used [0x00000000eab00000,0x00000000eab00000,0x00000000ecb80000)
  from space 5120K, 99% used [0x00000000ecb80000,0x00000000ed07e048,0x00000000ed080000)
  to   space 5120K, 0% used [0x00000000ef100000,0x00000000ef100000,0x00000000ef600000)
 ParOldGen       total 87552K, used 8760K [0x00000000c0000000, 0x00000000c5580000, 0x00000000eab00000)
  object space 87552K, 10% used [0x00000000c0000000,0x00000000c088e2e0,0x00000000c5580000)
 Metaspace       used 6038K, capacity 7024K, committed 7296K, reserved 1058816K
  class space    used 583K, capacity 616K, committed 640K, reserved 1048576K
}
Event: 1.146 GC heap before
{Heap before GC invocations=4 (full 0):
 PSYoungGen      total 38400K, used 38392K [0x00000000eab00000, 0x00000000ef600000, 0x0000000100000000)
  eden space 33280K, 100% used [0x00000000eab00000,0x00000000ecb80000,0x00000000ecb80000)
  from space 5120K, 99% used [0x00000000ecb80000,0x00000000ed07e048,0x00000000ed080000)
  to   space 5120K, 0% used [0x00000000ef100000,0x00000000ef100000,0x00000000ef600000)
 ParOldGen       total 87552K, used 8760K [0x00000000c0000000, 0x00000000c5580000, 0x00000000eab00000)
  object space 87552K, 10% used [0x00000000c0000000,0x00000000c088e2e0,0x00000000c5580000)
 Metaspace       used 6084K, capacity 7024K, committed 7296K, reserved 1058816K
  class space    used 587K, capacity 616K, committed 640K, reserved 1048576K
Event: 1.159 GC heap after
Heap after GC invocations=4 (full 0):
 PSYoungGen      total 71680K, used 5109K [0x00000000eab00000, 0x00000000ef600000, 0x0000000100000000)
  eden space 66560K, 0% used [0x00000000eab00000,0x00000000eab00000,0x00000000eec00000)
  from space 5120K, 99% used [0x00000000ef100000,0x00000000ef5fd7e8,0x00000000ef600000)
  to   space 5120K, 0% used [0x00000000eec00000,0x00000000eec00000,0x00000000ef100000)
 ParOldGen       total 87552K, used 13796K [0x00000000c0000000, 0x00000000c5580000, 0x00000000eab00000)
  object space 87552K, 15% used [0x00000000c0000000,0x00000000c0d79300,0x00000000c5580000)
 Metaspace       used 6084K, capacity 7024K, committed 7296K, reserved 1058816K
  class space    used 587K, capacity 616K, committed 640K, reserved 1048576K
}

Deoptimization events (10 events):
Event: 1.106 Thread 0x0000000017474000 Uncommon trap: reason=bimorphic action=maybe_recompile pc=0x00000000038bdbb8 method=com.android.dx.ssa.SCCP.simulatePhi(Lcom/android/dx/ssa/PhiInsn;)V @ 124
Event: 1.106 Thread 0x0000000017474000 Uncommon trap: reason=bimorphic action=maybe_recompile pc=0x00000000038bdc80 method=com.android.dx.ssa.SCCP.setLatticeValueTo(IILcom/android/dx/rop/cst/Constant;)Z @ 43
Event: 1.111 Thread 0x0000000017d02800 Uncommon trap: reason=bimorphic action=maybe_recompile pc=0x00000000038bdc80 method=com.android.dx.ssa.SCCP.setLatticeValueTo(IILcom/android/dx/rop/cst/Constant;)Z @ 43
Event: 1.111 Thread 0x0000000017d02800 Uncommon trap: reason=bimorphic action=maybe_recompile pc=0x00000000038bdc80 method=com.android.dx.ssa.SCCP.setLatticeValueTo(IILcom/android/dx/rop/cst/Constant;)Z @ 43
Event: 1.111 Thread 0x0000000017d02800 Uncommon trap: reason=bimorphic action=maybe_recompile pc=0x00000000038bdbb8 method=com.android.dx.ssa.SCCP.simulatePhi(Lcom/android/dx/ssa/PhiInsn;)V @ 124
Event: 1.113 Thread 0x00000000174b6800 Uncommon trap: reason=bimorphic action=maybe_recompile pc=0x00000000036149a8 method=java.util.HashMap.getNode(ILjava/lang/Object;)Ljava/util/HashMap$Node; @ 126
Event: 1.113 Thread 0x00000000174b6800 Uncommon trap: reason=class_check action=maybe_recompile pc=0x0000000003778778 method=java.util.HashMap.putVal(ILjava/lang/Object;Ljava/lang/Object;ZZ)Ljava/lang/Object; @ 203
Event: 1.129 Thread 0x00000000174b6800 Uncommon trap: reason=bimorphic action=maybe_recompile pc=0x00000000036149a8 method=java.util.HashMap.getNode(ILjava/lang/Object;)Ljava/util/HashMap$Node; @ 126
Event: 1.129 Thread 0x00000000174b6800 Uncommon trap: reason=class_check action=maybe_recompile pc=0x0000000003778778 method=java.util.HashMap.putVal(ILjava/lang/Object;Ljava/lang/Object;ZZ)Ljava/lang/Object; @ 203
Event: 1.130 Thread 0x0000000000fa0800 Uncommon trap: reason=bimorphic action=maybe_recompile pc=0x0000000003626dc0 method=java.util.HashMap.getNode(ILjava/lang/Object;)Ljava/util/HashMap$Node; @ 126

Internal exceptions (10 events):
Event: 0.517 Thread 0x0000000017474000 Exception <a 'java/security/PrivilegedActionException'> (0x00000000ebb37028) thrown at [C:\workspace\8-2-build-windows-amd64-cygwin\jdk8u31\2394\hotspot\src\share\vm\prims\jvm.cpp, line 1312]
Event: 0.523 Thread 0x00000000174b4800 Exception <a 'java/security/PrivilegedActionException'> (0x00000000ebea2a18) thrown at [C:\workspace\8-2-build-windows-amd64-cygwin\jdk8u31\2394\hotspot\src\share\vm\prims\jvm.cpp, line 1312]
Event: 0.807 Thread 0x0000000017474000 Exception <a 'java/security/PrivilegedActionException'> (0x00000000ebbc9f90) thrown at [C:\workspace\8-2-build-windows-amd64-cygwin\jdk8u31\2394\hotspot\src\share\vm\prims\jvm.cpp, line 1312]
Event: 0.819 Thread 0x00000000174b4800 Exception <a 'java/security/PrivilegedActionException'> (0x00000000ebca15f0) thrown at [C:\workspace\8-2-build-windows-amd64-cygwin\jdk8u31\2394\hotspot\src\share\vm\prims\jvm.cpp, line 1312]
Event: 1.102 Thread 0x0000000000fa0800 Exception <a 'java/security/PrivilegedActionException'> (0x00000000ebe2b500) thrown at [C:\workspace\8-2-build-windows-amd64-cygwin\jdk8u31\2394\hotspot\src\share\vm\prims\jvm.cpp, line 1312]
Event: 1.102 Thread 0x0000000000fa0800 Exception <a 'java/security/PrivilegedActionException'> (0x00000000ebe2e148) thrown at [C:\workspace\8-2-build-windows-amd64-cygwin\jdk8u31\2394\hotspot\src\share\vm\prims\jvm.cpp, line 1312]
Event: 1.107 Thread 0x0000000017474000 Exception <a 'java/security/PrivilegedActionException'> (0x00000000ec0010e8) thrown at [C:\workspace\8-2-build-windows-amd64-cygwin\jdk8u31\2394\hotspot\src\share\vm\prims\jvm.cpp, line 1312]
Event: 1.108 Thread 0x0000000017474000 Exception <a 'java/security/PrivilegedActionException'> (0x00000000ec006dc8) thrown at [C:\workspace\8-2-build-windows-amd64-cygwin\jdk8u31\2394\hotspot\src\share\vm\prims\jvm.cpp, line 1312]
Event: 1.109 Thread 0x0000000017474000 Exception <a 'java/security/PrivilegedActionException'> (0x00000000ec00c778) thrown at [C:\workspace\8-2-build-windows-amd64-cygwin\jdk8u31\2394\hotspot\src\share\vm\prims\jvm.cpp, line 1312]
Event: 1.219 Thread 0x0000000017474000 Exception <a 'java/security/PrivilegedActionException'> (0x00000000ebbfd460) thrown at [C:\workspace\8-2-build-windows-amd64-cygwin\jdk8u31\2394\hotspot\src\share\vm\prims\jvm.cpp, line 1312]

Events (10 events):
Event: 1.170 Thread 0x0000000000fa0800 DEOPT PACKING pc=0x000000000380b8cc sp=0x0000000000f6e250
Event: 1.170 Thread 0x0000000000fa0800 DEOPT UNPACKING pc=0x00000000034475bf sp=0x0000000000f6df30 mode 0
Event: 1.191 Thread 0x0000000017d02800 DEOPT PACKING pc=0x0000000003866542 sp=0x00000000185cef50
Event: 1.191 Thread 0x0000000017d02800 DEOPT UNPACKING pc=0x00000000034475bf sp=0x00000000185cece8 mode 0
Event: 1.196 Thread 0x00000000174b4800 DEOPT PACKING pc=0x000000000386ae28 sp=0x00000000187ce830
Event: 1.197 Thread 0x00000000174b4800 DEOPT UNPACKING pc=0x00000000034475bf sp=0x00000000187ce678 mode 0
Event: 1.219 loading class com/android/dx/cf/code/BytecodeArray$ConstantParserVisitor
Event: 1.219 loading class com/android/dx/cf/code/BytecodeArray$ConstantParserVisitor done
Event: 1.230 Thread 0x0000000017d02800 DEOPT PACKING pc=0x0000000003871211 sp=0x00000000185cee40
Event: 1.230 Thread 0x0000000017d02800 DEOPT UNPACKING pc=0x00000000034475bf sp=0x00000000185cec28 mode 0


Dynamic libraries:
0x00007ff644d20000 - 0x00007ff644d54000 	C:\Program Files\Java\jdk1.8.0_31\bin\java.exe
0x00007ffa88b20000 - 0x00007ffa88ccd000 	C:\WINDOWS\SYSTEM32\ntdll.dll
0x00007ffa87f00000 - 0x00007ffa8803e000 	C:\WINDOWS\system32\KERNEL32.DLL
0x00007ffa85d10000 - 0x00007ffa85e25000 	C:\WINDOWS\system32\KERNELBASE.dll
0x00007ffa847e0000 - 0x00007ffa8486e000 	C:\WINDOWS\system32\apphelp.dll
0x00007ffa6e1c0000 - 0x00007ffa6e213000 	C:\WINDOWS\AppPatch\AppPatch64\AcGenral.DLL
0x00007ffa88640000 - 0x00007ffa886ea000 	C:\WINDOWS\system32\msvcrt.dll
0x00007ffa86170000 - 0x00007ffa8619e000 	C:\WINDOWS\system32\SspiCli.dll
0x00007ffa88040000 - 0x00007ffa88094000 	C:\WINDOWS\system32\SHLWAPI.dll
0x00007ffa88260000 - 0x00007ffa883d7000 	C:\WINDOWS\system32\USER32.dll
0x00007ffa864a0000 - 0x00007ffa86634000 	C:\WINDOWS\system32\ole32.dll
0x00007ffa86860000 - 0x00007ffa87d88000 	C:\WINDOWS\system32\SHELL32.dll
0x00007ffa85670000 - 0x00007ffa85691000 	C:\WINDOWS\SYSTEM32\USERENV.dll
0x00007ffa88590000 - 0x00007ffa8863a000 	C:\WINDOWS\system32\ADVAPI32.dll
0x00007ffa7fce0000 - 0x00007ffa7fcfe000 	C:\WINDOWS\SYSTEM32\MPR.dll
0x00007ffa88450000 - 0x00007ffa88590000 	C:\WINDOWS\system32\RPCRT4.dll
0x00007ffa86650000 - 0x00007ffa866a9000 	C:\WINDOWS\SYSTEM32\sechost.dll
0x00007ffa861c0000 - 0x00007ffa863d1000 	C:\WINDOWS\SYSTEM32\combase.dll
0x00007ffa86710000 - 0x00007ffa8685f000 	C:\WINDOWS\system32\GDI32.dll
0x00007ffa85c40000 - 0x00007ffa85c55000 	C:\WINDOWS\SYSTEM32\profapi.dll
0x00007ffa841b0000 - 0x00007ffa84262000 	C:\WINDOWS\SYSTEM32\SHCORE.dll
0x00007ffa87e50000 - 0x00007ffa87e86000 	C:\WINDOWS\system32\IMM32.DLL
0x00007ffa887e0000 - 0x00007ffa88932000 	C:\WINDOWS\system32\MSCTF.dll
0x00007ffa83d30000 - 0x00007ffa83fab000 	C:\WINDOWS\WinSxS\amd64_microsoft.windows.common-controls_6595b64144ccf1df_6.0.9600.18006_none_623f33d3ecbe86e8\COMCTL32.dll
0x000000005ab30000 - 0x000000005ac02000 	C:\Program Files\Java\jdk1.8.0_31\jre\bin\msvcr100.dll
0x0000000059450000 - 0x0000000059caa000 	C:\Program Files\Java\jdk1.8.0_31\jre\bin\server\jvm.dll
0x00007ffa7c230000 - 0x00007ffa7c239000 	C:\WINDOWS\SYSTEM32\WSOCK32.dll
0x00007ffa819d0000 - 0x00007ffa819f2000 	C:\WINDOWS\SYSTEM32\WINMM.dll
0x00007ffa861a0000 - 0x00007ffa861a7000 	C:\WINDOWS\system32\PSAPI.DLL
0x00007ffa866b0000 - 0x00007ffa8670a000 	C:\WINDOWS\system32\WS2_32.dll
0x00007ffa81670000 - 0x00007ffa8169a000 	C:\WINDOWS\SYSTEM32\WINMMBASE.dll
0x00007ffa87ef0000 - 0x00007ffa87ef9000 	C:\WINDOWS\system32\NSI.dll
0x00007ffa860c0000 - 0x00007ffa8610f000 	C:\WINDOWS\SYSTEM32\cfgmgr32.dll
0x00007ffa84a50000 - 0x00007ffa84a78000 	C:\WINDOWS\SYSTEM32\DEVOBJ.dll
0x000000005ab20000 - 0x000000005ab2f000 	C:\Program Files\Java\jdk1.8.0_31\jre\bin\verify.dll
0x000000005aaf0000 - 0x000000005ab18000 	C:\Program Files\Java\jdk1.8.0_31\jre\bin\java.dll
0x000000005aad0000 - 0x000000005aae6000 	C:\Program Files\Java\jdk1.8.0_31\jre\bin\zip.dll
0x00007ffa80710000 - 0x00007ffa80899000 	C:\WINDOWS\SYSTEM32\dbghelp.dll

VM Arguments:
jvm_args: -Djava.awt.headless=true -Xmx1024M -Dfile.encoding=windows-1252 -Duser.country=CA -Duser.language=en -Duser.variant 
java_command: com.android.dx.command.Main --dex --force-jumbo --num-threads=4 --multi-dex --output C:\Users\Saketh\Desktop\Honours Project\Marked\app\build\intermediates\transforms\dex\debug\folders\1000\10\com.google.android.gms-play-services-maps-10.2.1_36a76e49c10b95b33852cc47bc3f0453d0665d1d C:\Users\Saketh\Desktop\Honours Project\Marked\app\build\intermediates\exploded-aar\com.google.android.gms\play-services-maps\10.2.1\jars\classes.jar
java_class_path (initial): C:\Users\Saketh\Desktop\New folder\adt-bundle-windows-x86_64-20130522\sdk\build-tools\25.0.0\lib\dx.jar
Launcher Type: SUN_STANDARD

Environment Variables:
PATH=C:\ProgramData\Oracle\Java\javapath;C:\Program Files (x86)\NVIDIA Corporation\PhysX\Common;C:\Program Files (x86)\Intel\iCLS Client\;C:\Program Files\Intel\iCLS Client\;C:\WINDOWS\system32;C:\WINDOWS;C:\WINDOWS\System32\Wbem;C:\WINDOWS\System32\WindowsPowerShell\v1.0\;C:\Program Files\Intel\Intel(R) Management Engine Components\DAL;C:\Program Files\Intel\Intel(R) Management Engine Components\IPT;C:\Program Files (x86)\Intel\Intel(R) Management Engine Components\DAL;C:\Program Files (x86)\Intel\Intel(R) Management Engine Components\IPT;C:\Program Files\Microsoft\Web Platform Installer\;C:\Program Files\Intel\WiFi\bin\;C:\Program Files\Common Files\Intel\WirelessCommon\;C:\Program Files (x86)\MiKTeX 2.9\miktex\bin\;C:\Program Files (x86)\Skype\Phone\;C:\Program Files\TortoiseGit\bin
USERNAME=Saketh
OS=Windows_NT
PROCESSOR_IDENTIFIER=Intel64 Family 6 Model 58 Stepping 9, GenuineIntel



---------------  S Y S T E M  ---------------

OS: Windows 8.1 , 64 bit Build 9600 

CPU:total 8 (4 cores per cpu, 2 threads per core) family 6 model 58 stepping 9, cmov, cx8, fxsr, mmx, sse, sse2, sse3, ssse3, sse4.1, sse4.2, popcnt, avx, aes, clmul, erms, ht, tsc, tscinvbit, tscinv

Memory: 4k page, physical 8334620k(1171040k free), swap 11480348k(5096k free)

vm_info: Java HotSpot(TM) 64-Bit Server VM (25.31-b07) for windows-amd64 JRE (1.8.0_31-b13), built on Dec 17 2014 21:00:28 by "java_re" with MS VC++ 10.0 (VS2010)

time: Mon May 01 19:04:46 2017
elapsed time: 1 seconds (0d 0h 0m 1s)

