#
# There is insufficient memory for the Java Runtime Environment to continue.
# Native memory allocation (malloc) failed to allocate 1568736 bytes for Chunk::new
# Possible reasons:
#   The system is out of physical RAM or swap space
#   In 32 bit mode, the process size limit was hit
# Possible solutions:
#   Reduce memory load on the system
#   Increase physical memory or swap space
#   Check if swap backing store is full
#   Use 64 bit Java on a 64 bit OS
#   Decrease Java heap size (-Xmx/-Xms)
#   Decrease number of Java threads
#   Decrease Java thread stack sizes (-Xss)
#   Set larger code cache with -XX:ReservedCodeCacheSize=
# This output file may be truncated or incomplete.
#
#  Out of Memory Error (allocation.cpp:390), pid=14260, tid=2948
#
# JRE version: Java(TM) SE Runtime Environment (8.0_31-b13) (build 1.8.0_31-b13)
# Java VM: Java HotSpot(TM) 64-Bit Server VM (25.31-b07 mixed mode windows-amd64 compressed oops)
# Failed to write core dump. Minidumps are not enabled by default on client versions of Windows
#

---------------  T H R E A D  ---------------

Current thread (0x0000000016a15000):  JavaThread "C2 CompilerThread2" daemon [_thread_in_native, id=2948, stack(0x00000000171e0000,0x00000000172e0000)]

Stack: [0x00000000171e0000,0x00000000172e0000]
Native frames: (J=compiled Java code, j=interpreted, Vv=VM code, C=native code)
V  [jvm.dll+0x3169ba]


Current CompileTask:
C2:   2159 1226   !   4       com.android.dx.cf.code.BytecodeArray::parseInstruction (2764 bytes)


---------------  P R O C E S S  ---------------

Java Threads: ( => current thread )
  0x00000000176eb000 JavaThread "pool-2-thread-4" [_thread_blocked, id=12536, stack(0x00000000181e0000,0x00000000182e0000)]
  0x0000000017614800 JavaThread "pool-2-thread-3" [_thread_blocked, id=7876, stack(0x00000000180e0000,0x00000000181e0000)]
  0x0000000017613800 JavaThread "pool-2-thread-2" [_thread_blocked, id=13320, stack(0x0000000017fe0000,0x00000000180e0000)]
  0x0000000016dab800 JavaThread "pool-3-thread-1" [_thread_blocked, id=5652, stack(0x0000000017ee0000,0x0000000017fe0000)]
  0x0000000016d2d000 JavaThread "pool-2-thread-1" [_thread_blocked, id=7284, stack(0x0000000017de0000,0x0000000017ee0000)]
  0x0000000016aa8800 JavaThread "Service Thread" daemon [_thread_blocked, id=2184, stack(0x00000000173e0000,0x00000000174e0000)]
  0x0000000016a18000 JavaThread "C1 CompilerThread3" daemon [_thread_blocked, id=8028, stack(0x00000000172e0000,0x00000000173e0000)]
=>0x0000000016a15000 JavaThread "C2 CompilerThread2" daemon [_thread_in_native, id=2948, stack(0x00000000171e0000,0x00000000172e0000)]
  0x0000000016a0d800 JavaThread "C2 CompilerThread1" daemon [_thread_in_native, id=13748, stack(0x00000000170e0000,0x00000000171e0000)]
  0x0000000016a0b800 JavaThread "C2 CompilerThread0" daemon [_thread_in_native, id=1348, stack(0x0000000016fe0000,0x00000000170e0000)]
  0x0000000016a06000 JavaThread "Attach Listener" daemon [_thread_blocked, id=6860, stack(0x0000000016ee0000,0x0000000016fe0000)]
  0x0000000016a05800 JavaThread "Signal Dispatcher" daemon [_thread_blocked, id=11728, stack(0x0000000016de0000,0x0000000016ee0000)]
  0x0000000001ec9800 JavaThread "Finalizer" daemon [_thread_blocked, id=12268, stack(0x00000000168e0000,0x00000000169e0000)]
  0x0000000001ec2000 JavaThread "Reference Handler" daemon [_thread_blocked, id=13020, stack(0x00000000167e0000,0x00000000168e0000)]
  0x0000000001dd0800 JavaThread "main" [_thread_blocked, id=13844, stack(0x0000000001c40000,0x0000000001d40000)]

Other Threads:
  0x0000000014a19000 VMThread [stack: 0x00000000166e0000,0x00000000167e0000] [id=8484]
  0x0000000016aaa800 WatcherThread [stack: 0x00000000174e0000,0x00000000175e0000] [id=9660]

VM state:not at safepoint (normal execution)

VM Mutex/Monitor currently owned by a thread: None

Heap:
 PSYoungGen      total 38400K, used 8485K [0x00000000eab00000, 0x00000000ef600000, 0x0000000100000000)
  eden space 33280K, 10% used [0x00000000eab00000,0x00000000eae4b9f8,0x00000000ecb80000)
  from space 5120K, 99% used [0x00000000ecb80000,0x00000000ed07dab0,0x00000000ed080000)
  to   space 5120K, 0% used [0x00000000ef100000,0x00000000ef100000,0x00000000ef600000)
 ParOldGen       total 87552K, used 939K [0x00000000c0000000, 0x00000000c5580000, 0x00000000eab00000)
  object space 87552K, 1% used [0x00000000c0000000,0x00000000c00ead58,0x00000000c5580000)
 Metaspace       used 5939K, capacity 6896K, committed 7040K, reserved 1056768K
  class space    used 589K, capacity 616K, committed 640K, reserved 1048576K

Card table byte_map: [0x00000000113c0000,0x00000000115d0000] byte_map_base: 0x0000000010dc0000

Marking Bits: (ParMarkBitMap*) 0x0000000059c2d4f0
 Begin Bits: [0x0000000011e30000, 0x0000000012e30000)
 End Bits:   [0x0000000012e30000, 0x0000000013e30000)

Polling page: 0x0000000001bf0000

CodeCache: size=245760Kb used=4880Kb max_used=4880Kb free=240879Kb
 bounds [0x0000000002000000, 0x00000000024d0000, 0x0000000011000000]
 total_blobs=1504 nmethods=1239 adapters=179
 compilation: enabled

Compilation events (10 events):
Event: 2.152 Thread 0x0000000016a18000 nmethod 1238 0x00000000024c2f50 code [0x00000000024c30a0, 0x00000000024c3210]
Event: 2.152 Thread 0x0000000016a18000 1247       3       com.android.dx.rop.code.AccessFlags::isStatic (13 bytes)
Event: 2.152 Thread 0x0000000016a18000 nmethod 1247 0x00000000024c32d0 code [0x00000000024c3420, 0x00000000024c35b0]
Event: 2.152 Thread 0x0000000016a18000 1248       3       com.android.dx.cf.code.LocalVariableList$Item::getLocalItem (12 bytes)
Event: 2.152 Thread 0x0000000016a18000 nmethod 1248 0x00000000024c3650 code [0x00000000024c37c0, 0x00000000024c3b30]
Event: 2.152 Thread 0x0000000016a18000 1251       3       com.android.dx.cf.code.Ropper::addExceptionSetupBlocks (203 bytes)
Event: 2.155 Thread 0x0000000016a18000 nmethod 1251 0x00000000024c3c90 code [0x00000000024c4060, 0x00000000024c63a8]
Event: 2.155 Thread 0x0000000016a18000 1252       3       com.android.dx.rop.cst.CstBaseMethodRef::isInstanceInit (8 bytes)
Event: 2.156 Thread 0x0000000016a18000 nmethod 1252 0x00000000024c7e10 code [0x00000000024c7f80, 0x00000000024c83a8]
Event: 2.156 Thread 0x0000000016a18000 1249       3       com.android.dx.rop.code.LocalItem::make (20 bytes)

GC Heap History (2 events):
Event: 1.987 GC heap before
{Heap before GC invocations=1 (full 0):
 PSYoungGen      total 38400K, used 33280K [0x00000000eab00000, 0x00000000ed580000, 0x0000000100000000)
  eden space 33280K, 100% used [0x00000000eab00000,0x00000000ecb80000,0x00000000ecb80000)
  from space 5120K, 0% used [0x00000000ed080000,0x00000000ed080000,0x00000000ed580000)
  to   space 5120K, 0% used [0x00000000ecb80000,0x00000000ecb80000,0x00000000ed080000)
 ParOldGen       total 87552K, used 0K [0x00000000c0000000, 0x00000000c5580000, 0x00000000eab00000)
  object space 87552K, 0% used [0x00000000c0000000,0x00000000c0000000,0x00000000c5580000)
 Metaspace       used 5911K, capacity 6896K, committed 7040K, reserved 1056768K
  class space    used 589K, capacity 616K, committed 640K, reserved 1048576K
Event: 2.019 GC heap after
Heap after GC invocations=1 (full 0):
 PSYoungGen      total 38400K, used 5110K [0x00000000eab00000, 0x00000000ef600000, 0x0000000100000000)
  eden space 33280K, 0% used [0x00000000eab00000,0x00000000eab00000,0x00000000ecb80000)
  from space 5120K, 99% used [0x00000000ecb80000,0x00000000ed07dab0,0x00000000ed080000)
  to   space 5120K, 0% used [0x00000000ef100000,0x00000000ef100000,0x00000000ef600000)
 ParOldGen       total 87552K, used 939K [0x00000000c0000000, 0x00000000c5580000, 0x00000000eab00000)
  object space 87552K, 1% used [0x00000000c0000000,0x00000000c00ead58,0x00000000c5580000)
 Metaspace       used 5911K, capacity 6896K, committed 7040K, reserved 1056768K
  class space    used 589K, capacity 616K, committed 640K, reserved 1048576K
}

Deoptimization events (0 events):
No events

Internal exceptions (10 events):
Event: 1.188 Thread 0x0000000016d2d000 Exception <a 'java/security/PrivilegedActionException'> (0x00000000eb88ae70) thrown at [C:\workspace\8-2-build-windows-amd64-cygwin\jdk8u31\2394\hotspot\src\share\vm\prims\jvm.cpp, line 1312]
Event: 1.202 Thread 0x0000000017614800 Exception <a 'java/security/PrivilegedActionException'> (0x00000000eb9f9de8) thrown at [C:\workspace\8-2-build-windows-amd64-cygwin\jdk8u31\2394\hotspot\src\share\vm\prims\jvm.cpp, line 1312]
Event: 1.225 Thread 0x0000000017613800 Exception <a 'java/security/PrivilegedActionException'> (0x00000000ebbec190) thrown at [C:\workspace\8-2-build-windows-amd64-cygwin\jdk8u31\2394\hotspot\src\share\vm\prims\jvm.cpp, line 1312]
Event: 1.238 Thread 0x0000000017613800 Exception <a 'java/security/PrivilegedActionException'> (0x00000000ebc268c0) thrown at [C:\workspace\8-2-build-windows-amd64-cygwin\jdk8u31\2394\hotspot\src\share\vm\prims\jvm.cpp, line 1312]
Event: 1.239 Thread 0x0000000017613800 Exception <a 'java/security/PrivilegedActionException'> (0x00000000ebc2c5a0) thrown at [C:\workspace\8-2-build-windows-amd64-cygwin\jdk8u31\2394\hotspot\src\share\vm\prims\jvm.cpp, line 1312]
Event: 1.240 Thread 0x0000000017613800 Exception <a 'java/security/PrivilegedActionException'> (0x00000000ebc31fd0) thrown at [C:\workspace\8-2-build-windows-amd64-cygwin\jdk8u31\2394\hotspot\src\share\vm\prims\jvm.cpp, line 1312]
Event: 1.310 Thread 0x00000000176eb000 Exception <a 'java/security/PrivilegedActionException'> (0x00000000ebce1708) thrown at [C:\workspace\8-2-build-windows-amd64-cygwin\jdk8u31\2394\hotspot\src\share\vm\prims\jvm.cpp, line 1312]
Event: 1.317 Thread 0x00000000176eb000 Exception <a 'java/security/PrivilegedActionException'> (0x00000000ebcfb0a8) thrown at [C:\workspace\8-2-build-windows-amd64-cygwin\jdk8u31\2394\hotspot\src\share\vm\prims\jvm.cpp, line 1312]
Event: 1.797 Thread 0x0000000001dd0800 Exception <a 'java/security/PrivilegedActionException'> (0x00000000ebf701f8) thrown at [C:\workspace\8-2-build-windows-amd64-cygwin\jdk8u31\2394\hotspot\src\share\vm\prims\jvm.cpp, line 1312]
Event: 1.818 Thread 0x0000000001dd0800 Exception <a 'java/security/PrivilegedActionException'> (0x00000000ebf8a688) thrown at [C:\workspace\8-2-build-windows-amd64-cygwin\jdk8u31\2394\hotspot\src\share\vm\prims\jvm.cpp, line 1312]

Events (10 events):
Event: 1.436 Executing VM operation: ForceSafepoint
Event: 1.458 Executing VM operation: ForceSafepoint done
Event: 1.658 loading class java/util/DualPivotQuicksort
Event: 1.658 loading class java/util/DualPivotQuicksort done
Event: 1.797 loading class com/android/dx/cf/attrib/AttRuntimeVisibleAnnotations
Event: 1.797 loading class com/android/dx/cf/attrib/AttRuntimeVisibleAnnotations done
Event: 1.818 loading class com/android/dx/cf/attrib/AttExceptions
Event: 1.818 loading class com/android/dx/cf/attrib/AttExceptions done
Event: 1.925 Executing VM operation: ParallelGCFailedAllocation
Event: 2.019 Executing VM operation: ParallelGCFailedAllocation done


Dynamic libraries:
0x00007ff644d20000 - 0x00007ff644d54000 	C:\Program Files\Java\jdk1.8.0_31\bin\java.exe
0x00007ffa88b20000 - 0x00007ffa88ccd000 	C:\WINDOWS\SYSTEM32\ntdll.dll
0x00007ffa87f00000 - 0x00007ffa8803e000 	C:\WINDOWS\system32\KERNEL32.DLL
0x00007ffa85d10000 - 0x00007ffa85e25000 	C:\WINDOWS\system32\KERNELBASE.dll
0x00007ffa847e0000 - 0x00007ffa8486e000 	C:\WINDOWS\system32\apphelp.dll
0x00007ffa6d0a0000 - 0x00007ffa6d0f3000 	C:\WINDOWS\AppPatch\AppPatch64\AcGenral.DLL
0x00007ffa88640000 - 0x00007ffa886ea000 	C:\WINDOWS\system32\msvcrt.dll
0x00007ffa86170000 - 0x00007ffa8619e000 	C:\WINDOWS\system32\SspiCli.dll
0x00007ffa88040000 - 0x00007ffa88094000 	C:\WINDOWS\system32\SHLWAPI.dll
0x00007ffa88260000 - 0x00007ffa883d7000 	C:\WINDOWS\system32\USER32.dll
0x00007ffa864a0000 - 0x00007ffa86634000 	C:\WINDOWS\system32\ole32.dll
0x00007ffa86860000 - 0x00007ffa87d88000 	C:\WINDOWS\system32\SHELL32.dll
0x00007ffa85670000 - 0x00007ffa85691000 	C:\WINDOWS\SYSTEM32\USERENV.dll
0x00007ffa88590000 - 0x00007ffa8863a000 	C:\WINDOWS\system32\ADVAPI32.dll
0x00007ffa7fce0000 - 0x00007ffa7fcfe000 	C:\WINDOWS\SYSTEM32\MPR.dll
0x00007ffa88450000 - 0x00007ffa88590000 	C:\WINDOWS\system32\RPCRT4.dll
0x00007ffa86650000 - 0x00007ffa866a9000 	C:\WINDOWS\SYSTEM32\sechost.dll
0x00007ffa861c0000 - 0x00007ffa863d1000 	C:\WINDOWS\SYSTEM32\combase.dll
0x00007ffa86710000 - 0x00007ffa8685f000 	C:\WINDOWS\system32\GDI32.dll
0x00007ffa85c40000 - 0x00007ffa85c55000 	C:\WINDOWS\SYSTEM32\profapi.dll
0x00007ffa841b0000 - 0x00007ffa84262000 	C:\WINDOWS\SYSTEM32\SHCORE.dll
0x00007ffa87e50000 - 0x00007ffa87e86000 	C:\WINDOWS\system32\IMM32.DLL
0x00007ffa887e0000 - 0x00007ffa88932000 	C:\WINDOWS\system32\MSCTF.dll
0x00007ffa83d30000 - 0x00007ffa83fab000 	C:\WINDOWS\WinSxS\amd64_microsoft.windows.common-controls_6595b64144ccf1df_6.0.9600.18006_none_623f33d3ecbe86e8\COMCTL32.dll
0x000000005ab30000 - 0x000000005ac02000 	C:\Program Files\Java\jdk1.8.0_31\jre\bin\msvcr100.dll
0x0000000059450000 - 0x0000000059caa000 	C:\Program Files\Java\jdk1.8.0_31\jre\bin\server\jvm.dll
0x00007ffa7c230000 - 0x00007ffa7c239000 	C:\WINDOWS\SYSTEM32\WSOCK32.dll
0x00007ffa819d0000 - 0x00007ffa819f2000 	C:\WINDOWS\SYSTEM32\WINMM.dll
0x00007ffa861a0000 - 0x00007ffa861a7000 	C:\WINDOWS\system32\PSAPI.DLL
0x00007ffa866b0000 - 0x00007ffa8670a000 	C:\WINDOWS\system32\WS2_32.dll
0x00007ffa81670000 - 0x00007ffa8169a000 	C:\WINDOWS\SYSTEM32\WINMMBASE.dll
0x00007ffa87ef0000 - 0x00007ffa87ef9000 	C:\WINDOWS\system32\NSI.dll
0x00007ffa860c0000 - 0x00007ffa8610f000 	C:\WINDOWS\SYSTEM32\cfgmgr32.dll
0x00007ffa84a50000 - 0x00007ffa84a78000 	C:\WINDOWS\SYSTEM32\DEVOBJ.dll
0x000000005ab20000 - 0x000000005ab2f000 	C:\Program Files\Java\jdk1.8.0_31\jre\bin\verify.dll
0x000000005aaf0000 - 0x000000005ab18000 	C:\Program Files\Java\jdk1.8.0_31\jre\bin\java.dll
0x000000005aad0000 - 0x000000005aae6000 	C:\Program Files\Java\jdk1.8.0_31\jre\bin\zip.dll

VM Arguments:
jvm_args: -Djava.awt.headless=true -Xmx1024M -Dfile.encoding=windows-1252 -Duser.country=CA -Duser.language=en -Duser.variant 
java_command: com.android.dx.command.Main --dex --force-jumbo --num-threads=4 --multi-dex --output C:\Users\Saketh\Desktop\Honours Project\Marked\app\build\intermediates\transforms\dex\debug\folders\1000\10\com.android.support-support-media-compat-25.3.0_b0a9ad44914d1701f8e9f7ef2c34837de2031dd1 C:\Users\Saketh\Desktop\Honours Project\Marked\app\build\intermediates\exploded-aar\com.android.support\support-media-compat\25.3.0\jars\classes.jar
java_class_path (initial): C:\Users\Saketh\Desktop\New folder\adt-bundle-windows-x86_64-20130522\sdk\build-tools\25.0.0\lib\dx.jar
Launcher Type: SUN_STANDARD

Environment Variables:
PATH=C:\ProgramData\Oracle\Java\javapath;C:\Program Files (x86)\NVIDIA Corporation\PhysX\Common;C:\Program Files (x86)\Intel\iCLS Client\;C:\Program Files\Intel\iCLS Client\;C:\WINDOWS\system32;C:\WINDOWS;C:\WINDOWS\System32\Wbem;C:\WINDOWS\System32\WindowsPowerShell\v1.0\;C:\Program Files\Intel\Intel(R) Management Engine Components\DAL;C:\Program Files\Intel\Intel(R) Management Engine Components\IPT;C:\Program Files (x86)\Intel\Intel(R) Management Engine Components\DAL;C:\Program Files (x86)\Intel\Intel(R) Management Engine Components\IPT;C:\Program Files\Microsoft\Web Platform Installer\;C:\Program Files\Intel\WiFi\bin\;C:\Program Files\Common Files\Intel\WirelessCommon\;C:\Program Files (x86)\MiKTeX 2.9\miktex\bin\;C:\Program Files (x86)\Skype\Phone\;C:\Program Files\TortoiseGit\bin
USERNAME=Saketh
OS=Windows_NT
PROCESSOR_IDENTIFIER=Intel64 Family 6 Model 58 Stepping 9, GenuineIntel



---------------  S Y S T E M  ---------------

OS: Windows 8.1 , 64 bit Build 9600 

CPU:total 8 (4 cores per cpu, 2 threads per core) family 6 model 58 stepping 9, cmov, cx8, fxsr, mmx, sse, sse2, sse3, ssse3, sse4.1, sse4.2, popcnt, avx, aes, clmul, erms, ht, tsc, tscinvbit, tscinv

Memory: 4k page, physical 8334620k(1222324k free), swap 11480348k(5140k free)

vm_info: Java HotSpot(TM) 64-Bit Server VM (25.31-b07) for windows-amd64 JRE (1.8.0_31-b13), built on Dec 17 2014 21:00:28 by "java_re" with MS VC++ 10.0 (VS2010)

time: Tue May 02 17:09:16 2017
elapsed time: 2 seconds (0d 0h 0m 2s)

