#
# There is insufficient memory for the Java Runtime Environment to continue.
# Native memory allocation (malloc) failed to allocate 636016 bytes for Chunk::new
# Possible reasons:
#   The system is out of physical RAM or swap space
#   In 32 bit mode, the process size limit was hit
# Possible solutions:
#   Reduce memory load on the system
#   Increase physical memory or swap space
#   Check if swap backing store is full
#   Use 64 bit Java on a 64 bit OS
#   Decrease Java heap size (-Xmx/-Xms)
#   Decrease number of Java threads
#   Decrease Java thread stack sizes (-Xss)
#   Set larger code cache with -XX:ReservedCodeCacheSize=
# This output file may be truncated or incomplete.
#
#  Out of Memory Error (allocation.cpp:390), pid=8484, tid=10776
#
# JRE version: Java(TM) SE Runtime Environment (8.0_31-b13) (build 1.8.0_31-b13)
# Java VM: Java HotSpot(TM) 64-Bit Server VM (25.31-b07 mixed mode windows-amd64 compressed oops)
# Failed to write core dump. Minidumps are not enabled by default on client versions of Windows
#

---------------  T H R E A D  ---------------

Current thread (0x0000000016b62800):  JavaThread "C2 CompilerThread1" daemon [_thread_in_native, id=10776, stack(0x0000000017230000,0x0000000017330000)]

Stack: [0x0000000017230000,0x0000000017330000]
Native frames: (J=compiled Java code, j=interpreted, Vv=VM code, C=native code)
V  [jvm.dll+0x3169ba]
V  [jvm.dll+0x2674c3]
V  [jvm.dll+0x268103]
V  [jvm.dll+0x25f8f5]
V  [jvm.dll+0xbf025]
V  [jvm.dll+0xbf4cc]
V  [jvm.dll+0x4798bc]
V  [jvm.dll+0x446c9b]
V  [jvm.dll+0x451bce]
V  [jvm.dll+0x4541b8]
V  [jvm.dll+0x437c62]
V  [jvm.dll+0x988e2]
V  [jvm.dll+0x990d3]
V  [jvm.dll+0x22c194]
V  [jvm.dll+0x28576a]
C  [msvcr100.dll+0x21d9f]
C  [msvcr100.dll+0x21e3b]
C  [KERNEL32.DLL+0x13d2]
C  [ntdll.dll+0x154e4]


Current CompileTask:
C2:   2233 1360       4       com.android.dx.ssa.SCCP::simulateBlock (54 bytes)


---------------  P R O C E S S  ---------------

Java Threads: ( => current thread )
  0x0000000016df9000 JavaThread "pool-2-thread-4" [_thread_blocked, id=13184, stack(0x0000000017b30000,0x0000000017c30000)]
  0x0000000016ded800 JavaThread "pool-2-thread-3" [_thread_in_Java, id=292, stack(0x0000000017a30000,0x0000000017b30000)]
  0x0000000016dea800 JavaThread "pool-2-thread-2" [_thread_blocked, id=7876, stack(0x0000000017930000,0x0000000017a30000)]
  0x0000000016daf000 JavaThread "pool-3-thread-1" [_thread_blocked, id=11136, stack(0x0000000017830000,0x0000000017930000)]
  0x0000000016dae000 JavaThread "pool-2-thread-1" [_thread_blocked, id=10028, stack(0x0000000017730000,0x0000000017830000)]
  0x0000000016bfa000 JavaThread "Service Thread" daemon [_thread_blocked, id=14276, stack(0x0000000017530000,0x0000000017630000)]
  0x0000000016b79800 JavaThread "C1 CompilerThread3" daemon [_thread_blocked, id=9092, stack(0x0000000017430000,0x0000000017530000)]
  0x0000000016b66800 JavaThread "C2 CompilerThread2" daemon [_thread_blocked, id=12236, stack(0x0000000017330000,0x0000000017430000)]
=>0x0000000016b62800 JavaThread "C2 CompilerThread1" daemon [_thread_in_native, id=10776, stack(0x0000000017230000,0x0000000017330000)]
  0x0000000016b59000 JavaThread "C2 CompilerThread0" daemon [_thread_blocked, id=5688, stack(0x0000000017130000,0x0000000017230000)]
  0x0000000016b57000 JavaThread "Attach Listener" daemon [_thread_blocked, id=14172, stack(0x0000000017030000,0x0000000017130000)]
  0x0000000016b56000 JavaThread "Signal Dispatcher" daemon [_thread_blocked, id=12512, stack(0x0000000016f30000,0x0000000017030000)]
  0x0000000001eea800 JavaThread "Finalizer" daemon [_thread_blocked, id=13528, stack(0x0000000016a30000,0x0000000016b30000)]
  0x0000000001ee3000 JavaThread "Reference Handler" daemon [_thread_blocked, id=9284, stack(0x0000000016930000,0x0000000016a30000)]
  0x0000000001df0800 JavaThread "main" [_thread_blocked, id=11232, stack(0x0000000001c30000,0x0000000001d30000)]

Other Threads:
  0x0000000014b18800 VMThread [stack: 0x0000000016830000,0x0000000016930000] [id=11380]
  0x0000000016bfc000 WatcherThread [stack: 0x0000000017630000,0x0000000017730000] [id=12096]

VM state:not at safepoint (normal execution)

VM Mutex/Monitor currently owned by a thread: None

Heap:
 PSYoungGen      total 38400K, used 14420K [0x00000000eab00000, 0x00000000ef600000, 0x0000000100000000)
  eden space 33280K, 27% used [0x00000000eab00000,0x00000000eb417d70,0x00000000ecb80000)
  from space 5120K, 99% used [0x00000000ecb80000,0x00000000ed07d640,0x00000000ed080000)
  to   space 5120K, 0% used [0x00000000ef100000,0x00000000ef100000,0x00000000ef600000)
 ParOldGen       total 87552K, used 1315K [0x00000000c0000000, 0x00000000c5580000, 0x00000000eab00000)
  object space 87552K, 1% used [0x00000000c0000000,0x00000000c0148dd8,0x00000000c5580000)
 Metaspace       used 5998K, capacity 6960K, committed 7040K, reserved 1056768K
  class space    used 588K, capacity 616K, committed 640K, reserved 1048576K

Card table byte_map: [0x00000000113c0000,0x00000000115d0000] byte_map_base: 0x0000000010dc0000

Marking Bits: (ParMarkBitMap*) 0x0000000059c2d4f0
 Begin Bits: [0x0000000011f30000, 0x0000000012f30000)
 End Bits:   [0x0000000012f30000, 0x0000000013f30000)

Polling page: 0x0000000000310000

CodeCache: size=245760Kb used=5309Kb max_used=5320Kb free=240450Kb
 bounds [0x0000000002000000, 0x0000000002540000, 0x0000000011000000]
 total_blobs=1630 nmethods=1367 adapters=177
 compilation: enabled

Compilation events (10 events):
Event: 2.087 Thread 0x0000000016b59000 1363       4       com.android.dx.ssa.SsaBasicBlock::scheduleMovesFromPhis (108 bytes)
Event: 2.087 Thread 0x0000000016b66800 1364       4       com.android.dx.ssa.back.SsaToRop$1::visitBlock (97 bytes)
Event: 2.092 Thread 0x0000000016b59000 nmethod 1363 0x0000000002522ad0 code [0x0000000002522c60, 0x0000000002522f90]
Event: 2.113 Thread 0x0000000016b66800 nmethod 1364 0x0000000002525010 code [0x0000000002525220, 0x0000000002525ce0]
Event: 2.114 Thread 0x0000000016b59000 1365       4       com.android.dx.ssa.SsaBasicBlock::<init> (109 bytes)
Event: 2.114 Thread 0x0000000016b79800 1366       3       com.android.dx.ssa.back.InterferenceGraph::<init> (42 bytes)
Event: 2.115 Thread 0x0000000016b79800 nmethod 1366 0x0000000002526ed0 code [0x00000000025270e0, 0x0000000002527ba8]
Event: 2.115 Thread 0x0000000016b79800 1367       3       com.android.dx.ssa.back.FirstFitLocalCombiningAllocator::handleUnassociatedParameters (60 bytes)
Event: 2.116 Thread 0x0000000016b79800 nmethod 1367 0x0000000002534710 code [0x00000000025348c0, 0x0000000002534f58]
Event: 2.125 Thread 0x0000000016b59000 nmethod 1365 0x0000000002536f90 code [0x0000000002537120, 0x00000000025377d8]

GC Heap History (2 events):
Event: 1.273 GC heap before
{Heap before GC invocations=1 (full 0):
 PSYoungGen      total 38400K, used 33280K [0x00000000eab00000, 0x00000000ed580000, 0x0000000100000000)
  eden space 33280K, 100% used [0x00000000eab00000,0x00000000ecb80000,0x00000000ecb80000)
  from space 5120K, 0% used [0x00000000ed080000,0x00000000ed080000,0x00000000ed580000)
  to   space 5120K, 0% used [0x00000000ecb80000,0x00000000ecb80000,0x00000000ed080000)
 ParOldGen       total 87552K, used 0K [0x00000000c0000000, 0x00000000c5580000, 0x00000000eab00000)
  object space 87552K, 0% used [0x00000000c0000000,0x00000000c0000000,0x00000000c5580000)
 Metaspace       used 5902K, capacity 6896K, committed 7040K, reserved 1056768K
  class space    used 588K, capacity 616K, committed 640K, reserved 1048576K
Event: 1.519 GC heap after
Heap after GC invocations=1 (full 0):
 PSYoungGen      total 38400K, used 5109K [0x00000000eab00000, 0x00000000ef600000, 0x0000000100000000)
  eden space 33280K, 0% used [0x00000000eab00000,0x00000000eab00000,0x00000000ecb80000)
  from space 5120K, 99% used [0x00000000ecb80000,0x00000000ed07d640,0x00000000ed080000)
  to   space 5120K, 0% used [0x00000000ef100000,0x00000000ef100000,0x00000000ef600000)
 ParOldGen       total 87552K, used 1315K [0x00000000c0000000, 0x00000000c5580000, 0x00000000eab00000)
  object space 87552K, 1% used [0x00000000c0000000,0x00000000c0148dd8,0x00000000c5580000)
 Metaspace       used 5902K, capacity 6896K, committed 7040K, reserved 1056768K
  class space    used 588K, capacity 616K, committed 640K, reserved 1048576K
}

Deoptimization events (1 events):
Event: 1.077 Thread 0x0000000016df9000 Uncommon trap: reason=unreached action=reinterpret pc=0x000000000236639c method=com.android.dx.ssa.SsaMethod.updateOneDefinition(Lcom/android/dx/ssa/SsaInsn;Lcom/android/dx/rop/code/RegisterSpec;)V @ 4

Internal exceptions (10 events):
Event: 0.578 Thread 0x0000000016df9000 Exception <a 'java/security/PrivilegedActionException'> (0x00000000eb3fbb20) thrown at [C:\workspace\8-2-build-windows-amd64-cygwin\jdk8u31\2394\hotspot\src\share\vm\prims\jvm.cpp, line 1312]
Event: 0.581 Thread 0x0000000016df9000 Exception <a 'java/security/PrivilegedActionException'> (0x00000000eb401800) thrown at [C:\workspace\8-2-build-windows-amd64-cygwin\jdk8u31\2394\hotspot\src\share\vm\prims\jvm.cpp, line 1312]
Event: 0.582 Thread 0x0000000016df9000 Exception <a 'java/security/PrivilegedActionException'> (0x00000000eb4071b8) thrown at [C:\workspace\8-2-build-windows-amd64-cygwin\jdk8u31\2394\hotspot\src\share\vm\prims\jvm.cpp, line 1312]
Event: 0.585 Thread 0x0000000001df0800 Exception <a 'java/security/PrivilegedActionException'> (0x00000000eb77bbb0) thrown at [C:\workspace\8-2-build-windows-amd64-cygwin\jdk8u31\2394\hotspot\src\share\vm\prims\jvm.cpp, line 1312]
Event: 0.665 Thread 0x0000000016ded800 Exception <a 'java/security/PrivilegedActionException'> (0x00000000eba29570) thrown at [C:\workspace\8-2-build-windows-amd64-cygwin\jdk8u31\2394\hotspot\src\share\vm\prims\jvm.cpp, line 1312]
Event: 0.735 Thread 0x0000000001df0800 Exception <a 'java/security/PrivilegedActionException'> (0x00000000ebafdad0) thrown at [C:\workspace\8-2-build-windows-amd64-cygwin\jdk8u31\2394\hotspot\src\share\vm\prims\jvm.cpp, line 1312]
Event: 0.760 Thread 0x0000000016dae000 Exception <a 'java/security/PrivilegedActionException'> (0x00000000ebe01718) thrown at [C:\workspace\8-2-build-windows-amd64-cygwin\jdk8u31\2394\hotspot\src\share\vm\prims\jvm.cpp, line 1312]
Event: 0.845 Thread 0x0000000001df0800 Exception <a 'java/security/PrivilegedActionException'> (0x00000000ebfeec88) thrown at [C:\workspace\8-2-build-windows-amd64-cygwin\jdk8u31\2394\hotspot\src\share\vm\prims\jvm.cpp, line 1312]
Event: 0.937 Thread 0x0000000001df0800 Exception <a 'java/security/PrivilegedActionException'> (0x00000000ec4af040) thrown at [C:\workspace\8-2-build-windows-amd64-cygwin\jdk8u31\2394\hotspot\src\share\vm\prims\jvm.cpp, line 1312]
Event: 1.076 Thread 0x0000000016df9000 Exception <a 'java/security/PrivilegedActionException'> (0x00000000ec78d9f8) thrown at [C:\workspace\8-2-build-windows-amd64-cygwin\jdk8u31\2394\hotspot\src\share\vm\prims\jvm.cpp, line 1312]

Events (10 events):
Event: 0.937 loading class com/android/dx/cf/attrib/AttExceptions done
Event: 1.076 loading class com/android/dx/rop/code/RegOps
Event: 1.076 loading class com/android/dx/rop/code/RegOps done
Event: 1.077 Thread 0x0000000016df9000 Uncommon trap: trap_request=0xffffffad fr.pc=0x000000000236639c
Event: 1.077 Thread 0x0000000016df9000 DEOPT PACKING pc=0x000000000236639c sp=0x0000000017c2e550
Event: 1.077 Thread 0x0000000016df9000 DEOPT UNPACKING pc=0x000000000204556a sp=0x0000000017c2e4f8 mode 2
Event: 1.189 Executing VM operation: ForceSafepoint
Event: 1.232 Executing VM operation: ForceSafepoint done
Event: 1.273 Executing VM operation: ParallelGCFailedAllocation
Event: 1.519 Executing VM operation: ParallelGCFailedAllocation done


Dynamic libraries:
0x00007ff644d20000 - 0x00007ff644d54000 	C:\Program Files\Java\jdk1.8.0_31\bin\java.exe
0x00007ffa88b20000 - 0x00007ffa88ccd000 	C:\WINDOWS\SYSTEM32\ntdll.dll
0x00007ffa87f00000 - 0x00007ffa8803e000 	C:\WINDOWS\system32\KERNEL32.DLL
0x00007ffa85d10000 - 0x00007ffa85e25000 	C:\WINDOWS\system32\KERNELBASE.dll
0x00007ffa847e0000 - 0x00007ffa8486e000 	C:\WINDOWS\system32\apphelp.dll
0x00007ffa6d0a0000 - 0x00007ffa6d0f3000 	C:\WINDOWS\AppPatch\AppPatch64\AcGenral.DLL
0x00007ffa88640000 - 0x00007ffa886ea000 	C:\WINDOWS\system32\msvcrt.dll
0x00007ffa86170000 - 0x00007ffa8619e000 	C:\WINDOWS\system32\SspiCli.dll
0x00007ffa88040000 - 0x00007ffa88094000 	C:\WINDOWS\system32\SHLWAPI.dll
0x00007ffa88260000 - 0x00007ffa883d7000 	C:\WINDOWS\system32\USER32.dll
0x00007ffa864a0000 - 0x00007ffa86634000 	C:\WINDOWS\system32\ole32.dll
0x00007ffa86860000 - 0x00007ffa87d88000 	C:\WINDOWS\system32\SHELL32.dll
0x00007ffa85670000 - 0x00007ffa85691000 	C:\WINDOWS\SYSTEM32\USERENV.dll
0x00007ffa88590000 - 0x00007ffa8863a000 	C:\WINDOWS\system32\ADVAPI32.dll
0x00007ffa7fce0000 - 0x00007ffa7fcfe000 	C:\WINDOWS\SYSTEM32\MPR.dll
0x00007ffa88450000 - 0x00007ffa88590000 	C:\WINDOWS\system32\RPCRT4.dll
0x00007ffa86650000 - 0x00007ffa866a9000 	C:\WINDOWS\SYSTEM32\sechost.dll
0x00007ffa861c0000 - 0x00007ffa863d1000 	C:\WINDOWS\SYSTEM32\combase.dll
0x00007ffa86710000 - 0x00007ffa8685f000 	C:\WINDOWS\system32\GDI32.dll
0x00007ffa85c40000 - 0x00007ffa85c55000 	C:\WINDOWS\SYSTEM32\profapi.dll
0x00007ffa841b0000 - 0x00007ffa84262000 	C:\WINDOWS\SYSTEM32\SHCORE.dll
0x00007ffa87e50000 - 0x00007ffa87e86000 	C:\WINDOWS\system32\IMM32.DLL
0x00007ffa887e0000 - 0x00007ffa88932000 	C:\WINDOWS\system32\MSCTF.dll
0x00007ffa83d30000 - 0x00007ffa83fab000 	C:\WINDOWS\WinSxS\amd64_microsoft.windows.common-controls_6595b64144ccf1df_6.0.9600.18006_none_623f33d3ecbe86e8\COMCTL32.dll
0x000000005ab30000 - 0x000000005ac02000 	C:\Program Files\Java\jdk1.8.0_31\jre\bin\msvcr100.dll
0x0000000059450000 - 0x0000000059caa000 	C:\Program Files\Java\jdk1.8.0_31\jre\bin\server\jvm.dll
0x00007ffa7c230000 - 0x00007ffa7c239000 	C:\WINDOWS\SYSTEM32\WSOCK32.dll
0x00007ffa819d0000 - 0x00007ffa819f2000 	C:\WINDOWS\SYSTEM32\WINMM.dll
0x00007ffa861a0000 - 0x00007ffa861a7000 	C:\WINDOWS\system32\PSAPI.DLL
0x00007ffa866b0000 - 0x00007ffa8670a000 	C:\WINDOWS\system32\WS2_32.dll
0x00007ffa81670000 - 0x00007ffa8169a000 	C:\WINDOWS\SYSTEM32\WINMMBASE.dll
0x00007ffa87ef0000 - 0x00007ffa87ef9000 	C:\WINDOWS\system32\NSI.dll
0x00007ffa860c0000 - 0x00007ffa8610f000 	C:\WINDOWS\SYSTEM32\cfgmgr32.dll
0x00007ffa84a50000 - 0x00007ffa84a78000 	C:\WINDOWS\SYSTEM32\DEVOBJ.dll
0x000000005ab20000 - 0x000000005ab2f000 	C:\Program Files\Java\jdk1.8.0_31\jre\bin\verify.dll
0x000000005aaf0000 - 0x000000005ab18000 	C:\Program Files\Java\jdk1.8.0_31\jre\bin\java.dll
0x000000005aad0000 - 0x000000005aae6000 	C:\Program Files\Java\jdk1.8.0_31\jre\bin\zip.dll
0x00007ffa80710000 - 0x00007ffa80899000 	C:\WINDOWS\SYSTEM32\dbghelp.dll

VM Arguments:
jvm_args: -Djava.awt.headless=true -Xmx1024M -Dfile.encoding=windows-1252 -Duser.country=CA -Duser.language=en -Duser.variant 
java_command: com.android.dx.command.Main --dex --force-jumbo --num-threads=4 --multi-dex --output C:\Users\Saketh\Desktop\Honours Project\Marked\app\build\intermediates\transforms\dex\debug\folders\1000\10\com.google.android.gms-play-services-auth-10.2.1_564766e02b284d6cfcc5815c078fc9cca2eaf9cc C:\Users\Saketh\Desktop\Honours Project\Marked\app\build\intermediates\exploded-aar\com.google.android.gms\play-services-auth\10.2.1\jars\classes.jar
java_class_path (initial): C:\Users\Saketh\Desktop\New folder\adt-bundle-windows-x86_64-20130522\sdk\build-tools\25.0.0\lib\dx.jar
Launcher Type: SUN_STANDARD

Environment Variables:
PATH=C:\ProgramData\Oracle\Java\javapath;C:\Program Files (x86)\NVIDIA Corporation\PhysX\Common;C:\Program Files (x86)\Intel\iCLS Client\;C:\Program Files\Intel\iCLS Client\;C:\WINDOWS\system32;C:\WINDOWS;C:\WINDOWS\System32\Wbem;C:\WINDOWS\System32\WindowsPowerShell\v1.0\;C:\Program Files\Intel\Intel(R) Management Engine Components\DAL;C:\Program Files\Intel\Intel(R) Management Engine Components\IPT;C:\Program Files (x86)\Intel\Intel(R) Management Engine Components\DAL;C:\Program Files (x86)\Intel\Intel(R) Management Engine Components\IPT;C:\Program Files\Microsoft\Web Platform Installer\;C:\Program Files\Intel\WiFi\bin\;C:\Program Files\Common Files\Intel\WirelessCommon\;C:\Program Files (x86)\MiKTeX 2.9\miktex\bin\;C:\Program Files (x86)\Skype\Phone\;C:\Program Files\TortoiseGit\bin
USERNAME=Saketh
OS=Windows_NT
PROCESSOR_IDENTIFIER=Intel64 Family 6 Model 58 Stepping 9, GenuineIntel



---------------  S Y S T E M  ---------------

OS: Windows 8.1 , 64 bit Build 9600 

CPU:total 8 (4 cores per cpu, 2 threads per core) family 6 model 58 stepping 9, cmov, cx8, fxsr, mmx, sse, sse2, sse3, ssse3, sse4.1, sse4.2, popcnt, avx, aes, clmul, erms, ht, tsc, tscinvbit, tscinv

Memory: 4k page, physical 8334620k(1465204k free), swap 11480348k(5160k free)

vm_info: Java HotSpot(TM) 64-Bit Server VM (25.31-b07) for windows-amd64 JRE (1.8.0_31-b13), built on Dec 17 2014 21:00:28 by "java_re" with MS VC++ 10.0 (VS2010)

time: Tue May 02 17:12:00 2017
elapsed time: 2 seconds (0d 0h 0m 2s)

