#
# There is insufficient memory for the Java Runtime Environment to continue.
# Native memory allocation (malloc) failed to allocate 32744 bytes for ChunkPool::allocate
# Possible reasons:
#   The system is out of physical RAM or swap space
#   In 32 bit mode, the process size limit was hit
# Possible solutions:
#   Reduce memory load on the system
#   Increase physical memory or swap space
#   Check if swap backing store is full
#   Use 64 bit Java on a 64 bit OS
#   Decrease Java heap size (-Xmx/-Xms)
#   Decrease number of Java threads
#   Decrease Java thread stack sizes (-Xss)
#   Set larger code cache with -XX:ReservedCodeCacheSize=
# This output file may be truncated or incomplete.
#
#  Out of Memory Error (allocation.cpp:273), pid=8292, tid=12636
#
# JRE version: Java(TM) SE Runtime Environment (8.0_31-b13) (build 1.8.0_31-b13)
# Java VM: Java HotSpot(TM) 64-Bit Server VM (25.31-b07 mixed mode windows-amd64 compressed oops)
# Failed to write core dump. Minidumps are not enabled by default on client versions of Windows
#

---------------  T H R E A D  ---------------

Current thread (0x000000001760c800):  JavaThread "C2 CompilerThread1" daemon [_thread_in_native, id=12636, stack(0x0000000017ce0000,0x0000000017de0000)]

Stack: [0x0000000017ce0000,0x0000000017de0000]
Native frames: (J=compiled Java code, j=interpreted, Vv=VM code, C=native code)
V  [jvm.dll+0x3169ba]


Current CompileTask:
C2:    803  549       4       com.android.dx.rop.cst.CstString::utf8BytesToString (391 bytes)


---------------  P R O C E S S  ---------------

Java Threads: ( => current thread )
  0x00000000178c0000 JavaThread "pool-2-thread-4" [_thread_blocked, id=15012, stack(0x0000000018de0000,0x0000000018ee0000)]
  0x00000000178bc000 JavaThread "pool-2-thread-3" [_thread_in_Java, id=14228, stack(0x0000000018ce0000,0x0000000018de0000)]
  0x000000001796e000 JavaThread "pool-2-thread-2" [_thread_in_Java, id=14632, stack(0x0000000018be0000,0x0000000018ce0000)]
  0x000000001795d800 JavaThread "pool-3-thread-1" [_thread_blocked, id=13616, stack(0x0000000018ae0000,0x0000000018be0000)]
  0x000000001795b800 JavaThread "pool-2-thread-1" [_thread_in_vm, id=15824, stack(0x00000000189e0000,0x0000000018ae0000)]
  0x00000000176a8000 JavaThread "Service Thread" daemon [_thread_blocked, id=13436, stack(0x0000000017fe0000,0x00000000180e0000)]
  0x0000000017615800 JavaThread "C1 CompilerThread3" daemon [_thread_in_native, id=7064, stack(0x0000000017ee0000,0x0000000017fe0000)]
  0x0000000017610800 JavaThread "C2 CompilerThread2" daemon [_thread_blocked, id=15136, stack(0x0000000017de0000,0x0000000017ee0000)]
=>0x000000001760c800 JavaThread "C2 CompilerThread1" daemon [_thread_in_native, id=12636, stack(0x0000000017ce0000,0x0000000017de0000)]
  0x0000000017607800 JavaThread "C2 CompilerThread0" daemon [_thread_blocked, id=10836, stack(0x0000000017be0000,0x0000000017ce0000)]
  0x0000000017604800 JavaThread "Attach Listener" daemon [_thread_blocked, id=2512, stack(0x0000000017ae0000,0x0000000017be0000)]
  0x0000000017604000 JavaThread "Signal Dispatcher" daemon [_thread_blocked, id=14364, stack(0x00000000179e0000,0x0000000017ae0000)]
  0x0000000001637800 JavaThread "Finalizer" daemon [_thread_blocked, id=15724, stack(0x00000000174e0000,0x00000000175e0000)]
  0x0000000001631000 JavaThread "Reference Handler" daemon [_thread_blocked, id=13088, stack(0x00000000173e0000,0x00000000174e0000)]
  0x0000000001540800 JavaThread "main" [_thread_in_Java, id=12476, stack(0x0000000001440000,0x0000000001540000)]

Other Threads:
  0x00000000155e8800 VMThread [stack: 0x00000000172e0000,0x00000000173e0000] [id=13376]
  0x00000000176aa000 WatcherThread [stack: 0x00000000180e0000,0x00000000181e0000] [id=11728]

VM state:not at safepoint (normal execution)

VM Mutex/Monitor currently owned by a thread: None

Heap:
 PSYoungGen      total 38400K, used 15979K [0x00000000eab00000, 0x00000000ed580000, 0x0000000100000000)
  eden space 33280K, 48% used [0x00000000eab00000,0x00000000eba9ae50,0x00000000ecb80000)
  from space 5120K, 0% used [0x00000000ed080000,0x00000000ed080000,0x00000000ed580000)
  to   space 5120K, 0% used [0x00000000ecb80000,0x00000000ecb80000,0x00000000ed080000)
 ParOldGen       total 87552K, used 0K [0x00000000c0000000, 0x00000000c5580000, 0x00000000eab00000)
  object space 87552K, 0% used [0x00000000c0000000,0x00000000c0000000,0x00000000c5580000)
 Metaspace       used 5431K, capacity 6448K, committed 6528K, reserved 1056768K
  class space    used 582K, capacity 616K, committed 640K, reserved 1048576K

Card table byte_map: [0x0000000001a00000,0x0000000001c10000] byte_map_base: 0x0000000001400000

Marking Bits: (ParMarkBitMap*) 0x0000000059b2d4f0
 Begin Bits: [0x0000000012a00000, 0x0000000013a00000)
 End Bits:   [0x0000000013a00000, 0x0000000014a00000)

Polling page: 0x0000000001070000

CodeCache: size=245760Kb used=2149Kb max_used=2161Kb free=243610Kb
 bounds [0x0000000003400000, 0x0000000003670000, 0x0000000012400000]
 total_blobs=785 nmethods=520 adapters=179
 compilation: enabled

Compilation events (10 events):
Event: 0.790 Thread 0x0000000017615800 nmethod 529 0x0000000003617250 code [0x00000000036173a0, 0x00000000036174b0]
Event: 0.790 Thread 0x0000000017615800  505   !   3       com.android.dx.cf.code.BytecodeArray::parseInstruction (2764 bytes)
Event: 0.792 Thread 0x0000000017610800  544       4       java.util.ArrayList$Itr::next (66 bytes)
Event: 0.794 Thread 0x0000000017610800 nmethod 544 0x000000000361b250 code [0x000000000361b3a0, 0x000000000361b498]
Event: 0.795 Thread 0x000000001760c800 nmethod 534 0x000000000361aa50 code [0x000000000361abc0, 0x000000000361af68]
Event: 0.796 Thread 0x0000000017607800  547       4       com.android.dx.util.ByteArray::getUnsignedShort (25 bytes)
Event: 0.796 Thread 0x0000000017610800  548       4       com.android.dx.util.Bits::set (19 bytes)
Event: 0.797 Thread 0x0000000017610800 nmethod 548 0x0000000003616f50 code [0x0000000003617080, 0x0000000003617118]
Event: 0.798 Thread 0x0000000017607800 nmethod 547 0x000000000361a6d0 code [0x000000000361a820, 0x000000000361a938]
Event: 0.800 Thread 0x000000001760c800  549       4       com.android.dx.rop.cst.CstString::utf8BytesToString (391 bytes)

GC Heap History (0 events):
No events

Deoptimization events (0 events):
No events

Internal exceptions (10 events):
Event: 0.765 Thread 0x00000000178bc000 Exception <a 'java/security/PrivilegedActionException'> (0x00000000eb7fc080) thrown at [C:\workspace\8-2-build-windows-amd64-cygwin\jdk8u31\2394\hotspot\src\share\vm\prims\jvm.cpp, line 1312]
Event: 0.766 Thread 0x00000000178bc000 Exception <a 'java/security/PrivilegedActionException'> (0x00000000eb8a9d78) thrown at [C:\workspace\8-2-build-windows-amd64-cygwin\jdk8u31\2394\hotspot\src\share\vm\prims\jvm.cpp, line 1312]
Event: 0.766 Thread 0x00000000178bc000 Exception <a 'java/security/PrivilegedActionException'> (0x00000000eb8ae730) thrown at [C:\workspace\8-2-build-windows-amd64-cygwin\jdk8u31\2394\hotspot\src\share\vm\prims\jvm.cpp, line 1312]
Event: 0.768 Thread 0x00000000178bc000 Exception <a 'java/security/PrivilegedActionException'> (0x00000000eb8b4460) thrown at [C:\workspace\8-2-build-windows-amd64-cygwin\jdk8u31\2394\hotspot\src\share\vm\prims\jvm.cpp, line 1312]
Event: 0.771 Thread 0x00000000178bc000 Exception <a 'java/security/PrivilegedActionException'> (0x00000000eb8bd3e0) thrown at [C:\workspace\8-2-build-windows-amd64-cygwin\jdk8u31\2394\hotspot\src\share\vm\prims\jvm.cpp, line 1312]
Event: 0.772 Thread 0x000000001796e000 Exception <a 'java/security/PrivilegedActionException'> (0x00000000eb3ef750) thrown at [C:\workspace\8-2-build-windows-amd64-cygwin\jdk8u31\2394\hotspot\src\share\vm\prims\jvm.cpp, line 1312]
Event: 0.772 Thread 0x000000001796e000 Exception <a 'java/security/PrivilegedActionException'> (0x00000000eb3f2a28) thrown at [C:\workspace\8-2-build-windows-amd64-cygwin\jdk8u31\2394\hotspot\src\share\vm\prims\jvm.cpp, line 1312]
Event: 0.773 Thread 0x000000001796e000 Exception <a 'java/security/PrivilegedActionException'> (0x00000000eb3f6530) thrown at [C:\workspace\8-2-build-windows-amd64-cygwin\jdk8u31\2394\hotspot\src\share\vm\prims\jvm.cpp, line 1312]
Event: 0.778 Thread 0x00000000178bc000 Exception <a 'java/security/PrivilegedActionException'> (0x00000000eb8d1bb0) thrown at [C:\workspace\8-2-build-windows-amd64-cygwin\jdk8u31\2394\hotspot\src\share\vm\prims\jvm.cpp, line 1312]
Event: 0.783 Thread 0x000000001795b800 Exception <a 'java/security/PrivilegedActionException'> (0x00000000eb6bedf8) thrown at [C:\workspace\8-2-build-windows-amd64-cygwin\jdk8u31\2394\hotspot\src\share\vm\prims\jvm.cpp, line 1312]

Events (10 events):
Event: 0.771 loading class com/android/dx/rop/annotation/AnnotationsList
Event: 0.771 loading class com/android/dx/rop/annotation/AnnotationsList done
Event: 0.772 loading class com/android/dx/dex/file/MethodIdItem
Event: 0.772 loading class com/android/dx/dex/file/MethodIdItem done
Event: 0.773 loading class com/android/dx/cf/code/BytecodeArray$ConstantParserVisitor
Event: 0.773 loading class com/android/dx/cf/code/BytecodeArray$ConstantParserVisitor done
Event: 0.778 loading class com/android/dx/ssa/PhiInsn$Operand
Event: 0.778 loading class com/android/dx/ssa/PhiInsn$Operand done
Event: 0.783 loading class com/android/dx/dex/file/MethodAnnotationStruct
Event: 0.783 loading class com/android/dx/dex/file/MethodAnnotationStruct done


Dynamic libraries:
0x00007ff722c50000 - 0x00007ff722c84000 	C:\Program Files\Java\jdk1.8.0_31\bin\java.exe
0x00007ffa88b20000 - 0x00007ffa88ccd000 	C:\WINDOWS\SYSTEM32\ntdll.dll
0x00007ffa87f00000 - 0x00007ffa8803e000 	C:\WINDOWS\system32\KERNEL32.DLL
0x00007ffa85d10000 - 0x00007ffa85e25000 	C:\WINDOWS\system32\KERNELBASE.dll
0x00007ffa847e0000 - 0x00007ffa8486e000 	C:\WINDOWS\system32\apphelp.dll
0x00007ffa6b190000 - 0x00007ffa6b1e3000 	C:\WINDOWS\AppPatch\AppPatch64\AcGenral.DLL
0x00007ffa88640000 - 0x00007ffa886ea000 	C:\WINDOWS\system32\msvcrt.dll
0x00007ffa86170000 - 0x00007ffa8619e000 	C:\WINDOWS\system32\SspiCli.dll
0x00007ffa88040000 - 0x00007ffa88094000 	C:\WINDOWS\system32\SHLWAPI.dll
0x00007ffa88260000 - 0x00007ffa883d7000 	C:\WINDOWS\system32\USER32.dll
0x00007ffa864a0000 - 0x00007ffa86634000 	C:\WINDOWS\system32\ole32.dll
0x00007ffa86860000 - 0x00007ffa87d88000 	C:\WINDOWS\system32\SHELL32.dll
0x00007ffa85670000 - 0x00007ffa85691000 	C:\WINDOWS\SYSTEM32\USERENV.dll
0x00007ffa88590000 - 0x00007ffa8863a000 	C:\WINDOWS\system32\ADVAPI32.dll
0x00007ffa7fce0000 - 0x00007ffa7fcfe000 	C:\WINDOWS\SYSTEM32\MPR.dll
0x00007ffa88450000 - 0x00007ffa88590000 	C:\WINDOWS\system32\RPCRT4.dll
0x00007ffa86650000 - 0x00007ffa866a9000 	C:\WINDOWS\SYSTEM32\sechost.dll
0x00007ffa861c0000 - 0x00007ffa863d1000 	C:\WINDOWS\SYSTEM32\combase.dll
0x00007ffa86710000 - 0x00007ffa8685f000 	C:\WINDOWS\system32\GDI32.dll
0x00007ffa85c40000 - 0x00007ffa85c55000 	C:\WINDOWS\SYSTEM32\profapi.dll
0x00007ffa841b0000 - 0x00007ffa84262000 	C:\WINDOWS\SYSTEM32\SHCORE.dll
0x00007ffa87e50000 - 0x00007ffa87e86000 	C:\WINDOWS\system32\IMM32.DLL
0x00007ffa887e0000 - 0x00007ffa88932000 	C:\WINDOWS\system32\MSCTF.dll
0x00007ffa83d30000 - 0x00007ffa83fab000 	C:\WINDOWS\WinSxS\amd64_microsoft.windows.common-controls_6595b64144ccf1df_6.0.9600.18006_none_623f33d3ecbe86e8\COMCTL32.dll
0x0000000059bb0000 - 0x0000000059c82000 	C:\Program Files\Java\jdk1.8.0_31\jre\bin\msvcr100.dll
0x0000000059350000 - 0x0000000059baa000 	C:\Program Files\Java\jdk1.8.0_31\jre\bin\server\jvm.dll
0x00007ffa7c230000 - 0x00007ffa7c239000 	C:\WINDOWS\SYSTEM32\WSOCK32.dll
0x00007ffa819d0000 - 0x00007ffa819f2000 	C:\WINDOWS\SYSTEM32\WINMM.dll
0x00007ffa861a0000 - 0x00007ffa861a7000 	C:\WINDOWS\system32\PSAPI.DLL
0x00007ffa866b0000 - 0x00007ffa8670a000 	C:\WINDOWS\system32\WS2_32.dll
0x00007ffa81670000 - 0x00007ffa8169a000 	C:\WINDOWS\SYSTEM32\WINMMBASE.dll
0x00007ffa87ef0000 - 0x00007ffa87ef9000 	C:\WINDOWS\system32\NSI.dll
0x00007ffa860c0000 - 0x00007ffa8610f000 	C:\WINDOWS\SYSTEM32\cfgmgr32.dll
0x00007ffa84a50000 - 0x00007ffa84a78000 	C:\WINDOWS\SYSTEM32\DEVOBJ.dll
0x0000000059340000 - 0x000000005934f000 	C:\Program Files\Java\jdk1.8.0_31\jre\bin\verify.dll
0x0000000059310000 - 0x0000000059338000 	C:\Program Files\Java\jdk1.8.0_31\jre\bin\java.dll
0x00000000592f0000 - 0x0000000059306000 	C:\Program Files\Java\jdk1.8.0_31\jre\bin\zip.dll

VM Arguments:
jvm_args: -Djava.awt.headless=true -Xmx1024M -Dfile.encoding=windows-1252 -Duser.country=CA -Duser.language=en -Duser.variant 
java_command: com.android.dx.command.Main --dex --force-jumbo --num-threads=4 --multi-dex --output C:\Users\Saketh\Desktop\Honours Project\Marked\app\build\intermediates\transforms\dex\debug\folders\1000\10\com.android.support-recyclerview-v7-25.3.0_8d828fc274cf5bfceb1198a171aa23e5b9006a3d C:\Users\Saketh\Desktop\Honours Project\Marked\app\build\intermediates\exploded-aar\com.android.support\recyclerview-v7\25.3.0\jars\classes.jar
java_class_path (initial): C:\Users\Saketh\Desktop\New folder\adt-bundle-windows-x86_64-20130522\sdk\build-tools\25.0.0\lib\dx.jar
Launcher Type: SUN_STANDARD

Environment Variables:
PATH=C:\ProgramData\Oracle\Java\javapath;C:\Program Files (x86)\NVIDIA Corporation\PhysX\Common;C:\Program Files (x86)\Intel\iCLS Client\;C:\Program Files\Intel\iCLS Client\;C:\WINDOWS\system32;C:\WINDOWS;C:\WINDOWS\System32\Wbem;C:\WINDOWS\System32\WindowsPowerShell\v1.0\;C:\Program Files\Intel\Intel(R) Management Engine Components\DAL;C:\Program Files\Intel\Intel(R) Management Engine Components\IPT;C:\Program Files (x86)\Intel\Intel(R) Management Engine Components\DAL;C:\Program Files (x86)\Intel\Intel(R) Management Engine Components\IPT;C:\Program Files\Microsoft\Web Platform Installer\;C:\Program Files\Intel\WiFi\bin\;C:\Program Files\Common Files\Intel\WirelessCommon\;C:\Program Files (x86)\MiKTeX 2.9\miktex\bin\;C:\Program Files (x86)\Skype\Phone\;C:\Program Files\TortoiseGit\bin
USERNAME=Saketh
OS=Windows_NT
PROCESSOR_IDENTIFIER=Intel64 Family 6 Model 58 Stepping 9, GenuineIntel



---------------  S Y S T E M  ---------------

OS: Windows 8.1 , 64 bit Build 9600 

CPU:total 8 (4 cores per cpu, 2 threads per core) family 6 model 58 stepping 9, cmov, cx8, fxsr, mmx, sse, sse2, sse3, ssse3, sse4.1, sse4.2, popcnt, avx, aes, clmul, erms, ht, tsc, tscinvbit, tscinv

Memory: 4k page, physical 8334620k(969872k free), swap 11480348k(5152k free)

vm_info: Java HotSpot(TM) 64-Bit Server VM (25.31-b07) for windows-amd64 JRE (1.8.0_31-b13), built on Dec 17 2014 21:00:28 by "java_re" with MS VC++ 10.0 (VS2010)

time: Mon May 08 02:43:10 2017
elapsed time: 0 seconds (0d 0h 0m 0s)

