#
# There is insufficient memory for the Java Runtime Environment to continue.
# Native memory allocation (malloc) failed to allocate 65552 bytes for Chunk::new
# Possible reasons:
#   The system is out of physical RAM or swap space
#   In 32 bit mode, the process size limit was hit
# Possible solutions:
#   Reduce memory load on the system
#   Increase physical memory or swap space
#   Check if swap backing store is full
#   Use 64 bit Java on a 64 bit OS
#   Decrease Java heap size (-Xmx/-Xms)
#   Decrease number of Java threads
#   Decrease Java thread stack sizes (-Xss)
#   Set larger code cache with -XX:ReservedCodeCacheSize=
# This output file may be truncated or incomplete.
#
#  Out of Memory Error (allocation.cpp:390), pid=13336, tid=10928
#
# JRE version: Java(TM) SE Runtime Environment (8.0_31-b13) (build 1.8.0_31-b13)
# Java VM: Java HotSpot(TM) 64-Bit Server VM (25.31-b07 mixed mode windows-amd64 compressed oops)
# Failed to write core dump. Minidumps are not enabled by default on client versions of Windows
#

---------------  T H R E A D  ---------------

Current thread (0x0000000016eff000):  JavaThread "C2 CompilerThread2" daemon [_thread_in_native, id=10928, stack(0x00000000176d0000,0x00000000177d0000)]

Stack: [0x00000000176d0000,0x00000000177d0000]
Native frames: (J=compiled Java code, j=interpreted, Vv=VM code, C=native code)
V  [jvm.dll+0x3169ba]


Current CompileTask:
C2:    414  642       4       com.android.dx.ssa.NormalSsaInsn::accept (25 bytes)


---------------  P R O C E S S  ---------------

Java Threads: ( => current thread )
  0x00000000172c3000 JavaThread "pool-2-thread-4" [_thread_in_Java, id=15912, stack(0x00000000186d0000,0x00000000187d0000)]
  0x00000000172c2800 JavaThread "pool-2-thread-3" [_thread_in_Java, id=14404, stack(0x00000000185d0000,0x00000000186d0000)]
  0x00000000171b6000 JavaThread "pool-2-thread-2" [_thread_in_Java, id=16072, stack(0x00000000184d0000,0x00000000185d0000)]
  0x00000000172cd800 JavaThread "pool-3-thread-1" [_thread_blocked, id=12676, stack(0x00000000183d0000,0x00000000184d0000)]
  0x00000000172cc800 JavaThread "pool-2-thread-1" [_thread_in_Java, id=10440, stack(0x00000000182d0000,0x00000000183d0000)]
  0x0000000016f9f800 JavaThread "Service Thread" daemon [_thread_blocked, id=7720, stack(0x00000000178d0000,0x00000000179d0000)]
  0x0000000016f0d000 JavaThread "C1 CompilerThread3" daemon [_thread_in_native, id=11192, stack(0x00000000177d0000,0x00000000178d0000)]
=>0x0000000016eff000 JavaThread "C2 CompilerThread2" daemon [_thread_in_native, id=10928, stack(0x00000000176d0000,0x00000000177d0000)]
  0x0000000016ef9800 JavaThread "C2 CompilerThread1" daemon [_thread_in_native, id=13664, stack(0x00000000175d0000,0x00000000176d0000)]
  0x0000000016ef7000 JavaThread "C2 CompilerThread0" daemon [_thread_in_native, id=11428, stack(0x00000000174d0000,0x00000000175d0000)]
  0x0000000016ef4800 JavaThread "Attach Listener" daemon [_thread_blocked, id=1888, stack(0x00000000173d0000,0x00000000174d0000)]
  0x0000000016ef4000 JavaThread "Signal Dispatcher" daemon [_thread_blocked, id=7976, stack(0x00000000172d0000,0x00000000173d0000)]
  0x0000000000f27800 JavaThread "Finalizer" daemon [_thread_blocked, id=13740, stack(0x0000000016dd0000,0x0000000016ed0000)]
  0x0000000000f21000 JavaThread "Reference Handler" daemon [_thread_blocked, id=3368, stack(0x0000000016cd0000,0x0000000016dd0000)]
  0x0000000000e30800 JavaThread "main" [_thread_in_Java, id=12560, stack(0x0000000000c80000,0x0000000000d80000)]

Other Threads:
  0x0000000014fe8800 VMThread [stack: 0x0000000016bd0000,0x0000000016cd0000] [id=14732]
  0x0000000016fa1800 WatcherThread [stack: 0x00000000179d0000,0x0000000017ad0000] [id=11444]

VM state:not at safepoint (normal execution)

VM Mutex/Monitor currently owned by a thread:  ([mutex/lock_event])
[0x0000000000e2de90] MethodData_lock - owner thread: 0x00000000172cc800

Heap:
 PSYoungGen      total 38400K, used 19975K [0x00000000eab00000, 0x00000000ed580000, 0x0000000100000000)
  eden space 33280K, 60% used [0x00000000eab00000,0x00000000ebe81de0,0x00000000ecb80000)
  from space 5120K, 0% used [0x00000000ed080000,0x00000000ed080000,0x00000000ed580000)
  to   space 5120K, 0% used [0x00000000ecb80000,0x00000000ecb80000,0x00000000ed080000)
 ParOldGen       total 87552K, used 0K [0x00000000c0000000, 0x00000000c5580000, 0x00000000eab00000)
  object space 87552K, 0% used [0x00000000c0000000,0x00000000c0000000,0x00000000c5580000)
 Metaspace       used 5601K, capacity 6576K, committed 6784K, reserved 1056768K
  class space    used 585K, capacity 616K, committed 640K, reserved 1048576K

Card table byte_map: [0x00000000012f0000,0x0000000001500000] byte_map_base: 0x0000000000cf0000

Marking Bits: (ParMarkBitMap*) 0x0000000059b2d4f0
 Begin Bits: [0x0000000012400000, 0x0000000013400000)
 End Bits:   [0x0000000013400000, 0x0000000014400000)

Polling page: 0x0000000000d80000

CodeCache: size=245760Kb used=2325Kb max_used=2336Kb free=243434Kb
 bounds [0x0000000003400000, 0x0000000003670000, 0x0000000012400000]
 total_blobs=894 nmethods=631 adapters=177
 compilation: enabled

Compilation events (10 events):
Event: 0.408 Thread 0x0000000016f0d000 nmethod 662 0x0000000003646a50 code [0x0000000003646ba0, 0x0000000003646d30]
Event: 0.408 Thread 0x0000000016f0d000  661   !   3       com.android.dx.ssa.LocalVariableInfo::getStarts0 (18 bytes)
Event: 0.409 Thread 0x0000000016f0d000 nmethod 661 0x0000000003646550 code [0x00000000036466c0, 0x00000000036468e8]
Event: 0.409 Thread 0x0000000016f0d000  665       3       com.android.dx.rop.cst.CstType::compareTo0 (25 bytes)
Event: 0.409 Thread 0x0000000016f0d000 nmethod 665 0x0000000003645e10 code [0x0000000003645f80, 0x00000000036463c8]
Event: 0.409 Thread 0x0000000016f0d000  666   !   3       com.android.dx.cf.code.BytecodeArray::parseInstruction (2764 bytes)
Event: 0.410 Thread 0x0000000016ef7000 nmethod 647 0x000000000364a090 code [0x000000000364a1e0, 0x000000000364a378]
Event: 0.410 Thread 0x0000000016ef7000  657       4       com.android.dx.ssa.SsaBasicBlock::isReachable (29 bytes)
Event: 0.411 Thread 0x0000000016ef7000 nmethod 657 0x000000000364a510 code [0x000000000364a660, 0x000000000364a728]
Event: 0.411 Thread 0x0000000016ef7000  667       4       com.android.dx.rop.code.RegisterSpec::hashCodeOf (30 bytes)

GC Heap History (0 events):
No events

Deoptimization events (4 events):
Event: 0.392 Thread 0x0000000000e30800 Uncommon trap: reason=class_check action=maybe_recompile pc=0x000000000362cdf0 method=com.android.dx.ssa.NormalSsaInsn.accept(Lcom/android/dx/ssa/SsaInsn$Visitor;)V @ 9
Event: 0.397 Thread 0x00000000172c3000 Uncommon trap: reason=class_check action=maybe_recompile pc=0x000000000362cdf0 method=com.android.dx.ssa.NormalSsaInsn.accept(Lcom/android/dx/ssa/SsaInsn$Visitor;)V @ 9
Event: 0.398 Thread 0x00000000172c2800 Uncommon trap: reason=class_check action=maybe_recompile pc=0x000000000362cdf0 method=com.android.dx.ssa.NormalSsaInsn.accept(Lcom/android/dx/ssa/SsaInsn$Visitor;)V @ 9
Event: 0.398 Thread 0x00000000172c2800 Uncommon trap: reason=class_check action=maybe_recompile pc=0x000000000362cdf0 method=com.android.dx.ssa.NormalSsaInsn.accept(Lcom/android/dx/ssa/SsaInsn$Visitor;)V @ 9

Internal exceptions (10 events):
Event: 0.355 Thread 0x00000000172c2800 Exception <a 'java/security/PrivilegedActionException'> (0x00000000eb79b198) thrown at [C:\workspace\8-2-build-windows-amd64-cygwin\jdk8u31\2394\hotspot\src\share\vm\prims\jvm.cpp, line 1312]
Event: 0.355 Thread 0x00000000172c2800 Exception <a 'java/security/PrivilegedActionException'> (0x00000000eb79e9e0) thrown at [C:\workspace\8-2-build-windows-amd64-cygwin\jdk8u31\2394\hotspot\src\share\vm\prims\jvm.cpp, line 1312]
Event: 0.356 Thread 0x00000000172c2800 Exception <a 'java/security/PrivilegedActionException'> (0x00000000eb7a1b18) thrown at [C:\workspace\8-2-build-windows-amd64-cygwin\jdk8u31\2394\hotspot\src\share\vm\prims\jvm.cpp, line 1312]
Event: 0.356 Thread 0x00000000172c2800 Exception <a 'java/security/PrivilegedActionException'> (0x00000000eb7a4c50) thrown at [C:\workspace\8-2-build-windows-amd64-cygwin\jdk8u31\2394\hotspot\src\share\vm\prims\jvm.cpp, line 1312]
Event: 0.356 Thread 0x00000000171b6000 Exception <a 'java/security/PrivilegedActionException'> (0x00000000eb4b64a8) thrown at [C:\workspace\8-2-build-windows-amd64-cygwin\jdk8u31\2394\hotspot\src\share\vm\prims\jvm.cpp, line 1312]
Event: 0.364 Thread 0x00000000171b6000 Exception <a 'java/security/PrivilegedActionException'> (0x00000000eba019e0) thrown at [C:\workspace\8-2-build-windows-amd64-cygwin\jdk8u31\2394\hotspot\src\share\vm\prims\jvm.cpp, line 1312]
Event: 0.365 Thread 0x00000000172c3000 Exception <a 'java/security/PrivilegedActionException'> (0x00000000eb861ca0) thrown at [C:\workspace\8-2-build-windows-amd64-cygwin\jdk8u31\2394\hotspot\src\share\vm\prims\jvm.cpp, line 1312]
Event: 0.366 Thread 0x0000000000e30800 Exception <a 'java/security/PrivilegedActionException'> (0x00000000ebaa4618) thrown at [C:\workspace\8-2-build-windows-amd64-cygwin\jdk8u31\2394\hotspot\src\share\vm\prims\jvm.cpp, line 1312]
Event: 0.374 Thread 0x0000000000e30800 Exception <a 'java/security/PrivilegedActionException'> (0x00000000ebae39e8) thrown at [C:\workspace\8-2-build-windows-amd64-cygwin\jdk8u31\2394\hotspot\src\share\vm\prims\jvm.cpp, line 1312]
Event: 0.379 Thread 0x00000000172c2800 Exception <a 'java/security/PrivilegedActionException'> (0x00000000eb7eb910) thrown at [C:\workspace\8-2-build-windows-amd64-cygwin\jdk8u31\2394\hotspot\src\share\vm\prims\jvm.cpp, line 1312]

Events (10 events):
Event: 0.397 Thread 0x00000000172c3000 DEOPT PACKING pc=0x000000000362cdf0 sp=0x00000000187ce320
Event: 0.397 Thread 0x00000000172c3000 DEOPT UNPACKING pc=0x000000000344556a sp=0x00000000187ce2b0 mode 2
Event: 0.397 loading class java/util/DualPivotQuicksort
Event: 0.398 loading class java/util/DualPivotQuicksort done
Event: 0.398 Thread 0x00000000172c2800 Uncommon trap: trap_request=0xffffffde fr.pc=0x000000000362cdf0
Event: 0.398 Thread 0x00000000172c2800 DEOPT PACKING pc=0x000000000362cdf0 sp=0x00000000186ce650
Event: 0.398 Thread 0x00000000172c2800 DEOPT UNPACKING pc=0x000000000344556a sp=0x00000000186ce5e0 mode 2
Event: 0.398 Thread 0x00000000172c2800 Uncommon trap: trap_request=0xffffffde fr.pc=0x000000000362cdf0
Event: 0.398 Thread 0x00000000172c2800 DEOPT PACKING pc=0x000000000362cdf0 sp=0x00000000186ce650
Event: 0.398 Thread 0x00000000172c2800 DEOPT UNPACKING pc=0x000000000344556a sp=0x00000000186ce5e0 mode 2


Dynamic libraries:
0x00007ff722c50000 - 0x00007ff722c84000 	C:\Program Files\Java\jdk1.8.0_31\bin\java.exe
0x00007ffa88b20000 - 0x00007ffa88ccd000 	C:\WINDOWS\SYSTEM32\ntdll.dll
0x00007ffa87f00000 - 0x00007ffa8803e000 	C:\WINDOWS\system32\KERNEL32.DLL
0x00007ffa85d10000 - 0x00007ffa85e25000 	C:\WINDOWS\system32\KERNELBASE.dll
0x00007ffa847e0000 - 0x00007ffa8486e000 	C:\WINDOWS\system32\apphelp.dll
0x00007ffa6b190000 - 0x00007ffa6b1e3000 	C:\WINDOWS\AppPatch\AppPatch64\AcGenral.DLL
0x00007ffa88640000 - 0x00007ffa886ea000 	C:\WINDOWS\system32\msvcrt.dll
0x00007ffa86170000 - 0x00007ffa8619e000 	C:\WINDOWS\system32\SspiCli.dll
0x00007ffa88040000 - 0x00007ffa88094000 	C:\WINDOWS\system32\SHLWAPI.dll
0x00007ffa88260000 - 0x00007ffa883d7000 	C:\WINDOWS\system32\USER32.dll
0x00007ffa864a0000 - 0x00007ffa86634000 	C:\WINDOWS\system32\ole32.dll
0x00007ffa86860000 - 0x00007ffa87d88000 	C:\WINDOWS\system32\SHELL32.dll
0x00007ffa85670000 - 0x00007ffa85691000 	C:\WINDOWS\SYSTEM32\USERENV.dll
0x00007ffa88590000 - 0x00007ffa8863a000 	C:\WINDOWS\system32\ADVAPI32.dll
0x00007ffa7fce0000 - 0x00007ffa7fcfe000 	C:\WINDOWS\SYSTEM32\MPR.dll
0x00007ffa88450000 - 0x00007ffa88590000 	C:\WINDOWS\system32\RPCRT4.dll
0x00007ffa86650000 - 0x00007ffa866a9000 	C:\WINDOWS\SYSTEM32\sechost.dll
0x00007ffa861c0000 - 0x00007ffa863d1000 	C:\WINDOWS\SYSTEM32\combase.dll
0x00007ffa86710000 - 0x00007ffa8685f000 	C:\WINDOWS\system32\GDI32.dll
0x00007ffa85c40000 - 0x00007ffa85c55000 	C:\WINDOWS\SYSTEM32\profapi.dll
0x00007ffa841b0000 - 0x00007ffa84262000 	C:\WINDOWS\SYSTEM32\SHCORE.dll
0x00007ffa87e50000 - 0x00007ffa87e86000 	C:\WINDOWS\system32\IMM32.DLL
0x00007ffa887e0000 - 0x00007ffa88932000 	C:\WINDOWS\system32\MSCTF.dll
0x00007ffa83d30000 - 0x00007ffa83fab000 	C:\WINDOWS\WinSxS\amd64_microsoft.windows.common-controls_6595b64144ccf1df_6.0.9600.18006_none_623f33d3ecbe86e8\COMCTL32.dll
0x0000000059bb0000 - 0x0000000059c82000 	C:\Program Files\Java\jdk1.8.0_31\jre\bin\msvcr100.dll
0x0000000059350000 - 0x0000000059baa000 	C:\Program Files\Java\jdk1.8.0_31\jre\bin\server\jvm.dll
0x00007ffa7c230000 - 0x00007ffa7c239000 	C:\WINDOWS\SYSTEM32\WSOCK32.dll
0x00007ffa819d0000 - 0x00007ffa819f2000 	C:\WINDOWS\SYSTEM32\WINMM.dll
0x00007ffa861a0000 - 0x00007ffa861a7000 	C:\WINDOWS\system32\PSAPI.DLL
0x00007ffa866b0000 - 0x00007ffa8670a000 	C:\WINDOWS\system32\WS2_32.dll
0x00007ffa81670000 - 0x00007ffa8169a000 	C:\WINDOWS\SYSTEM32\WINMMBASE.dll
0x00007ffa87ef0000 - 0x00007ffa87ef9000 	C:\WINDOWS\system32\NSI.dll
0x00007ffa860c0000 - 0x00007ffa8610f000 	C:\WINDOWS\SYSTEM32\cfgmgr32.dll
0x00007ffa84a50000 - 0x00007ffa84a78000 	C:\WINDOWS\SYSTEM32\DEVOBJ.dll
0x0000000059340000 - 0x000000005934f000 	C:\Program Files\Java\jdk1.8.0_31\jre\bin\verify.dll
0x0000000059310000 - 0x0000000059338000 	C:\Program Files\Java\jdk1.8.0_31\jre\bin\java.dll
0x00000000592f0000 - 0x0000000059306000 	C:\Program Files\Java\jdk1.8.0_31\jre\bin\zip.dll

VM Arguments:
jvm_args: -Djava.awt.headless=true -Xmx1024M -Dfile.encoding=windows-1252 -Duser.country=CA -Duser.language=en -Duser.variant 
java_command: com.android.dx.command.Main --dex --force-jumbo --num-threads=4 --multi-dex --output C:\Users\Saketh\Desktop\Honours Project\Marked\app\build\intermediates\transforms\dex\debug\folders\1000\10\com.google.firebase-firebase-database-10.2.1_7b445ea5aeed0e099a19669e15499faa2874f262 C:\Users\Saketh\Desktop\Honours Project\Marked\app\build\intermediates\exploded-aar\com.google.firebase\firebase-database\10.2.1\jars\classes.jar
java_class_path (initial): C:\Users\Saketh\Desktop\New folder\adt-bundle-windows-x86_64-20130522\sdk\build-tools\25.0.0\lib\dx.jar
Launcher Type: SUN_STANDARD

Environment Variables:
PATH=C:\ProgramData\Oracle\Java\javapath;C:\Program Files (x86)\NVIDIA Corporation\PhysX\Common;C:\Program Files (x86)\Intel\iCLS Client\;C:\Program Files\Intel\iCLS Client\;C:\WINDOWS\system32;C:\WINDOWS;C:\WINDOWS\System32\Wbem;C:\WINDOWS\System32\WindowsPowerShell\v1.0\;C:\Program Files\Intel\Intel(R) Management Engine Components\DAL;C:\Program Files\Intel\Intel(R) Management Engine Components\IPT;C:\Program Files (x86)\Intel\Intel(R) Management Engine Components\DAL;C:\Program Files (x86)\Intel\Intel(R) Management Engine Components\IPT;C:\Program Files\Microsoft\Web Platform Installer\;C:\Program Files\Intel\WiFi\bin\;C:\Program Files\Common Files\Intel\WirelessCommon\;C:\Program Files (x86)\MiKTeX 2.9\miktex\bin\;C:\Program Files (x86)\Skype\Phone\;C:\Program Files\TortoiseGit\bin
USERNAME=Saketh
OS=Windows_NT
PROCESSOR_IDENTIFIER=Intel64 Family 6 Model 58 Stepping 9, GenuineIntel



---------------  S Y S T E M  ---------------

OS: Windows 8.1 , 64 bit Build 9600 

CPU:total 8 (4 cores per cpu, 2 threads per core) family 6 model 58 stepping 9, cmov, cx8, fxsr, mmx, sse, sse2, sse3, ssse3, sse4.1, sse4.2, popcnt, avx, aes, clmul, erms, ht, tsc, tscinvbit, tscinv

Memory: 4k page, physical 8334620k(951664k free), swap 11480348k(5120k free)

vm_info: Java HotSpot(TM) 64-Bit Server VM (25.31-b07) for windows-amd64 JRE (1.8.0_31-b13), built on Dec 17 2014 21:00:28 by "java_re" with MS VC++ 10.0 (VS2010)

time: Mon May 08 02:43:13 2017
elapsed time: 0 seconds (0d 0h 0m 0s)

