#
# There is insufficient memory for the Java Runtime Environment to continue.
# Native memory allocation (malloc) failed to allocate 156032 bytes for Chunk::new
# Possible reasons:
#   The system is out of physical RAM or swap space
#   In 32 bit mode, the process size limit was hit
# Possible solutions:
#   Reduce memory load on the system
#   Increase physical memory or swap space
#   Check if swap backing store is full
#   Use 64 bit Java on a 64 bit OS
#   Decrease Java heap size (-Xmx/-Xms)
#   Decrease number of Java threads
#   Decrease Java thread stack sizes (-Xss)
#   Set larger code cache with -XX:ReservedCodeCacheSize=
# This output file may be truncated or incomplete.
#
#  Out of Memory Error (allocation.cpp:390), pid=14216, tid=12544
#
# JRE version: Java(TM) SE Runtime Environment (8.0_31-b13) (build 1.8.0_31-b13)
# Java VM: Java HotSpot(TM) 64-Bit Server VM (25.31-b07 mixed mode windows-amd64 compressed oops)
# Failed to write core dump. Minidumps are not enabled by default on client versions of Windows
#

---------------  T H R E A D  ---------------

Current thread (0x0000000017947800):  JavaThread "C2 CompilerThread0" daemon [_thread_in_native, id=12544, stack(0x0000000017f20000,0x0000000018020000)]

Stack: [0x0000000017f20000,0x0000000018020000]
Native frames: (J=compiled Java code, j=interpreted, Vv=VM code, C=native code)
V  [jvm.dll+0x3169ba]


Current CompileTask:
C2:   3587 1890       4       com.android.dx.rop.code.Rops::ropFor (771 bytes)


---------------  P R O C E S S  ---------------

Java Threads: ( => current thread )
  0x0000000018584800 JavaThread "pool-2-thread-4" [_thread_blocked, id=9636, stack(0x0000000019120000,0x0000000019220000)]
  0x0000000017c43000 JavaThread "pool-2-thread-3" [_thread_blocked, id=13588, stack(0x0000000019020000,0x0000000019120000)]
  0x0000000018543800 JavaThread "pool-2-thread-2" [_thread_blocked, id=11648, stack(0x0000000018f20000,0x0000000019020000)]
  0x0000000017cb5800 JavaThread "pool-3-thread-1" [_thread_blocked, id=12648, stack(0x0000000018e20000,0x0000000018f20000)]
  0x0000000017cb4800 JavaThread "pool-2-thread-1" [_thread_blocked, id=8280, stack(0x0000000018d20000,0x0000000018e20000)]
  0x00000000179dd800 JavaThread "Service Thread" daemon [_thread_blocked, id=3108, stack(0x0000000018320000,0x0000000018420000)]
  0x0000000017956000 JavaThread "C1 CompilerThread3" daemon [_thread_blocked, id=10212, stack(0x0000000018220000,0x0000000018320000)]
  0x0000000017953000 JavaThread "C2 CompilerThread2" daemon [_thread_in_native, id=11816, stack(0x0000000018120000,0x0000000018220000)]
  0x0000000017949800 JavaThread "C2 CompilerThread1" daemon [_thread_in_native, id=13016, stack(0x0000000018020000,0x0000000018120000)]
=>0x0000000017947800 JavaThread "C2 CompilerThread0" daemon [_thread_in_native, id=12544, stack(0x0000000017f20000,0x0000000018020000)]
  0x0000000017945000 JavaThread "Attach Listener" daemon [_thread_blocked, id=8832, stack(0x0000000017e20000,0x0000000017f20000)]
  0x0000000017944000 JavaThread "Signal Dispatcher" daemon [_thread_blocked, id=2180, stack(0x0000000017d20000,0x0000000017e20000)]
  0x0000000001977800 JavaThread "Finalizer" daemon [_thread_blocked, id=4552, stack(0x0000000017820000,0x0000000017920000)]
  0x0000000001971000 JavaThread "Reference Handler" daemon [_thread_blocked, id=8660, stack(0x0000000017720000,0x0000000017820000)]
  0x0000000001880800 JavaThread "main" [_thread_in_vm, id=10872, stack(0x0000000001780000,0x0000000001880000)]

Other Threads:
  0x0000000015948800 VMThread [stack: 0x0000000017620000,0x0000000017720000] [id=12168]
  0x00000000179e1800 WatcherThread [stack: 0x0000000018420000,0x0000000018520000] [id=6564]

VM state:not at safepoint (normal execution)

VM Mutex/Monitor currently owned by a thread:  ([mutex/lock_event])
[0x00000000016fe370] MethodData_lock - owner thread: 0x0000000000000000

Heap:
 PSYoungGen      total 38400K, used 28332K [0x00000000eab00000, 0x00000000ef600000, 0x0000000100000000)
  eden space 33280K, 69% used [0x00000000eab00000,0x00000000ec1af128,0x00000000ecb80000)
  from space 5120K, 99% used [0x00000000ecb80000,0x00000000ed07c028,0x00000000ed080000)
  to   space 5120K, 0% used [0x00000000ef100000,0x00000000ef100000,0x00000000ef600000)
 ParOldGen       total 87552K, used 7643K [0x00000000c0000000, 0x00000000c5580000, 0x00000000eab00000)
  object space 87552K, 8% used [0x00000000c0000000,0x00000000c0776c90,0x00000000c5580000)
 Metaspace       used 6305K, capacity 7152K, committed 7296K, reserved 1056768K
  class space    used 595K, capacity 616K, committed 640K, reserved 1048576K

Card table byte_map: [0x0000000001d40000,0x0000000001f50000] byte_map_base: 0x0000000001740000

Marking Bits: (ParMarkBitMap*) 0x0000000059c2d4f0
 Begin Bits: [0x0000000012d60000, 0x0000000013d60000)
 End Bits:   [0x0000000013d60000, 0x0000000014d60000)

Polling page: 0x00000000012e0000

CodeCache: size=245760Kb used=7573Kb max_used=7586Kb free=238186Kb
 bounds [0x0000000003400000, 0x0000000003b70000, 0x0000000012400000]
 total_blobs=2180 nmethods=1914 adapters=179
 compilation: enabled

Compilation events (10 events):
Event: 3.536 Thread 0x0000000017956000 1962       3       com.android.dx.cf.direct.StdAttributeFactory::constantValue (94 bytes)
Event: 3.539 Thread 0x0000000017956000 nmethod 1962 0x0000000003b5d490 code [0x0000000003b5d8c0, 0x0000000003b5ff48]
Event: 3.539 Thread 0x0000000017956000 1963   !   3       java.util.concurrent.ArrayBlockingQueue::take (46 bytes)
Event: 3.541 Thread 0x0000000017956000 nmethod 1963 0x0000000003b61dd0 code [0x0000000003b61fe0, 0x0000000003b62ab8]
Event: 3.541 Thread 0x0000000017956000 1964       3       java.util.concurrent.locks.AbstractQueuedSynchronizer::release (33 bytes)
Event: 3.541 Thread 0x0000000017956000 nmethod 1964 0x0000000003b63090 code [0x0000000003b63200, 0x0000000003b63518]
Event: 3.556 Thread 0x0000000017953000 nmethod 1886 0x0000000003b68dd0 code [0x0000000003b691e0, 0x0000000003b6bc78]
Event: 3.557 Thread 0x0000000017953000 1961       4       java.lang.StringBuilder::append (8 bytes)
Event: 3.563 Thread 0x0000000017953000 nmethod 1961 0x0000000003b65550 code [0x0000000003b656a0, 0x0000000003b65a58]
Event: 3.563 Thread 0x0000000017953000 1911       4       com.android.dx.dex.code.RopTranslator$TranslationVisitor::addOutput (9 bytes)

GC Heap History (6 events):
Event: 1.287 GC heap before
{Heap before GC invocations=1 (full 0):
 PSYoungGen      total 38400K, used 33280K [0x00000000eab00000, 0x00000000ed580000, 0x0000000100000000)
  eden space 33280K, 100% used [0x00000000eab00000,0x00000000ecb80000,0x00000000ecb80000)
  from space 5120K, 0% used [0x00000000ed080000,0x00000000ed080000,0x00000000ed580000)
  to   space 5120K, 0% used [0x00000000ecb80000,0x00000000ecb80000,0x00000000ed080000)
 ParOldGen       total 87552K, used 0K [0x00000000c0000000, 0x00000000c5580000, 0x00000000eab00000)
  object space 87552K, 0% used [0x00000000c0000000,0x00000000c0000000,0x00000000c5580000)
 Metaspace       used 5831K, capacity 6768K, committed 7040K, reserved 1056768K
  class space    used 590K, capacity 616K, committed 640K, reserved 1048576K
Event: 1.291 GC heap after
Heap after GC invocations=1 (full 0):
 PSYoungGen      total 38400K, used 4927K [0x00000000eab00000, 0x00000000ed580000, 0x0000000100000000)
  eden space 33280K, 0% used [0x00000000eab00000,0x00000000eab00000,0x00000000ecb80000)
  from space 5120K, 96% used [0x00000000ecb80000,0x00000000ed04ff08,0x00000000ed080000)
  to   space 5120K, 0% used [0x00000000ed080000,0x00000000ed080000,0x00000000ed580000)
 ParOldGen       total 87552K, used 16K [0x00000000c0000000, 0x00000000c5580000, 0x00000000eab00000)
  object space 87552K, 0% used [0x00000000c0000000,0x00000000c0004000,0x00000000c5580000)
 Metaspace       used 5831K, capacity 6768K, committed 7040K, reserved 1056768K
  class space    used 590K, capacity 616K, committed 640K, reserved 1048576K
}
Event: 1.834 GC heap before
{Heap before GC invocations=2 (full 0):
 PSYoungGen      total 38400K, used 38207K [0x00000000eab00000, 0x00000000ed580000, 0x0000000100000000)
  eden space 33280K, 100% used [0x00000000eab00000,0x00000000ecb80000,0x00000000ecb80000)
  from space 5120K, 96% used [0x00000000ecb80000,0x00000000ed04ff08,0x00000000ed080000)
  to   space 5120K, 0% used [0x00000000ed080000,0x00000000ed080000,0x00000000ed580000)
 ParOldGen       total 87552K, used 16K [0x00000000c0000000, 0x00000000c5580000, 0x00000000eab00000)
  object space 87552K, 0% used [0x00000000c0000000,0x00000000c0004000,0x00000000c5580000)
 Metaspace       used 6133K, capacity 7024K, committed 7296K, reserved 1056768K
  class space    used 595K, capacity 616K, committed 640K, reserved 1048576K
Event: 1.882 GC heap after
Heap after GC invocations=2 (full 0):
 PSYoungGen      total 38400K, used 5098K [0x00000000eab00000, 0x00000000ef600000, 0x0000000100000000)
  eden space 33280K, 0% used [0x00000000eab00000,0x00000000eab00000,0x00000000ecb80000)
  from space 5120K, 99% used [0x00000000ed080000,0x00000000ed57aab8,0x00000000ed580000)
  to   space 5120K, 0% used [0x00000000ecb80000,0x00000000ecb80000,0x00000000ed080000)
 ParOldGen       total 87552K, used 3124K [0x00000000c0000000, 0x00000000c5580000, 0x00000000eab00000)
  object space 87552K, 3% used [0x00000000c0000000,0x00000000c030d068,0x00000000c5580000)
 Metaspace       used 6133K, capacity 7024K, committed 7296K, reserved 1056768K
  class space    used 595K, capacity 616K, committed 640K, reserved 1048576K
}
Event: 2.677 GC heap before
{Heap before GC invocations=3 (full 0):
 PSYoungGen      total 38400K, used 38378K [0x00000000eab00000, 0x00000000ef600000, 0x0000000100000000)
  eden space 33280K, 100% used [0x00000000eab00000,0x00000000ecb80000,0x00000000ecb80000)
  from space 5120K, 99% used [0x00000000ed080000,0x00000000ed57aab8,0x00000000ed580000)
  to   space 5120K, 0% used [0x00000000ecb80000,0x00000000ecb80000,0x00000000ed080000)
 ParOldGen       total 87552K, used 3124K [0x00000000c0000000, 0x00000000c5580000, 0x00000000eab00000)
  object space 87552K, 3% used [0x00000000c0000000,0x00000000c030d068,0x00000000c5580000)
 Metaspace       used 6240K, capacity 7152K, committed 7296K, reserved 1056768K
  class space    used 595K, capacity 616K, committed 640K, reserved 1048576K
Event: 2.711 GC heap after
Heap after GC invocations=3 (full 0):
 PSYoungGen      total 38400K, used 5104K [0x00000000eab00000, 0x00000000ef600000, 0x0000000100000000)
  eden space 33280K, 0% used [0x00000000eab00000,0x00000000eab00000,0x00000000ecb80000)
  from space 5120K, 99% used [0x00000000ecb80000,0x00000000ed07c028,0x00000000ed080000)
  to   space 5120K, 0% used [0x00000000ef100000,0x00000000ef100000,0x00000000ef600000)
 ParOldGen       total 87552K, used 7643K [0x00000000c0000000, 0x00000000c5580000, 0x00000000eab00000)
  object space 87552K, 8% used [0x00000000c0000000,0x00000000c0776c90,0x00000000c5580000)
 Metaspace       used 6240K, capacity 7152K, committed 7296K, reserved 1056768K
  class space    used 595K, capacity 616K, committed 640K, reserved 1048576K
}

Deoptimization events (10 events):
Event: 1.329 Thread 0x0000000017cb4800 Uncommon trap: reason=class_check action=maybe_recompile pc=0x00000000036654d8 method=com.android.dx.rop.type.Type.equals(Ljava/lang/Object;)Z @ 8
Event: 1.338 Thread 0x0000000017cb4800 Uncommon trap: reason=unreached action=reinterpret pc=0x00000000036c749c method=com.android.dx.rop.cst.Constant.compareTo(Lcom/android/dx/rop/cst/Constant;)I @ 12
Event: 1.931 Thread 0x0000000017c43000 Uncommon trap: reason=null_check action=make_not_entrant pc=0x0000000003817c84 method=com.android.dx.ssa.SsaRenamer.getLocalForNewReg(I)Lcom/android/dx/rop/code/LocalItem; @ 19
Event: 1.932 Thread 0x0000000017c43000 Uncommon trap: reason=null_check action=make_not_entrant pc=0x0000000003813020 method=com.android.dx.ssa.SsaRenamer.getLocalForNewReg(I)Lcom/android/dx/rop/code/LocalItem; @ 19
Event: 2.527 Thread 0x0000000018543800 Uncommon trap: reason=bimorphic action=maybe_recompile pc=0x0000000003a4f7c0 method=com.android.dx.cf.code.BytecodeArray.parseInstruction(ILcom/android/dx/cf/code/BytecodeArray$Visitor;)I @ 1130
Event: 2.530 Thread 0x0000000018543800 Uncommon trap: reason=bimorphic action=maybe_recompile pc=0x0000000003a4f7c0 method=com.android.dx.cf.code.BytecodeArray.parseInstruction(ILcom/android/dx/cf/code/BytecodeArray$Visitor;)I @ 1130
Event: 2.545 Thread 0x0000000018543800 Uncommon trap: reason=null_check action=make_not_entrant pc=0x0000000003a4a38c method=com.android.dx.rop.type.Type.equals(Ljava/lang/Object;)Z @ 8
Event: 2.545 Thread 0x0000000018543800 Uncommon trap: reason=null_check action=make_not_entrant pc=0x0000000003a207a0 method=com.android.dx.rop.type.Type.equals(Ljava/lang/Object;)Z @ 8
Event: 2.828 Thread 0x0000000017cb4800 Uncommon trap: reason=class_check action=maybe_recompile pc=0x0000000003aa8278 method=com.android.dx.rop.code.RegisterSpec.withSimpleType()Lcom/android/dx/rop/code/RegisterSpec; @ 21
Event: 2.828 Thread 0x0000000017cb4800 Uncommon trap: reason=unreached action=reinterpret pc=0x0000000003aa8144 method=com.android.dx.ssa.LocalVariableExtractor.processBlock(I)V @ 251

Internal exceptions (10 events):
Event: 1.077 Thread 0x0000000018543800 Exception <a 'java/security/PrivilegedActionException'> (0x00000000ec66d5c0) thrown at [C:\workspace\8-2-build-windows-amd64-cygwin\jdk8u31\2394\hotspot\src\share\vm\prims\jvm.cpp, line 1312]
Event: 1.117 Thread 0x0000000001880800 Exception <a 'java/security/PrivilegedActionException'> (0x00000000ec41cf20) thrown at [C:\workspace\8-2-build-windows-amd64-cygwin\jdk8u31\2394\hotspot\src\share\vm\prims\jvm.cpp, line 1312]
Event: 1.320 Thread 0x0000000001880800 Exception <a 'java/security/PrivilegedActionException'> (0x00000000eafbbbc0) thrown at [C:\workspace\8-2-build-windows-amd64-cygwin\jdk8u31\2394\hotspot\src\share\vm\prims\jvm.cpp, line 1312]
Event: 1.330 Thread 0x0000000017cb4800 Exception <a 'java/security/PrivilegedActionException'> (0x00000000eaee0750) thrown at [C:\workspace\8-2-build-windows-amd64-cygwin\jdk8u31\2394\hotspot\src\share\vm\prims\jvm.cpp, line 1312]
Event: 1.345 Thread 0x0000000018584800 Exception <a 'java/security/PrivilegedActionException'> (0x00000000eb2dd0f0) thrown at [C:\workspace\8-2-build-windows-amd64-cygwin\jdk8u31\2394\hotspot\src\share\vm\prims\jvm.cpp, line 1312]
Event: 1.931 Thread 0x0000000017c43000 Implicit null exception at 0x00000000038167ad to 0x0000000003817c69
Event: 1.932 Thread 0x0000000017c43000 Implicit null exception at 0x0000000003811b52 to 0x0000000003812ff5
Event: 2.545 Thread 0x0000000018543800 Implicit null exception at 0x0000000003a4a057 to 0x0000000003a4a379
Event: 2.545 Thread 0x0000000018543800 Implicit null exception at 0x0000000003a206a2 to 0x0000000003a20792
Event: 3.527 Thread 0x0000000018543800 Exception <a 'java/security/PrivilegedActionException'> (0x00000000ebeecbd0) thrown at [C:\workspace\8-2-build-windows-amd64-cygwin\jdk8u31\2394\hotspot\src\share\vm\prims\jvm.cpp, line 1312]

Events (10 events):
Event: 2.828 Thread 0x0000000017cb4800 DEOPT UNPACKING pc=0x000000000344556a sp=0x0000000018e1ea48 mode 2
Event: 2.828 Thread 0x0000000017cb4800 Uncommon trap: trap_request=0xffffffad fr.pc=0x0000000003aa8144
Event: 2.828 Thread 0x0000000017cb4800 DEOPT PACKING pc=0x0000000003aa8144 sp=0x0000000018e1eae0
Event: 2.828 Thread 0x0000000017cb4800 DEOPT UNPACKING pc=0x000000000344556a sp=0x0000000018e1eab0 mode 2
Event: 3.054 Thread 0x0000000001880800 DEOPT PACKING pc=0x0000000003a00de1 sp=0x000000000187e5b0
Event: 3.054 Thread 0x0000000001880800 DEOPT UNPACKING pc=0x00000000034475bf sp=0x000000000187e370 mode 0
Event: 3.502 Thread 0x0000000001880800 DEOPT PACKING pc=0x0000000003a05b68 sp=0x000000000187ea30
Event: 3.502 Thread 0x0000000001880800 DEOPT UNPACKING pc=0x00000000034475bf sp=0x000000000187e730 mode 0
Event: 3.527 loading class com/android/dx/rop/code/RegisterSpec$1
Event: 3.527 loading class com/android/dx/rop/code/RegisterSpec$1 done


Dynamic libraries:
0x00007ff644d20000 - 0x00007ff644d54000 	C:\Program Files\Java\jdk1.8.0_31\bin\java.exe
0x00007ffa88b20000 - 0x00007ffa88ccd000 	C:\WINDOWS\SYSTEM32\ntdll.dll
0x00007ffa87f00000 - 0x00007ffa8803e000 	C:\WINDOWS\system32\KERNEL32.DLL
0x00007ffa85d10000 - 0x00007ffa85e25000 	C:\WINDOWS\system32\KERNELBASE.dll
0x00007ffa847e0000 - 0x00007ffa8486e000 	C:\WINDOWS\system32\apphelp.dll
0x00007ffa6d0a0000 - 0x00007ffa6d0f3000 	C:\WINDOWS\AppPatch\AppPatch64\AcGenral.DLL
0x00007ffa88640000 - 0x00007ffa886ea000 	C:\WINDOWS\system32\msvcrt.dll
0x00007ffa86170000 - 0x00007ffa8619e000 	C:\WINDOWS\system32\SspiCli.dll
0x00007ffa88040000 - 0x00007ffa88094000 	C:\WINDOWS\system32\SHLWAPI.dll
0x00007ffa88260000 - 0x00007ffa883d7000 	C:\WINDOWS\system32\USER32.dll
0x00007ffa864a0000 - 0x00007ffa86634000 	C:\WINDOWS\system32\ole32.dll
0x00007ffa86860000 - 0x00007ffa87d88000 	C:\WINDOWS\system32\SHELL32.dll
0x00007ffa85670000 - 0x00007ffa85691000 	C:\WINDOWS\SYSTEM32\USERENV.dll
0x00007ffa88590000 - 0x00007ffa8863a000 	C:\WINDOWS\system32\ADVAPI32.dll
0x00007ffa7fce0000 - 0x00007ffa7fcfe000 	C:\WINDOWS\SYSTEM32\MPR.dll
0x00007ffa88450000 - 0x00007ffa88590000 	C:\WINDOWS\system32\RPCRT4.dll
0x00007ffa86650000 - 0x00007ffa866a9000 	C:\WINDOWS\SYSTEM32\sechost.dll
0x00007ffa861c0000 - 0x00007ffa863d1000 	C:\WINDOWS\SYSTEM32\combase.dll
0x00007ffa86710000 - 0x00007ffa8685f000 	C:\WINDOWS\system32\GDI32.dll
0x00007ffa85c40000 - 0x00007ffa85c55000 	C:\WINDOWS\SYSTEM32\profapi.dll
0x00007ffa841b0000 - 0x00007ffa84262000 	C:\WINDOWS\SYSTEM32\SHCORE.dll
0x00007ffa87e50000 - 0x00007ffa87e86000 	C:\WINDOWS\system32\IMM32.DLL
0x00007ffa887e0000 - 0x00007ffa88932000 	C:\WINDOWS\system32\MSCTF.dll
0x00007ffa83d30000 - 0x00007ffa83fab000 	C:\WINDOWS\WinSxS\amd64_microsoft.windows.common-controls_6595b64144ccf1df_6.0.9600.18006_none_623f33d3ecbe86e8\COMCTL32.dll
0x000000005ab30000 - 0x000000005ac02000 	C:\Program Files\Java\jdk1.8.0_31\jre\bin\msvcr100.dll
0x0000000059450000 - 0x0000000059caa000 	C:\Program Files\Java\jdk1.8.0_31\jre\bin\server\jvm.dll
0x00007ffa7c230000 - 0x00007ffa7c239000 	C:\WINDOWS\SYSTEM32\WSOCK32.dll
0x00007ffa819d0000 - 0x00007ffa819f2000 	C:\WINDOWS\SYSTEM32\WINMM.dll
0x00007ffa861a0000 - 0x00007ffa861a7000 	C:\WINDOWS\system32\PSAPI.DLL
0x00007ffa866b0000 - 0x00007ffa8670a000 	C:\WINDOWS\system32\WS2_32.dll
0x00007ffa81670000 - 0x00007ffa8169a000 	C:\WINDOWS\SYSTEM32\WINMMBASE.dll
0x00007ffa87ef0000 - 0x00007ffa87ef9000 	C:\WINDOWS\system32\NSI.dll
0x00007ffa860c0000 - 0x00007ffa8610f000 	C:\WINDOWS\SYSTEM32\cfgmgr32.dll
0x00007ffa84a50000 - 0x00007ffa84a78000 	C:\WINDOWS\SYSTEM32\DEVOBJ.dll
0x000000005ab20000 - 0x000000005ab2f000 	C:\Program Files\Java\jdk1.8.0_31\jre\bin\verify.dll
0x000000005aaf0000 - 0x000000005ab18000 	C:\Program Files\Java\jdk1.8.0_31\jre\bin\java.dll
0x000000005aad0000 - 0x000000005aae6000 	C:\Program Files\Java\jdk1.8.0_31\jre\bin\zip.dll
0x00007ffa80710000 - 0x00007ffa80899000 	C:\WINDOWS\SYSTEM32\dbghelp.dll

VM Arguments:
jvm_args: -Djava.awt.headless=true -Xmx1024M -Dfile.encoding=windows-1252 -Duser.country=CA -Duser.language=en -Duser.variant 
java_command: com.android.dx.command.Main --dex --force-jumbo --num-threads=4 --multi-dex --output C:\Users\Saketh\Desktop\Honours Project\Marked\app\build\intermediates\transforms\dex\debug\folders\1000\10\com.android.support-support-compat-25.3.0_2e56946d306c554689267c358c4810b8239d465f C:\Users\Saketh\Desktop\Honours Project\Marked\app\build\intermediates\exploded-aar\com.android.support\support-compat\25.3.0\jars\classes.jar
java_class_path (initial): C:\Users\Saketh\Desktop\New folder\adt-bundle-windows-x86_64-20130522\sdk\build-tools\25.0.0\lib\dx.jar
Launcher Type: SUN_STANDARD

Environment Variables:
PATH=C:\ProgramData\Oracle\Java\javapath;C:\Program Files (x86)\NVIDIA Corporation\PhysX\Common;C:\Program Files (x86)\Intel\iCLS Client\;C:\Program Files\Intel\iCLS Client\;C:\WINDOWS\system32;C:\WINDOWS;C:\WINDOWS\System32\Wbem;C:\WINDOWS\System32\WindowsPowerShell\v1.0\;C:\Program Files\Intel\Intel(R) Management Engine Components\DAL;C:\Program Files\Intel\Intel(R) Management Engine Components\IPT;C:\Program Files (x86)\Intel\Intel(R) Management Engine Components\DAL;C:\Program Files (x86)\Intel\Intel(R) Management Engine Components\IPT;C:\Program Files\Microsoft\Web Platform Installer\;C:\Program Files\Intel\WiFi\bin\;C:\Program Files\Common Files\Intel\WirelessCommon\;C:\Program Files (x86)\MiKTeX 2.9\miktex\bin\;C:\Program Files (x86)\Skype\Phone\;C:\Program Files\TortoiseGit\bin
USERNAME=Saketh
OS=Windows_NT
PROCESSOR_IDENTIFIER=Intel64 Family 6 Model 58 Stepping 9, GenuineIntel



---------------  S Y S T E M  ---------------

OS: Windows 8.1 , 64 bit Build 9600 

CPU:total 8 (4 cores per cpu, 2 threads per core) family 6 model 58 stepping 9, cmov, cx8, fxsr, mmx, sse, sse2, sse3, ssse3, sse4.1, sse4.2, popcnt, avx, aes, clmul, erms, ht, tsc, tscinvbit, tscinv

Memory: 4k page, physical 8334620k(1205748k free), swap 11480348k(5136k free)

vm_info: Java HotSpot(TM) 64-Bit Server VM (25.31-b07) for windows-amd64 JRE (1.8.0_31-b13), built on Dec 17 2014 21:00:28 by "java_re" with MS VC++ 10.0 (VS2010)

time: Tue May 02 17:09:21 2017
elapsed time: 3 seconds (0d 0h 0m 3s)

