#
# There is insufficient memory for the Java Runtime Environment to continue.
# Native memory allocation (malloc) failed to allocate 377456 bytes for Chunk::new
# Possible reasons:
#   The system is out of physical RAM or swap space
#   In 32 bit mode, the process size limit was hit
# Possible solutions:
#   Reduce memory load on the system
#   Increase physical memory or swap space
#   Check if swap backing store is full
#   Use 64 bit Java on a 64 bit OS
#   Decrease Java heap size (-Xmx/-Xms)
#   Decrease number of Java threads
#   Decrease Java thread stack sizes (-Xss)
#   Set larger code cache with -XX:ReservedCodeCacheSize=
# This output file may be truncated or incomplete.
#
#  Out of Memory Error (allocation.cpp:390), pid=6428, tid=10256
#
# JRE version: Java(TM) SE Runtime Environment (8.0_31-b13) (build 1.8.0_31-b13)
# Java VM: Java HotSpot(TM) 64-Bit Server VM (25.31-b07 mixed mode windows-amd64 compressed oops)
# Failed to write core dump. Minidumps are not enabled by default on client versions of Windows
#

---------------  T H R E A D  ---------------

Current thread (0x0000000017309000):  JavaThread "C2 CompilerThread2" daemon [_thread_in_native, id=10256, stack(0x0000000017ad0000,0x0000000017bd0000)]

Stack: [0x0000000017ad0000,0x0000000017bd0000]
Native frames: (J=compiled Java code, j=interpreted, Vv=VM code, C=native code)
V  [jvm.dll+0x3169ba]
V  [jvm.dll+0x2674c3]
V  [jvm.dll+0x268103]
V  [jvm.dll+0x25f8f5]
V  [jvm.dll+0xbf025]
V  [jvm.dll+0xbf4cc]
V  [jvm.dll+0x45df82]
V  [jvm.dll+0x49f21f]
V  [jvm.dll+0x452b35]
V  [jvm.dll+0x454124]
V  [jvm.dll+0x437c62]
V  [jvm.dll+0x988e2]
V  [jvm.dll+0x990d3]
V  [jvm.dll+0x22c194]
V  [jvm.dll+0x28576a]
C  [msvcr100.dll+0x21d9f]
C  [msvcr100.dll+0x21e3b]
C  [KERNEL32.DLL+0x13d2]
C  [ntdll.dll+0x154e4]


Current CompileTask:
C2:   1271 1011       4       com.android.dx.rop.code.RegisterSpec::makeLocalOptional (7 bytes)


---------------  P R O C E S S  ---------------

Java Threads: ( => current thread )
  0x0000000017ee2000 JavaThread "pool-2-thread-4" [_thread_in_Java, id=5160, stack(0x0000000018ad0000,0x0000000018bd0000)]
  0x00000000176c6800 JavaThread "pool-2-thread-3" [_thread_in_Java, id=2844, stack(0x00000000189d0000,0x0000000018ad0000)]
  0x00000000176c6000 JavaThread "pool-2-thread-2" [_thread_blocked, id=9880, stack(0x00000000188d0000,0x00000000189d0000)]
  0x00000000176c0000 JavaThread "pool-3-thread-1" [_thread_blocked, id=12264, stack(0x00000000187d0000,0x00000000188d0000)]
  0x00000000176bf000 JavaThread "pool-2-thread-1" [_thread_blocked, id=10760, stack(0x00000000186d0000,0x00000000187d0000)]
  0x00000000173a0000 JavaThread "Service Thread" daemon [_thread_blocked, id=11908, stack(0x0000000017cd0000,0x0000000017dd0000)]
  0x0000000017327000 JavaThread "C1 CompilerThread3" daemon [_thread_blocked, id=3572, stack(0x0000000017bd0000,0x0000000017cd0000)]
=>0x0000000017309000 JavaThread "C2 CompilerThread2" daemon [_thread_in_native, id=10256, stack(0x0000000017ad0000,0x0000000017bd0000)]
  0x00000000172f9000 JavaThread "C2 CompilerThread1" daemon [_thread_blocked, id=5224, stack(0x00000000179d0000,0x0000000017ad0000)]
  0x00000000172f7000 JavaThread "C2 CompilerThread0" daemon [_thread_blocked, id=9112, stack(0x00000000178d0000,0x00000000179d0000)]
  0x00000000172f4800 JavaThread "Attach Listener" daemon [_thread_blocked, id=12464, stack(0x00000000177d0000,0x00000000178d0000)]
  0x00000000172f3800 JavaThread "Signal Dispatcher" daemon [_thread_blocked, id=11580, stack(0x00000000176d0000,0x00000000177d0000)]
  0x0000000001237800 JavaThread "Finalizer" daemon [_thread_blocked, id=6224, stack(0x00000000171d0000,0x00000000172d0000)]
  0x0000000001231000 JavaThread "Reference Handler" daemon [_thread_blocked, id=13156, stack(0x00000000170d0000,0x00000000171d0000)]
  0x0000000001140800 JavaThread "main" [_thread_in_Java, id=7660, stack(0x0000000000fa0000,0x00000000010a0000)]

Other Threads:
  0x00000000152e8800 VMThread [stack: 0x0000000016fd0000,0x00000000170d0000] [id=4480]
  0x00000000173a1800 WatcherThread [stack: 0x0000000017dd0000,0x0000000017ed0000] [id=10296]

VM state:not at safepoint (normal execution)

VM Mutex/Monitor currently owned by a thread: None

Heap:
 PSYoungGen      total 38400K, used 23983K [0x00000000eab00000, 0x00000000ed580000, 0x0000000100000000)
  eden space 33280K, 72% used [0x00000000eab00000,0x00000000ec26bc88,0x00000000ecb80000)
  from space 5120K, 0% used [0x00000000ed080000,0x00000000ed080000,0x00000000ed580000)
  to   space 5120K, 0% used [0x00000000ecb80000,0x00000000ecb80000,0x00000000ed080000)
 ParOldGen       total 87552K, used 0K [0x00000000c0000000, 0x00000000c5580000, 0x00000000eab00000)
  object space 87552K, 0% used [0x00000000c0000000,0x00000000c0000000,0x00000000c5580000)
 Metaspace       used 5832K, capacity 6832K, committed 7040K, reserved 1056768K
  class space    used 590K, capacity 616K, committed 640K, reserved 1048576K

Card table byte_map: [0x00000000016f0000,0x0000000001900000] byte_map_base: 0x00000000010f0000

Marking Bits: (ParMarkBitMap*) 0x000000005d1bd4f0
 Begin Bits: [0x0000000012700000, 0x0000000013700000)
 End Bits:   [0x0000000013700000, 0x0000000014700000)

Polling page: 0x0000000000c40000

CodeCache: size=245760Kb used=3749Kb max_used=3767Kb free=242010Kb
 bounds [0x0000000003400000, 0x00000000037c0000, 0x0000000012400000]
 total_blobs=1260 nmethods=994 adapters=179
 compilation: disabled (not enough contiguous free space left)

Compilation events (10 events):
Event: 1.217 Thread 0x0000000017309000 1002       4       com.android.dx.rop.code.RegisterSpec$ForComparison::set (16 bytes)
Event: 1.218 Thread 0x0000000017309000 nmethod 1002 0x0000000003787a10 code [0x0000000003787b40, 0x0000000003787bb8]
Event: 1.218 Thread 0x0000000017309000 1004       4       java.util.ArrayList::ensureCapacityInternal (23 bytes)
Event: 1.219 Thread 0x00000000172f7000 nmethod 1001 0x00000000037acbd0 code [0x00000000037acd20, 0x00000000037ace98]
Event: 1.219 Thread 0x00000000172f7000 1003       4       com.android.dx.rop.code.RegisterSpec$ForComparison::hashCode (16 bytes)
Event: 1.222 Thread 0x0000000017309000 nmethod 1004 0x00000000037ac5d0 code [0x00000000037ac720, 0x00000000037ac9a8]
Event: 1.223 Thread 0x0000000017309000 1011       4       com.android.dx.rop.code.RegisterSpec::makeLocalOptional (7 bytes)
Event: 1.227 Thread 0x00000000172f9000 

Event: 1.227 Thread 0x0000000017327000 

Event: 1.231 Thread 0x00000000172f7000 


GC Heap History (0 events):
No events

Deoptimization events (8 events):
Event: 0.885 Thread 0x00000000176c6800 Uncommon trap: reason=class_check action=maybe_recompile pc=0x000000000364a28c method=com.android.dx.ssa.NormalSsaInsn.accept(Lcom/android/dx/ssa/SsaInsn$Visitor;)V @ 9
Event: 1.164 Thread 0x00000000176c6800 Uncommon trap: reason=class_check action=maybe_recompile pc=0x0000000003770924 method=com.android.dx.rop.type.Type.equals(Ljava/lang/Object;)Z @ 8
Event: 1.166 Thread 0x00000000176c6800 Uncommon trap: reason=class_check action=maybe_recompile pc=0x0000000003770924 method=com.android.dx.rop.type.Type.equals(Ljava/lang/Object;)Z @ 8
Event: 1.166 Thread 0x00000000176c6800 Uncommon trap: reason=class_check action=maybe_recompile pc=0x0000000003770924 method=com.android.dx.rop.type.Type.equals(Ljava/lang/Object;)Z @ 8
Event: 1.166 Thread 0x00000000176c6800 Uncommon trap: reason=class_check action=maybe_recompile pc=0x0000000003770924 method=com.android.dx.rop.type.Type.equals(Ljava/lang/Object;)Z @ 8
Event: 1.210 Thread 0x00000000176c6800 Uncommon trap: reason=class_check action=maybe_recompile pc=0x00000000036f55ec method=com.android.dx.rop.type.Type.equals(Ljava/lang/Object;)Z @ 8
Event: 1.222 Thread 0x00000000176c6800 Uncommon trap: reason=unreached action=reinterpret pc=0x000000000376c15c method=com.android.dx.rop.cst.Constant.compareTo(Lcom/android/dx/rop/cst/Constant;)I @ 12
Event: 1.222 Thread 0x00000000176c6800 Uncommon trap: reason=unreached action=reinterpret pc=0x00000000037910f0 method=com.android.dx.ssa.SsaMethod.onSourcesChanged(Lcom/android/dx/ssa/SsaInsn;Lcom/android/dx/rop/code/RegisterSpecList;)V @ 4

Internal exceptions (10 events):
Event: 0.634 Thread 0x0000000001140800 Exception <a 'java/security/PrivilegedActionException'> (0x00000000eba8f9b0) thrown at [C:\workspace\8-2-build-windows-amd64-cygwin\jdk8u31\2394\hotspot\src\share\vm\prims\jvm.cpp, line 1312]
Event: 0.674 Thread 0x0000000017ee2000 Exception <a 'java/security/PrivilegedActionException'> (0x00000000eb92b3f8) thrown at [C:\workspace\8-2-build-windows-amd64-cygwin\jdk8u31\2394\hotspot\src\share\vm\prims\jvm.cpp, line 1312]
Event: 0.907 Thread 0x0000000001140800 Exception <a 'java/security/PrivilegedActionException'> (0x00000000ebbb4628) thrown at [C:\workspace\8-2-build-windows-amd64-cygwin\jdk8u31\2394\hotspot\src\share\vm\prims\jvm.cpp, line 1312]
Event: 0.960 Thread 0x0000000001140800 Exception <a 'java/security/PrivilegedActionException'> (0x00000000ebbdd358) thrown at [C:\workspace\8-2-build-windows-amd64-cygwin\jdk8u31\2394\hotspot\src\share\vm\prims\jvm.cpp, line 1312]
Event: 0.963 Thread 0x0000000001140800 Exception <a 'java/security/PrivilegedActionException'> (0x00000000ebbdffa0) thrown at [C:\workspace\8-2-build-windows-amd64-cygwin\jdk8u31\2394\hotspot\src\share\vm\prims\jvm.cpp, line 1312]
Event: 1.021 Thread 0x00000000176bf000 Exception <a 'java/security/PrivilegedActionException'> (0x00000000ec03b248) thrown at [C:\workspace\8-2-build-windows-amd64-cygwin\jdk8u31\2394\hotspot\src\share\vm\prims\jvm.cpp, line 1312]
Event: 1.022 Thread 0x00000000176bf000 Exception <a 'java/security/PrivilegedActionException'> (0x00000000ec040f28) thrown at [C:\workspace\8-2-build-windows-amd64-cygwin\jdk8u31\2394\hotspot\src\share\vm\prims\jvm.cpp, line 1312]
Event: 1.022 Thread 0x00000000176bf000 Exception <a 'java/security/PrivilegedActionException'> (0x00000000ec046998) thrown at [C:\workspace\8-2-build-windows-amd64-cygwin\jdk8u31\2394\hotspot\src\share\vm\prims\jvm.cpp, line 1312]
Event: 1.029 Thread 0x0000000001140800 Exception <a 'java/security/PrivilegedActionException'> (0x00000000ebf37ea8) thrown at [C:\workspace\8-2-build-windows-amd64-cygwin\jdk8u31\2394\hotspot\src\share\vm\prims\jvm.cpp, line 1312]
Event: 1.165 Thread 0x00000000176c6800 Exception <a 'java/security/PrivilegedActionException'> (0x00000000ebe6e540) thrown at [C:\workspace\8-2-build-windows-amd64-cygwin\jdk8u31\2394\hotspot\src\share\vm\prims\jvm.cpp, line 1312]

Events (10 events):
Event: 1.210 Thread 0x00000000176c6800 DEOPT PACKING pc=0x00000000036f55ec sp=0x0000000018ace8e0
Event: 1.210 Thread 0x00000000176c6800 DEOPT UNPACKING pc=0x000000000344556a sp=0x0000000018ace818 mode 2
Event: 1.211 loading class java/util/DualPivotQuicksort
Event: 1.211 loading class java/util/DualPivotQuicksort done
Event: 1.222 Thread 0x00000000176c6800 Uncommon trap: trap_request=0xffffffad fr.pc=0x000000000376c15c
Event: 1.222 Thread 0x00000000176c6800 DEOPT PACKING pc=0x000000000376c15c sp=0x0000000018ace680
Event: 1.222 Thread 0x00000000176c6800 DEOPT UNPACKING pc=0x000000000344556a sp=0x0000000018ace620 mode 2
Event: 1.222 Thread 0x00000000176c6800 Uncommon trap: trap_request=0xffffffad fr.pc=0x00000000037910f0
Event: 1.222 Thread 0x00000000176c6800 DEOPT PACKING pc=0x00000000037910f0 sp=0x0000000018ace990
Event: 1.222 Thread 0x00000000176c6800 DEOPT UNPACKING pc=0x000000000344556a sp=0x0000000018ace8e0 mode 2


Dynamic libraries:
0x00007ff6fd260000 - 0x00007ff6fd294000 	C:\Program Files\Java\jdk1.8.0_31\bin\java.exe
0x00007ffcb6780000 - 0x00007ffcb692d000 	C:\WINDOWS\SYSTEM32\ntdll.dll
0x00007ffcb3e60000 - 0x00007ffcb3f9e000 	C:\WINDOWS\system32\KERNEL32.DLL
0x00007ffcb3c80000 - 0x00007ffcb3d95000 	C:\WINDOWS\system32\KERNELBASE.dll
0x00007ffcb2390000 - 0x00007ffcb241e000 	C:\WINDOWS\system32\apphelp.dll
0x00007ffc9e8c0000 - 0x00007ffc9e913000 	C:\WINDOWS\AppPatch\AppPatch64\AcGenral.DLL
0x00007ffcb5d60000 - 0x00007ffcb5e0a000 	C:\WINDOWS\system32\msvcrt.dll
0x00007ffcb3b50000 - 0x00007ffcb3b7e000 	C:\WINDOWS\system32\SspiCli.dll
0x00007ffcb57b0000 - 0x00007ffcb5804000 	C:\WINDOWS\system32\SHLWAPI.dll
0x00007ffcb58c0000 - 0x00007ffcb5a37000 	C:\WINDOWS\system32\USER32.dll
0x00007ffcb5e10000 - 0x00007ffcb5fa4000 	C:\WINDOWS\system32\ole32.dll
0x00007ffcb4280000 - 0x00007ffcb57a8000 	C:\WINDOWS\system32\SHELL32.dll
0x00007ffcb2e70000 - 0x00007ffcb2e91000 	C:\WINDOWS\SYSTEM32\USERENV.dll
0x00007ffcb5810000 - 0x00007ffcb58ba000 	C:\WINDOWS\system32\ADVAPI32.dll
0x00007ffca9a50000 - 0x00007ffca9a6e000 	C:\WINDOWS\SYSTEM32\MPR.dll
0x00007ffcb6420000 - 0x00007ffcb6560000 	C:\WINDOWS\system32\RPCRT4.dll
0x00007ffcb6720000 - 0x00007ffcb6779000 	C:\WINDOWS\SYSTEM32\sechost.dll
0x00007ffcb3fa0000 - 0x00007ffcb41b1000 	C:\WINDOWS\SYSTEM32\combase.dll
0x00007ffcb6070000 - 0x00007ffcb61bf000 	C:\WINDOWS\system32\GDI32.dll
0x00007ffcb38a0000 - 0x00007ffcb38b5000 	C:\WINDOWS\SYSTEM32\profapi.dll
0x00007ffcb2420000 - 0x00007ffcb24d2000 	C:\WINDOWS\SYSTEM32\SHCORE.dll
0x00007ffcb3e00000 - 0x00007ffcb3e36000 	C:\WINDOWS\system32\IMM32.DLL
0x00007ffcb5b20000 - 0x00007ffcb5c72000 	C:\WINDOWS\system32\MSCTF.dll
0x00007ffcaff90000 - 0x00007ffcb020b000 	C:\WINDOWS\WinSxS\amd64_microsoft.windows.common-controls_6595b64144ccf1df_6.0.9600.18006_none_623f33d3ecbe86e8\COMCTL32.dll
0x000000005c5d0000 - 0x000000005c6a2000 	C:\Program Files\Java\jdk1.8.0_31\jre\bin\msvcr100.dll
0x000000005c9e0000 - 0x000000005d23a000 	C:\Program Files\Java\jdk1.8.0_31\jre\bin\server\jvm.dll
0x00007ffcab380000 - 0x00007ffcab389000 	C:\WINDOWS\SYSTEM32\WSOCK32.dll
0x00007ffcb0a20000 - 0x00007ffcb0a42000 	C:\WINDOWS\SYSTEM32\WINMM.dll
0x00007ffcb5b10000 - 0x00007ffcb5b17000 	C:\WINDOWS\system32\PSAPI.DLL
0x00007ffcb41c0000 - 0x00007ffcb421a000 	C:\WINDOWS\system32\WS2_32.dll
0x00007ffcb0770000 - 0x00007ffcb079a000 	C:\WINDOWS\SYSTEM32\WINMMBASE.dll
0x00007ffcb3e40000 - 0x00007ffcb3e49000 	C:\WINDOWS\system32\NSI.dll
0x00007ffcb3b80000 - 0x00007ffcb3bcf000 	C:\WINDOWS\SYSTEM32\cfgmgr32.dll
0x00007ffcb26c0000 - 0x00007ffcb26e8000 	C:\WINDOWS\SYSTEM32\DEVOBJ.dll
0x000000005df30000 - 0x000000005df3f000 	C:\Program Files\Java\jdk1.8.0_31\jre\bin\verify.dll
0x000000005d700000 - 0x000000005d728000 	C:\Program Files\Java\jdk1.8.0_31\jre\bin\java.dll
0x000000005d6e0000 - 0x000000005d6f6000 	C:\Program Files\Java\jdk1.8.0_31\jre\bin\zip.dll
0x00007ffca6a90000 - 0x00007ffca6c19000 	C:\WINDOWS\SYSTEM32\dbghelp.dll

VM Arguments:
jvm_args: -Djava.awt.headless=true -Xmx1024M -Dfile.encoding=windows-1252 -Duser.country=CA -Duser.language=en -Duser.variant 
java_command: com.android.dx.command.Main --dex --force-jumbo --num-threads=4 --multi-dex --output C:\Users\Saketh\Desktop\Honours Project\Marked\app\build\intermediates\transforms\dex\debug\folders\1000\10\internal_impl-25.0.0_e04cfbea277f6c90404e3bbc3dfebf601e239e2f C:\Users\Saketh\Desktop\Honours Project\Marked\app\build\intermediates\exploded-aar\com.android.support\support-compat\25.0.0\jars\libs\internal_impl-25.0.0.jar
java_class_path (initial): C:\Users\Saketh\Desktop\New folder\adt-bundle-windows-x86_64-20130522\sdk\build-tools\25.0.0\lib\dx.jar
Launcher Type: SUN_STANDARD

Environment Variables:
PATH=C:\ProgramData\Oracle\Java\javapath;C:\Program Files (x86)\NVIDIA Corporation\PhysX\Common;C:\Program Files (x86)\Intel\iCLS Client\;C:\Program Files\Intel\iCLS Client\;C:\WINDOWS\system32;C:\WINDOWS;C:\WINDOWS\System32\Wbem;C:\WINDOWS\System32\WindowsPowerShell\v1.0\;C:\Program Files\Intel\Intel(R) Management Engine Components\DAL;C:\Program Files\Intel\Intel(R) Management Engine Components\IPT;C:\Program Files (x86)\Intel\Intel(R) Management Engine Components\DAL;C:\Program Files (x86)\Intel\Intel(R) Management Engine Components\IPT;C:\Program Files\Microsoft\Web Platform Installer\;C:\Program Files\Intel\WiFi\bin\;C:\Program Files\Common Files\Intel\WirelessCommon\;C:\Program Files (x86)\MiKTeX 2.9\miktex\bin\;C:\Program Files (x86)\Skype\Phone\;C:\Program Files\TortoiseGit\bin
USERNAME=Saketh
OS=Windows_NT
PROCESSOR_IDENTIFIER=Intel64 Family 6 Model 58 Stepping 9, GenuineIntel



---------------  S Y S T E M  ---------------

OS: Windows 8.1 , 64 bit Build 9600 

CPU:total 8 (4 cores per cpu, 2 threads per core) family 6 model 58 stepping 9, cmov, cx8, fxsr, mmx, sse, sse2, sse3, ssse3, sse4.1, sse4.2, popcnt, avx, aes, clmul, erms, ht, tsc, tscinvbit, tscinv

Memory: 4k page, physical 8334620k(938884k free), swap 11480348k(5188k free)

vm_info: Java HotSpot(TM) 64-Bit Server VM (25.31-b07) for windows-amd64 JRE (1.8.0_31-b13), built on Dec 17 2014 21:00:28 by "java_re" with MS VC++ 10.0 (VS2010)

time: Mon Feb 20 18:12:30 2017
elapsed time: 1 seconds (0d 0h 0m 1s)

