#
# There is insufficient memory for the Java Runtime Environment to continue.
# Native memory allocation (malloc) failed to allocate 926176 bytes for Chunk::new
# Possible reasons:
#   The system is out of physical RAM or swap space
#   In 32 bit mode, the process size limit was hit
# Possible solutions:
#   Reduce memory load on the system
#   Increase physical memory or swap space
#   Check if swap backing store is full
#   Use 64 bit Java on a 64 bit OS
#   Decrease Java heap size (-Xmx/-Xms)
#   Decrease number of Java threads
#   Decrease Java thread stack sizes (-Xss)
#   Set larger code cache with -XX:ReservedCodeCacheSize=
# This output file may be truncated or incomplete.
#
#  Out of Memory Error (allocation.cpp:390), pid=9784, tid=13516
#
# JRE version: Java(TM) SE Runtime Environment (8.0_31-b13) (build 1.8.0_31-b13)
# Java VM: Java HotSpot(TM) 64-Bit Server VM (25.31-b07 mixed mode windows-amd64 compressed oops)
# Failed to write core dump. Minidumps are not enabled by default on client versions of Windows
#

---------------  T H R E A D  ---------------

Current thread (0x0000000016c1e000):  JavaThread "C2 CompilerThread1" daemon [_thread_in_native, id=13516, stack(0x00000000172f0000,0x00000000173f0000)]

Stack: [0x00000000172f0000,0x00000000173f0000]
Native frames: (J=compiled Java code, j=interpreted, Vv=VM code, C=native code)
V  [jvm.dll+0x3169ba]


Current CompileTask:
C2:   3120 1326       4       com.android.dx.ssa.SCCP::simulateBranch (666 bytes)


---------------  P R O C E S S  ---------------

Java Threads: ( => current thread )
  0x0000000016f1f000 JavaThread "pool-2-thread-4" [_thread_in_Java, id=10648, stack(0x00000000183f0000,0x00000000184f0000)]
  0x0000000016f1b000 JavaThread "pool-2-thread-3" [_thread_in_Java, id=9496, stack(0x00000000182f0000,0x00000000183f0000)]
  0x0000000016f81800 JavaThread "pool-2-thread-2" [_thread_in_Java, id=8136, stack(0x00000000181f0000,0x00000000182f0000)]
  0x0000000016f7e000 JavaThread "pool-3-thread-1" [_thread_blocked, id=14032, stack(0x00000000180f0000,0x00000000181f0000)]
  0x0000000016f67800 JavaThread "pool-2-thread-1" [_thread_in_Java, id=11952, stack(0x0000000017ff0000,0x00000000180f0000)]
  0x0000000016cc0000 JavaThread "Service Thread" daemon [_thread_blocked, id=14320, stack(0x00000000175f0000,0x00000000176f0000)]
  0x0000000016c31800 JavaThread "C1 CompilerThread3" daemon [_thread_blocked, id=6344, stack(0x00000000174f0000,0x00000000175f0000)]
  0x0000000016c29800 JavaThread "C2 CompilerThread2" daemon [_thread_in_native, id=12204, stack(0x00000000173f0000,0x00000000174f0000)]
=>0x0000000016c1e000 JavaThread "C2 CompilerThread1" daemon [_thread_in_native, id=13516, stack(0x00000000172f0000,0x00000000173f0000)]
  0x0000000016c1c000 JavaThread "C2 CompilerThread0" daemon [_thread_in_native, id=12044, stack(0x00000000171f0000,0x00000000172f0000)]
  0x0000000016c16000 JavaThread "Attach Listener" daemon [_thread_blocked, id=13444, stack(0x00000000170f0000,0x00000000171f0000)]
  0x0000000016c15800 JavaThread "Signal Dispatcher" daemon [_thread_blocked, id=8540, stack(0x0000000016ff0000,0x00000000170f0000)]
  0x00000000020f9800 JavaThread "Finalizer" daemon [_thread_blocked, id=10360, stack(0x0000000016af0000,0x0000000016bf0000)]
  0x00000000020f3000 JavaThread "Reference Handler" daemon [_thread_blocked, id=7796, stack(0x00000000169f0000,0x0000000016af0000)]
  0x0000000002000800 JavaThread "main" [_thread_in_Java, id=10956, stack(0x0000000001e00000,0x0000000001f00000)]

Other Threads:
  0x0000000014c18800 VMThread [stack: 0x00000000168f0000,0x00000000169f0000] [id=9752]
  0x0000000016cc2000 WatcherThread [stack: 0x00000000176f0000,0x00000000177f0000] [id=12516]

VM state:not at safepoint (normal execution)

VM Mutex/Monitor currently owned by a thread: None

Heap:
 PSYoungGen      total 38400K, used 25100K [0x00000000eab00000, 0x00000000ed580000, 0x0000000100000000)
  eden space 33280K, 60% used [0x00000000eab00000,0x00000000ebe859e0,0x00000000ecb80000)
  from space 5120K, 99% used [0x00000000ecb80000,0x00000000ed07d640,0x00000000ed080000)
  to   space 5120K, 0% used [0x00000000ed080000,0x00000000ed080000,0x00000000ed580000)
 ParOldGen       total 87552K, used 964K [0x00000000c0000000, 0x00000000c5580000, 0x00000000eab00000)
  object space 87552K, 1% used [0x00000000c0000000,0x00000000c00f1080,0x00000000c5580000)
 Metaspace       used 6039K, capacity 6960K, committed 7040K, reserved 1056768K
  class space    used 583K, capacity 616K, committed 640K, reserved 1048576K

Card table byte_map: [0x00000000114c0000,0x00000000116d0000] byte_map_base: 0x0000000010ec0000

Marking Bits: (ParMarkBitMap*) 0x0000000059c2d4f0
 Begin Bits: [0x0000000012030000, 0x0000000013030000)
 End Bits:   [0x0000000013030000, 0x0000000014030000)

Polling page: 0x0000000001d70000

CodeCache: size=245760Kb used=5590Kb max_used=5590Kb free=240169Kb
 bounds [0x0000000002100000, 0x0000000002680000, 0x0000000011100000]
 total_blobs=1674 nmethods=1411 adapters=177
 compilation: enabled

Compilation events (10 events):
Event: 3.108 Thread 0x0000000016c31800 nmethod 1414 0x000000000266ffd0 code [0x0000000002670160, 0x0000000002670618]
Event: 3.108 Thread 0x0000000016c31800 1415       3       com.android.dx.dex.cf.AttributeTranslator::getMethodAnnotations (37 bytes)
Event: 3.110 Thread 0x0000000016c31800 nmethod 1415 0x00000000026707d0 code [0x0000000002670ac0, 0x00000000026720b8]
Event: 3.110 Thread 0x0000000016c31800 1416       3       com.android.dx.dex.cf.AttributeTranslator::getParameterAnnotations (69 bytes)
Event: 3.110 Thread 0x0000000016c31800 nmethod 1416 0x0000000002672d10 code [0x0000000002672f20, 0x0000000002673898]
Event: 3.110 Thread 0x0000000016c31800 1417       3       com.android.dx.rop.type.Type::getInitializedType (42 bytes)
Event: 3.111 Thread 0x0000000016c31800 nmethod 1417 0x0000000002673bd0 code [0x0000000002673da0, 0x0000000002674598]
Event: 3.112 Thread 0x0000000016c31800 1418       3       com.android.dx.cf.code.OneLocalsArray::merge (22 bytes)
Event: 3.112 Thread 0x0000000016c31800 nmethod 1418 0x00000000026748d0 code [0x0000000002674aa0, 0x00000000026751d8]
Event: 3.112 Thread 0x0000000016c31800 1420       3       com.android.dx.cf.code.Merger::mergeLocals (122 bytes)

GC Heap History (2 events):
Event: 2.439 GC heap before
{Heap before GC invocations=1 (full 0):
 PSYoungGen      total 38400K, used 33280K [0x00000000eab00000, 0x00000000ed580000, 0x0000000100000000)
  eden space 33280K, 100% used [0x00000000eab00000,0x00000000ecb80000,0x00000000ecb80000)
  from space 5120K, 0% used [0x00000000ed080000,0x00000000ed080000,0x00000000ed580000)
  to   space 5120K, 0% used [0x00000000ecb80000,0x00000000ecb80000,0x00000000ed080000)
 ParOldGen       total 87552K, used 0K [0x00000000c0000000, 0x00000000c5580000, 0x00000000eab00000)
  object space 87552K, 0% used [0x00000000c0000000,0x00000000c0000000,0x00000000c5580000)
 Metaspace       used 5902K, capacity 6896K, committed 7040K, reserved 1056768K
  class space    used 582K, capacity 616K, committed 640K, reserved 1048576K
Event: 2.617 GC heap after
Heap after GC invocations=1 (full 0):
 PSYoungGen      total 38400K, used 5109K [0x00000000eab00000, 0x00000000ed580000, 0x0000000100000000)
  eden space 33280K, 0% used [0x00000000eab00000,0x00000000eab00000,0x00000000ecb80000)
  from space 5120K, 99% used [0x00000000ecb80000,0x00000000ed07d640,0x00000000ed080000)
  to   space 5120K, 0% used [0x00000000ed080000,0x00000000ed080000,0x00000000ed580000)
 ParOldGen       total 87552K, used 964K [0x00000000c0000000, 0x00000000c5580000, 0x00000000eab00000)
  object space 87552K, 1% used [0x00000000c0000000,0x00000000c00f1080,0x00000000c5580000)
 Metaspace       used 5902K, capacity 6896K, committed 7040K, reserved 1056768K
  class space    used 582K, capacity 616K, committed 640K, reserved 1048576K
}

Deoptimization events (10 events):
Event: 1.890 Thread 0x0000000016f1b000 Uncommon trap: reason=class_check action=maybe_recompile pc=0x00000000023c3a98 method=com.android.dx.ssa.NormalSsaInsn.accept(Lcom/android/dx/ssa/SsaInsn$Visitor;)V @ 9
Event: 1.890 Thread 0x0000000016f1b000 Uncommon trap: reason=class_check action=maybe_recompile pc=0x0000000002380370 method=com.android.dx.ssa.NormalSsaInsn.accept(Lcom/android/dx/ssa/SsaInsn$Visitor;)V @ 9
Event: 1.890 Thread 0x0000000016f1b000 Uncommon trap: reason=class_check action=maybe_recompile pc=0x0000000002380370 method=com.android.dx.ssa.NormalSsaInsn.accept(Lcom/android/dx/ssa/SsaInsn$Visitor;)V @ 9
Event: 1.895 Thread 0x0000000016f1b000 Uncommon trap: reason=class_check action=maybe_recompile pc=0x00000000023c3a98 method=com.android.dx.ssa.NormalSsaInsn.accept(Lcom/android/dx/ssa/SsaInsn$Visitor;)V @ 9
Event: 2.645 Thread 0x0000000016f67800 Uncommon trap: reason=class_check action=maybe_recompile pc=0x00000000023f7b54 method=com.android.dx.rop.type.Type.equals(Ljava/lang/Object;)Z @ 8
Event: 2.647 Thread 0x0000000016f67800 Uncommon trap: reason=class_check action=maybe_recompile pc=0x00000000023f7b54 method=com.android.dx.rop.type.Type.equals(Ljava/lang/Object;)Z @ 8
Event: 2.647 Thread 0x0000000016f67800 Uncommon trap: reason=class_check action=maybe_recompile pc=0x00000000023f7b54 method=com.android.dx.rop.type.Type.equals(Ljava/lang/Object;)Z @ 8
Event: 2.647 Thread 0x0000000016f67800 Uncommon trap: reason=class_check action=maybe_recompile pc=0x00000000023f7b54 method=com.android.dx.rop.type.Type.equals(Ljava/lang/Object;)Z @ 8
Event: 2.647 Thread 0x0000000016f67800 Uncommon trap: reason=class_check action=maybe_recompile pc=0x00000000023ca86c method=com.android.dx.rop.type.Type.equals(Ljava/lang/Object;)Z @ 8
Event: 3.078 Thread 0x0000000016f67800 Uncommon trap: reason=unreached action=reinterpret pc=0x000000000261e478 method=com.android.dx.rop.code.SourcePosition.equals(Ljava/lang/Object;)Z @ 11

Internal exceptions (10 events):
Event: 1.692 Thread 0x0000000016f1b000 Exception <a 'java/security/PrivilegedActionException'> (0x00000000eb91d298) thrown at [C:\workspace\8-2-build-windows-amd64-cygwin\jdk8u31\2394\hotspot\src\share\vm\prims\jvm.cpp, line 1312]
Event: 1.693 Thread 0x0000000002000800 Exception <a 'java/security/PrivilegedActionException'> (0x00000000eb7db928) thrown at [C:\workspace\8-2-build-windows-amd64-cygwin\jdk8u31\2394\hotspot\src\share\vm\prims\jvm.cpp, line 1312]
Event: 1.694 Thread 0x0000000002000800 Exception <a 'java/security/PrivilegedActionException'> (0x00000000eb7e0828) thrown at [C:\workspace\8-2-build-windows-amd64-cygwin\jdk8u31\2394\hotspot\src\share\vm\prims\jvm.cpp, line 1312]
Event: 1.699 Thread 0x0000000016f1b000 Exception <a 'java/security/PrivilegedActionException'> (0x00000000eb92b8d8) thrown at [C:\workspace\8-2-build-windows-amd64-cygwin\jdk8u31\2394\hotspot\src\share\vm\prims\jvm.cpp, line 1312]
Event: 1.702 Thread 0x0000000016f1b000 Exception <a 'java/security/PrivilegedActionException'> (0x00000000eb931bd8) thrown at [C:\workspace\8-2-build-windows-amd64-cygwin\jdk8u31\2394\hotspot\src\share\vm\prims\jvm.cpp, line 1312]
Event: 1.861 Thread 0x0000000002000800 Exception <a 'java/security/PrivilegedActionException'> (0x00000000ebd68ba0) thrown at [C:\workspace\8-2-build-windows-amd64-cygwin\jdk8u31\2394\hotspot\src\share\vm\prims\jvm.cpp, line 1312]
Event: 1.873 Thread 0x0000000002000800 Exception <a 'java/security/PrivilegedActionException'> (0x00000000ebd85af8) thrown at [C:\workspace\8-2-build-windows-amd64-cygwin\jdk8u31\2394\hotspot\src\share\vm\prims\jvm.cpp, line 1312]
Event: 1.882 Thread 0x0000000016f1b000 Exception <a 'java/security/PrivilegedActionException'> (0x00000000ebd38308) thrown at [C:\workspace\8-2-build-windows-amd64-cygwin\jdk8u31\2394\hotspot\src\share\vm\prims\jvm.cpp, line 1312]
Event: 2.079 Thread 0x0000000016f81800 Exception <a 'java/security/PrivilegedActionException'> (0x00000000ec109c18) thrown at [C:\workspace\8-2-build-windows-amd64-cygwin\jdk8u31\2394\hotspot\src\share\vm\prims\jvm.cpp, line 1312]
Event: 2.634 Thread 0x0000000016f1f000 Exception <a 'java/security/PrivilegedActionException'> (0x00000000eacc3ce0) thrown at [C:\workspace\8-2-build-windows-amd64-cygwin\jdk8u31\2394\hotspot\src\share\vm\prims\jvm.cpp, line 1312]

Events (10 events):
Event: 2.647 Thread 0x0000000016f67800 DEOPT UNPACKING pc=0x000000000214556a sp=0x00000000180ede18 mode 2
Event: 2.647 Thread 0x0000000016f67800 Uncommon trap: trap_request=0xffffffde fr.pc=0x00000000023f7b54
Event: 2.647 Thread 0x0000000016f67800 DEOPT PACKING pc=0x00000000023f7b54 sp=0x00000000180ee1e0
Event: 2.647 Thread 0x0000000016f67800 DEOPT UNPACKING pc=0x000000000214556a sp=0x00000000180edef8 mode 2
Event: 2.647 Thread 0x0000000016f67800 Uncommon trap: trap_request=0xffffffde fr.pc=0x00000000023ca86c
Event: 2.647 Thread 0x0000000016f67800 DEOPT PACKING pc=0x00000000023ca86c sp=0x00000000180ee210
Event: 2.647 Thread 0x0000000016f67800 DEOPT UNPACKING pc=0x000000000214556a sp=0x00000000180ee148 mode 2
Event: 3.078 Thread 0x0000000016f67800 Uncommon trap: trap_request=0xffffffad fr.pc=0x000000000261e478
Event: 3.078 Thread 0x0000000016f67800 DEOPT PACKING pc=0x000000000261e478 sp=0x00000000180eee80
Event: 3.078 Thread 0x0000000016f67800 DEOPT UNPACKING pc=0x000000000214556a sp=0x00000000180eed68 mode 2


Dynamic libraries:
0x00007ff644d20000 - 0x00007ff644d54000 	C:\Program Files\Java\jdk1.8.0_31\bin\java.exe
0x00007ffa88b20000 - 0x00007ffa88ccd000 	C:\WINDOWS\SYSTEM32\ntdll.dll
0x00007ffa87f00000 - 0x00007ffa8803e000 	C:\WINDOWS\system32\KERNEL32.DLL
0x00007ffa85d10000 - 0x00007ffa85e25000 	C:\WINDOWS\system32\KERNELBASE.dll
0x00007ffa847e0000 - 0x00007ffa8486e000 	C:\WINDOWS\system32\apphelp.dll
0x00007ffa6e1c0000 - 0x00007ffa6e213000 	C:\WINDOWS\AppPatch\AppPatch64\AcGenral.DLL
0x00007ffa88640000 - 0x00007ffa886ea000 	C:\WINDOWS\system32\msvcrt.dll
0x00007ffa86170000 - 0x00007ffa8619e000 	C:\WINDOWS\system32\SspiCli.dll
0x00007ffa88040000 - 0x00007ffa88094000 	C:\WINDOWS\system32\SHLWAPI.dll
0x00007ffa88260000 - 0x00007ffa883d7000 	C:\WINDOWS\system32\USER32.dll
0x00007ffa864a0000 - 0x00007ffa86634000 	C:\WINDOWS\system32\ole32.dll
0x00007ffa86860000 - 0x00007ffa87d88000 	C:\WINDOWS\system32\SHELL32.dll
0x00007ffa85670000 - 0x00007ffa85691000 	C:\WINDOWS\SYSTEM32\USERENV.dll
0x00007ffa88590000 - 0x00007ffa8863a000 	C:\WINDOWS\system32\ADVAPI32.dll
0x00007ffa7fce0000 - 0x00007ffa7fcfe000 	C:\WINDOWS\SYSTEM32\MPR.dll
0x00007ffa88450000 - 0x00007ffa88590000 	C:\WINDOWS\system32\RPCRT4.dll
0x00007ffa86650000 - 0x00007ffa866a9000 	C:\WINDOWS\SYSTEM32\sechost.dll
0x00007ffa861c0000 - 0x00007ffa863d1000 	C:\WINDOWS\SYSTEM32\combase.dll
0x00007ffa86710000 - 0x00007ffa8685f000 	C:\WINDOWS\system32\GDI32.dll
0x00007ffa85c40000 - 0x00007ffa85c55000 	C:\WINDOWS\SYSTEM32\profapi.dll
0x00007ffa841b0000 - 0x00007ffa84262000 	C:\WINDOWS\SYSTEM32\SHCORE.dll
0x00007ffa87e50000 - 0x00007ffa87e86000 	C:\WINDOWS\system32\IMM32.DLL
0x00007ffa887e0000 - 0x00007ffa88932000 	C:\WINDOWS\system32\MSCTF.dll
0x00007ffa83d30000 - 0x00007ffa83fab000 	C:\WINDOWS\WinSxS\amd64_microsoft.windows.common-controls_6595b64144ccf1df_6.0.9600.18006_none_623f33d3ecbe86e8\COMCTL32.dll
0x000000005ab30000 - 0x000000005ac02000 	C:\Program Files\Java\jdk1.8.0_31\jre\bin\msvcr100.dll
0x0000000059450000 - 0x0000000059caa000 	C:\Program Files\Java\jdk1.8.0_31\jre\bin\server\jvm.dll
0x00007ffa7c230000 - 0x00007ffa7c239000 	C:\WINDOWS\SYSTEM32\WSOCK32.dll
0x00007ffa819d0000 - 0x00007ffa819f2000 	C:\WINDOWS\SYSTEM32\WINMM.dll
0x00007ffa861a0000 - 0x00007ffa861a7000 	C:\WINDOWS\system32\PSAPI.DLL
0x00007ffa866b0000 - 0x00007ffa8670a000 	C:\WINDOWS\system32\WS2_32.dll
0x00007ffa81670000 - 0x00007ffa8169a000 	C:\WINDOWS\SYSTEM32\WINMMBASE.dll
0x00007ffa87ef0000 - 0x00007ffa87ef9000 	C:\WINDOWS\system32\NSI.dll
0x00007ffa860c0000 - 0x00007ffa8610f000 	C:\WINDOWS\SYSTEM32\cfgmgr32.dll
0x00007ffa84a50000 - 0x00007ffa84a78000 	C:\WINDOWS\SYSTEM32\DEVOBJ.dll
0x000000005ab20000 - 0x000000005ab2f000 	C:\Program Files\Java\jdk1.8.0_31\jre\bin\verify.dll
0x000000005aaf0000 - 0x000000005ab18000 	C:\Program Files\Java\jdk1.8.0_31\jre\bin\java.dll
0x000000005aad0000 - 0x000000005aae6000 	C:\Program Files\Java\jdk1.8.0_31\jre\bin\zip.dll
0x00007ffa80710000 - 0x00007ffa80899000 	C:\WINDOWS\SYSTEM32\dbghelp.dll

VM Arguments:
jvm_args: -Djava.awt.headless=true -Xmx1024M -Dfile.encoding=windows-1252 -Duser.country=CA -Duser.language=en -Duser.variant 
java_command: com.android.dx.command.Main --dex --force-jumbo --num-threads=4 --multi-dex --output C:\Users\Saketh\Desktop\Honours Project\Marked\app\build\intermediates\transforms\dex\debug\folders\1000\10\com.google.android.gms-play-services-fitness-10.2.1_20521fd9625e6a9a0be62b5fe9f202bf7a4c99a3 C:\Users\Saketh\Desktop\Honours Project\Marked\app\build\intermediates\exploded-aar\com.google.android.gms\play-services-fitness\10.2.1\jars\classes.jar
java_class_path (initial): C:\Users\Saketh\Desktop\New folder\adt-bundle-windows-x86_64-20130522\sdk\build-tools\25.0.0\lib\dx.jar
Launcher Type: SUN_STANDARD

Environment Variables:
PATH=C:\ProgramData\Oracle\Java\javapath;C:\Program Files (x86)\NVIDIA Corporation\PhysX\Common;C:\Program Files (x86)\Intel\iCLS Client\;C:\Program Files\Intel\iCLS Client\;C:\WINDOWS\system32;C:\WINDOWS;C:\WINDOWS\System32\Wbem;C:\WINDOWS\System32\WindowsPowerShell\v1.0\;C:\Program Files\Intel\Intel(R) Management Engine Components\DAL;C:\Program Files\Intel\Intel(R) Management Engine Components\IPT;C:\Program Files (x86)\Intel\Intel(R) Management Engine Components\DAL;C:\Program Files (x86)\Intel\Intel(R) Management Engine Components\IPT;C:\Program Files\Microsoft\Web Platform Installer\;C:\Program Files\Intel\WiFi\bin\;C:\Program Files\Common Files\Intel\WirelessCommon\;C:\Program Files (x86)\MiKTeX 2.9\miktex\bin\;C:\Program Files (x86)\Skype\Phone\;C:\Program Files\TortoiseGit\bin
USERNAME=Saketh
OS=Windows_NT
PROCESSOR_IDENTIFIER=Intel64 Family 6 Model 58 Stepping 9, GenuineIntel



---------------  S Y S T E M  ---------------

OS: Windows 8.1 , 64 bit Build 9600 

CPU:total 8 (4 cores per cpu, 2 threads per core) family 6 model 58 stepping 9, cmov, cx8, fxsr, mmx, sse, sse2, sse3, ssse3, sse4.1, sse4.2, popcnt, avx, aes, clmul, erms, ht, tsc, tscinvbit, tscinv

Memory: 4k page, physical 8334620k(1078988k free), swap 11480348k(5328k free)

vm_info: Java HotSpot(TM) 64-Bit Server VM (25.31-b07) for windows-amd64 JRE (1.8.0_31-b13), built on Dec 17 2014 21:00:28 by "java_re" with MS VC++ 10.0 (VS2010)

time: Mon May 01 19:05:37 2017
elapsed time: 3 seconds (0d 0h 0m 3s)

