#
# There is insufficient memory for the Java Runtime Environment to continue.
# Native memory allocation (malloc) failed to allocate 32784 bytes for Chunk::new
# Possible reasons:
#   The system is out of physical RAM or swap space
#   In 32 bit mode, the process size limit was hit
# Possible solutions:
#   Reduce memory load on the system
#   Increase physical memory or swap space
#   Check if swap backing store is full
#   Use 64 bit Java on a 64 bit OS
#   Decrease Java heap size (-Xmx/-Xms)
#   Decrease number of Java threads
#   Decrease Java thread stack sizes (-Xss)
#   Set larger code cache with -XX:ReservedCodeCacheSize=
# This output file may be truncated or incomplete.
#
#  Out of Memory Error (allocation.cpp:390), pid=5920, tid=14996
#
# JRE version: Java(TM) SE Runtime Environment (8.0_31-b13) (build 1.8.0_31-b13)
# Java VM: Java HotSpot(TM) 64-Bit Server VM (25.31-b07 mixed mode windows-amd64 compressed oops)
# Failed to write core dump. Minidumps are not enabled by default on client versions of Windows
#

---------------  T H R E A D  ---------------

Current thread (0x00000000172ea800):  JavaThread "C2 CompilerThread1" daemon [_thread_in_native, id=14996, stack(0x00000000179c0000,0x0000000017ac0000)]

Stack: [0x00000000179c0000,0x0000000017ac0000]
Native frames: (J=compiled Java code, j=interpreted, Vv=VM code, C=native code)
V  [jvm.dll+0x3169ba]


Current CompileTask:
C2:    436  683   !   4       com.android.dx.rop.code.RegisterSpec::intern (70 bytes)


---------------  P R O C E S S  ---------------

Java Threads: ( => current thread )
  0x0000000017639800 JavaThread "pool-2-thread-4" [_thread_in_Java, id=14804, stack(0x0000000018ac0000,0x0000000018bc0000)]
  0x0000000017ecc800 JavaThread "pool-2-thread-3" [_thread_in_Java, id=7060, stack(0x00000000189c0000,0x0000000018ac0000)]
  0x000000001761d000 JavaThread "pool-2-thread-2" [_thread_blocked, id=7872, stack(0x00000000188c0000,0x00000000189c0000)]
  0x000000001760b000 JavaThread "pool-3-thread-1" [_thread_blocked, id=13460, stack(0x00000000187c0000,0x00000000188c0000)]
  0x000000001760a800 JavaThread "pool-2-thread-1" [_thread_in_Java, id=9908, stack(0x00000000186c0000,0x00000000187c0000)]
  0x0000000017394000 JavaThread "Service Thread" daemon [_thread_blocked, id=9780, stack(0x0000000017cc0000,0x0000000017dc0000)]
  0x00000000172ef800 JavaThread "C1 CompilerThread3" daemon [_thread_in_native, id=15656, stack(0x0000000017bc0000,0x0000000017cc0000)]
  0x00000000172ec800 JavaThread "C2 CompilerThread2" daemon [_thread_in_native, id=3240, stack(0x0000000017ac0000,0x0000000017bc0000)]
=>0x00000000172ea800 JavaThread "C2 CompilerThread1" daemon [_thread_in_native, id=14996, stack(0x00000000179c0000,0x0000000017ac0000)]
  0x00000000172e8800 JavaThread "C2 CompilerThread0" daemon [_thread_in_native, id=13456, stack(0x00000000178c0000,0x00000000179c0000)]
  0x00000000172e6800 JavaThread "Attach Listener" daemon [_thread_blocked, id=16228, stack(0x00000000177c0000,0x00000000178c0000)]
  0x00000000172e6000 JavaThread "Signal Dispatcher" daemon [_thread_blocked, id=11220, stack(0x00000000176c0000,0x00000000177c0000)]
  0x000000000132a000 JavaThread "Finalizer" daemon [_thread_blocked, id=8720, stack(0x00000000171c0000,0x00000000172c0000)]
  0x00000000152ec000 JavaThread "Reference Handler" daemon [_thread_blocked, id=6608, stack(0x00000000170c0000,0x00000000171c0000)]
  0x0000000001230800 JavaThread "main" [_thread_blocked, id=15896, stack(0x00000000010f0000,0x00000000011f0000)]

Other Threads:
  0x00000000152e8000 VMThread [stack: 0x0000000016fc0000,0x00000000170c0000] [id=15992]
  0x0000000017396000 WatcherThread [stack: 0x0000000017dc0000,0x0000000017ec0000] [id=14276]

VM state:not at safepoint (normal execution)

VM Mutex/Monitor currently owned by a thread: None

Heap:
 PSYoungGen      total 38400K, used 22670K [0x00000000eab00000, 0x00000000ed580000, 0x0000000100000000)
  eden space 33280K, 68% used [0x00000000eab00000,0x00000000ec1238b0,0x00000000ecb80000)
  from space 5120K, 0% used [0x00000000ed080000,0x00000000ed080000,0x00000000ed580000)
  to   space 5120K, 0% used [0x00000000ecb80000,0x00000000ecb80000,0x00000000ed080000)
 ParOldGen       total 87552K, used 0K [0x00000000c0000000, 0x00000000c5580000, 0x00000000eab00000)
  object space 87552K, 0% used [0x00000000c0000000,0x00000000c0000000,0x00000000c5580000)
 Metaspace       used 5596K, capacity 6576K, committed 6784K, reserved 1056768K
  class space    used 582K, capacity 616K, committed 640K, reserved 1048576K

Card table byte_map: [0x00000000016f0000,0x0000000001900000] byte_map_base: 0x00000000010f0000

Marking Bits: (ParMarkBitMap*) 0x0000000059b2d4f0
 Begin Bits: [0x0000000012700000, 0x0000000013700000)
 End Bits:   [0x0000000013700000, 0x0000000014700000)

Polling page: 0x0000000001040000

CodeCache: size=245760Kb used=2618Kb max_used=2618Kb free=243142Kb
 bounds [0x0000000003400000, 0x00000000036a0000, 0x0000000012400000]
 total_blobs=948 nmethods=683 adapters=177
 compilation: enabled

Compilation events (10 events):
Event: 0.429 Thread 0x00000000172ef800 nmethod 563 0x0000000003685610 code [0x0000000003685760, 0x0000000003685850]
Event: 0.429 Thread 0x00000000172ef800  578       1       com.android.dx.cf.code.ByteBlock::getEnd (5 bytes)
Event: 0.429 Thread 0x00000000172ef800 nmethod 578 0x00000000036858d0 code [0x0000000003685a20, 0x0000000003685b30]
Event: 0.429 Thread 0x00000000172ef800  691       3       com.android.dx.ssa.SsaBasicBlock::getCountPhiInsns (45 bytes)
Event: 0.430 Thread 0x00000000172ef800 nmethod 691 0x0000000003685b90 code [0x0000000003685d60, 0x0000000003686418]
Event: 0.430 Thread 0x00000000172ef800  692       3       java.util.ArrayList::subListRangeCheck (110 bytes)
Event: 0.432 Thread 0x00000000172ef800 nmethod 692 0x00000000036867d0 code [0x0000000003686ae0, 0x0000000003688368]
Event: 0.432 Thread 0x00000000172ef800  702       3       com.android.dx.ssa.SsaBasicBlock::forEachPhiInsn (54 bytes)
Event: 0.432 Thread 0x00000000172ef800 nmethod 702 0x0000000003688e50 code [0x0000000003689020, 0x00000000036898a8]
Event: 0.432 Thread 0x00000000172ef800  701       3       com.android.dx.rop.cst.CstMemberRef::compareTo0 (49 bytes)

GC Heap History (0 events):
No events

Deoptimization events (0 events):
No events

Internal exceptions (10 events):
Event: 0.365 Thread 0x0000000017ecc800 Exception <a 'java/security/PrivilegedActionException'> (0x00000000ebde62b0) thrown at [C:\workspace\8-2-build-windows-amd64-cygwin\jdk8u31\2394\hotspot\src\share\vm\prims\jvm.cpp, line 1312]
Event: 0.366 Thread 0x0000000017ecc800 Exception <a 'java/security/PrivilegedActionException'> (0x00000000ebdebb30) thrown at [C:\workspace\8-2-build-windows-amd64-cygwin\jdk8u31\2394\hotspot\src\share\vm\prims\jvm.cpp, line 1312]
Event: 0.367 Thread 0x0000000017639800 Exception <a 'java/security/PrivilegedActionException'> (0x00000000ebbc1718) thrown at [C:\workspace\8-2-build-windows-amd64-cygwin\jdk8u31\2394\hotspot\src\share\vm\prims\jvm.cpp, line 1312]
Event: 0.369 Thread 0x0000000001230800 Exception <a 'java/security/PrivilegedActionException'> (0x00000000ebb12bd0) thrown at [C:\workspace\8-2-build-windows-amd64-cygwin\jdk8u31\2394\hotspot\src\share\vm\prims\jvm.cpp, line 1312]
Event: 0.370 Thread 0x000000001760a800 Exception <a 'java/security/PrivilegedActionException'> (0x00000000ebc9ef10) thrown at [C:\workspace\8-2-build-windows-amd64-cygwin\jdk8u31\2394\hotspot\src\share\vm\prims\jvm.cpp, line 1312]
Event: 0.371 Thread 0x0000000017639800 Exception <a 'java/security/PrivilegedActionException'> (0x00000000ebbce508) thrown at [C:\workspace\8-2-build-windows-amd64-cygwin\jdk8u31\2394\hotspot\src\share\vm\prims\jvm.cpp, line 1312]
Event: 0.373 Thread 0x000000001760a800 Exception <a 'java/security/PrivilegedActionException'> (0x00000000ebca4fa0) thrown at [C:\workspace\8-2-build-windows-amd64-cygwin\jdk8u31\2394\hotspot\src\share\vm\prims\jvm.cpp, line 1312]
Event: 0.385 Thread 0x0000000001230800 Exception <a 'java/security/PrivilegedActionException'> (0x00000000ebe96b70) thrown at [C:\workspace\8-2-build-windows-amd64-cygwin\jdk8u31\2394\hotspot\src\share\vm\prims\jvm.cpp, line 1312]
Event: 0.390 Thread 0x0000000001230800 Exception <a 'java/security/PrivilegedActionException'> (0x00000000ebea1f50) thrown at [C:\workspace\8-2-build-windows-amd64-cygwin\jdk8u31\2394\hotspot\src\share\vm\prims\jvm.cpp, line 1312]
Event: 0.417 Thread 0x0000000017639800 Exception <a 'java/security/PrivilegedActionException'> (0x00000000ebf9ec78) thrown at [C:\workspace\8-2-build-windows-amd64-cygwin\jdk8u31\2394\hotspot\src\share\vm\prims\jvm.cpp, line 1312]

Events (10 events):
Event: 0.390 loading class java/util/TreeMap$EntryIterator
Event: 0.390 loading class java/util/TreeMap$EntryIterator done
Event: 0.390 loading class com/android/dx/ssa/back/FirstFitLocalCombiningAllocator$Multiset
Event: 0.390 loading class com/android/dx/ssa/back/FirstFitLocalCombiningAllocator$Multiset done
Event: 0.413 loading class java/util/DualPivotQuicksort
Event: 0.413 loading class java/util/DualPivotQuicksort done
Event: 0.417 loading class com/android/dx/rop/code/LocalItem
Event: 0.417 loading class com/android/dx/rop/code/LocalItem done
Event: 0.426 loading class java/util/ArrayList$1
Event: 0.426 loading class java/util/ArrayList$1 done


Dynamic libraries:
0x00007ff722c50000 - 0x00007ff722c84000 	C:\Program Files\Java\jdk1.8.0_31\bin\java.exe
0x00007ffa88b20000 - 0x00007ffa88ccd000 	C:\WINDOWS\SYSTEM32\ntdll.dll
0x00007ffa87f00000 - 0x00007ffa8803e000 	C:\WINDOWS\system32\KERNEL32.DLL
0x00007ffa85d10000 - 0x00007ffa85e25000 	C:\WINDOWS\system32\KERNELBASE.dll
0x00007ffa847e0000 - 0x00007ffa8486e000 	C:\WINDOWS\system32\apphelp.dll
0x00007ffa6b190000 - 0x00007ffa6b1e3000 	C:\WINDOWS\AppPatch\AppPatch64\AcGenral.DLL
0x00007ffa88640000 - 0x00007ffa886ea000 	C:\WINDOWS\system32\msvcrt.dll
0x00007ffa86170000 - 0x00007ffa8619e000 	C:\WINDOWS\system32\SspiCli.dll
0x00007ffa88040000 - 0x00007ffa88094000 	C:\WINDOWS\system32\SHLWAPI.dll
0x00007ffa88260000 - 0x00007ffa883d7000 	C:\WINDOWS\system32\USER32.dll
0x00007ffa864a0000 - 0x00007ffa86634000 	C:\WINDOWS\system32\ole32.dll
0x00007ffa86860000 - 0x00007ffa87d88000 	C:\WINDOWS\system32\SHELL32.dll
0x00007ffa85670000 - 0x00007ffa85691000 	C:\WINDOWS\SYSTEM32\USERENV.dll
0x00007ffa88590000 - 0x00007ffa8863a000 	C:\WINDOWS\system32\ADVAPI32.dll
0x00007ffa7fce0000 - 0x00007ffa7fcfe000 	C:\WINDOWS\SYSTEM32\MPR.dll
0x00007ffa88450000 - 0x00007ffa88590000 	C:\WINDOWS\system32\RPCRT4.dll
0x00007ffa86650000 - 0x00007ffa866a9000 	C:\WINDOWS\SYSTEM32\sechost.dll
0x00007ffa861c0000 - 0x00007ffa863d1000 	C:\WINDOWS\SYSTEM32\combase.dll
0x00007ffa86710000 - 0x00007ffa8685f000 	C:\WINDOWS\system32\GDI32.dll
0x00007ffa85c40000 - 0x00007ffa85c55000 	C:\WINDOWS\SYSTEM32\profapi.dll
0x00007ffa841b0000 - 0x00007ffa84262000 	C:\WINDOWS\SYSTEM32\SHCORE.dll
0x00007ffa87e50000 - 0x00007ffa87e86000 	C:\WINDOWS\system32\IMM32.DLL
0x00007ffa887e0000 - 0x00007ffa88932000 	C:\WINDOWS\system32\MSCTF.dll
0x00007ffa83d30000 - 0x00007ffa83fab000 	C:\WINDOWS\WinSxS\amd64_microsoft.windows.common-controls_6595b64144ccf1df_6.0.9600.18006_none_623f33d3ecbe86e8\COMCTL32.dll
0x0000000059bb0000 - 0x0000000059c82000 	C:\Program Files\Java\jdk1.8.0_31\jre\bin\msvcr100.dll
0x0000000059350000 - 0x0000000059baa000 	C:\Program Files\Java\jdk1.8.0_31\jre\bin\server\jvm.dll
0x00007ffa7c230000 - 0x00007ffa7c239000 	C:\WINDOWS\SYSTEM32\WSOCK32.dll
0x00007ffa819d0000 - 0x00007ffa819f2000 	C:\WINDOWS\SYSTEM32\WINMM.dll
0x00007ffa861a0000 - 0x00007ffa861a7000 	C:\WINDOWS\system32\PSAPI.DLL
0x00007ffa866b0000 - 0x00007ffa8670a000 	C:\WINDOWS\system32\WS2_32.dll
0x00007ffa81670000 - 0x00007ffa8169a000 	C:\WINDOWS\SYSTEM32\WINMMBASE.dll
0x00007ffa87ef0000 - 0x00007ffa87ef9000 	C:\WINDOWS\system32\NSI.dll
0x00007ffa860c0000 - 0x00007ffa8610f000 	C:\WINDOWS\SYSTEM32\cfgmgr32.dll
0x00007ffa84a50000 - 0x00007ffa84a78000 	C:\WINDOWS\SYSTEM32\DEVOBJ.dll
0x0000000059340000 - 0x000000005934f000 	C:\Program Files\Java\jdk1.8.0_31\jre\bin\verify.dll
0x0000000059310000 - 0x0000000059338000 	C:\Program Files\Java\jdk1.8.0_31\jre\bin\java.dll
0x00000000592f0000 - 0x0000000059306000 	C:\Program Files\Java\jdk1.8.0_31\jre\bin\zip.dll

VM Arguments:
jvm_args: -Djava.awt.headless=true -Xmx1024M -Dfile.encoding=windows-1252 -Duser.country=CA -Duser.language=en -Duser.variant 
java_command: com.android.dx.command.Main --dex --force-jumbo --num-threads=4 --multi-dex --output C:\Users\Saketh\Desktop\Honours Project\Marked\app\build\intermediates\transforms\dex\debug\folders\1000\10\com.google.android.gms-play-services-games-10.2.1_28fe72efa7acfa07e8507e36533f54d37930484b C:\Users\Saketh\Desktop\Honours Project\Marked\app\build\intermediates\exploded-aar\com.google.android.gms\play-services-games\10.2.1\jars\classes.jar
java_class_path (initial): C:\Users\Saketh\Desktop\New folder\adt-bundle-windows-x86_64-20130522\sdk\build-tools\25.0.0\lib\dx.jar
Launcher Type: SUN_STANDARD

Environment Variables:
PATH=C:\ProgramData\Oracle\Java\javapath;C:\Program Files (x86)\NVIDIA Corporation\PhysX\Common;C:\Program Files (x86)\Intel\iCLS Client\;C:\Program Files\Intel\iCLS Client\;C:\WINDOWS\system32;C:\WINDOWS;C:\WINDOWS\System32\Wbem;C:\WINDOWS\System32\WindowsPowerShell\v1.0\;C:\Program Files\Intel\Intel(R) Management Engine Components\DAL;C:\Program Files\Intel\Intel(R) Management Engine Components\IPT;C:\Program Files (x86)\Intel\Intel(R) Management Engine Components\DAL;C:\Program Files (x86)\Intel\Intel(R) Management Engine Components\IPT;C:\Program Files\Microsoft\Web Platform Installer\;C:\Program Files\Intel\WiFi\bin\;C:\Program Files\Common Files\Intel\WirelessCommon\;C:\Program Files (x86)\MiKTeX 2.9\miktex\bin\;C:\Program Files (x86)\Skype\Phone\;C:\Program Files\TortoiseGit\bin
USERNAME=Saketh
OS=Windows_NT
PROCESSOR_IDENTIFIER=Intel64 Family 6 Model 58 Stepping 9, GenuineIntel



---------------  S Y S T E M  ---------------

OS: Windows 8.1 , 64 bit Build 9600 

CPU:total 8 (4 cores per cpu, 2 threads per core) family 6 model 58 stepping 9, cmov, cx8, fxsr, mmx, sse, sse2, sse3, ssse3, sse4.1, sse4.2, popcnt, avx, aes, clmul, erms, ht, tsc, tscinvbit, tscinv

Memory: 4k page, physical 8334620k(932936k free), swap 11480348k(5008k free)

vm_info: Java HotSpot(TM) 64-Bit Server VM (25.31-b07) for windows-amd64 JRE (1.8.0_31-b13), built on Dec 17 2014 21:00:28 by "java_re" with MS VC++ 10.0 (VS2010)

time: Mon May 08 03:03:35 2017
elapsed time: 0 seconds (0d 0h 0m 0s)

