#
# There is insufficient memory for the Java Runtime Environment to continue.
# Native memory allocation (malloc) failed to allocate 131088 bytes for Chunk::new
# Possible reasons:
#   The system is out of physical RAM or swap space
#   In 32 bit mode, the process size limit was hit
# Possible solutions:
#   Reduce memory load on the system
#   Increase physical memory or swap space
#   Check if swap backing store is full
#   Use 64 bit Java on a 64 bit OS
#   Decrease Java heap size (-Xmx/-Xms)
#   Decrease number of Java threads
#   Decrease Java thread stack sizes (-Xss)
#   Set larger code cache with -XX:ReservedCodeCacheSize=
# This output file may be truncated or incomplete.
#
#  Out of Memory Error (allocation.cpp:390), pid=9644, tid=10776
#
# JRE version: Java(TM) SE Runtime Environment (8.0_31-b13) (build 1.8.0_31-b13)
# Java VM: Java HotSpot(TM) 64-Bit Server VM (25.31-b07 mixed mode windows-amd64 compressed oops)
# Failed to write core dump. Minidumps are not enabled by default on client versions of Windows
#

---------------  T H R E A D  ---------------

Current thread (0x00000000170e7000):  JavaThread "C2 CompilerThread0" daemon [_thread_in_native, id=10776, stack(0x00000000176c0000,0x00000000177c0000)]

Stack: [0x00000000176c0000,0x00000000177c0000]
Native frames: (J=compiled Java code, j=interpreted, Vv=VM code, C=native code)
V  [jvm.dll+0x3169ba]


Current CompileTask:
C2:   2162 1267       4       com.android.dx.ssa.back.FirstFitLocalCombiningAllocator$1::visitNonMoveInsn (6 bytes)


---------------  P R O C E S S  ---------------

Java Threads: ( => current thread )
  0x00000000172c8000 JavaThread "pool-2-thread-4" [_thread_in_Java, id=1936, stack(0x00000000180c0000,0x00000000181c0000)]
  0x00000000172a3800 JavaThread "pool-3-thread-1" [_thread_blocked, id=13284, stack(0x0000000017dc0000,0x0000000017ec0000)]
  0x0000000017187800 JavaThread "Service Thread" daemon [_thread_blocked, id=11092, stack(0x0000000017ac0000,0x0000000017bc0000)]
  0x00000000170f5800 JavaThread "C1 CompilerThread3" daemon [_thread_blocked, id=896, stack(0x00000000179c0000,0x0000000017ac0000)]
  0x00000000170f2800 JavaThread "C2 CompilerThread2" daemon [_thread_in_native, id=10028, stack(0x00000000178c0000,0x00000000179c0000)]
  0x00000000170e9000 JavaThread "C2 CompilerThread1" daemon [_thread_in_native, id=13780, stack(0x00000000177c0000,0x00000000178c0000)]
=>0x00000000170e7000 JavaThread "C2 CompilerThread0" daemon [_thread_in_native, id=10776, stack(0x00000000176c0000,0x00000000177c0000)]
  0x00000000170e5000 JavaThread "Attach Listener" daemon [_thread_blocked, id=10748, stack(0x00000000175c0000,0x00000000176c0000)]
  0x00000000170e4800 JavaThread "Signal Dispatcher" daemon [_thread_blocked, id=12276, stack(0x00000000174c0000,0x00000000175c0000)]
  0x0000000001157800 JavaThread "Finalizer" daemon [_thread_blocked, id=12988, stack(0x0000000016fc0000,0x00000000170c0000)]
  0x0000000001151000 JavaThread "Reference Handler" daemon [_thread_blocked, id=11452, stack(0x0000000016ec0000,0x0000000016fc0000)]
  0x0000000001060800 JavaThread "main" [_thread_blocked, id=14088, stack(0x0000000000f10000,0x0000000001010000)]

Other Threads:
  0x00000000150e8800 VMThread [stack: 0x0000000016dc0000,0x0000000016ec0000] [id=13680]
  0x0000000017189800 WatcherThread [stack: 0x0000000017bc0000,0x0000000017cc0000] [id=8296]

VM state:not at safepoint (normal execution)

VM Mutex/Monitor currently owned by a thread: None

Heap:
 PSYoungGen      total 38400K, used 9900K [0x00000000eab00000, 0x00000000ed580000, 0x0000000100000000)
  eden space 33280K, 14% used [0x00000000eab00000,0x00000000eafacd50,0x00000000ecb80000)
  from space 5120K, 99% used [0x00000000ecb80000,0x00000000ed07e438,0x00000000ed080000)
  to   space 5120K, 0% used [0x00000000ed080000,0x00000000ed080000,0x00000000ed580000)
 ParOldGen       total 87552K, used 915K [0x00000000c0000000, 0x00000000c5580000, 0x00000000eab00000)
  object space 87552K, 1% used [0x00000000c0000000,0x00000000c00e4d70,0x00000000c5580000)
 Metaspace       used 5921K, capacity 6960K, committed 7040K, reserved 1056768K
  class space    used 593K, capacity 616K, committed 640K, reserved 1048576K

Card table byte_map: [0x0000000001520000,0x0000000001730000] byte_map_base: 0x0000000000f20000

Marking Bits: (ParMarkBitMap*) 0x0000000059c2d4f0
 Begin Bits: [0x0000000012500000, 0x0000000013500000)
 End Bits:   [0x0000000013500000, 0x0000000014500000)

Polling page: 0x0000000000b10000

CodeCache: size=245760Kb used=4989Kb max_used=5000Kb free=240770Kb
 bounds [0x0000000003400000, 0x00000000038f0000, 0x0000000012400000]
 total_blobs=1539 nmethods=1274 adapters=179
 compilation: enabled

Compilation events (10 events):
Event: 2.148 Thread 0x00000000170f2800 nmethod 1272 0x00000000038d5d90 code [0x00000000038d5ee0, 0x00000000038d5f88]
Event: 2.148 Thread 0x00000000170f5800 1274       3       com.android.dx.rop.type.Type::<init> (84 bytes)
Event: 2.148 Thread 0x00000000170f5800 nmethod 1274 0x00000000038ce050 code [0x00000000038ce200, 0x00000000038ce6c8]
Event: 2.148 Thread 0x00000000170f5800 1276       3       com.android.dx.rop.cst.TypedConstant::getBasicFrameType (8 bytes)
Event: 2.149 Thread 0x00000000170f5800 nmethod 1276 0x00000000038cdb10 code [0x00000000038cdc80, 0x00000000038cdf58]
Event: 2.149 Thread 0x00000000170f5800 1275       3       com.android.dx.rop.type.Type::getInitializedType (42 bytes)
Event: 2.149 Thread 0x00000000170f5800 nmethod 1275 0x00000000038d6a90 code [0x00000000038d6c60, 0x00000000038d7458]
Event: 2.157 Thread 0x00000000170f5800 1277       3       com.android.dx.ssa.SsaMethod::makeExitBlock (134 bytes)
Event: 2.158 Thread 0x00000000170f2800 1278       4       com.android.dx.ssa.InterferenceRegisterMapper::interferes (78 bytes)
Event: 2.159 Thread 0x00000000170f5800 nmethod 1277 0x00000000038d4210 code [0x00000000038d44a0, 0x00000000038d5488]

GC Heap History (2 events):
Event: 2.009 GC heap before
{Heap before GC invocations=1 (full 0):
 PSYoungGen      total 38400K, used 33280K [0x00000000eab00000, 0x00000000ed580000, 0x0000000100000000)
  eden space 33280K, 100% used [0x00000000eab00000,0x00000000ecb80000,0x00000000ecb80000)
  from space 5120K, 0% used [0x00000000ed080000,0x00000000ed080000,0x00000000ed580000)
  to   space 5120K, 0% used [0x00000000ecb80000,0x00000000ecb80000,0x00000000ed080000)
 ParOldGen       total 87552K, used 0K [0x00000000c0000000, 0x00000000c5580000, 0x00000000eab00000)
  object space 87552K, 0% used [0x00000000c0000000,0x00000000c0000000,0x00000000c5580000)
 Metaspace       used 5892K, capacity 6896K, committed 7040K, reserved 1056768K
  class space    used 593K, capacity 616K, committed 640K, reserved 1048576K
Event: 2.018 GC heap after
Heap after GC invocations=1 (full 0):
 PSYoungGen      total 38400K, used 5113K [0x00000000eab00000, 0x00000000ed580000, 0x0000000100000000)
  eden space 33280K, 0% used [0x00000000eab00000,0x00000000eab00000,0x00000000ecb80000)
  from space 5120K, 99% used [0x00000000ecb80000,0x00000000ed07e438,0x00000000ed080000)
  to   space 5120K, 0% used [0x00000000ed080000,0x00000000ed080000,0x00000000ed580000)
 ParOldGen       total 87552K, used 915K [0x00000000c0000000, 0x00000000c5580000, 0x00000000eab00000)
  object space 87552K, 1% used [0x00000000c0000000,0x00000000c00e4d70,0x00000000c5580000)
 Metaspace       used 5892K, capacity 6896K, committed 7040K, reserved 1056768K
  class space    used 593K, capacity 616K, committed 640K, reserved 1048576K
}

Deoptimization events (6 events):
Event: 1.516 Thread 0x0000000001060800 Uncommon trap: reason=unreached action=reinterpret pc=0x00000000036bbf9c method=com.android.dx.rop.cst.Constant.compareTo(Lcom/android/dx/rop/cst/Constant;)I @ 12
Event: 1.995 Thread 0x00000000172ab800 Uncommon trap: reason=bimorphic action=maybe_recompile pc=0x000000000362b80c method=java.util.HashMap.getNode(ILjava/lang/Object;)Ljava/util/HashMap$Node; @ 126
Event: 1.995 Thread 0x00000000172ab800 Uncommon trap: reason=class_check action=maybe_recompile pc=0x00000000037f0774 method=java.util.HashMap.putVal(ILjava/lang/Object;Ljava/lang/Object;ZZ)Ljava/lang/Object; @ 203
Event: 2.008 Thread 0x00000000172ab800 Uncommon trap: reason=bimorphic action=maybe_recompile pc=0x000000000362b80c method=java.util.HashMap.getNode(ILjava/lang/Object;)Ljava/util/HashMap$Node; @ 126
Event: 2.085 Thread 0x00000000172c8000 Uncommon trap: reason=bimorphic action=maybe_recompile pc=0x000000000362b80c method=java.util.HashMap.getNode(ILjava/lang/Object;)Ljava/util/HashMap$Node; @ 126
Event: 2.085 Thread 0x00000000172c8000 Uncommon trap: reason=class_check action=maybe_recompile pc=0x00000000037f0774 method=java.util.HashMap.putVal(ILjava/lang/Object;Ljava/lang/Object;ZZ)Ljava/lang/Object; @ 203

Internal exceptions (10 events):
Event: 1.181 Thread 0x0000000001060800 Exception <a 'java/security/PrivilegedActionException'> (0x00000000eb477640) thrown at [C:\workspace\8-2-build-windows-amd64-cygwin\jdk8u31\2394\hotspot\src\share\vm\prims\jvm.cpp, line 1312]
Event: 1.183 Thread 0x00000000172c7800 Exception <a 'java/security/PrivilegedActionException'> (0x00000000eb5b0858) thrown at [C:\workspace\8-2-build-windows-amd64-cygwin\jdk8u31\2394\hotspot\src\share\vm\prims\jvm.cpp, line 1312]
Event: 1.193 Thread 0x00000000172c8000 Exception <a 'java/security/PrivilegedActionException'> (0x00000000eb261d60) thrown at [C:\workspace\8-2-build-windows-amd64-cygwin\jdk8u31\2394\hotspot\src\share\vm\prims\jvm.cpp, line 1312]
Event: 1.195 Thread 0x00000000172c8000 Exception <a 'java/security/PrivilegedActionException'> (0x00000000eb2682d0) thrown at [C:\workspace\8-2-build-windows-amd64-cygwin\jdk8u31\2394\hotspot\src\share\vm\prims\jvm.cpp, line 1312]
Event: 1.247 Thread 0x00000000172c7800 Exception <a 'java/security/PrivilegedActionException'> (0x00000000eb5d43b8) thrown at [C:\workspace\8-2-build-windows-amd64-cygwin\jdk8u31\2394\hotspot\src\share\vm\prims\jvm.cpp, line 1312]
Event: 1.264 Thread 0x00000000172ab800 Exception <a 'java/security/PrivilegedActionException'> (0x00000000eb873170) thrown at [C:\workspace\8-2-build-windows-amd64-cygwin\jdk8u31\2394\hotspot\src\share\vm\prims\jvm.cpp, line 1312]
Event: 1.335 Thread 0x00000000172c8000 Exception <a 'java/security/PrivilegedActionException'> (0x00000000eba48e48) thrown at [C:\workspace\8-2-build-windows-amd64-cygwin\jdk8u31\2394\hotspot\src\share\vm\prims\jvm.cpp, line 1312]
Event: 1.336 Thread 0x00000000172c8000 Exception <a 'java/security/PrivilegedActionException'> (0x00000000eba4eb28) thrown at [C:\workspace\8-2-build-windows-amd64-cygwin\jdk8u31\2394\hotspot\src\share\vm\prims\jvm.cpp, line 1312]
Event: 1.336 Thread 0x00000000172c8000 Exception <a 'java/security/PrivilegedActionException'> (0x00000000eba54598) thrown at [C:\workspace\8-2-build-windows-amd64-cygwin\jdk8u31\2394\hotspot\src\share\vm\prims\jvm.cpp, line 1312]
Event: 1.778 Thread 0x00000000172c8000 Exception <a 'java/security/PrivilegedActionException'> (0x00000000ec2257c8) thrown at [C:\workspace\8-2-build-windows-amd64-cygwin\jdk8u31\2394\hotspot\src\share\vm\prims\jvm.cpp, line 1312]

Events (10 events):
Event: 2.009 Executing VM operation: ParallelGCFailedAllocation
Event: 2.018 Executing VM operation: ParallelGCFailedAllocation done
Event: 2.069 Thread 0x00000000172a3000 Thread exited: 0x00000000172a3000
Event: 2.071 Thread 0x00000000172ab800 Thread exited: 0x00000000172ab800
Event: 2.085 Thread 0x00000000172c8000 Uncommon trap: trap_request=0xffffffc6 fr.pc=0x000000000362b80c
Event: 2.085 Thread 0x00000000172c8000 DEOPT PACKING pc=0x000000000362b80c sp=0x00000000181bec40
Event: 2.085 Thread 0x00000000172c8000 DEOPT UNPACKING pc=0x000000000344556a sp=0x00000000181beb68 mode 2
Event: 2.085 Thread 0x00000000172c8000 Uncommon trap: trap_request=0xffffffde fr.pc=0x00000000037f0774
Event: 2.085 Thread 0x00000000172c8000 DEOPT PACKING pc=0x00000000037f0774 sp=0x00000000181bec10
Event: 2.085 Thread 0x00000000172c8000 DEOPT UNPACKING pc=0x000000000344556a sp=0x00000000181beb48 mode 2


Dynamic libraries:
0x00007ff644d20000 - 0x00007ff644d54000 	C:\Program Files\Java\jdk1.8.0_31\bin\java.exe
0x00007ffa88b20000 - 0x00007ffa88ccd000 	C:\WINDOWS\SYSTEM32\ntdll.dll
0x00007ffa87f00000 - 0x00007ffa8803e000 	C:\WINDOWS\system32\KERNEL32.DLL
0x00007ffa85d10000 - 0x00007ffa85e25000 	C:\WINDOWS\system32\KERNELBASE.dll
0x00007ffa847e0000 - 0x00007ffa8486e000 	C:\WINDOWS\system32\apphelp.dll
0x00007ffa6d0a0000 - 0x00007ffa6d0f3000 	C:\WINDOWS\AppPatch\AppPatch64\AcGenral.DLL
0x00007ffa88640000 - 0x00007ffa886ea000 	C:\WINDOWS\system32\msvcrt.dll
0x00007ffa86170000 - 0x00007ffa8619e000 	C:\WINDOWS\system32\SspiCli.dll
0x00007ffa88040000 - 0x00007ffa88094000 	C:\WINDOWS\system32\SHLWAPI.dll
0x00007ffa88260000 - 0x00007ffa883d7000 	C:\WINDOWS\system32\USER32.dll
0x00007ffa864a0000 - 0x00007ffa86634000 	C:\WINDOWS\system32\ole32.dll
0x00007ffa86860000 - 0x00007ffa87d88000 	C:\WINDOWS\system32\SHELL32.dll
0x00007ffa85670000 - 0x00007ffa85691000 	C:\WINDOWS\SYSTEM32\USERENV.dll
0x00007ffa88590000 - 0x00007ffa8863a000 	C:\WINDOWS\system32\ADVAPI32.dll
0x00007ffa7fce0000 - 0x00007ffa7fcfe000 	C:\WINDOWS\SYSTEM32\MPR.dll
0x00007ffa88450000 - 0x00007ffa88590000 	C:\WINDOWS\system32\RPCRT4.dll
0x00007ffa86650000 - 0x00007ffa866a9000 	C:\WINDOWS\SYSTEM32\sechost.dll
0x00007ffa861c0000 - 0x00007ffa863d1000 	C:\WINDOWS\SYSTEM32\combase.dll
0x00007ffa86710000 - 0x00007ffa8685f000 	C:\WINDOWS\system32\GDI32.dll
0x00007ffa85c40000 - 0x00007ffa85c55000 	C:\WINDOWS\SYSTEM32\profapi.dll
0x00007ffa841b0000 - 0x00007ffa84262000 	C:\WINDOWS\SYSTEM32\SHCORE.dll
0x00007ffa87e50000 - 0x00007ffa87e86000 	C:\WINDOWS\system32\IMM32.DLL
0x00007ffa887e0000 - 0x00007ffa88932000 	C:\WINDOWS\system32\MSCTF.dll
0x00007ffa83d30000 - 0x00007ffa83fab000 	C:\WINDOWS\WinSxS\amd64_microsoft.windows.common-controls_6595b64144ccf1df_6.0.9600.18006_none_623f33d3ecbe86e8\COMCTL32.dll
0x000000005ab30000 - 0x000000005ac02000 	C:\Program Files\Java\jdk1.8.0_31\jre\bin\msvcr100.dll
0x0000000059450000 - 0x0000000059caa000 	C:\Program Files\Java\jdk1.8.0_31\jre\bin\server\jvm.dll
0x00007ffa7c230000 - 0x00007ffa7c239000 	C:\WINDOWS\SYSTEM32\WSOCK32.dll
0x00007ffa819d0000 - 0x00007ffa819f2000 	C:\WINDOWS\SYSTEM32\WINMM.dll
0x00007ffa861a0000 - 0x00007ffa861a7000 	C:\WINDOWS\system32\PSAPI.DLL
0x00007ffa866b0000 - 0x00007ffa8670a000 	C:\WINDOWS\system32\WS2_32.dll
0x00007ffa81670000 - 0x00007ffa8169a000 	C:\WINDOWS\SYSTEM32\WINMMBASE.dll
0x00007ffa87ef0000 - 0x00007ffa87ef9000 	C:\WINDOWS\system32\NSI.dll
0x00007ffa860c0000 - 0x00007ffa8610f000 	C:\WINDOWS\SYSTEM32\cfgmgr32.dll
0x00007ffa84a50000 - 0x00007ffa84a78000 	C:\WINDOWS\SYSTEM32\DEVOBJ.dll
0x000000005ab20000 - 0x000000005ab2f000 	C:\Program Files\Java\jdk1.8.0_31\jre\bin\verify.dll
0x000000005aaf0000 - 0x000000005ab18000 	C:\Program Files\Java\jdk1.8.0_31\jre\bin\java.dll
0x000000005aad0000 - 0x000000005aae6000 	C:\Program Files\Java\jdk1.8.0_31\jre\bin\zip.dll

VM Arguments:
jvm_args: -Djava.awt.headless=true -Xmx1024M -Dfile.encoding=windows-1252 -Duser.country=CA -Duser.language=en -Duser.variant 
java_command: com.android.dx.command.Main --dex --force-jumbo --num-threads=4 --multi-dex --output C:\Users\Saketh\Desktop\Honours Project\Marked\app\build\intermediates\transforms\dex\debug\folders\1000\10\com.android.support-support-vector-drawable-25.3.0_2564abbab5b3b27f78c0e977b70a59a14e2cca81 C:\Users\Saketh\Desktop\Honours Project\Marked\app\build\intermediates\exploded-aar\com.android.support\support-vector-drawable\25.3.0\jars\classes.jar
java_class_path (initial): C:\Users\Saketh\Desktop\New folder\adt-bundle-windows-x86_64-20130522\sdk\build-tools\25.0.0\lib\dx.jar
Launcher Type: SUN_STANDARD

Environment Variables:
PATH=C:\ProgramData\Oracle\Java\javapath;C:\Program Files (x86)\NVIDIA Corporation\PhysX\Common;C:\Program Files (x86)\Intel\iCLS Client\;C:\Program Files\Intel\iCLS Client\;C:\WINDOWS\system32;C:\WINDOWS;C:\WINDOWS\System32\Wbem;C:\WINDOWS\System32\WindowsPowerShell\v1.0\;C:\Program Files\Intel\Intel(R) Management Engine Components\DAL;C:\Program Files\Intel\Intel(R) Management Engine Components\IPT;C:\Program Files (x86)\Intel\Intel(R) Management Engine Components\DAL;C:\Program Files (x86)\Intel\Intel(R) Management Engine Components\IPT;C:\Program Files\Microsoft\Web Platform Installer\;C:\Program Files\Intel\WiFi\bin\;C:\Program Files\Common Files\Intel\WirelessCommon\;C:\Program Files (x86)\MiKTeX 2.9\miktex\bin\;C:\Program Files (x86)\Skype\Phone\;C:\Program Files\TortoiseGit\bin
USERNAME=Saketh
OS=Windows_NT
PROCESSOR_IDENTIFIER=Intel64 Family 6 Model 58 Stepping 9, GenuineIntel



---------------  S Y S T E M  ---------------

OS: Windows 8.1 , 64 bit Build 9600 

CPU:total 8 (4 cores per cpu, 2 threads per core) family 6 model 58 stepping 9, cmov, cx8, fxsr, mmx, sse, sse2, sse3, ssse3, sse4.1, sse4.2, popcnt, avx, aes, clmul, erms, ht, tsc, tscinvbit, tscinv

Memory: 4k page, physical 8334620k(1222324k free), swap 11480348k(5140k free)

vm_info: Java HotSpot(TM) 64-Bit Server VM (25.31-b07) for windows-amd64 JRE (1.8.0_31-b13), built on Dec 17 2014 21:00:28 by "java_re" with MS VC++ 10.0 (VS2010)

time: Tue May 02 17:09:16 2017
elapsed time: 2 seconds (0d 0h 0m 2s)

