#
# There is insufficient memory for the Java Runtime Environment to continue.
# Native memory allocation (malloc) failed to allocate 752736 bytes for Chunk::new
# Possible reasons:
#   The system is out of physical RAM or swap space
#   In 32 bit mode, the process size limit was hit
# Possible solutions:
#   Reduce memory load on the system
#   Increase physical memory or swap space
#   Check if swap backing store is full
#   Use 64 bit Java on a 64 bit OS
#   Decrease Java heap size (-Xmx/-Xms)
#   Decrease number of Java threads
#   Decrease Java thread stack sizes (-Xss)
#   Set larger code cache with -XX:ReservedCodeCacheSize=
# This output file may be truncated or incomplete.
#
#  Out of Memory Error (allocation.cpp:390), pid=6884, tid=15192
#
# JRE version: Java(TM) SE Runtime Environment (8.0_31-b13) (build 1.8.0_31-b13)
# Java VM: Java HotSpot(TM) 64-Bit Server VM (25.31-b07 mixed mode windows-amd64 compressed oops)
# Failed to write core dump. Minidumps are not enabled by default on client versions of Windows
#

---------------  T H R E A D  ---------------

Current thread (0x00000000177d7000):  JavaThread "C2 CompilerThread0" daemon [_thread_in_native, id=15192, stack(0x0000000017db0000,0x0000000017eb0000)]

Stack: [0x0000000017db0000,0x0000000017eb0000]
Native frames: (J=compiled Java code, j=interpreted, Vv=VM code, C=native code)
V  [jvm.dll+0x3169ba]


Current CompileTask:
C2:   1520 1053       4       com.android.dx.ssa.SCCP::simulateStmt (481 bytes)


---------------  P R O C E S S  ---------------

Java Threads: ( => current thread )
  0x00000000183df800 JavaThread "pool-2-thread-4" [_thread_in_Java, id=8048, stack(0x0000000018fb0000,0x00000000190b0000)]
  0x0000000017a9e000 JavaThread "pool-2-thread-3" [_thread_in_vm, id=12528, stack(0x0000000018eb0000,0x0000000018fb0000)]
  0x0000000017a9d000 JavaThread "pool-2-thread-2" [_thread_in_Java, id=8844, stack(0x0000000018db0000,0x0000000018eb0000)]
  0x0000000017a9c800 JavaThread "pool-3-thread-1" [_thread_blocked, id=3248, stack(0x0000000018cb0000,0x0000000018db0000)]
  0x0000000017b26000 JavaThread "pool-2-thread-1" [_thread_in_Java, id=5928, stack(0x0000000018bb0000,0x0000000018cb0000)]
  0x000000001787c000 JavaThread "Service Thread" daemon [_thread_blocked, id=11308, stack(0x00000000181b0000,0x00000000182b0000)]
  0x00000000177e6000 JavaThread "C1 CompilerThread3" daemon [_thread_in_native, id=15540, stack(0x00000000180b0000,0x00000000181b0000)]
  0x00000000177dd000 JavaThread "C2 CompilerThread2" daemon [_thread_in_native, id=9868, stack(0x0000000017fb0000,0x00000000180b0000)]
  0x00000000177d9800 JavaThread "C2 CompilerThread1" daemon [_thread_in_native, id=9420, stack(0x0000000017eb0000,0x0000000017fb0000)]
=>0x00000000177d7000 JavaThread "C2 CompilerThread0" daemon [_thread_in_native, id=15192, stack(0x0000000017db0000,0x0000000017eb0000)]
  0x00000000177d5000 JavaThread "Attach Listener" daemon [_thread_blocked, id=16340, stack(0x0000000017cb0000,0x0000000017db0000)]
  0x00000000177d4800 JavaThread "Signal Dispatcher" daemon [_thread_blocked, id=10452, stack(0x0000000017bb0000,0x0000000017cb0000)]
  0x0000000001767800 JavaThread "Finalizer" daemon [_thread_blocked, id=13404, stack(0x00000000176b0000,0x00000000177b0000)]
  0x0000000001761000 JavaThread "Reference Handler" daemon [_thread_blocked, id=5160, stack(0x00000000175b0000,0x00000000176b0000)]
  0x0000000001670800 JavaThread "main" [_thread_in_Java, id=2388, stack(0x0000000001560000,0x0000000001660000)]

Other Threads:
  0x00000000157e8800 VMThread [stack: 0x00000000174b0000,0x00000000175b0000] [id=12596]
  0x000000001787e000 WatcherThread [stack: 0x00000000182b0000,0x00000000183b0000] [id=7780]

VM state:not at safepoint (normal execution)

VM Mutex/Monitor currently owned by a thread:  ([mutex/lock_event])
[0x000000000180c680] CompiledIC_lock - owner thread: 0x0000000000000000

Heap:
 PSYoungGen      total 38400K, used 15109K [0x00000000eab00000, 0x00000000ed580000, 0x0000000100000000)
  eden space 33280K, 30% used [0x00000000eab00000,0x00000000eb4c8008,0x00000000ecb80000)
  from space 5120K, 99% used [0x00000000ecb80000,0x00000000ed079650,0x00000000ed080000)
  to   space 5120K, 0% used [0x00000000ed080000,0x00000000ed080000,0x00000000ed580000)
 ParOldGen       total 87552K, used 1102K [0x00000000c0000000, 0x00000000c5580000, 0x00000000eab00000)
  object space 87552K, 1% used [0x00000000c0000000,0x00000000c0113878,0x00000000c5580000)
 Metaspace       used 5912K, capacity 6896K, committed 7040K, reserved 1056768K
  class space    used 584K, capacity 616K, committed 640K, reserved 1048576K

Card table byte_map: [0x0000000001bd0000,0x0000000001de0000] byte_map_base: 0x00000000015d0000

Marking Bits: (ParMarkBitMap*) 0x0000000059b2d4f0
 Begin Bits: [0x0000000012c00000, 0x0000000013c00000)
 End Bits:   [0x0000000013c00000, 0x0000000014c00000)

Polling page: 0x00000000011f0000

CodeCache: size=245760Kb used=4218Kb max_used=4218Kb free=241541Kb
 bounds [0x0000000003400000, 0x0000000003830000, 0x0000000012400000]
 total_blobs=1395 nmethods=1132 adapters=177
 compilation: enabled

Compilation events (10 events):
Event: 1.502 Thread 0x00000000177e6000 nmethod 1147 0x0000000003809d90 code [0x0000000003809fc0, 0x000000000380ad98]
Event: 1.502 Thread 0x00000000177e6000 1148       3       com.android.dx.ssa.SsaMethod::forEachBlockDepthFirst (194 bytes)
Event: 1.506 Thread 0x00000000177e6000 nmethod 1148 0x000000000380b390 code [0x000000000380b800, 0x000000000380eb68]
Event: 1.506 Thread 0x00000000177e6000 1159       3       com.android.dx.ssa.SsaMethod::mapRegisters (87 bytes)
Event: 1.508 Thread 0x00000000177e6000 nmethod 1159 0x0000000003810a90 code [0x0000000003810d00, 0x0000000003811e28]
Event: 1.508 Thread 0x00000000177e6000 1150       3       com.android.dx.ssa.DeadCodeRemover::pruneDeadInstructions (246 bytes)
Event: 1.511 Thread 0x00000000177e6000 nmethod 1150 0x0000000003812610 code [0x0000000003812a00, 0x0000000003815218]
Event: 1.511 Thread 0x00000000177e6000 1162       3       com.android.dx.rop.code.BasicBlockList::forEachInsn (39 bytes)
Event: 1.512 Thread 0x00000000177e6000 nmethod 1162 0x0000000003816a50 code [0x0000000003816c40, 0x0000000003817828]
Event: 1.512 Thread 0x00000000177e6000 1164       3       java.util.HashMap::resize (359 bytes)

GC Heap History (2 events):
Event: 1.405 GC heap before
{Heap before GC invocations=1 (full 0):
 PSYoungGen      total 38400K, used 33280K [0x00000000eab00000, 0x00000000ed580000, 0x0000000100000000)
  eden space 33280K, 100% used [0x00000000eab00000,0x00000000ecb80000,0x00000000ecb80000)
  from space 5120K, 0% used [0x00000000ed080000,0x00000000ed080000,0x00000000ed580000)
  to   space 5120K, 0% used [0x00000000ecb80000,0x00000000ecb80000,0x00000000ed080000)
 ParOldGen       total 87552K, used 0K [0x00000000c0000000, 0x00000000c5580000, 0x00000000eab00000)
  object space 87552K, 0% used [0x00000000c0000000,0x00000000c0000000,0x00000000c5580000)
 Metaspace       used 5827K, capacity 6832K, committed 7040K, reserved 1056768K
  class space    used 584K, capacity 616K, committed 640K, reserved 1048576K
Event: 1.411 GC heap after
Heap after GC invocations=1 (full 0):
 PSYoungGen      total 38400K, used 5093K [0x00000000eab00000, 0x00000000ed580000, 0x0000000100000000)
  eden space 33280K, 0% used [0x00000000eab00000,0x00000000eab00000,0x00000000ecb80000)
  from space 5120K, 99% used [0x00000000ecb80000,0x00000000ed079650,0x00000000ed080000)
  to   space 5120K, 0% used [0x00000000ed080000,0x00000000ed080000,0x00000000ed580000)
 ParOldGen       total 87552K, used 1102K [0x00000000c0000000, 0x00000000c5580000, 0x00000000eab00000)
  object space 87552K, 1% used [0x00000000c0000000,0x00000000c0113878,0x00000000c5580000)
 Metaspace       used 5827K, capacity 6832K, committed 7040K, reserved 1056768K
  class space    used 584K, capacity 616K, committed 640K, reserved 1048576K
}

Deoptimization events (0 events):
No events

Internal exceptions (10 events):
Event: 1.129 Thread 0x0000000017a9e000 Exception <a 'java/security/PrivilegedActionException'> (0x00000000eb5e56e8) thrown at [C:\workspace\8-2-build-windows-amd64-cygwin\jdk8u31\2394\hotspot\src\share\vm\prims\jvm.cpp, line 1312]
Event: 1.131 Thread 0x00000000183df800 Exception <a 'java/security/PrivilegedActionException'> (0x00000000eb8b1108) thrown at [C:\workspace\8-2-build-windows-amd64-cygwin\jdk8u31\2394\hotspot\src\share\vm\prims\jvm.cpp, line 1312]
Event: 1.132 Thread 0x00000000183df800 Exception <a 'java/security/PrivilegedActionException'> (0x00000000eb8b7670) thrown at [C:\workspace\8-2-build-windows-amd64-cygwin\jdk8u31\2394\hotspot\src\share\vm\prims\jvm.cpp, line 1312]
Event: 1.132 Thread 0x00000000183df800 Exception <a 'java/security/PrivilegedActionException'> (0x00000000eb8bc040) thrown at [C:\workspace\8-2-build-windows-amd64-cygwin\jdk8u31\2394\hotspot\src\share\vm\prims\jvm.cpp, line 1312]
Event: 1.136 Thread 0x00000000183df800 Exception <a 'java/security/PrivilegedActionException'> (0x00000000eb8c8510) thrown at [C:\workspace\8-2-build-windows-amd64-cygwin\jdk8u31\2394\hotspot\src\share\vm\prims\jvm.cpp, line 1312]
Event: 1.138 Thread 0x00000000183df800 Exception <a 'java/security/PrivilegedActionException'> (0x00000000eb8ce7b0) thrown at [C:\workspace\8-2-build-windows-amd64-cygwin\jdk8u31\2394\hotspot\src\share\vm\prims\jvm.cpp, line 1312]
Event: 1.202 Thread 0x0000000001670800 Exception <a 'java/security/PrivilegedActionException'> (0x00000000ebd7cd30) thrown at [C:\workspace\8-2-build-windows-amd64-cygwin\jdk8u31\2394\hotspot\src\share\vm\prims\jvm.cpp, line 1312]
Event: 1.241 Thread 0x00000000183df800 Exception <a 'java/security/PrivilegedActionException'> (0x00000000eb8f4928) thrown at [C:\workspace\8-2-build-windows-amd64-cygwin\jdk8u31\2394\hotspot\src\share\vm\prims\jvm.cpp, line 1312]
Event: 1.246 Thread 0x00000000183df800 Exception <a 'java/security/PrivilegedActionException'> (0x00000000eb9141f0) thrown at [C:\workspace\8-2-build-windows-amd64-cygwin\jdk8u31\2394\hotspot\src\share\vm\prims\jvm.cpp, line 1312]
Event: 1.295 Thread 0x0000000001670800 Exception <a 'java/security/PrivilegedActionException'> (0x00000000ebfb95c8) thrown at [C:\workspace\8-2-build-windows-amd64-cygwin\jdk8u31\2394\hotspot\src\share\vm\prims\jvm.cpp, line 1312]

Events (10 events):
Event: 1.240 loading class com/android/dx/cf/code/SwitchList
Event: 1.240 loading class com/android/dx/cf/code/SwitchList done
Event: 1.246 loading class com/android/dx/rop/code/LocalItem
Event: 1.246 loading class com/android/dx/rop/code/LocalItem done
Event: 1.295 loading class com/android/dx/cf/attrib/AttExceptions
Event: 1.295 loading class com/android/dx/cf/attrib/AttExceptions done
Event: 1.297 Executing VM operation: ForceSafepoint
Event: 1.297 Executing VM operation: ForceSafepoint done
Event: 1.405 Executing VM operation: ParallelGCFailedAllocation
Event: 1.411 Executing VM operation: ParallelGCFailedAllocation done


Dynamic libraries:
0x00007ff722c50000 - 0x00007ff722c84000 	C:\Program Files\Java\jdk1.8.0_31\bin\java.exe
0x00007ffa88b20000 - 0x00007ffa88ccd000 	C:\WINDOWS\SYSTEM32\ntdll.dll
0x00007ffa87f00000 - 0x00007ffa8803e000 	C:\WINDOWS\system32\KERNEL32.DLL
0x00007ffa85d10000 - 0x00007ffa85e25000 	C:\WINDOWS\system32\KERNELBASE.dll
0x00007ffa847e0000 - 0x00007ffa8486e000 	C:\WINDOWS\system32\apphelp.dll
0x00007ffa6b190000 - 0x00007ffa6b1e3000 	C:\WINDOWS\AppPatch\AppPatch64\AcGenral.DLL
0x00007ffa88640000 - 0x00007ffa886ea000 	C:\WINDOWS\system32\msvcrt.dll
0x00007ffa86170000 - 0x00007ffa8619e000 	C:\WINDOWS\system32\SspiCli.dll
0x00007ffa88040000 - 0x00007ffa88094000 	C:\WINDOWS\system32\SHLWAPI.dll
0x00007ffa88260000 - 0x00007ffa883d7000 	C:\WINDOWS\system32\USER32.dll
0x00007ffa864a0000 - 0x00007ffa86634000 	C:\WINDOWS\system32\ole32.dll
0x00007ffa86860000 - 0x00007ffa87d88000 	C:\WINDOWS\system32\SHELL32.dll
0x00007ffa85670000 - 0x00007ffa85691000 	C:\WINDOWS\SYSTEM32\USERENV.dll
0x00007ffa88590000 - 0x00007ffa8863a000 	C:\WINDOWS\system32\ADVAPI32.dll
0x00007ffa7fce0000 - 0x00007ffa7fcfe000 	C:\WINDOWS\SYSTEM32\MPR.dll
0x00007ffa88450000 - 0x00007ffa88590000 	C:\WINDOWS\system32\RPCRT4.dll
0x00007ffa86650000 - 0x00007ffa866a9000 	C:\WINDOWS\SYSTEM32\sechost.dll
0x00007ffa861c0000 - 0x00007ffa863d1000 	C:\WINDOWS\SYSTEM32\combase.dll
0x00007ffa86710000 - 0x00007ffa8685f000 	C:\WINDOWS\system32\GDI32.dll
0x00007ffa85c40000 - 0x00007ffa85c55000 	C:\WINDOWS\SYSTEM32\profapi.dll
0x00007ffa841b0000 - 0x00007ffa84262000 	C:\WINDOWS\SYSTEM32\SHCORE.dll
0x00007ffa87e50000 - 0x00007ffa87e86000 	C:\WINDOWS\system32\IMM32.DLL
0x00007ffa887e0000 - 0x00007ffa88932000 	C:\WINDOWS\system32\MSCTF.dll
0x00007ffa83d30000 - 0x00007ffa83fab000 	C:\WINDOWS\WinSxS\amd64_microsoft.windows.common-controls_6595b64144ccf1df_6.0.9600.18006_none_623f33d3ecbe86e8\COMCTL32.dll
0x0000000059bb0000 - 0x0000000059c82000 	C:\Program Files\Java\jdk1.8.0_31\jre\bin\msvcr100.dll
0x0000000059350000 - 0x0000000059baa000 	C:\Program Files\Java\jdk1.8.0_31\jre\bin\server\jvm.dll
0x00007ffa7c230000 - 0x00007ffa7c239000 	C:\WINDOWS\SYSTEM32\WSOCK32.dll
0x00007ffa819d0000 - 0x00007ffa819f2000 	C:\WINDOWS\SYSTEM32\WINMM.dll
0x00007ffa861a0000 - 0x00007ffa861a7000 	C:\WINDOWS\system32\PSAPI.DLL
0x00007ffa866b0000 - 0x00007ffa8670a000 	C:\WINDOWS\system32\WS2_32.dll
0x00007ffa81670000 - 0x00007ffa8169a000 	C:\WINDOWS\SYSTEM32\WINMMBASE.dll
0x00007ffa87ef0000 - 0x00007ffa87ef9000 	C:\WINDOWS\system32\NSI.dll
0x00007ffa860c0000 - 0x00007ffa8610f000 	C:\WINDOWS\SYSTEM32\cfgmgr32.dll
0x00007ffa84a50000 - 0x00007ffa84a78000 	C:\WINDOWS\SYSTEM32\DEVOBJ.dll
0x0000000059340000 - 0x000000005934f000 	C:\Program Files\Java\jdk1.8.0_31\jre\bin\verify.dll
0x0000000059310000 - 0x0000000059338000 	C:\Program Files\Java\jdk1.8.0_31\jre\bin\java.dll
0x00000000592f0000 - 0x0000000059306000 	C:\Program Files\Java\jdk1.8.0_31\jre\bin\zip.dll
0x00007ffa80710000 - 0x00007ffa80899000 	C:\WINDOWS\SYSTEM32\dbghelp.dll

VM Arguments:
jvm_args: -Djava.awt.headless=true -Xmx1024M -Dfile.encoding=windows-1252 -Duser.country=CA -Duser.language=en -Duser.variant 
java_command: com.android.dx.command.Main --dex --force-jumbo --num-threads=4 --multi-dex --output C:\Users\Saketh\Desktop\Honours Project\Marked\app\build\intermediates\transforms\dex\debug\folders\1000\10\com.google.android.gms-play-services-drive-10.2.1_d82ddf30386fc82d3c313877906814f0cf9ef983 C:\Users\Saketh\Desktop\Honours Project\Marked\app\build\intermediates\exploded-aar\com.google.android.gms\play-services-drive\10.2.1\jars\classes.jar
java_class_path (initial): C:\Users\Saketh\Desktop\New folder\adt-bundle-windows-x86_64-20130522\sdk\build-tools\25.0.0\lib\dx.jar
Launcher Type: SUN_STANDARD

Environment Variables:
PATH=C:\ProgramData\Oracle\Java\javapath;C:\Program Files (x86)\NVIDIA Corporation\PhysX\Common;C:\Program Files (x86)\Intel\iCLS Client\;C:\Program Files\Intel\iCLS Client\;C:\WINDOWS\system32;C:\WINDOWS;C:\WINDOWS\System32\Wbem;C:\WINDOWS\System32\WindowsPowerShell\v1.0\;C:\Program Files\Intel\Intel(R) Management Engine Components\DAL;C:\Program Files\Intel\Intel(R) Management Engine Components\IPT;C:\Program Files (x86)\Intel\Intel(R) Management Engine Components\DAL;C:\Program Files (x86)\Intel\Intel(R) Management Engine Components\IPT;C:\Program Files\Microsoft\Web Platform Installer\;C:\Program Files\Intel\WiFi\bin\;C:\Program Files\Common Files\Intel\WirelessCommon\;C:\Program Files (x86)\MiKTeX 2.9\miktex\bin\;C:\Program Files (x86)\Skype\Phone\;C:\Program Files\TortoiseGit\bin
USERNAME=Saketh
OS=Windows_NT
PROCESSOR_IDENTIFIER=Intel64 Family 6 Model 58 Stepping 9, GenuineIntel



---------------  S Y S T E M  ---------------

OS: Windows 8.1 , 64 bit Build 9600 

CPU:total 8 (4 cores per cpu, 2 threads per core) family 6 model 58 stepping 9, cmov, cx8, fxsr, mmx, sse, sse2, sse3, ssse3, sse4.1, sse4.2, popcnt, avx, aes, clmul, erms, ht, tsc, tscinvbit, tscinv

Memory: 4k page, physical 8334620k(963048k free), swap 11480348k(5108k free)

vm_info: Java HotSpot(TM) 64-Bit Server VM (25.31-b07) for windows-amd64 JRE (1.8.0_31-b13), built on Dec 17 2014 21:00:28 by "java_re" with MS VC++ 10.0 (VS2010)

time: Mon May 08 02:43:21 2017
elapsed time: 1 seconds (0d 0h 0m 1s)

