#
# There is insufficient memory for the Java Runtime Environment to continue.
# Native memory allocation (malloc) failed to allocate 587856 bytes for Chunk::new
# Possible reasons:
#   The system is out of physical RAM or swap space
#   In 32 bit mode, the process size limit was hit
# Possible solutions:
#   Reduce memory load on the system
#   Increase physical memory or swap space
#   Check if swap backing store is full
#   Use 64 bit Java on a 64 bit OS
#   Decrease Java heap size (-Xmx/-Xms)
#   Decrease number of Java threads
#   Decrease Java thread stack sizes (-Xss)
#   Set larger code cache with -XX:ReservedCodeCacheSize=
# This output file may be truncated or incomplete.
#
#  Out of Memory Error (allocation.cpp:390), pid=11500, tid=5192
#
# JRE version: Java(TM) SE Runtime Environment (8.0_31-b13) (build 1.8.0_31-b13)
# Java VM: Java HotSpot(TM) 64-Bit Server VM (25.31-b07 mixed mode windows-amd64 compressed oops)
# Failed to write core dump. Minidumps are not enabled by default on client versions of Windows
#

---------------  T H R E A D  ---------------

Current thread (0x0000000016b0a000):  JavaThread "C2 CompilerThread1" daemon [_thread_in_native, id=5192, stack(0x00000000171e0000,0x00000000172e0000)]

Stack: [0x00000000171e0000,0x00000000172e0000]
Native frames: (J=compiled Java code, j=interpreted, Vv=VM code, C=native code)
V  [jvm.dll+0x3169ba]


Current CompileTask:
C2:   1183 1181       4       com.android.dx.ssa.SCCP::simulateBranch (666 bytes)


---------------  P R O C E S S  ---------------

Java Threads: ( => current thread )
  0x0000000017ce8000 JavaThread "pool-1-thread-1" [_thread_in_native, id=13964, stack(0x00000000176e0000,0x00000000177e0000)]
  0x0000000016ba7000 JavaThread "Service Thread" daemon [_thread_blocked, id=7860, stack(0x00000000174e0000,0x00000000175e0000)]
  0x0000000016b69000 JavaThread "C1 CompilerThread3" daemon [_thread_blocked, id=5836, stack(0x00000000173e0000,0x00000000174e0000)]
  0x0000000016b2f800 JavaThread "C2 CompilerThread2" daemon [_thread_in_native, id=3964, stack(0x00000000172e0000,0x00000000173e0000)]
=>0x0000000016b0a000 JavaThread "C2 CompilerThread1" daemon [_thread_in_native, id=5192, stack(0x00000000171e0000,0x00000000172e0000)]
  0x0000000016b07000 JavaThread "C2 CompilerThread0" daemon [_thread_in_native, id=8028, stack(0x00000000170e0000,0x00000000171e0000)]
  0x0000000016b04800 JavaThread "Attach Listener" daemon [_thread_blocked, id=12960, stack(0x0000000016fe0000,0x00000000170e0000)]
  0x0000000016b04000 JavaThread "Signal Dispatcher" daemon [_thread_blocked, id=9156, stack(0x0000000016ee0000,0x0000000016fe0000)]
  0x0000000001f07800 JavaThread "Finalizer" daemon [_thread_blocked, id=9008, stack(0x00000000169e0000,0x0000000016ae0000)]
  0x0000000001f01000 JavaThread "Reference Handler" daemon [_thread_blocked, id=13184, stack(0x00000000168e0000,0x00000000169e0000)]
  0x0000000001e10800 JavaThread "main" [_thread_blocked, id=11204, stack(0x0000000001d10000,0x0000000001e10000)]

Other Threads:
  0x0000000014b18800 VMThread [stack: 0x00000000167e0000,0x00000000168e0000] [id=10348]
  0x0000000016ba9000 WatcherThread [stack: 0x00000000175e0000,0x00000000176e0000] [id=7296]

VM state:not at safepoint (normal execution)

VM Mutex/Monitor currently owned by a thread: None

Heap:
 PSYoungGen      total 38400K, used 7167K [0x00000000eab00000, 0x00000000ed580000, 0x0000000100000000)
  eden space 33280K, 6% used [0x00000000eab00000,0x00000000ead04778,0x00000000ecb80000)
  from space 5120K, 99% used [0x00000000ecb80000,0x00000000ed07b608,0x00000000ed080000)
  to   space 5120K, 0% used [0x00000000ed080000,0x00000000ed080000,0x00000000ed580000)
 ParOldGen       total 87552K, used 1046K [0x00000000c0000000, 0x00000000c5580000, 0x00000000eab00000)
  object space 87552K, 1% used [0x00000000c0000000,0x00000000c0105898,0x00000000c5580000)
 Metaspace       used 5880K, capacity 6896K, committed 7040K, reserved 1056768K
  class space    used 593K, capacity 616K, committed 640K, reserved 1048576K

Card table byte_map: [0x00000000113c0000,0x00000000115d0000] byte_map_base: 0x0000000010dc0000

Marking Bits: (ParMarkBitMap*) 0x0000000059c2d4f0
 Begin Bits: [0x0000000011f30000, 0x0000000012f30000)
 End Bits:   [0x0000000012f30000, 0x0000000013f30000)

Polling page: 0x0000000000510000

CodeCache: size=245760Kb used=4460Kb max_used=4460Kb free=241299Kb
 bounds [0x0000000002000000, 0x0000000002460000, 0x0000000011000000]
 total_blobs=1464 nmethods=1201 adapters=177
 compilation: enabled

Compilation events (10 events):
Event: 1.173 Thread 0x0000000016b69000 nmethod 1206 0x000000000245b610 code [0x000000000245b860, 0x000000000245c548]
Event: 1.173 Thread 0x0000000016b69000 1208       3       com.android.dx.dex.file.EncodedMethod::compareTo (9 bytes)
Event: 1.174 Thread 0x0000000016b69000 nmethod 1208 0x000000000245cb10 code [0x000000000245cc80, 0x000000000245d068]
Event: 1.175 Thread 0x0000000016b69000 1209       3       java.util.TreeMap::getFirstEntry (26 bytes)
Event: 1.175 Thread 0x0000000016b69000 nmethod 1209 0x000000000245d1d0 code [0x000000000245d340, 0x000000000245d570]
Event: 1.175 Thread 0x0000000016b69000 1210       3       java.util.TreeMap$PrivateEntryIterator::<init> (28 bytes)
Event: 1.176 Thread 0x0000000016b69000 nmethod 1210 0x000000000245d650 code [0x000000000245d7c0, 0x000000000245d9d0]
Event: 1.176 Thread 0x0000000016b69000 1211       3       java.util.TreeMap::successor (66 bytes)
Event: 1.176 Thread 0x0000000016b69000 nmethod 1211 0x000000000245dad0 code [0x000000000245dc60, 0x000000000245dfd0]
Event: 1.177 Thread 0x0000000016b69000 1212       3       java.util.TreeMap$PrivateEntryIterator::nextEntry (54 bytes)

GC Heap History (2 events):
Event: 1.079 GC heap before
{Heap before GC invocations=1 (full 0):
 PSYoungGen      total 38400K, used 33280K [0x00000000eab00000, 0x00000000ed580000, 0x0000000100000000)
  eden space 33280K, 100% used [0x00000000eab00000,0x00000000ecb80000,0x00000000ecb80000)
  from space 5120K, 0% used [0x00000000ed080000,0x00000000ed080000,0x00000000ed580000)
  to   space 5120K, 0% used [0x00000000ecb80000,0x00000000ecb80000,0x00000000ed080000)
 ParOldGen       total 87552K, used 0K [0x00000000c0000000, 0x00000000c5580000, 0x00000000eab00000)
  object space 87552K, 0% used [0x00000000c0000000,0x00000000c0000000,0x00000000c5580000)
 Metaspace       used 5836K, capacity 6832K, committed 7040K, reserved 1056768K
  class space    used 589K, capacity 616K, committed 640K, reserved 1048576K
Event: 1.091 GC heap after
Heap after GC invocations=1 (full 0):
 PSYoungGen      total 38400K, used 5101K [0x00000000eab00000, 0x00000000ed580000, 0x0000000100000000)
  eden space 33280K, 0% used [0x00000000eab00000,0x00000000eab00000,0x00000000ecb80000)
  from space 5120K, 99% used [0x00000000ecb80000,0x00000000ed07b608,0x00000000ed080000)
  to   space 5120K, 0% used [0x00000000ed080000,0x00000000ed080000,0x00000000ed580000)
 ParOldGen       total 87552K, used 1046K [0x00000000c0000000, 0x00000000c5580000, 0x00000000eab00000)
  object space 87552K, 1% used [0x00000000c0000000,0x00000000c0105898,0x00000000c5580000)
 Metaspace       used 5836K, capacity 6832K, committed 7040K, reserved 1056768K
  class space    used 589K, capacity 616K, committed 640K, reserved 1048576K
}

Deoptimization events (9 events):
Event: 0.830 Thread 0x0000000016e17800 Uncommon trap: reason=class_check action=maybe_recompile pc=0x00000000022342d8 method=com.android.dx.ssa.NormalSsaInsn.accept(Lcom/android/dx/ssa/SsaInsn$Visitor;)V @ 9
Event: 0.830 Thread 0x0000000016e17800 Uncommon trap: reason=class_check action=maybe_recompile pc=0x000000000220f2f0 method=com.android.dx.ssa.NormalSsaInsn.accept(Lcom/android/dx/ssa/SsaInsn$Visitor;)V @ 9
Event: 0.897 Thread 0x0000000016e04800 Uncommon trap: reason=null_check action=make_not_entrant pc=0x00000000022ae260 method=com.android.dx.rop.type.Type.equals(Ljava/lang/Object;)Z @ 8
Event: 0.900 Thread 0x0000000016e04800 Uncommon trap: reason=class_check action=maybe_recompile pc=0x00000000022342d8 method=com.android.dx.ssa.NormalSsaInsn.accept(Lcom/android/dx/ssa/SsaInsn$Visitor;)V @ 9
Event: 1.155 Thread 0x0000000017ce8000 Uncommon trap: reason=class_check action=maybe_recompile pc=0x00000000023652e0 method=java.util.Arrays.hashCode([Ljava/lang/Object;)I @ 43
Event: 1.156 Thread 0x0000000017ce8000 Uncommon trap: reason=class_check action=maybe_recompile pc=0x00000000023652e0 method=java.util.Arrays.hashCode([Ljava/lang/Object;)I @ 43
Event: 1.174 Thread 0x0000000017ce8000 Uncommon trap: reason=class_check action=maybe_recompile pc=0x00000000023652e0 method=java.util.Arrays.hashCode([Ljava/lang/Object;)I @ 43
Event: 1.174 Thread 0x0000000017ce8000 Uncommon trap: reason=class_check action=maybe_recompile pc=0x00000000023652e0 method=java.util.Arrays.hashCode([Ljava/lang/Object;)I @ 43
Event: 1.174 Thread 0x0000000017ce8000 Uncommon trap: reason=class_check action=maybe_recompile pc=0x000000000235f540 method=java.util.Arrays.hashCode([Ljava/lang/Object;)I @ 43

Internal exceptions (10 events):
Event: 0.562 Thread 0x0000000016e16800 Exception <a 'java/security/PrivilegedActionException'> (0x00000000eb70cd00) thrown at [C:\workspace\8-2-build-windows-amd64-cygwin\jdk8u31\2394\hotspot\src\share\vm\prims\jvm.cpp, line 1312]
Event: 0.568 Thread 0x0000000001e10800 Exception <a 'java/security/PrivilegedActionException'> (0x00000000eb46afc0) thrown at [C:\workspace\8-2-build-windows-amd64-cygwin\jdk8u31\2394\hotspot\src\share\vm\prims\jvm.cpp, line 1312]
Event: 0.582 Thread 0x0000000016cb8000 Exception <a 'java/security/PrivilegedActionException'> (0x00000000eb76ede8) thrown at [C:\workspace\8-2-build-windows-amd64-cygwin\jdk8u31\2394\hotspot\src\share\vm\prims\jvm.cpp, line 1312]
Event: 0.583 Thread 0x0000000016cb8000 Exception <a 'java/security/PrivilegedActionException'> (0x00000000eb774ac8) thrown at [C:\workspace\8-2-build-windows-amd64-cygwin\jdk8u31\2394\hotspot\src\share\vm\prims\jvm.cpp, line 1312]
Event: 0.584 Thread 0x0000000016cb8000 Exception <a 'java/security/PrivilegedActionException'> (0x00000000eb77a538) thrown at [C:\workspace\8-2-build-windows-amd64-cygwin\jdk8u31\2394\hotspot\src\share\vm\prims\jvm.cpp, line 1312]
Event: 0.608 Thread 0x0000000016e04800 Exception <a 'java/security/PrivilegedActionException'> (0x00000000eb823010) thrown at [C:\workspace\8-2-build-windows-amd64-cygwin\jdk8u31\2394\hotspot\src\share\vm\prims\jvm.cpp, line 1312]
Event: 0.641 Thread 0x0000000016e16800 Exception <a 'java/security/PrivilegedActionException'> (0x00000000eb98b048) thrown at [C:\workspace\8-2-build-windows-amd64-cygwin\jdk8u31\2394\hotspot\src\share\vm\prims\jvm.cpp, line 1312]
Event: 0.656 Thread 0x0000000016e17800 Exception <a 'java/security/PrivilegedActionException'> (0x00000000eb8db8f8) thrown at [C:\workspace\8-2-build-windows-amd64-cygwin\jdk8u31\2394\hotspot\src\share\vm\prims\jvm.cpp, line 1312]
Event: 0.897 Thread 0x0000000016e04800 Implicit null exception at 0x00000000022ae162 to 0x00000000022ae252
Event: 1.138 Thread 0x0000000001e10800 Exception <a 'java/security/PrivilegedActionException'> (0x00000000eac6b2a0) thrown at [C:\workspace\8-2-build-windows-amd64-cygwin\jdk8u31\2394\hotspot\src\share\vm\prims\jvm.cpp, line 1312]

Events (10 events):
Event: 1.156 Thread 0x0000000017ce8000 DEOPT UNPACKING pc=0x000000000204556a sp=0x00000000177de640 mode 2
Event: 1.174 Thread 0x0000000017ce8000 Uncommon trap: trap_request=0xffffffde fr.pc=0x00000000023652e0
Event: 1.174 Thread 0x0000000017ce8000 DEOPT PACKING pc=0x00000000023652e0 sp=0x00000000177de760
Event: 1.174 Thread 0x0000000017ce8000 DEOPT UNPACKING pc=0x000000000204556a sp=0x00000000177de690 mode 2
Event: 1.174 Thread 0x0000000017ce8000 Uncommon trap: trap_request=0xffffffde fr.pc=0x00000000023652e0
Event: 1.174 Thread 0x0000000017ce8000 DEOPT PACKING pc=0x00000000023652e0 sp=0x00000000177de720
Event: 1.174 Thread 0x0000000017ce8000 DEOPT UNPACKING pc=0x000000000204556a sp=0x00000000177de650 mode 2
Event: 1.174 Thread 0x0000000017ce8000 Uncommon trap: trap_request=0xffffffde fr.pc=0x000000000235f540
Event: 1.174 Thread 0x0000000017ce8000 DEOPT PACKING pc=0x000000000235f540 sp=0x00000000177de700
Event: 1.174 Thread 0x0000000017ce8000 DEOPT UNPACKING pc=0x000000000204556a sp=0x00000000177de688 mode 2


Dynamic libraries:
0x00007ff644d20000 - 0x00007ff644d54000 	C:\Program Files\Java\jdk1.8.0_31\bin\java.exe
0x00007ffa88b20000 - 0x00007ffa88ccd000 	C:\WINDOWS\SYSTEM32\ntdll.dll
0x00007ffa87f00000 - 0x00007ffa8803e000 	C:\WINDOWS\system32\KERNEL32.DLL
0x00007ffa85d10000 - 0x00007ffa85e25000 	C:\WINDOWS\system32\KERNELBASE.dll
0x00007ffa847e0000 - 0x00007ffa8486e000 	C:\WINDOWS\system32\apphelp.dll
0x00007ffa6d0a0000 - 0x00007ffa6d0f3000 	C:\WINDOWS\AppPatch\AppPatch64\AcGenral.DLL
0x00007ffa88640000 - 0x00007ffa886ea000 	C:\WINDOWS\system32\msvcrt.dll
0x00007ffa86170000 - 0x00007ffa8619e000 	C:\WINDOWS\system32\SspiCli.dll
0x00007ffa88040000 - 0x00007ffa88094000 	C:\WINDOWS\system32\SHLWAPI.dll
0x00007ffa88260000 - 0x00007ffa883d7000 	C:\WINDOWS\system32\USER32.dll
0x00007ffa864a0000 - 0x00007ffa86634000 	C:\WINDOWS\system32\ole32.dll
0x00007ffa86860000 - 0x00007ffa87d88000 	C:\WINDOWS\system32\SHELL32.dll
0x00007ffa85670000 - 0x00007ffa85691000 	C:\WINDOWS\SYSTEM32\USERENV.dll
0x00007ffa88590000 - 0x00007ffa8863a000 	C:\WINDOWS\system32\ADVAPI32.dll
0x00007ffa7fce0000 - 0x00007ffa7fcfe000 	C:\WINDOWS\SYSTEM32\MPR.dll
0x00007ffa88450000 - 0x00007ffa88590000 	C:\WINDOWS\system32\RPCRT4.dll
0x00007ffa86650000 - 0x00007ffa866a9000 	C:\WINDOWS\SYSTEM32\sechost.dll
0x00007ffa861c0000 - 0x00007ffa863d1000 	C:\WINDOWS\SYSTEM32\combase.dll
0x00007ffa86710000 - 0x00007ffa8685f000 	C:\WINDOWS\system32\GDI32.dll
0x00007ffa85c40000 - 0x00007ffa85c55000 	C:\WINDOWS\SYSTEM32\profapi.dll
0x00007ffa841b0000 - 0x00007ffa84262000 	C:\WINDOWS\SYSTEM32\SHCORE.dll
0x00007ffa87e50000 - 0x00007ffa87e86000 	C:\WINDOWS\system32\IMM32.DLL
0x00007ffa887e0000 - 0x00007ffa88932000 	C:\WINDOWS\system32\MSCTF.dll
0x00007ffa83d30000 - 0x00007ffa83fab000 	C:\WINDOWS\WinSxS\amd64_microsoft.windows.common-controls_6595b64144ccf1df_6.0.9600.18006_none_623f33d3ecbe86e8\COMCTL32.dll
0x000000005ab30000 - 0x000000005ac02000 	C:\Program Files\Java\jdk1.8.0_31\jre\bin\msvcr100.dll
0x0000000059450000 - 0x0000000059caa000 	C:\Program Files\Java\jdk1.8.0_31\jre\bin\server\jvm.dll
0x00007ffa7c230000 - 0x00007ffa7c239000 	C:\WINDOWS\SYSTEM32\WSOCK32.dll
0x00007ffa819d0000 - 0x00007ffa819f2000 	C:\WINDOWS\SYSTEM32\WINMM.dll
0x00007ffa861a0000 - 0x00007ffa861a7000 	C:\WINDOWS\system32\PSAPI.DLL
0x00007ffa866b0000 - 0x00007ffa8670a000 	C:\WINDOWS\system32\WS2_32.dll
0x00007ffa81670000 - 0x00007ffa8169a000 	C:\WINDOWS\SYSTEM32\WINMMBASE.dll
0x00007ffa87ef0000 - 0x00007ffa87ef9000 	C:\WINDOWS\system32\NSI.dll
0x00007ffa860c0000 - 0x00007ffa8610f000 	C:\WINDOWS\SYSTEM32\cfgmgr32.dll
0x00007ffa84a50000 - 0x00007ffa84a78000 	C:\WINDOWS\SYSTEM32\DEVOBJ.dll
0x000000005ab20000 - 0x000000005ab2f000 	C:\Program Files\Java\jdk1.8.0_31\jre\bin\verify.dll
0x000000005aaf0000 - 0x000000005ab18000 	C:\Program Files\Java\jdk1.8.0_31\jre\bin\java.dll
0x000000005aad0000 - 0x000000005aae6000 	C:\Program Files\Java\jdk1.8.0_31\jre\bin\zip.dll
0x00007ffa80710000 - 0x00007ffa80899000 	C:\WINDOWS\SYSTEM32\dbghelp.dll

VM Arguments:
jvm_args: -Djava.awt.headless=true -Xmx1024M -Dfile.encoding=windows-1252 -Duser.country=CA -Duser.language=en -Duser.variant 
java_command: com.android.dx.command.Main --dex --force-jumbo --num-threads=4 --multi-dex --output C:\Users\Saketh\Desktop\Honours Project\Marked\app\build\intermediates\transforms\dex\debug\folders\1000\10\com.google.firebase-firebase-iid-10.2.1_7c159a5f18bec02ee77d229ba9834c6f92f73e3f C:\Users\Saketh\Desktop\Honours Project\Marked\app\build\intermediates\exploded-aar\com.google.firebase\firebase-iid\10.2.1\jars\classes.jar
java_class_path (initial): C:\Users\Saketh\Desktop\New folder\adt-bundle-windows-x86_64-20130522\sdk\build-tools\25.0.0\lib\dx.jar
Launcher Type: SUN_STANDARD

Environment Variables:
PATH=C:\ProgramData\Oracle\Java\javapath;C:\Program Files (x86)\NVIDIA Corporation\PhysX\Common;C:\Program Files (x86)\Intel\iCLS Client\;C:\Program Files\Intel\iCLS Client\;C:\WINDOWS\system32;C:\WINDOWS;C:\WINDOWS\System32\Wbem;C:\WINDOWS\System32\WindowsPowerShell\v1.0\;C:\Program Files\Intel\Intel(R) Management Engine Components\DAL;C:\Program Files\Intel\Intel(R) Management Engine Components\IPT;C:\Program Files (x86)\Intel\Intel(R) Management Engine Components\DAL;C:\Program Files (x86)\Intel\Intel(R) Management Engine Components\IPT;C:\Program Files\Microsoft\Web Platform Installer\;C:\Program Files\Intel\WiFi\bin\;C:\Program Files\Common Files\Intel\WirelessCommon\;C:\Program Files (x86)\MiKTeX 2.9\miktex\bin\;C:\Program Files (x86)\Skype\Phone\;C:\Program Files\TortoiseGit\bin
USERNAME=Saketh
OS=Windows_NT
PROCESSOR_IDENTIFIER=Intel64 Family 6 Model 58 Stepping 9, GenuineIntel



---------------  S Y S T E M  ---------------

OS: Windows 8.1 , 64 bit Build 9600 

CPU:total 8 (4 cores per cpu, 2 threads per core) family 6 model 58 stepping 9, cmov, cx8, fxsr, mmx, sse, sse2, sse3, ssse3, sse4.1, sse4.2, popcnt, avx, aes, clmul, erms, ht, tsc, tscinvbit, tscinv

Memory: 4k page, physical 8334620k(1172184k free), swap 11480348k(5152k free)

vm_info: Java HotSpot(TM) 64-Bit Server VM (25.31-b07) for windows-amd64 JRE (1.8.0_31-b13), built on Dec 17 2014 21:00:28 by "java_re" with MS VC++ 10.0 (VS2010)

time: Tue May 02 17:08:26 2017
elapsed time: 1 seconds (0d 0h 0m 1s)

