#
# There is insufficient memory for the Java Runtime Environment to continue.
# Native memory allocation (malloc) failed to allocate 40976 bytes for Chunk::new
# Possible reasons:
#   The system is out of physical RAM or swap space
#   In 32 bit mode, the process size limit was hit
# Possible solutions:
#   Reduce memory load on the system
#   Increase physical memory or swap space
#   Check if swap backing store is full
#   Use 64 bit Java on a 64 bit OS
#   Decrease Java heap size (-Xmx/-Xms)
#   Decrease number of Java threads
#   Decrease Java thread stack sizes (-Xss)
#   Set larger code cache with -XX:ReservedCodeCacheSize=
# This output file may be truncated or incomplete.
#
#  Out of Memory Error (allocation.cpp:390), pid=6308, tid=13136
#
# JRE version: Java(TM) SE Runtime Environment (8.0_31-b13) (build 1.8.0_31-b13)
# Java VM: Java HotSpot(TM) 64-Bit Server VM (25.31-b07 mixed mode windows-amd64 compressed oops)
# Failed to write core dump. Minidumps are not enabled by default on client versions of Windows
#

---------------  T H R E A D  ---------------

Current thread (0x000000001788b800):  JavaThread "C1 CompilerThread3" daemon [_thread_in_native, id=13136, stack(0x0000000018140000,0x0000000018240000)]

Stack: [0x0000000018140000,0x0000000018240000]
Native frames: (J=compiled Java code, j=interpreted, Vv=VM code, C=native code)
V  [jvm.dll+0x3169ba]


Current CompileTask:
C1:    643  543   !   3       com.android.dx.cf.code.BytecodeArray::parseInstruction (2764 bytes)


---------------  P R O C E S S  ---------------

Java Threads: ( => current thread )
  0x0000000017bf2000 JavaThread "pool-2-thread-4" [_thread_in_Java, id=13016, stack(0x0000000019040000,0x0000000019140000)]
  0x0000000017bf1800 JavaThread "pool-2-thread-3" [_thread_in_vm, id=6392, stack(0x0000000018f40000,0x0000000019040000)]
  0x000000001848a000 JavaThread "pool-2-thread-2" [_thread_blocked, id=9596, stack(0x0000000018e40000,0x0000000018f40000)]
  0x0000000017b9f000 JavaThread "pool-3-thread-1" [_thread_blocked, id=12208, stack(0x0000000018d40000,0x0000000018e40000)]
  0x0000000017b9e800 JavaThread "pool-2-thread-1" [_thread_in_Java, id=13020, stack(0x0000000018c40000,0x0000000018d40000)]
  0x0000000017906000 JavaThread "Service Thread" daemon [_thread_blocked, id=11140, stack(0x0000000018240000,0x0000000018340000)]
=>0x000000001788b800 JavaThread "C1 CompilerThread3" daemon [_thread_in_native, id=13136, stack(0x0000000018140000,0x0000000018240000)]
  0x0000000017870800 JavaThread "C2 CompilerThread2" daemon [_thread_in_native, id=8736, stack(0x0000000018040000,0x0000000018140000)]
  0x000000001786c800 JavaThread "C2 CompilerThread1" daemon [_thread_blocked, id=14328, stack(0x0000000017f40000,0x0000000018040000)]
  0x0000000017868000 JavaThread "C2 CompilerThread0" daemon [_thread_in_native, id=8852, stack(0x0000000017e40000,0x0000000017f40000)]
  0x0000000017865800 JavaThread "Attach Listener" daemon [_thread_blocked, id=13064, stack(0x0000000017d40000,0x0000000017e40000)]
  0x000000001585e800 JavaThread "Signal Dispatcher" daemon [_thread_blocked, id=9868, stack(0x0000000017c40000,0x0000000017d40000)]
  0x00000000018d8800 JavaThread "Finalizer" daemon [_thread_blocked, id=2492, stack(0x0000000017730000,0x0000000017830000)]
  0x00000000018d1000 JavaThread "Reference Handler" daemon [_thread_blocked, id=11552, stack(0x0000000017630000,0x0000000017730000)]
  0x00000000017e0800 JavaThread "main" [_thread_in_Java, id=7792, stack(0x00000000016e0000,0x00000000017e0000)]

Other Threads:
  0x0000000015848800 VMThread [stack: 0x0000000017530000,0x0000000017630000] [id=13208]
  0x000000001790a000 WatcherThread [stack: 0x0000000018340000,0x0000000018440000] [id=13068]

VM state:not at safepoint (normal execution)

VM Mutex/Monitor currently owned by a thread: None

Heap:
 PSYoungGen      total 38400K, used 15978K [0x00000000eab00000, 0x00000000ed580000, 0x0000000100000000)
  eden space 33280K, 48% used [0x00000000eab00000,0x00000000eba9a988,0x00000000ecb80000)
  from space 5120K, 0% used [0x00000000ed080000,0x00000000ed080000,0x00000000ed580000)
  to   space 5120K, 0% used [0x00000000ecb80000,0x00000000ecb80000,0x00000000ed080000)
 ParOldGen       total 87552K, used 0K [0x00000000c0000000, 0x00000000c5580000, 0x00000000eab00000)
  object space 87552K, 0% used [0x00000000c0000000,0x00000000c0000000,0x00000000c5580000)
 Metaspace       used 5414K, capacity 6448K, committed 6528K, reserved 1056768K
  class space    used 575K, capacity 616K, committed 640K, reserved 1048576K

Card table byte_map: [0x0000000001ca0000,0x0000000001eb0000] byte_map_base: 0x00000000016a0000

Marking Bits: (ParMarkBitMap*) 0x0000000059c2d4f0
 Begin Bits: [0x0000000012c60000, 0x0000000013c60000)
 End Bits:   [0x0000000013c60000, 0x0000000014c60000)

Polling page: 0x0000000001690000

CodeCache: size=245760Kb used=2143Kb max_used=2164Kb free=243616Kb
 bounds [0x0000000003400000, 0x0000000003670000, 0x0000000012400000]
 total_blobs=812 nmethods=549 adapters=177
 compilation: enabled

Compilation events (10 events):
Event: 0.634 Thread 0x0000000017870800  577       4       java.lang.Math::min (11 bytes)
Event: 0.634 Thread 0x0000000017870800 nmethod 577 0x000000000361a710 code [0x000000000361a840, 0x000000000361a898]
Event: 0.635 Thread 0x0000000017868000  579       4       java.util.ArrayList::ensureExplicitCapacity (26 bytes)
Event: 0.636 Thread 0x000000001786c800  580       4       java.util.BitSet::set (58 bytes)
Event: 0.637 Thread 0x0000000017870800  581       4       com.android.dx.ssa.NormalSsaInsn::accept (25 bytes)
Event: 0.639 Thread 0x000000001786c800 nmethod 580 0x0000000003619a90 code [0x0000000003619be0, 0x0000000003619d68]
Event: 0.639 Thread 0x000000001786c800  583       4       java.util.BitSet::get (69 bytes)
Event: 0.639 Thread 0x0000000017868000 nmethod 579 0x0000000003619510 code [0x0000000003619660, 0x00000000036198e8]
Event: 0.639 Thread 0x0000000017870800 nmethod 581 0x0000000003618b50 code [0x0000000003618ca0, 0x0000000003618da8]
Event: 0.640 Thread 0x000000001786c800 nmethod 583 0x0000000003618890 code [0x00000000036189c0, 0x0000000003618a98]

GC Heap History (0 events):
No events

Deoptimization events (0 events):
No events

Internal exceptions (10 events):
Event: 0.592 Thread 0x000000001848a000 Exception <a 'java/security/PrivilegedActionException'> (0x00000000eb7cb4c0) thrown at [C:\workspace\8-2-build-windows-amd64-cygwin\jdk8u31\2394\hotspot\src\share\vm\prims\jvm.cpp, line 1312]
Event: 0.597 Thread 0x000000001848a000 Exception <a 'java/security/PrivilegedActionException'> (0x00000000eb7d1750) thrown at [C:\workspace\8-2-build-windows-amd64-cygwin\jdk8u31\2394\hotspot\src\share\vm\prims\jvm.cpp, line 1312]
Event: 0.599 Thread 0x00000000017e0800 Exception <a 'java/security/PrivilegedActionException'> (0x00000000eb8b74a0) thrown at [C:\workspace\8-2-build-windows-amd64-cygwin\jdk8u31\2394\hotspot\src\share\vm\prims\jvm.cpp, line 1312]
Event: 0.603 Thread 0x0000000017b9e800 Exception <a 'java/security/PrivilegedActionException'> (0x00000000eb703528) thrown at [C:\workspace\8-2-build-windows-amd64-cygwin\jdk8u31\2394\hotspot\src\share\vm\prims\jvm.cpp, line 1312]
Event: 0.604 Thread 0x0000000017b9e800 Exception <a 'java/security/PrivilegedActionException'> (0x00000000eb709a90) thrown at [C:\workspace\8-2-build-windows-amd64-cygwin\jdk8u31\2394\hotspot\src\share\vm\prims\jvm.cpp, line 1312]
Event: 0.605 Thread 0x0000000017b9e800 Exception <a 'java/security/PrivilegedActionException'> (0x00000000eb70e448) thrown at [C:\workspace\8-2-build-windows-amd64-cygwin\jdk8u31\2394\hotspot\src\share\vm\prims\jvm.cpp, line 1312]
Event: 0.606 Thread 0x0000000017b9e800 Exception <a 'java/security/PrivilegedActionException'> (0x00000000eb714178) thrown at [C:\workspace\8-2-build-windows-amd64-cygwin\jdk8u31\2394\hotspot\src\share\vm\prims\jvm.cpp, line 1312]
Event: 0.607 Thread 0x0000000017b9e800 Exception <a 'java/security/PrivilegedActionException'> (0x00000000eb71d0f8) thrown at [C:\workspace\8-2-build-windows-amd64-cygwin\jdk8u31\2394\hotspot\src\share\vm\prims\jvm.cpp, line 1312]
Event: 0.608 Thread 0x0000000017b9e800 Exception <a 'java/security/PrivilegedActionException'> (0x00000000eb722950) thrown at [C:\workspace\8-2-build-windows-amd64-cygwin\jdk8u31\2394\hotspot\src\share\vm\prims\jvm.cpp, line 1312]
Event: 0.609 Thread 0x0000000017b9e800 Exception <a 'java/security/PrivilegedActionException'> (0x00000000eb725c28) thrown at [C:\workspace\8-2-build-windows-amd64-cygwin\jdk8u31\2394\hotspot\src\share\vm\prims\jvm.cpp, line 1312]

Events (10 events):
Event: 0.606 loading class com/android/dx/dex/file/CodeItem
Event: 0.606 loading class com/android/dx/dex/file/CodeItem done
Event: 0.607 loading class java/io/PrintWriter
Event: 0.607 loading class java/io/PrintWriter done
Event: 0.607 loading class com/android/dx/dex/file/DebugInfoItem
Event: 0.607 loading class com/android/dx/dex/file/DebugInfoItem done
Event: 0.608 loading class com/android/dx/rop/annotation/AnnotationsList
Event: 0.608 loading class com/android/dx/rop/annotation/AnnotationsList done
Event: 0.609 loading class com/android/dx/dex/file/MethodIdItem
Event: 0.609 loading class com/android/dx/dex/file/MethodIdItem done


Dynamic libraries:
0x00007ff644d20000 - 0x00007ff644d54000 	C:\Program Files\Java\jdk1.8.0_31\bin\java.exe
0x00007ffa88b20000 - 0x00007ffa88ccd000 	C:\WINDOWS\SYSTEM32\ntdll.dll
0x00007ffa87f00000 - 0x00007ffa8803e000 	C:\WINDOWS\system32\KERNEL32.DLL
0x00007ffa85d10000 - 0x00007ffa85e25000 	C:\WINDOWS\system32\KERNELBASE.dll
0x00007ffa847e0000 - 0x00007ffa8486e000 	C:\WINDOWS\system32\apphelp.dll
0x00007ffa6e1c0000 - 0x00007ffa6e213000 	C:\WINDOWS\AppPatch\AppPatch64\AcGenral.DLL
0x00007ffa88640000 - 0x00007ffa886ea000 	C:\WINDOWS\system32\msvcrt.dll
0x00007ffa86170000 - 0x00007ffa8619e000 	C:\WINDOWS\system32\SspiCli.dll
0x00007ffa88040000 - 0x00007ffa88094000 	C:\WINDOWS\system32\SHLWAPI.dll
0x00007ffa88260000 - 0x00007ffa883d7000 	C:\WINDOWS\system32\USER32.dll
0x00007ffa864a0000 - 0x00007ffa86634000 	C:\WINDOWS\system32\ole32.dll
0x00007ffa86860000 - 0x00007ffa87d88000 	C:\WINDOWS\system32\SHELL32.dll
0x00007ffa85670000 - 0x00007ffa85691000 	C:\WINDOWS\SYSTEM32\USERENV.dll
0x00007ffa88590000 - 0x00007ffa8863a000 	C:\WINDOWS\system32\ADVAPI32.dll
0x00007ffa7fce0000 - 0x00007ffa7fcfe000 	C:\WINDOWS\SYSTEM32\MPR.dll
0x00007ffa88450000 - 0x00007ffa88590000 	C:\WINDOWS\system32\RPCRT4.dll
0x00007ffa86650000 - 0x00007ffa866a9000 	C:\WINDOWS\SYSTEM32\sechost.dll
0x00007ffa861c0000 - 0x00007ffa863d1000 	C:\WINDOWS\SYSTEM32\combase.dll
0x00007ffa86710000 - 0x00007ffa8685f000 	C:\WINDOWS\system32\GDI32.dll
0x00007ffa85c40000 - 0x00007ffa85c55000 	C:\WINDOWS\SYSTEM32\profapi.dll
0x00007ffa841b0000 - 0x00007ffa84262000 	C:\WINDOWS\SYSTEM32\SHCORE.dll
0x00007ffa87e50000 - 0x00007ffa87e86000 	C:\WINDOWS\system32\IMM32.DLL
0x00007ffa887e0000 - 0x00007ffa88932000 	C:\WINDOWS\system32\MSCTF.dll
0x00007ffa83d30000 - 0x00007ffa83fab000 	C:\WINDOWS\WinSxS\amd64_microsoft.windows.common-controls_6595b64144ccf1df_6.0.9600.18006_none_623f33d3ecbe86e8\COMCTL32.dll
0x000000005ab30000 - 0x000000005ac02000 	C:\Program Files\Java\jdk1.8.0_31\jre\bin\msvcr100.dll
0x0000000059450000 - 0x0000000059caa000 	C:\Program Files\Java\jdk1.8.0_31\jre\bin\server\jvm.dll
0x00007ffa7c230000 - 0x00007ffa7c239000 	C:\WINDOWS\SYSTEM32\WSOCK32.dll
0x00007ffa819d0000 - 0x00007ffa819f2000 	C:\WINDOWS\SYSTEM32\WINMM.dll
0x00007ffa861a0000 - 0x00007ffa861a7000 	C:\WINDOWS\system32\PSAPI.DLL
0x00007ffa866b0000 - 0x00007ffa8670a000 	C:\WINDOWS\system32\WS2_32.dll
0x00007ffa81670000 - 0x00007ffa8169a000 	C:\WINDOWS\SYSTEM32\WINMMBASE.dll
0x00007ffa87ef0000 - 0x00007ffa87ef9000 	C:\WINDOWS\system32\NSI.dll
0x00007ffa860c0000 - 0x00007ffa8610f000 	C:\WINDOWS\SYSTEM32\cfgmgr32.dll
0x00007ffa84a50000 - 0x00007ffa84a78000 	C:\WINDOWS\SYSTEM32\DEVOBJ.dll
0x000000005ab20000 - 0x000000005ab2f000 	C:\Program Files\Java\jdk1.8.0_31\jre\bin\verify.dll
0x000000005aaf0000 - 0x000000005ab18000 	C:\Program Files\Java\jdk1.8.0_31\jre\bin\java.dll
0x000000005aad0000 - 0x000000005aae6000 	C:\Program Files\Java\jdk1.8.0_31\jre\bin\zip.dll

VM Arguments:
jvm_args: -Djava.awt.headless=true -Xmx1024M -Dfile.encoding=windows-1252 -Duser.country=CA -Duser.language=en -Duser.variant 
java_command: com.android.dx.command.Main --dex --force-jumbo --num-threads=4 --multi-dex --output C:\Users\Saketh\Desktop\Honours Project\Marked\app\build\intermediates\transforms\dex\debug\folders\1000\10\com.google.android.gms-play-services-tagmanager-v4-impl-10.2.1_d8e20bb7ffcc109296983a4a272bb1e679628b1e C:\Users\Saketh\Desktop\Honours Project\Marked\app\build\intermediates\exploded-aar\com.google.android.gms\play-services-tagmanager-v4-impl\10.2.1\jars\classes.jar
java_class_path (initial): C:\Users\Saketh\Desktop\New folder\adt-bundle-windows-x86_64-20130522\sdk\build-tools\25.0.0\lib\dx.jar
Launcher Type: SUN_STANDARD

Environment Variables:
PATH=C:\ProgramData\Oracle\Java\javapath;C:\Program Files (x86)\NVIDIA Corporation\PhysX\Common;C:\Program Files (x86)\Intel\iCLS Client\;C:\Program Files\Intel\iCLS Client\;C:\WINDOWS\system32;C:\WINDOWS;C:\WINDOWS\System32\Wbem;C:\WINDOWS\System32\WindowsPowerShell\v1.0\;C:\Program Files\Intel\Intel(R) Management Engine Components\DAL;C:\Program Files\Intel\Intel(R) Management Engine Components\IPT;C:\Program Files (x86)\Intel\Intel(R) Management Engine Components\DAL;C:\Program Files (x86)\Intel\Intel(R) Management Engine Components\IPT;C:\Program Files\Microsoft\Web Platform Installer\;C:\Program Files\Intel\WiFi\bin\;C:\Program Files\Common Files\Intel\WirelessCommon\;C:\Program Files (x86)\MiKTeX 2.9\miktex\bin\;C:\Program Files (x86)\Skype\Phone\;C:\Program Files\TortoiseGit\bin
USERNAME=Saketh
OS=Windows_NT
PROCESSOR_IDENTIFIER=Intel64 Family 6 Model 58 Stepping 9, GenuineIntel



---------------  S Y S T E M  ---------------

OS: Windows 8.1 , 64 bit Build 9600 

CPU:total 8 (4 cores per cpu, 2 threads per core) family 6 model 58 stepping 9, cmov, cx8, fxsr, mmx, sse, sse2, sse3, ssse3, sse4.1, sse4.2, popcnt, avx, aes, clmul, erms, ht, tsc, tscinvbit, tscinv

Memory: 4k page, physical 8334620k(1139628k free), swap 11480348k(5096k free)

vm_info: Java HotSpot(TM) 64-Bit Server VM (25.31-b07) for windows-amd64 JRE (1.8.0_31-b13), built on Dec 17 2014 21:00:28 by "java_re" with MS VC++ 10.0 (VS2010)

time: Mon May 01 19:09:23 2017
elapsed time: 0 seconds (0d 0h 0m 0s)

