#
# There is insufficient memory for the Java Runtime Environment to continue.
# Native memory allocation (malloc) failed to allocate 414864 bytes for Chunk::new
# Possible reasons:
#   The system is out of physical RAM or swap space
#   In 32 bit mode, the process size limit was hit
# Possible solutions:
#   Reduce memory load on the system
#   Increase physical memory or swap space
#   Check if swap backing store is full
#   Use 64 bit Java on a 64 bit OS
#   Decrease Java heap size (-Xmx/-Xms)
#   Decrease number of Java threads
#   Decrease Java thread stack sizes (-Xss)
#   Set larger code cache with -XX:ReservedCodeCacheSize=
# This output file may be truncated or incomplete.
#
#  Out of Memory Error (allocation.cpp:390), pid=10796, tid=9348
#
# JRE version: Java(TM) SE Runtime Environment (8.0_31-b13) (build 1.8.0_31-b13)
# Java VM: Java HotSpot(TM) 64-Bit Server VM (25.31-b07 mixed mode windows-amd64 compressed oops)
# Failed to write core dump. Minidumps are not enabled by default on client versions of Windows
#

---------------  T H R E A D  ---------------

Current thread (0x0000000017317000):  JavaThread "C2 CompilerThread0" daemon [_thread_in_native, id=9348, stack(0x00000000178f0000,0x00000000179f0000)]

Stack: [0x00000000178f0000,0x00000000179f0000]
Native frames: (J=compiled Java code, j=interpreted, Vv=VM code, C=native code)
V  [jvm.dll+0x3169ba]
V  [jvm.dll+0x2674c3]
V  [jvm.dll+0x268103]
V  [jvm.dll+0x25f8f5]
V  [jvm.dll+0xbf025]
V  [jvm.dll+0xbf4cc]
V  [jvm.dll+0x479917]
V  [jvm.dll+0x446b54]
V  [jvm.dll+0x451bce]
V  [jvm.dll+0x4541b8]
V  [jvm.dll+0x437c62]
V  [jvm.dll+0x988e2]
V  [jvm.dll+0x990d3]
V  [jvm.dll+0x22c194]
V  [jvm.dll+0x28576a]
C  [msvcr100.dll+0x21d9f]
C  [msvcr100.dll+0x21e3b]
C  [KERNEL32.DLL+0x13d2]
C  [ntdll.dll+0x154e4]


Current CompileTask:
C2:  11190 2225   !   4       com.android.dx.cf.code.RopperMachine::run (1550 bytes)


---------------  P R O C E S S  ---------------

Java Threads: ( => current thread )
  0x00000000180fd800 JavaThread "pool-2-thread-4" [_thread_in_Java, id=9296, stack(0x0000000018af0000,0x0000000018bf0000)]
  0x00000000180f8800 JavaThread "pool-2-thread-3" [_thread_in_Java, id=13604, stack(0x00000000189f0000,0x0000000018af0000)]
  0x00000000180f8000 JavaThread "pool-2-thread-2" [_thread_in_Java, id=6340, stack(0x00000000188f0000,0x00000000189f0000)]
  0x0000000017ff3800 JavaThread "pool-3-thread-1" [_thread_blocked, id=3964, stack(0x00000000187f0000,0x00000000188f0000)]
  0x00000000176d5800 JavaThread "pool-2-thread-1" [_thread_in_Java, id=8104, stack(0x00000000186f0000,0x00000000187f0000)]
  0x000000001737b000 JavaThread "Service Thread" daemon [_thread_blocked, id=14768, stack(0x0000000017cf0000,0x0000000017df0000)]
  0x0000000017370000 JavaThread "C1 CompilerThread3" daemon [_thread_blocked, id=11908, stack(0x0000000017bf0000,0x0000000017cf0000)]
  0x000000001736a000 JavaThread "C2 CompilerThread2" daemon [_thread_in_native, id=14220, stack(0x0000000017af0000,0x0000000017bf0000)]
  0x0000000017366800 JavaThread "C2 CompilerThread1" daemon [_thread_in_native, id=11064, stack(0x00000000179f0000,0x0000000017af0000)]
=>0x0000000017317000 JavaThread "C2 CompilerThread0" daemon [_thread_in_native, id=9348, stack(0x00000000178f0000,0x00000000179f0000)]
  0x0000000017314800 JavaThread "Attach Listener" daemon [_thread_blocked, id=10140, stack(0x00000000177f0000,0x00000000178f0000)]
  0x0000000017314000 JavaThread "Signal Dispatcher" daemon [_thread_blocked, id=9964, stack(0x00000000176f0000,0x00000000177f0000)]
  0x0000000001397800 JavaThread "Finalizer" daemon [_thread_blocked, id=14620, stack(0x00000000171f0000,0x00000000172f0000)]
  0x0000000001391000 JavaThread "Reference Handler" daemon [_thread_blocked, id=8040, stack(0x00000000170f0000,0x00000000171f0000)]
  0x00000000012a0800 JavaThread "main" [_thread_in_Java, id=8940, stack(0x00000000011a0000,0x00000000012a0000)]

Other Threads:
  0x00000000152e9000 VMThread [stack: 0x0000000016ff0000,0x00000000170f0000] [id=11960]
  0x000000001737d000 WatcherThread [stack: 0x0000000017df0000,0x0000000017ef0000] [id=8432]

VM state:not at safepoint (normal execution)

VM Mutex/Monitor currently owned by a thread: None

Heap:
 PSYoungGen      total 282112K, used 177338K [0x00000000eab00000, 0x0000000100000000, 0x0000000100000000)
  eden space 215040K, 82% used [0x00000000eab00000,0x00000000f582ebf0,0x00000000f7d00000)
  from space 67072K, 0% used [0x00000000f7d00000,0x00000000f7d00000,0x00000000fbe80000)
  to   space 67072K, 0% used [0x00000000fbe80000,0x00000000fbe80000,0x0000000100000000)
 ParOldGen       total 180736K, used 139207K [0x00000000c0000000, 0x00000000cb080000, 0x00000000eab00000)
  object space 180736K, 77% used [0x00000000c0000000,0x00000000c87f1e10,0x00000000cb080000)
 Metaspace       used 6401K, capacity 7192K, committed 7424K, reserved 1056768K
  class space    used 611K, capacity 656K, committed 768K, reserved 1048576K

Card table byte_map: [0x0000000001760000,0x0000000001970000] byte_map_base: 0x0000000001160000

Marking Bits: (ParMarkBitMap*) 0x0000000059c2d4f0
 Begin Bits: [0x0000000012700000, 0x0000000013700000)
 End Bits:   [0x0000000013700000, 0x0000000014700000)

Polling page: 0x0000000001080000

CodeCache: size=245760Kb used=10158Kb max_used=10158Kb free=235601Kb
 bounds [0x0000000003400000, 0x0000000003e00000, 0x0000000012400000]
 total_blobs=2410 nmethods=2146 adapters=177
 compilation: enabled

Compilation events (10 events):
Event: 10.814 Thread 0x0000000017317000 nmethod 2219% 0x0000000003de08d0 code [0x0000000003de0b20, 0x0000000003de1f70]
Event: 10.815 Thread 0x000000001736a000 nmethod 2224 0x0000000003dc9590 code [0x0000000003dc9720, 0x0000000003dc9ea8]
Event: 10.818 Thread 0x0000000017366800 nmethod 2223 0x0000000003de6690 code [0x0000000003de6900, 0x0000000003de7968]
Event: 10.874 Thread 0x0000000017317000 2225   !   4       com.android.dx.cf.code.RopperMachine::run (1550 bytes)
Event: 10.876 Thread 0x000000001736a000 2226       4       com.android.dx.ssa.back.IdenticalBlockCombiner::process (323 bytes)
Event: 10.963 Thread 0x0000000017366800 2227       4       com.android.dx.ssa.back.LivenessAnalyzer::coInterferePhis (128 bytes)
Event: 10.984 Thread 0x0000000017366800 nmethod 2227 0x000000000357f210 code [0x000000000357f3c0, 0x000000000357fc28]
Event: 10.984 Thread 0x0000000017366800 2229       4       com.android.dx.ssa.back.FirstFitLocalCombiningAllocator::handleCheckCastResults (413 bytes)
Event: 11.055 Thread 0x0000000017370000 2235 %     3       java.lang.String::lastIndexOf @ 62 (151 bytes)
Event: 11.056 Thread 0x0000000017370000 nmethod 2235% 0x0000000003dae910 code [0x0000000003daeac0, 0x0000000003daf0f0]

GC Heap History (10 events):
Event: 7.585 GC heap before
{Heap before GC invocations=7 (full 0):
 PSYoungGen      total 166912K, used 152158K [0x00000000eab00000, 0x00000000f7300000, 0x0000000100000000)
  eden space 133120K, 100% used [0x00000000eab00000,0x00000000f2d00000,0x00000000f2d00000)
  from space 33792K, 56% used [0x00000000f5200000,0x00000000f6497b00,0x00000000f7300000)
  to   space 35840K, 0% used [0x00000000f2d00000,0x00000000f2d00000,0x00000000f5000000)
 ParOldGen       total 87552K, used 54412K [0x00000000c0000000, 0x00000000c5580000, 0x00000000eab00000)
  object space 87552K, 62% used [0x00000000c0000000,0x00000000c35230b0,0x00000000c5580000)
 Metaspace       used 6318K, capacity 7192K, committed 7424K, reserved 1056768K
  class space    used 610K, capacity 656K, committed 768K, reserved 1048576K
Event: 7.669 GC heap after
Heap after GC invocations=7 (full 0):
 PSYoungGen      total 168960K, used 35817K [0x00000000eab00000, 0x0000000100000000, 0x0000000100000000)
  eden space 133120K, 0% used [0x00000000eab00000,0x00000000eab00000,0x00000000f2d00000)
  from space 35840K, 99% used [0x00000000f2d00000,0x00000000f4ffa4c8,0x00000000f5000000)
  to   space 67072K, 0% used [0x00000000fbe80000,0x00000000fbe80000,0x0000000100000000)
 ParOldGen       total 102912K, used 102773K [0x00000000c0000000, 0x00000000c6480000, 0x00000000eab00000)
  object space 102912K, 99% used [0x00000000c0000000,0x00000000c645d578,0x00000000c6480000)
 Metaspace       used 6318K, capacity 7192K, committed 7424K, reserved 1056768K
  class space    used 610K, capacity 656K, committed 768K, reserved 1048576K
}
Event: 7.669 GC heap before
{Heap before GC invocations=8 (full 1):
 PSYoungGen      total 168960K, used 35817K [0x00000000eab00000, 0x0000000100000000, 0x0000000100000000)
  eden space 133120K, 0% used [0x00000000eab00000,0x00000000eab00000,0x00000000f2d00000)
  from space 35840K, 99% used [0x00000000f2d00000,0x00000000f4ffa4c8,0x00000000f5000000)
  to   space 67072K, 0% used [0x00000000fbe80000,0x00000000fbe80000,0x0000000100000000)
 ParOldGen       total 102912K, used 102773K [0x00000000c0000000, 0x00000000c6480000, 0x00000000eab00000)
  object space 102912K, 99% used [0x00000000c0000000,0x00000000c645d578,0x00000000c6480000)
 Metaspace       used 6318K, capacity 7192K, committed 7424K, reserved 1056768K
  class space    used 610K, capacity 656K, committed 768K, reserved 1048576K
Event: 7.876 GC heap after
Heap after GC invocations=8 (full 1):
 PSYoungGen      total 168960K, used 0K [0x00000000eab00000, 0x0000000100000000, 0x0000000100000000)
  eden space 133120K, 0% used [0x00000000eab00000,0x00000000eab00000,0x00000000f2d00000)
  from space 35840K, 0% used [0x00000000f2d00000,0x00000000f2d00000,0x00000000f5000000)
  to   space 67072K, 0% used [0x00000000fbe80000,0x00000000fbe80000,0x0000000100000000)
 ParOldGen       total 180736K, used 93075K [0x00000000c0000000, 0x00000000cb080000, 0x00000000eab00000)
  object space 180736K, 51% used [0x00000000c0000000,0x00000000c5ae4dc0,0x00000000cb080000)
 Metaspace       used 6318K, capacity 7192K, committed 7424K, reserved 1056768K
  class space    used 610K, capacity 656K, committed 768K, reserved 1048576K
}
Event: 8.139 GC heap before
{Heap before GC invocations=9 (full 1):
 PSYoungGen      total 168960K, used 133120K [0x00000000eab00000, 0x0000000100000000, 0x0000000100000000)
  eden space 133120K, 100% used [0x00000000eab00000,0x00000000f2d00000,0x00000000f2d00000)
  from space 35840K, 0% used [0x00000000f2d00000,0x00000000f2d00000,0x00000000f5000000)
  to   space 67072K, 0% used [0x00000000fbe80000,0x00000000fbe80000,0x0000000100000000)
 ParOldGen       total 180736K, used 93075K [0x00000000c0000000, 0x00000000cb080000, 0x00000000eab00000)
  object space 180736K, 51% used [0x00000000c0000000,0x00000000c5ae4dc0,0x00000000cb080000)
 Metaspace       used 6343K, capacity 7192K, committed 7424K, reserved 1056768K
  class space    used 611K, capacity 656K, committed 768K, reserved 1048576K
Event: 8.176 GC heap after
Heap after GC invocations=9 (full 1):
 PSYoungGen      total 282112K, used 36809K [0x00000000eab00000, 0x0000000100000000, 0x0000000100000000)
  eden space 215040K, 0% used [0x00000000eab00000,0x00000000eab00000,0x00000000f7d00000)
  from space 67072K, 54% used [0x00000000fbe80000,0x00000000fe2727d8,0x0000000100000000)
  to   space 67072K, 0% used [0x00000000f7d00000,0x00000000f7d00000,0x00000000fbe80000)
 ParOldGen       total 180736K, used 93083K [0x00000000c0000000, 0x00000000cb080000, 0x00000000eab00000)
  object space 180736K, 51% used [0x00000000c0000000,0x00000000c5ae6dc0,0x00000000cb080000)
 Metaspace       used 6343K, capacity 7192K, committed 7424K, reserved 1056768K
  class space    used 611K, capacity 656K, committed 768K, reserved 1048576K
}
Event: 8.703 GC heap before
{Heap before GC invocations=10 (full 1):
 PSYoungGen      total 282112K, used 251849K [0x00000000eab00000, 0x0000000100000000, 0x0000000100000000)
  eden space 215040K, 100% used [0x00000000eab00000,0x00000000f7d00000,0x00000000f7d00000)
  from space 67072K, 54% used [0x00000000fbe80000,0x00000000fe2727d8,0x0000000100000000)
  to   space 67072K, 0% used [0x00000000f7d00000,0x00000000f7d00000,0x00000000fbe80000)
 ParOldGen       total 180736K, used 93083K [0x00000000c0000000, 0x00000000cb080000, 0x00000000eab00000)
  object space 180736K, 51% used [0x00000000c0000000,0x00000000c5ae6dc0,0x00000000cb080000)
 Metaspace       used 6370K, capacity 7192K, committed 7424K, reserved 1056768K
  class space    used 611K, capacity 656K, committed 768K, reserved 1048576K
Event: 8.802 GC heap after
Heap after GC invocations=10 (full 1):
 PSYoungGen      total 282112K, used 67065K [0x00000000eab00000, 0x0000000100000000, 0x0000000100000000)
  eden space 215040K, 0% used [0x00000000eab00000,0x00000000eab00000,0x00000000f7d00000)
  from space 67072K, 99% used [0x00000000f7d00000,0x00000000fbe7e508,0x00000000fbe80000)
  to   space 67072K, 0% used [0x00000000fbe80000,0x00000000fbe80000,0x0000000100000000)
 ParOldGen       total 180736K, used 160779K [0x00000000c0000000, 0x00000000cb080000, 0x00000000eab00000)
  object space 180736K, 88% used [0x00000000c0000000,0x00000000c9d02e38,0x00000000cb080000)
 Metaspace       used 6370K, capacity 7192K, committed 7424K, reserved 1056768K
  class space    used 611K, capacity 656K, committed 768K, reserved 1048576K
}
Event: 8.802 GC heap before
{Heap before GC invocations=11 (full 2):
 PSYoungGen      total 282112K, used 67065K [0x00000000eab00000, 0x0000000100000000, 0x0000000100000000)
  eden space 215040K, 0% used [0x00000000eab00000,0x00000000eab00000,0x00000000f7d00000)
  from space 67072K, 99% used [0x00000000f7d00000,0x00000000fbe7e508,0x00000000fbe80000)
  to   space 67072K, 0% used [0x00000000fbe80000,0x00000000fbe80000,0x0000000100000000)
 ParOldGen       total 180736K, used 160779K [0x00000000c0000000, 0x00000000cb080000, 0x00000000eab00000)
  object space 180736K, 88% used [0x00000000c0000000,0x00000000c9d02e38,0x00000000cb080000)
 Metaspace       used 6370K, capacity 7192K, committed 7424K, reserved 1056768K
  class space    used 611K, capacity 656K, committed 768K, reserved 1048576K
Event: 9.658 GC heap after
Heap after GC invocations=11 (full 2):
 PSYoungGen      total 282112K, used 0K [0x00000000eab00000, 0x0000000100000000, 0x0000000100000000)
  eden space 215040K, 0% used [0x00000000eab00000,0x00000000eab00000,0x00000000f7d00000)
  from space 67072K, 0% used [0x00000000f7d00000,0x00000000f7d00000,0x00000000fbe80000)
  to   space 67072K, 0% used [0x00000000fbe80000,0x00000000fbe80000,0x0000000100000000)
 ParOldGen       total 180736K, used 139207K [0x00000000c0000000, 0x00000000cb080000, 0x00000000eab00000)
  object space 180736K, 77% used [0x00000000c0000000,0x00000000c87f1e10,0x00000000cb080000)
 Metaspace       used 6370K, capacity 7192K, committed 7424K, reserved 1056768K
  class space    used 611K, capacity 656K, committed 768K, reserved 1048576K
}

Deoptimization events (10 events):
Event: 8.022 Thread 0x00000000012a0800 Uncommon trap: reason=unreached action=reinterpret pc=0x0000000003aca880 method=java.util.HashMap.putVal(ILjava/lang/Object;Ljava/lang/Object;ZZ)Ljava/lang/Object; @ 109
Event: 8.028 Thread 0x00000000012a0800 Uncommon trap: reason=unloaded action=reinterpret pc=0x0000000003ac4fe8 method=com.android.dx.ssa.LiteralOpUpgrader$1.visitNonMoveInsn(Lcom/android/dx/ssa/NormalSsaInsn;)V @ 72
Event: 8.471 Thread 0x00000000012a0800 Uncommon trap: reason=class_check action=maybe_recompile pc=0x0000000003a441b4 method=com.android.dx.cf.code.RopperMachine.run(Lcom/android/dx/cf/code/Frame;II)V @ 1024
Event: 8.551 Thread 0x00000000012a0800 Uncommon trap: reason=unloaded action=reinterpret pc=0x0000000003c09ee8 method=com.android.dx.cf.code.Ropper.addReturnBlock()V @ 45
Event: 8.551 Thread 0x00000000012a0800 Uncommon trap: reason=unreached action=reinterpret pc=0x000000000389d58c method=com.android.dx.ssa.MoveParamCombiner$1.visitNonMoveInsn(Lcom/android/dx/ssa/NormalSsaInsn;)V @ 27
Event: 9.715 Thread 0x00000000012a0800 Uncommon trap: reason=bimorphic action=maybe_recompile pc=0x0000000003c2db18 method=com.android.dx.cf.code.BytecodeArray.parseInstruction(ILcom/android/dx/cf/code/BytecodeArray$Visitor;)I @ 1501
Event: 9.715 Thread 0x00000000012a0800 Uncommon trap: reason=bimorphic action=maybe_recompile pc=0x0000000003c2db18 method=com.android.dx.cf.code.BytecodeArray.parseInstruction(ILcom/android/dx/cf/code/BytecodeArray$Visitor;)I @ 1501
Event: 10.284 Thread 0x00000000012a0800 Uncommon trap: reason=unreached action=reinterpret pc=0x0000000003a43490 method=com.android.dx.cf.code.RopperMachine.run(Lcom/android/dx/cf/code/Frame;II)V @ 1500
Event: 10.289 Thread 0x00000000012a0800 Uncommon trap: reason=unreached action=reinterpret pc=0x0000000003aa400c method=java.util.HashMap.putVal(ILjava/lang/Object;Ljava/lang/Object;ZZ)Ljava/lang/Object; @ 109
Event: 10.754 Thread 0x00000000012a0800 Uncommon trap: reason=class_check action=maybe_recompile pc=0x0000000003d4d388 method=com.android.dx.ssa.SCCP.replaceConstants()V @ 182

Internal exceptions (10 events):
Event: 3.464 Thread 0x00000000012a0800 Exception <a 'java/lang/ArrayIndexOutOfBoundsException': 18> (0x00000000ead81c58) thrown at [C:\workspace\8-2-build-windows-amd64-cygwin\jdk8u31\2394\hotspot\src\share\vm\interpreter\interpreterRuntime.cpp, line 366]
Event: 3.464 Thread 0x00000000012a0800 Exception <a 'java/lang/ArrayIndexOutOfBoundsException': 145> (0x00000000ead836f0) thrown at [C:\workspace\8-2-build-windows-amd64-cygwin\jdk8u31\2394\hotspot\src\share\vm\interpreter\interpreterRuntime.cpp, line 366]
Event: 3.465 Thread 0x00000000012a0800 Exception <a 'java/lang/ArrayIndexOutOfBoundsException'> (0x00000000ead84908) thrown at [C:\workspace\8-2-build-windows-amd64-cygwin\jdk8u31\2394\hotspot\src\share\vm\runtime\sharedRuntime.cpp, line 604]
Event: 3.878 Thread 0x00000000012a0800 Exception <a 'java/security/PrivilegedActionException'> (0x00000000ec6cdcd0) thrown at [C:\workspace\8-2-build-windows-amd64-cygwin\jdk8u31\2394\hotspot\src\share\vm\prims\jvm.cpp, line 1312]
Event: 5.117 Thread 0x00000000012a0800 Exception <a 'java/security/PrivilegedActionException'> (0x00000000eb6c8438) thrown at [C:\workspace\8-2-build-windows-amd64-cygwin\jdk8u31\2394\hotspot\src\share\vm\prims\jvm.cpp, line 1312]
Event: 5.677 Thread 0x00000000012a0800 Exception <a 'java/security/PrivilegedActionException'> (0x00000000eba369e8) thrown at [C:\workspace\8-2-build-windows-amd64-cygwin\jdk8u31\2394\hotspot\src\share\vm\prims\jvm.cpp, line 1312]
Event: 5.750 Thread 0x00000000012a0800 Exception <a 'java/security/PrivilegedActionException'> (0x00000000ebb6c480) thrown at [C:\workspace\8-2-build-windows-amd64-cygwin\jdk8u31\2394\hotspot\src\share\vm\prims\jvm.cpp, line 1312]
Event: 5.779 Thread 0x00000000012a0800 Exception <a 'java/security/PrivilegedActionException'> (0x00000000ebbe6ba8) thrown at [C:\workspace\8-2-build-windows-amd64-cygwin\jdk8u31\2394\hotspot\src\share\vm\prims\jvm.cpp, line 1312]
Event: 7.449 Thread 0x00000000012a0800 Exception <a 'java/security/PrivilegedActionException'> (0x00000000ec61ebd8) thrown at [C:\workspace\8-2-build-windows-amd64-cygwin\jdk8u31\2394\hotspot\src\share\vm\prims\jvm.cpp, line 1312]
Event: 8.029 Thread 0x00000000012a0800 Exception <a 'java/security/PrivilegedActionException'> (0x00000000efe13cc0) thrown at [C:\workspace\8-2-build-windows-amd64-cygwin\jdk8u31\2394\hotspot\src\share\vm\prims\jvm.cpp, line 1312]

Events (10 events):
Event: 10.753 Thread 0x000000001736a000 flushing nmethod 0x0000000003583610
Event: 10.754 Thread 0x00000000012a0800 Uncommon trap: trap_request=0xffffffde fr.pc=0x0000000003d4d388
Event: 10.754 Thread 0x00000000012a0800 DEOPT PACKING pc=0x0000000003d4d388 sp=0x000000000129e660
Event: 10.754 Thread 0x00000000012a0800 DEOPT UNPACKING pc=0x000000000344556a sp=0x000000000129e5c8 mode 2
Event: 10.889 Thread 0x00000000012a0800 DEOPT PACKING pc=0x000000000387ef68 sp=0x000000000129e660
Event: 10.889 Thread 0x00000000012a0800 DEOPT UNPACKING pc=0x00000000034475bf sp=0x000000000129e3c0 mode 0
Event: 10.973 Thread 0x00000000180f8000 DEOPT PACKING pc=0x000000000384c7db sp=0x00000000189ee7e0
Event: 10.973 Thread 0x00000000180f8000 DEOPT UNPACKING pc=0x00000000034475bf sp=0x00000000189ee570 mode 0
Event: 10.999 Thread 0x00000000180f8000 DEOPT PACKING pc=0x00000000038785dc sp=0x00000000189ee750
Event: 10.999 Thread 0x00000000180f8000 DEOPT UNPACKING pc=0x00000000034475bf sp=0x00000000189ee510 mode 0


Dynamic libraries:
0x00007ff644d20000 - 0x00007ff644d54000 	C:\Program Files\Java\jdk1.8.0_31\bin\java.exe
0x00007ffa88b20000 - 0x00007ffa88ccd000 	C:\WINDOWS\SYSTEM32\ntdll.dll
0x00007ffa87f00000 - 0x00007ffa8803e000 	C:\WINDOWS\system32\KERNEL32.DLL
0x00007ffa85d10000 - 0x00007ffa85e25000 	C:\WINDOWS\system32\KERNELBASE.dll
0x00007ffa847e0000 - 0x00007ffa8486e000 	C:\WINDOWS\system32\apphelp.dll
0x00007ffa69710000 - 0x00007ffa69763000 	C:\WINDOWS\AppPatch\AppPatch64\AcGenral.DLL
0x00007ffa88640000 - 0x00007ffa886ea000 	C:\WINDOWS\system32\msvcrt.dll
0x00007ffa86170000 - 0x00007ffa8619e000 	C:\WINDOWS\system32\SspiCli.dll
0x00007ffa88040000 - 0x00007ffa88094000 	C:\WINDOWS\system32\SHLWAPI.dll
0x00007ffa88260000 - 0x00007ffa883d7000 	C:\WINDOWS\system32\USER32.dll
0x00007ffa864a0000 - 0x00007ffa86634000 	C:\WINDOWS\system32\ole32.dll
0x00007ffa86860000 - 0x00007ffa87d88000 	C:\WINDOWS\system32\SHELL32.dll
0x00007ffa85670000 - 0x00007ffa85691000 	C:\WINDOWS\SYSTEM32\USERENV.dll
0x00007ffa88590000 - 0x00007ffa8863a000 	C:\WINDOWS\system32\ADVAPI32.dll
0x00007ffa7fce0000 - 0x00007ffa7fcfe000 	C:\WINDOWS\SYSTEM32\MPR.dll
0x00007ffa88450000 - 0x00007ffa88590000 	C:\WINDOWS\system32\RPCRT4.dll
0x00007ffa86650000 - 0x00007ffa866a9000 	C:\WINDOWS\SYSTEM32\sechost.dll
0x00007ffa861c0000 - 0x00007ffa863d1000 	C:\WINDOWS\SYSTEM32\combase.dll
0x00007ffa86710000 - 0x00007ffa8685f000 	C:\WINDOWS\system32\GDI32.dll
0x00007ffa85c40000 - 0x00007ffa85c55000 	C:\WINDOWS\SYSTEM32\profapi.dll
0x00007ffa841b0000 - 0x00007ffa84262000 	C:\WINDOWS\SYSTEM32\SHCORE.dll
0x00007ffa87e50000 - 0x00007ffa87e86000 	C:\WINDOWS\system32\IMM32.DLL
0x00007ffa887e0000 - 0x00007ffa88932000 	C:\WINDOWS\system32\MSCTF.dll
0x00007ffa83d30000 - 0x00007ffa83fab000 	C:\WINDOWS\WinSxS\amd64_microsoft.windows.common-controls_6595b64144ccf1df_6.0.9600.18006_none_623f33d3ecbe86e8\COMCTL32.dll
0x000000005ab30000 - 0x000000005ac02000 	C:\Program Files\Java\jdk1.8.0_31\jre\bin\msvcr100.dll
0x0000000059450000 - 0x0000000059caa000 	C:\Program Files\Java\jdk1.8.0_31\jre\bin\server\jvm.dll
0x00007ffa7c230000 - 0x00007ffa7c239000 	C:\WINDOWS\SYSTEM32\WSOCK32.dll
0x00007ffa819d0000 - 0x00007ffa819f2000 	C:\WINDOWS\SYSTEM32\WINMM.dll
0x00007ffa861a0000 - 0x00007ffa861a7000 	C:\WINDOWS\system32\PSAPI.DLL
0x00007ffa866b0000 - 0x00007ffa8670a000 	C:\WINDOWS\system32\WS2_32.dll
0x00007ffa81670000 - 0x00007ffa8169a000 	C:\WINDOWS\SYSTEM32\WINMMBASE.dll
0x00007ffa87ef0000 - 0x00007ffa87ef9000 	C:\WINDOWS\system32\NSI.dll
0x00007ffa860c0000 - 0x00007ffa8610f000 	C:\WINDOWS\SYSTEM32\cfgmgr32.dll
0x00007ffa84a50000 - 0x00007ffa84a78000 	C:\WINDOWS\SYSTEM32\DEVOBJ.dll
0x000000005ab20000 - 0x000000005ab2f000 	C:\Program Files\Java\jdk1.8.0_31\jre\bin\verify.dll
0x000000005aaf0000 - 0x000000005ab18000 	C:\Program Files\Java\jdk1.8.0_31\jre\bin\java.dll
0x000000005aad0000 - 0x000000005aae6000 	C:\Program Files\Java\jdk1.8.0_31\jre\bin\zip.dll
0x00007ffa80710000 - 0x00007ffa80899000 	C:\WINDOWS\SYSTEM32\dbghelp.dll

VM Arguments:
jvm_args: -Djava.awt.headless=true -Xmx1024M -Dfile.encoding=windows-1252 -Duser.country=CA -Duser.language=en -Duser.variant 
java_command: com.android.dx.command.Main --dex --force-jumbo --num-threads=4 --multi-dex --output C:\Users\Saketh\Desktop\Honours Project\Marked\app\build\intermediates\transforms\dex\debug\folders\1000\10\com.google.android.gms-play-services-ads-10.2.1_5efa32bcdbf939419ef8dc866fe66c8d88e4da9f C:\Users\Saketh\Desktop\Honours Project\Marked\app\build\intermediates\exploded-aar\com.google.android.gms\play-services-ads\10.2.1\jars\classes.jar
java_class_path (initial): C:\Users\Saketh\Desktop\New folder\adt-bundle-windows-x86_64-20130522\sdk\build-tools\25.0.0\lib\dx.jar
Launcher Type: SUN_STANDARD

Environment Variables:
PATH=C:\ProgramData\Oracle\Java\javapath;C:\Program Files (x86)\NVIDIA Corporation\PhysX\Common;C:\Program Files (x86)\Intel\iCLS Client\;C:\Program Files\Intel\iCLS Client\;C:\WINDOWS\system32;C:\WINDOWS;C:\WINDOWS\System32\Wbem;C:\WINDOWS\System32\WindowsPowerShell\v1.0\;C:\Program Files\Intel\Intel(R) Management Engine Components\DAL;C:\Program Files\Intel\Intel(R) Management Engine Components\IPT;C:\Program Files (x86)\Intel\Intel(R) Management Engine Components\DAL;C:\Program Files (x86)\Intel\Intel(R) Management Engine Components\IPT;C:\Program Files\Microsoft\Web Platform Installer\;C:\Program Files\Intel\WiFi\bin\;C:\Program Files\Common Files\Intel\WirelessCommon\;C:\Program Files (x86)\MiKTeX 2.9\miktex\bin\;C:\Program Files (x86)\Skype\Phone\;C:\Program Files\TortoiseGit\bin
USERNAME=Saketh
OS=Windows_NT
PROCESSOR_IDENTIFIER=Intel64 Family 6 Model 58 Stepping 9, GenuineIntel



---------------  S Y S T E M  ---------------

OS: Windows 8.1 , 64 bit Build 9600 

CPU:total 8 (4 cores per cpu, 2 threads per core) family 6 model 58 stepping 9, cmov, cx8, fxsr, mmx, sse, sse2, sse3, ssse3, sse4.1, sse4.2, popcnt, avx, aes, clmul, erms, ht, tsc, tscinvbit, tscinv

Memory: 4k page, physical 8334620k(583536k free), swap 11480348k(8400k free)

vm_info: Java HotSpot(TM) 64-Bit Server VM (25.31-b07) for windows-amd64 JRE (1.8.0_31-b13), built on Dec 17 2014 21:00:28 by "java_re" with MS VC++ 10.0 (VS2010)

time: Wed May 03 01:50:33 2017
elapsed time: 11 seconds (0d 0h 0m 11s)

