#
# There is insufficient memory for the Java Runtime Environment to continue.
# Native memory allocation (malloc) failed to allocate 1177104 bytes for Chunk::new
# Possible reasons:
#   The system is out of physical RAM or swap space
#   In 32 bit mode, the process size limit was hit
# Possible solutions:
#   Reduce memory load on the system
#   Increase physical memory or swap space
#   Check if swap backing store is full
#   Use 64 bit Java on a 64 bit OS
#   Decrease Java heap size (-Xmx/-Xms)
#   Decrease number of Java threads
#   Decrease Java thread stack sizes (-Xss)
#   Set larger code cache with -XX:ReservedCodeCacheSize=
# This output file may be truncated or incomplete.
#
#  Out of Memory Error (allocation.cpp:390), pid=8276, tid=12572
#
# JRE version: Java(TM) SE Runtime Environment (8.0_31-b13) (build 1.8.0_31-b13)
# Java VM: Java HotSpot(TM) 64-Bit Server VM (25.31-b07 mixed mode windows-amd64 compressed oops)
# Failed to write core dump. Minidumps are not enabled by default on client versions of Windows
#

---------------  T H R E A D  ---------------

Current thread (0x0000000016fdc800):  JavaThread "C2 CompilerThread1" daemon [_thread_in_native, id=12572, stack(0x00000000176b0000,0x00000000177b0000)]

Stack: [0x00000000176b0000,0x00000000177b0000]
Native frames: (J=compiled Java code, j=interpreted, Vv=VM code, C=native code)
V  [jvm.dll+0x3169ba]


Current CompileTask:
C2:   1142 1271   !   4       com.android.dx.cf.code.BytecodeArray::parseInstruction (2764 bytes)


---------------  P R O C E S S  ---------------

Java Threads: ( => current thread )
  0x0000000017bf3800 JavaThread "pool-2-thread-4" [_thread_in_Java, id=6688, stack(0x00000000187b0000,0x00000000188b0000)]
  0x00000000172e7000 JavaThread "pool-2-thread-3" [_thread_blocked, id=11524, stack(0x00000000186b0000,0x00000000187b0000)]
  0x00000000172e1000 JavaThread "pool-2-thread-2" [_thread_blocked, id=2132, stack(0x00000000185b0000,0x00000000186b0000)]
  0x0000000017352000 JavaThread "pool-3-thread-1" [_thread_blocked, id=11928, stack(0x00000000184b0000,0x00000000185b0000)]
  0x00000000172ae000 JavaThread "pool-2-thread-1" [_thread_in_Java, id=13180, stack(0x00000000183b0000,0x00000000184b0000)]
  0x0000000017077000 JavaThread "Service Thread" daemon [_thread_blocked, id=9692, stack(0x00000000179b0000,0x0000000017ab0000)]
  0x0000000016ffd800 JavaThread "C1 CompilerThread3" daemon [_thread_blocked, id=12308, stack(0x00000000178b0000,0x00000000179b0000)]
  0x0000000016fe2800 JavaThread "C2 CompilerThread2" daemon [_thread_in_native, id=12392, stack(0x00000000177b0000,0x00000000178b0000)]
=>0x0000000016fdc800 JavaThread "C2 CompilerThread1" daemon [_thread_in_native, id=12572, stack(0x00000000176b0000,0x00000000177b0000)]
  0x0000000016fd7000 JavaThread "C2 CompilerThread0" daemon [_thread_in_vm_trans, id=5712, stack(0x00000000175b0000,0x00000000176b0000)]
  0x0000000016fd5000 JavaThread "Attach Listener" daemon [_thread_blocked, id=6452, stack(0x00000000174b0000,0x00000000175b0000)]
  0x0000000016fd4800 JavaThread "Signal Dispatcher" daemon [_thread_blocked, id=12688, stack(0x00000000173b0000,0x00000000174b0000)]
  0x0000000000fd7800 JavaThread "Finalizer" daemon [_thread_blocked, id=13140, stack(0x0000000016eb0000,0x0000000016fb0000)]
  0x0000000000fd1000 JavaThread "Reference Handler" daemon [_thread_blocked, id=13368, stack(0x0000000016db0000,0x0000000016eb0000)]
  0x0000000000ee0800 JavaThread "main" [_thread_in_Java, id=12248, stack(0x0000000000ce0000,0x0000000000de0000)]

Other Threads:
  0x0000000014fe7800 VMThread [stack: 0x0000000016cb0000,0x0000000016db0000] [id=4236]
  0x0000000017079000 WatcherThread [stack: 0x0000000017ab0000,0x0000000017bb0000] [id=8344]

VM state:not at safepoint (normal execution)

VM Mutex/Monitor currently owned by a thread: None

Heap:
 PSYoungGen      total 38400K, used 12675K [0x00000000eab00000, 0x00000000ed580000, 0x0000000100000000)
  eden space 33280K, 22% used [0x00000000eab00000,0x00000000eb267280,0x00000000ecb80000)
  from space 5120K, 99% used [0x00000000ecb80000,0x00000000ed079ab0,0x00000000ed080000)
  to   space 5120K, 0% used [0x00000000ed080000,0x00000000ed080000,0x00000000ed580000)
 ParOldGen       total 87552K, used 983K [0x00000000c0000000, 0x00000000c5580000, 0x00000000eab00000)
  object space 87552K, 1% used [0x00000000c0000000,0x00000000c00f5fc0,0x00000000c5580000)
 Metaspace       used 5999K, capacity 6960K, committed 7040K, reserved 1056768K
  class space    used 589K, capacity 616K, committed 640K, reserved 1048576K

Card table byte_map: [0x00000000013a0000,0x00000000015b0000] byte_map_base: 0x0000000000da0000

Marking Bits: (ParMarkBitMap*) 0x0000000059c2d4f0
 Begin Bits: [0x0000000012400000, 0x0000000013400000)
 End Bits:   [0x0000000013400000, 0x0000000014400000)

Polling page: 0x0000000000940000

CodeCache: size=245760Kb used=5061Kb max_used=5061Kb free=240698Kb
 bounds [0x0000000003400000, 0x0000000003900000, 0x0000000012400000]
 total_blobs=1582 nmethods=1319 adapters=177
 compilation: enabled

Compilation events (10 events):
Event: 1.129 Thread 0x0000000016ffd800 1318       3       com.android.dx.rop.type.Prototype::compareTo (120 bytes)
Event: 1.130 Thread 0x0000000016ffd800 nmethod 1318 0x00000000038ec8d0 code [0x00000000038ecae0, 0x00000000038ed978]
Event: 1.131 Thread 0x0000000016ffd800 1321       2       com.android.dx.ssa.Optimizer::getAdvice (4 bytes)
Event: 1.131 Thread 0x0000000016ffd800 nmethod 1321 0x00000000038ee090 code [0x00000000038ee1e0, 0x00000000038ee310]
Event: 1.131 Thread 0x0000000016ffd800 1322       3       java.util.TreeMap$PrivateEntryIterator::nextEntry (54 bytes)
Event: 1.131 Thread 0x0000000016ffd800 nmethod 1322 0x00000000038ee390 code [0x00000000038ee520, 0x00000000038ee888]
Event: 1.131 Thread 0x0000000016ffd800 1323       3       java.util.TreeMap::successor (66 bytes)
Event: 1.132 Thread 0x0000000016ffd800 nmethod 1323 0x00000000038eea10 code [0x00000000038eeba0, 0x00000000038eef10]
Event: 1.132 Thread 0x0000000016ffd800 1324       3       com.android.dx.rop.code.Rops::opMoveParam (69 bytes)
Event: 1.133 Thread 0x0000000016ffd800 nmethod 1324 0x00000000038ef090 code [0x00000000038ef2c0, 0x00000000038efe58]

GC Heap History (2 events):
Event: 0.995 GC heap before
{Heap before GC invocations=1 (full 0):
 PSYoungGen      total 38400K, used 33280K [0x00000000eab00000, 0x00000000ed580000, 0x0000000100000000)
  eden space 33280K, 100% used [0x00000000eab00000,0x00000000ecb80000,0x00000000ecb80000)
  from space 5120K, 0% used [0x00000000ed080000,0x00000000ed080000,0x00000000ed580000)
  to   space 5120K, 0% used [0x00000000ecb80000,0x00000000ecb80000,0x00000000ed080000)
 ParOldGen       total 87552K, used 0K [0x00000000c0000000, 0x00000000c5580000, 0x00000000eab00000)
  object space 87552K, 0% used [0x00000000c0000000,0x00000000c0000000,0x00000000c5580000)
 Metaspace       used 5902K, capacity 6896K, committed 7040K, reserved 1056768K
  class space    used 588K, capacity 616K, committed 640K, reserved 1048576K
Event: 1.012 GC heap after
Heap after GC invocations=1 (full 0):
 PSYoungGen      total 38400K, used 5094K [0x00000000eab00000, 0x00000000ed580000, 0x0000000100000000)
  eden space 33280K, 0% used [0x00000000eab00000,0x00000000eab00000,0x00000000ecb80000)
  from space 5120K, 99% used [0x00000000ecb80000,0x00000000ed079ab0,0x00000000ed080000)
  to   space 5120K, 0% used [0x00000000ed080000,0x00000000ed080000,0x00000000ed580000)
 ParOldGen       total 87552K, used 983K [0x00000000c0000000, 0x00000000c5580000, 0x00000000eab00000)
  object space 87552K, 1% used [0x00000000c0000000,0x00000000c00f5fc0,0x00000000c5580000)
 Metaspace       used 5902K, capacity 6896K, committed 7040K, reserved 1056768K
  class space    used 588K, capacity 616K, committed 640K, reserved 1048576K
}

Deoptimization events (5 events):
Event: 0.560 Thread 0x0000000000ee0800 Uncommon trap: reason=class_check action=maybe_recompile pc=0x000000000369d118 method=com.android.dx.ssa.NormalSsaInsn.accept(Lcom/android/dx/ssa/SsaInsn$Visitor;)V @ 9
Event: 0.664 Thread 0x00000000172e7000 Uncommon trap: reason=class_check action=maybe_recompile pc=0x000000000369d118 method=com.android.dx.ssa.NormalSsaInsn.accept(Lcom/android/dx/ssa/SsaInsn$Visitor;)V @ 9
Event: 0.664 Thread 0x00000000172e7000 Uncommon trap: reason=class_check action=maybe_recompile pc=0x0000000003654c70 method=com.android.dx.ssa.NormalSsaInsn.accept(Lcom/android/dx/ssa/SsaInsn$Visitor;)V @ 9
Event: 0.664 Thread 0x00000000172e7000 Uncommon trap: reason=class_check action=maybe_recompile pc=0x0000000003654c70 method=com.android.dx.ssa.NormalSsaInsn.accept(Lcom/android/dx/ssa/SsaInsn$Visitor;)V @ 9
Event: 0.673 Thread 0x00000000172e7000 Uncommon trap: reason=class_check action=maybe_recompile pc=0x000000000369d118 method=com.android.dx.ssa.NormalSsaInsn.accept(Lcom/android/dx/ssa/SsaInsn$Visitor;)V @ 9

Internal exceptions (10 events):
Event: 0.464 Thread 0x0000000000ee0800 Exception <a 'java/security/PrivilegedActionException'> (0x00000000eb896f60) thrown at [C:\workspace\8-2-build-windows-amd64-cygwin\jdk8u31\2394\hotspot\src\share\vm\prims\jvm.cpp, line 1312]
Event: 0.554 Thread 0x00000000172e7000 Exception <a 'java/security/PrivilegedActionException'> (0x00000000ebc9b270) thrown at [C:\workspace\8-2-build-windows-amd64-cygwin\jdk8u31\2394\hotspot\src\share\vm\prims\jvm.cpp, line 1312]
Event: 0.599 Thread 0x0000000000ee0800 Exception <a 'java/security/PrivilegedActionException'> (0x00000000ebdcd930) thrown at [C:\workspace\8-2-build-windows-amd64-cygwin\jdk8u31\2394\hotspot\src\share\vm\prims\jvm.cpp, line 1312]
Event: 0.607 Thread 0x00000000172e1000 Exception <a 'java/security/PrivilegedActionException'> (0x00000000ebf16b38) thrown at [C:\workspace\8-2-build-windows-amd64-cygwin\jdk8u31\2394\hotspot\src\share\vm\prims\jvm.cpp, line 1312]
Event: 0.697 Thread 0x0000000000ee0800 Exception <a 'java/security/PrivilegedActionException'> (0x00000000ec13b6a8) thrown at [C:\workspace\8-2-build-windows-amd64-cygwin\jdk8u31\2394\hotspot\src\share\vm\prims\jvm.cpp, line 1312]
Event: 0.698 Thread 0x0000000000ee0800 Exception <a 'java/security/PrivilegedActionException'> (0x00000000ec13e2f0) thrown at [C:\workspace\8-2-build-windows-amd64-cygwin\jdk8u31\2394\hotspot\src\share\vm\prims\jvm.cpp, line 1312]
Event: 0.805 Thread 0x00000000172e1000 Exception <a 'java/security/PrivilegedActionException'> (0x00000000ec4c5910) thrown at [C:\workspace\8-2-build-windows-amd64-cygwin\jdk8u31\2394\hotspot\src\share\vm\prims\jvm.cpp, line 1312]
Event: 0.805 Thread 0x00000000172e1000 Exception <a 'java/security/PrivilegedActionException'> (0x00000000ec4cb5f0) thrown at [C:\workspace\8-2-build-windows-amd64-cygwin\jdk8u31\2394\hotspot\src\share\vm\prims\jvm.cpp, line 1312]
Event: 0.806 Thread 0x00000000172e1000 Exception <a 'java/security/PrivilegedActionException'> (0x00000000ec4d1060) thrown at [C:\workspace\8-2-build-windows-amd64-cygwin\jdk8u31\2394\hotspot\src\share\vm\prims\jvm.cpp, line 1312]
Event: 1.026 Thread 0x0000000017bf3800 Exception <a 'java/security/PrivilegedActionException'> (0x00000000eac16160) thrown at [C:\workspace\8-2-build-windows-amd64-cygwin\jdk8u31\2394\hotspot\src\share\vm\prims\jvm.cpp, line 1312]

Events (10 events):
Event: 0.804 loading class com/android/dx/dex/file/ParameterAnnotationStruct
Event: 0.804 loading class com/android/dx/dex/file/ParameterAnnotationStruct done
Event: 0.805 loading class com/android/dx/dex/file/UniformListItem
Event: 0.805 loading class com/android/dx/dex/file/UniformListItem done
Event: 0.806 loading class com/android/dx/dex/file/AnnotationSetRefItem
Event: 0.806 loading class com/android/dx/dex/file/AnnotationSetRefItem done
Event: 0.978 Executing VM operation: ParallelGCFailedAllocation
Event: 1.012 Executing VM operation: ParallelGCFailedAllocation done
Event: 1.026 loading class com/android/dx/cf/code/SwitchList
Event: 1.026 loading class com/android/dx/cf/code/SwitchList done


Dynamic libraries:
0x00007ff644d20000 - 0x00007ff644d54000 	C:\Program Files\Java\jdk1.8.0_31\bin\java.exe
0x00007ffa88b20000 - 0x00007ffa88ccd000 	C:\WINDOWS\SYSTEM32\ntdll.dll
0x00007ffa87f00000 - 0x00007ffa8803e000 	C:\WINDOWS\system32\KERNEL32.DLL
0x00007ffa85d10000 - 0x00007ffa85e25000 	C:\WINDOWS\system32\KERNELBASE.dll
0x00007ffa847e0000 - 0x00007ffa8486e000 	C:\WINDOWS\system32\apphelp.dll
0x00007ffa6e1c0000 - 0x00007ffa6e213000 	C:\WINDOWS\AppPatch\AppPatch64\AcGenral.DLL
0x00007ffa88640000 - 0x00007ffa886ea000 	C:\WINDOWS\system32\msvcrt.dll
0x00007ffa86170000 - 0x00007ffa8619e000 	C:\WINDOWS\system32\SspiCli.dll
0x00007ffa88040000 - 0x00007ffa88094000 	C:\WINDOWS\system32\SHLWAPI.dll
0x00007ffa88260000 - 0x00007ffa883d7000 	C:\WINDOWS\system32\USER32.dll
0x00007ffa864a0000 - 0x00007ffa86634000 	C:\WINDOWS\system32\ole32.dll
0x00007ffa86860000 - 0x00007ffa87d88000 	C:\WINDOWS\system32\SHELL32.dll
0x00007ffa85670000 - 0x00007ffa85691000 	C:\WINDOWS\SYSTEM32\USERENV.dll
0x00007ffa88590000 - 0x00007ffa8863a000 	C:\WINDOWS\system32\ADVAPI32.dll
0x00007ffa7fce0000 - 0x00007ffa7fcfe000 	C:\WINDOWS\SYSTEM32\MPR.dll
0x00007ffa88450000 - 0x00007ffa88590000 	C:\WINDOWS\system32\RPCRT4.dll
0x00007ffa86650000 - 0x00007ffa866a9000 	C:\WINDOWS\SYSTEM32\sechost.dll
0x00007ffa861c0000 - 0x00007ffa863d1000 	C:\WINDOWS\SYSTEM32\combase.dll
0x00007ffa86710000 - 0x00007ffa8685f000 	C:\WINDOWS\system32\GDI32.dll
0x00007ffa85c40000 - 0x00007ffa85c55000 	C:\WINDOWS\SYSTEM32\profapi.dll
0x00007ffa841b0000 - 0x00007ffa84262000 	C:\WINDOWS\SYSTEM32\SHCORE.dll
0x00007ffa87e50000 - 0x00007ffa87e86000 	C:\WINDOWS\system32\IMM32.DLL
0x00007ffa887e0000 - 0x00007ffa88932000 	C:\WINDOWS\system32\MSCTF.dll
0x00007ffa83d30000 - 0x00007ffa83fab000 	C:\WINDOWS\WinSxS\amd64_microsoft.windows.common-controls_6595b64144ccf1df_6.0.9600.18006_none_623f33d3ecbe86e8\COMCTL32.dll
0x000000005ab30000 - 0x000000005ac02000 	C:\Program Files\Java\jdk1.8.0_31\jre\bin\msvcr100.dll
0x0000000059450000 - 0x0000000059caa000 	C:\Program Files\Java\jdk1.8.0_31\jre\bin\server\jvm.dll
0x00007ffa7c230000 - 0x00007ffa7c239000 	C:\WINDOWS\SYSTEM32\WSOCK32.dll
0x00007ffa819d0000 - 0x00007ffa819f2000 	C:\WINDOWS\SYSTEM32\WINMM.dll
0x00007ffa861a0000 - 0x00007ffa861a7000 	C:\WINDOWS\system32\PSAPI.DLL
0x00007ffa866b0000 - 0x00007ffa8670a000 	C:\WINDOWS\system32\WS2_32.dll
0x00007ffa81670000 - 0x00007ffa8169a000 	C:\WINDOWS\SYSTEM32\WINMMBASE.dll
0x00007ffa87ef0000 - 0x00007ffa87ef9000 	C:\WINDOWS\system32\NSI.dll
0x00007ffa860c0000 - 0x00007ffa8610f000 	C:\WINDOWS\SYSTEM32\cfgmgr32.dll
0x00007ffa84a50000 - 0x00007ffa84a78000 	C:\WINDOWS\SYSTEM32\DEVOBJ.dll
0x000000005ab20000 - 0x000000005ab2f000 	C:\Program Files\Java\jdk1.8.0_31\jre\bin\verify.dll
0x000000005aaf0000 - 0x000000005ab18000 	C:\Program Files\Java\jdk1.8.0_31\jre\bin\java.dll
0x000000005aad0000 - 0x000000005aae6000 	C:\Program Files\Java\jdk1.8.0_31\jre\bin\zip.dll
0x00007ffa80710000 - 0x00007ffa80899000 	C:\WINDOWS\SYSTEM32\dbghelp.dll

VM Arguments:
jvm_args: -Djava.awt.headless=true -Xmx1024M -Dfile.encoding=windows-1252 -Duser.country=CA -Duser.language=en -Duser.variant 
java_command: com.android.dx.command.Main --dex --force-jumbo --num-threads=4 --multi-dex --output C:\Users\Saketh\Desktop\Honours Project\Marked\app\build\intermediates\transforms\dex\debug\folders\1000\10\com.google.android.gms-play-services-ads-lite-10.2.1_1ded811dd0ae76906117545015713dd50fcf1255 C:\Users\Saketh\Desktop\Honours Project\Marked\app\build\intermediates\exploded-aar\com.google.android.gms\play-services-ads-lite\10.2.1\jars\classes.jar
java_class_path (initial): C:\Users\Saketh\Desktop\New folder\adt-bundle-windows-x86_64-20130522\sdk\build-tools\25.0.0\lib\dx.jar
Launcher Type: SUN_STANDARD

Environment Variables:
PATH=C:\ProgramData\Oracle\Java\javapath;C:\Program Files (x86)\NVIDIA Corporation\PhysX\Common;C:\Program Files (x86)\Intel\iCLS Client\;C:\Program Files\Intel\iCLS Client\;C:\WINDOWS\system32;C:\WINDOWS;C:\WINDOWS\System32\Wbem;C:\WINDOWS\System32\WindowsPowerShell\v1.0\;C:\Program Files\Intel\Intel(R) Management Engine Components\DAL;C:\Program Files\Intel\Intel(R) Management Engine Components\IPT;C:\Program Files (x86)\Intel\Intel(R) Management Engine Components\DAL;C:\Program Files (x86)\Intel\Intel(R) Management Engine Components\IPT;C:\Program Files\Microsoft\Web Platform Installer\;C:\Program Files\Intel\WiFi\bin\;C:\Program Files\Common Files\Intel\WirelessCommon\;C:\Program Files (x86)\MiKTeX 2.9\miktex\bin\;C:\Program Files (x86)\Skype\Phone\;C:\Program Files\TortoiseGit\bin
USERNAME=Saketh
OS=Windows_NT
PROCESSOR_IDENTIFIER=Intel64 Family 6 Model 58 Stepping 9, GenuineIntel



---------------  S Y S T E M  ---------------

OS: Windows 8.1 , 64 bit Build 9600 

CPU:total 8 (4 cores per cpu, 2 threads per core) family 6 model 58 stepping 9, cmov, cx8, fxsr, mmx, sse, sse2, sse3, ssse3, sse4.1, sse4.2, popcnt, avx, aes, clmul, erms, ht, tsc, tscinvbit, tscinv

Memory: 4k page, physical 8334620k(1099516k free), swap 11480348k(5848k free)

vm_info: Java HotSpot(TM) 64-Bit Server VM (25.31-b07) for windows-amd64 JRE (1.8.0_31-b13), built on Dec 17 2014 21:00:28 by "java_re" with MS VC++ 10.0 (VS2010)

time: Mon May 01 19:05:11 2017
elapsed time: 1 seconds (0d 0h 0m 1s)

