#
# There is insufficient memory for the Java Runtime Environment to continue.
# Native memory allocation (malloc) failed to allocate 131088 bytes for Chunk::new
# Possible reasons:
#   The system is out of physical RAM or swap space
#   In 32 bit mode, the process size limit was hit
# Possible solutions:
#   Reduce memory load on the system
#   Increase physical memory or swap space
#   Check if swap backing store is full
#   Use 64 bit Java on a 64 bit OS
#   Decrease Java heap size (-Xmx/-Xms)
#   Decrease number of Java threads
#   Decrease Java thread stack sizes (-Xss)
#   Set larger code cache with -XX:ReservedCodeCacheSize=
# This output file may be truncated or incomplete.
#
#  Out of Memory Error (allocation.cpp:390), pid=10020, tid=1336
#
# JRE version: Java(TM) SE Runtime Environment (8.0_31-b13) (build 1.8.0_31-b13)
# Java VM: Java HotSpot(TM) 64-Bit Server VM (25.31-b07 mixed mode windows-amd64 compressed oops)
# Failed to write core dump. Minidumps are not enabled by default on client versions of Windows
#

---------------  T H R E A D  ---------------

Current thread (0x0000000016c42800):  JavaThread "C2 CompilerThread2" daemon [_thread_in_native, id=1336, stack(0x0000000017410000,0x0000000017510000)]

Stack: [0x0000000017410000,0x0000000017510000]
Native frames: (J=compiled Java code, j=interpreted, Vv=VM code, C=native code)
V  [jvm.dll+0x3169ba]
V  [jvm.dll+0x2674c3]
V  [jvm.dll+0x268103]
V  [jvm.dll+0x25f8f5]
V  [jvm.dll+0xbf025]
V  [jvm.dll+0xbf4cc]
V  [jvm.dll+0xbf774]
V  [jvm.dll+0x4cfb00]
V  [jvm.dll+0x4e8ce8]
V  [jvm.dll+0x4e675b]
V  [jvm.dll+0x45318c]
V  [jvm.dll+0x454124]
V  [jvm.dll+0x437c62]
V  [jvm.dll+0x988e2]
V  [jvm.dll+0x990d3]
V  [jvm.dll+0x22c194]
V  [jvm.dll+0x28576a]
C  [msvcr100.dll+0x21d9f]
C  [msvcr100.dll+0x21e3b]
C  [KERNEL32.DLL+0x13d2]
C  [ntdll.dll+0x154e4]


Current CompileTask:
C2:   8901  669       4       com.android.dx.ssa.SsaBasicBlock::forEachInsn (37 bytes)


---------------  P R O C E S S  ---------------

Java Threads: ( => current thread )
  0x0000000002000800 JavaThread "DestroyJavaVM" [_thread_blocked, id=14124, stack(0x0000000001e60000,0x0000000001f60000)]
  0x0000000016cd5800 JavaThread "Service Thread" daemon [_thread_blocked, id=10740, stack(0x0000000017610000,0x0000000017710000)]
  0x0000000016c45800 JavaThread "C1 CompilerThread3" daemon [_thread_blocked, id=6096, stack(0x0000000017510000,0x0000000017610000)]
=>0x0000000016c42800 JavaThread "C2 CompilerThread2" daemon [_thread_in_native, id=1336, stack(0x0000000017410000,0x0000000017510000)]
  0x0000000016c3c800 JavaThread "C2 CompilerThread1" daemon [_thread_in_native, id=1404, stack(0x0000000017310000,0x0000000017410000)]
  0x0000000016c37000 JavaThread "C2 CompilerThread0" daemon [_thread_blocked, id=5352, stack(0x0000000017210000,0x0000000017310000)]
  0x0000000016c34800 JavaThread "Attach Listener" daemon [_thread_blocked, id=10716, stack(0x0000000017110000,0x0000000017210000)]
  0x0000000016c34000 JavaThread "Signal Dispatcher" daemon [_thread_blocked, id=7196, stack(0x0000000017010000,0x0000000017110000)]
  0x00000000020f7800 JavaThread "Finalizer" daemon [_thread_blocked, id=6384, stack(0x0000000016b10000,0x0000000016c10000)]
  0x00000000020f1000 JavaThread "Reference Handler" daemon [_thread_blocked, id=13832, stack(0x0000000016a10000,0x0000000016b10000)]

Other Threads:
  0x0000000014c18800 VMThread [stack: 0x0000000016910000,0x0000000016a10000] [id=5908]
  0x0000000016cd9800 WatcherThread [stack: 0x0000000017710000,0x0000000017810000] [id=12072]

VM state:not at safepoint (normal execution)

VM Mutex/Monitor currently owned by a thread: None

Heap:
 PSYoungGen      total 38400K, used 36176K [0x00000000eab00000, 0x00000000ed580000, 0x0000000100000000)
  eden space 33280K, 93% used [0x00000000eab00000,0x00000000ec956468,0x00000000ecb80000)
  from space 5120K, 99% used [0x00000000ecb80000,0x00000000ed07dca8,0x00000000ed080000)
  to   space 5120K, 0% used [0x00000000ed080000,0x00000000ed080000,0x00000000ed580000)
 ParOldGen       total 87552K, used 1724K [0x00000000c0000000, 0x00000000c5580000, 0x00000000eab00000)
  object space 87552K, 1% used [0x00000000c0000000,0x00000000c01af278,0x00000000c5580000)
 Metaspace       used 6521K, capacity 7224K, committed 7424K, reserved 1056768K
  class space    used 649K, capacity 688K, committed 768K, reserved 1048576K

Card table byte_map: [0x00000000114c0000,0x00000000116d0000] byte_map_base: 0x0000000010ec0000

Marking Bits: (ParMarkBitMap*) 0x0000000059c2d4f0
 Begin Bits: [0x0000000012030000, 0x0000000013030000)
 End Bits:   [0x0000000013030000, 0x0000000014030000)

Polling page: 0x0000000000560000

CodeCache: size=245760Kb used=2800Kb max_used=2811Kb free=242959Kb
 bounds [0x0000000002100000, 0x00000000023d0000, 0x0000000011100000]
 total_blobs=1029 nmethods=755 adapters=187
 compilation: enabled

Compilation events (10 events):
Event: 1.759 Thread 0x0000000016c45800  771       3       com.android.dx.ssa.back.SsaToRop::convertInsns (53 bytes)
Event: 1.760 Thread 0x0000000016c45800 nmethod 771 0x00000000023b5110 code [0x00000000023b5380, 0x00000000023b6308]
Event: 1.760 Thread 0x0000000016c45800  775       3       com.android.dx.rop.code.LocalVariableExtractor::processBlock (327 bytes)
Event: 1.765 Thread 0x0000000016c45800 nmethod 775 0x00000000023b7f10 code [0x00000000023b8380, 0x00000000023bbd78]
Event: 1.765 Thread 0x0000000016c45800  769       3       com.android.dx.ssa.SsaBasicBlock::getRopLabelSuccessorList (57 bytes)
Event: 1.766 Thread 0x0000000016c45800 nmethod 769 0x00000000023bdf90 code [0x00000000023be180, 0x00000000023bec68]
Event: 1.766 Thread 0x0000000016c45800  772       3       com.android.dx.rop.code.LocalVariableInfo::mutableCopyOfStarts (29 bytes)
Event: 1.767 Thread 0x0000000016c45800 nmethod 772 0x00000000023bf2d0 code [0x00000000023bf480, 0x00000000023bfa98]
Event: 1.767 Thread 0x0000000016c45800  773       3       com.android.dx.rop.code.BasicBlock::hasExceptionHandlers (26 bytes)
Event: 1.769 Thread 0x0000000016c45800 


GC Heap History (0 events):
No events

Deoptimization events (4 events):
Event: 1.537 Thread 0x0000000016e1f000 Uncommon trap: reason=class_check action=maybe_recompile pc=0x0000000002324b30 method=com.android.dx.ssa.NormalSsaInsn.accept(Lcom/android/dx/ssa/SsaInsn$Visitor;)V @ 9
Event: 1.717 Thread 0x0000000016e1f000 Uncommon trap: reason=class_check action=maybe_recompile pc=0x0000000002324b30 method=com.android.dx.ssa.NormalSsaInsn.accept(Lcom/android/dx/ssa/SsaInsn$Visitor;)V @ 9
Event: 1.717 Thread 0x0000000016e1f000 Uncommon trap: reason=class_check action=maybe_recompile pc=0x0000000002324b30 method=com.android.dx.ssa.NormalSsaInsn.accept(Lcom/android/dx/ssa/SsaInsn$Visitor;)V @ 9
Event: 1.717 Thread 0x0000000016e1f000 Uncommon trap: reason=class_check action=maybe_recompile pc=0x0000000002324b30 method=com.android.dx.ssa.NormalSsaInsn.accept(Lcom/android/dx/ssa/SsaInsn$Visitor;)V @ 9

Internal exceptions (10 events):
Event: 1.446 Thread 0x0000000016e1f000 Exception <a 'java/security/PrivilegedActionException'> (0x00000000eb607c58) thrown at [C:\workspace\8-2-build-windows-amd64-cygwin\jdk8u31\2394\hotspot\src\share\vm\prims\jvm.cpp, line 1312]
Event: 1.447 Thread 0x0000000016e1f000 Exception <a 'java/security/PrivilegedActionException'> (0x00000000eb60b758) thrown at [C:\workspace\8-2-build-windows-amd64-cygwin\jdk8u31\2394\hotspot\src\share\vm\prims\jvm.cpp, line 1312]
Event: 1.451 Thread 0x0000000016e1f000 Exception <a 'java/security/PrivilegedActionException'> (0x00000000eb6fe908) thrown at [C:\workspace\8-2-build-windows-amd64-cygwin\jdk8u31\2394\hotspot\src\share\vm\prims\jvm.cpp, line 1312]
Event: 1.453 Thread 0x0000000016e1f000 Exception <a 'java/security/PrivilegedActionException'> (0x00000000eb704e70) thrown at [C:\workspace\8-2-build-windows-amd64-cygwin\jdk8u31\2394\hotspot\src\share\vm\prims\jvm.cpp, line 1312]
Event: 1.454 Thread 0x0000000016e1f000 Exception <a 'java/security/PrivilegedActionException'> (0x00000000eb709a50) thrown at [C:\workspace\8-2-build-windows-amd64-cygwin\jdk8u31\2394\hotspot\src\share\vm\prims\jvm.cpp, line 1312]
Event: 1.465 Thread 0x0000000016e1a800 Exception <a 'java/security/PrivilegedActionException'> (0x00000000eb4fce38) thrown at [C:\workspace\8-2-build-windows-amd64-cygwin\jdk8u31\2394\hotspot\src\share\vm\prims\jvm.cpp, line 1312]
Event: 1.467 Thread 0x0000000016e1a800 Exception <a 'java/security/PrivilegedActionException'> (0x00000000eb503278) thrown at [C:\workspace\8-2-build-windows-amd64-cygwin\jdk8u31\2394\hotspot\src\share\vm\prims\jvm.cpp, line 1312]
Event: 1.473 Thread 0x0000000016e3a800 Exception <a 'java/security/PrivilegedActionException'> (0x00000000eb483e48) thrown at [C:\workspace\8-2-build-windows-amd64-cygwin\jdk8u31\2394\hotspot\src\share\vm\prims\jvm.cpp, line 1312]
Event: 1.480 Thread 0x0000000002000800 Exception <a 'java/security/PrivilegedActionException'> (0x00000000eb0c62a8) thrown at [C:\workspace\8-2-build-windows-amd64-cygwin\jdk8u31\2394\hotspot\src\share\vm\prims\jvm.cpp, line 1312]
Event: 1.505 Thread 0x0000000016e1f000 Exception <a 'java/security/PrivilegedActionException'> (0x00000000eb76fd40) thrown at [C:\workspace\8-2-build-windows-amd64-cygwin\jdk8u31\2394\hotspot\src\share\vm\prims\jvm.cpp, line 1312]

Events (10 events):
Event: 1.716 loading class java/util/TreeMap$EntryIterator done
Event: 1.717 Thread 0x0000000016e1f000 Uncommon trap: trap_request=0xffffffde fr.pc=0x0000000002324b30
Event: 1.717 Thread 0x0000000016e1f000 DEOPT PACKING pc=0x0000000002324b30 sp=0x0000000017b0eac0
Event: 1.717 Thread 0x0000000016e1f000 DEOPT UNPACKING pc=0x000000000214556a sp=0x0000000017b0ea50 mode 2
Event: 1.717 Thread 0x0000000016e1f000 Uncommon trap: trap_request=0xffffffde fr.pc=0x0000000002324b30
Event: 1.717 Thread 0x0000000016e1f000 DEOPT PACKING pc=0x0000000002324b30 sp=0x0000000017b0eac0
Event: 1.717 Thread 0x0000000016e1f000 DEOPT UNPACKING pc=0x000000000214556a sp=0x0000000017b0ea50 mode 2
Event: 1.717 Thread 0x0000000016e1f000 Uncommon trap: trap_request=0xffffffde fr.pc=0x0000000002324b30
Event: 1.717 Thread 0x0000000016e1f000 DEOPT PACKING pc=0x0000000002324b30 sp=0x0000000017b0eac0
Event: 1.717 Thread 0x0000000016e1f000 DEOPT UNPACKING pc=0x000000000214556a sp=0x0000000017b0ea50 mode 2


Dynamic libraries:
0x00007ff644d20000 - 0x00007ff644d54000 	C:\Program Files\Java\jdk1.8.0_31\bin\java.exe
0x00007ffa88b20000 - 0x00007ffa88ccd000 	C:\WINDOWS\SYSTEM32\ntdll.dll
0x00007ffa87f00000 - 0x00007ffa8803e000 	C:\WINDOWS\system32\KERNEL32.DLL
0x00007ffa85d10000 - 0x00007ffa85e25000 	C:\WINDOWS\system32\KERNELBASE.dll
0x00007ffa847e0000 - 0x00007ffa8486e000 	C:\WINDOWS\system32\apphelp.dll
0x00007ffa6e1c0000 - 0x00007ffa6e213000 	C:\WINDOWS\AppPatch\AppPatch64\AcGenral.DLL
0x00007ffa88640000 - 0x00007ffa886ea000 	C:\WINDOWS\system32\msvcrt.dll
0x00007ffa86170000 - 0x00007ffa8619e000 	C:\WINDOWS\system32\SspiCli.dll
0x00007ffa88040000 - 0x00007ffa88094000 	C:\WINDOWS\system32\SHLWAPI.dll
0x00007ffa88260000 - 0x00007ffa883d7000 	C:\WINDOWS\system32\USER32.dll
0x00007ffa864a0000 - 0x00007ffa86634000 	C:\WINDOWS\system32\ole32.dll
0x00007ffa86860000 - 0x00007ffa87d88000 	C:\WINDOWS\system32\SHELL32.dll
0x00007ffa85670000 - 0x00007ffa85691000 	C:\WINDOWS\SYSTEM32\USERENV.dll
0x00007ffa88590000 - 0x00007ffa8863a000 	C:\WINDOWS\system32\ADVAPI32.dll
0x00007ffa7fce0000 - 0x00007ffa7fcfe000 	C:\WINDOWS\SYSTEM32\MPR.dll
0x00007ffa88450000 - 0x00007ffa88590000 	C:\WINDOWS\system32\RPCRT4.dll
0x00007ffa86650000 - 0x00007ffa866a9000 	C:\WINDOWS\SYSTEM32\sechost.dll
0x00007ffa861c0000 - 0x00007ffa863d1000 	C:\WINDOWS\SYSTEM32\combase.dll
0x00007ffa86710000 - 0x00007ffa8685f000 	C:\WINDOWS\system32\GDI32.dll
0x00007ffa85c40000 - 0x00007ffa85c55000 	C:\WINDOWS\SYSTEM32\profapi.dll
0x00007ffa841b0000 - 0x00007ffa84262000 	C:\WINDOWS\SYSTEM32\SHCORE.dll
0x00007ffa87e50000 - 0x00007ffa87e86000 	C:\WINDOWS\system32\IMM32.DLL
0x00007ffa887e0000 - 0x00007ffa88932000 	C:\WINDOWS\system32\MSCTF.dll
0x00007ffa83d30000 - 0x00007ffa83fab000 	C:\WINDOWS\WinSxS\amd64_microsoft.windows.common-controls_6595b64144ccf1df_6.0.9600.18006_none_623f33d3ecbe86e8\COMCTL32.dll
0x000000005ab30000 - 0x000000005ac02000 	C:\Program Files\Java\jdk1.8.0_31\jre\bin\msvcr100.dll
0x0000000059450000 - 0x0000000059caa000 	C:\Program Files\Java\jdk1.8.0_31\jre\bin\server\jvm.dll
0x00007ffa7c230000 - 0x00007ffa7c239000 	C:\WINDOWS\SYSTEM32\WSOCK32.dll
0x00007ffa819d0000 - 0x00007ffa819f2000 	C:\WINDOWS\SYSTEM32\WINMM.dll
0x00007ffa861a0000 - 0x00007ffa861a7000 	C:\WINDOWS\system32\PSAPI.DLL
0x00007ffa866b0000 - 0x00007ffa8670a000 	C:\WINDOWS\system32\WS2_32.dll
0x00007ffa81670000 - 0x00007ffa8169a000 	C:\WINDOWS\SYSTEM32\WINMMBASE.dll
0x00007ffa87ef0000 - 0x00007ffa87ef9000 	C:\WINDOWS\system32\NSI.dll
0x00007ffa860c0000 - 0x00007ffa8610f000 	C:\WINDOWS\SYSTEM32\cfgmgr32.dll
0x00007ffa84a50000 - 0x00007ffa84a78000 	C:\WINDOWS\SYSTEM32\DEVOBJ.dll
0x000000005ab20000 - 0x000000005ab2f000 	C:\Program Files\Java\jdk1.8.0_31\jre\bin\verify.dll
0x000000005aaf0000 - 0x000000005ab18000 	C:\Program Files\Java\jdk1.8.0_31\jre\bin\java.dll
0x000000005aad0000 - 0x000000005aae6000 	C:\Program Files\Java\jdk1.8.0_31\jre\bin\zip.dll
0x00007ffa80710000 - 0x00007ffa80899000 	C:\WINDOWS\SYSTEM32\dbghelp.dll

VM Arguments:
jvm_args: -Djava.awt.headless=true -Xmx1024M -Dfile.encoding=windows-1252 -Duser.country=CA -Duser.language=en -Duser.variant 
java_command: com.android.dx.command.Main --dex --force-jumbo --num-threads=4 --multi-dex --output C:\Users\Saketh\Desktop\Honours Project\Marked\app\build\intermediates\transforms\dex\debug\folders\1000\10\com.android.support-support-core-utils-25.3.0_e3a535029b1240396aa673e893da4fd8d2aeb00c C:\Users\Saketh\Desktop\Honours Project\Marked\app\build\intermediates\exploded-aar\com.android.support\support-core-utils\25.3.0\jars\classes.jar
java_class_path (initial): C:\Users\Saketh\Desktop\New folder\adt-bundle-windows-x86_64-20130522\sdk\build-tools\25.0.0\lib\dx.jar
Launcher Type: SUN_STANDARD

Environment Variables:
PATH=C:\ProgramData\Oracle\Java\javapath;C:\Program Files (x86)\NVIDIA Corporation\PhysX\Common;C:\Program Files (x86)\Intel\iCLS Client\;C:\Program Files\Intel\iCLS Client\;C:\WINDOWS\system32;C:\WINDOWS;C:\WINDOWS\System32\Wbem;C:\WINDOWS\System32\WindowsPowerShell\v1.0\;C:\Program Files\Intel\Intel(R) Management Engine Components\DAL;C:\Program Files\Intel\Intel(R) Management Engine Components\IPT;C:\Program Files (x86)\Intel\Intel(R) Management Engine Components\DAL;C:\Program Files (x86)\Intel\Intel(R) Management Engine Components\IPT;C:\Program Files\Microsoft\Web Platform Installer\;C:\Program Files\Intel\WiFi\bin\;C:\Program Files\Common Files\Intel\WirelessCommon\;C:\Program Files (x86)\MiKTeX 2.9\miktex\bin\;C:\Program Files (x86)\Skype\Phone\;C:\Program Files\TortoiseGit\bin
USERNAME=Saketh
OS=Windows_NT
PROCESSOR_IDENTIFIER=Intel64 Family 6 Model 58 Stepping 9, GenuineIntel



---------------  S Y S T E M  ---------------

OS: Windows 8.1 , 64 bit Build 9600 

CPU:total 8 (4 cores per cpu, 2 threads per core) family 6 model 58 stepping 9, cmov, cx8, fxsr, mmx, sse, sse2, sse3, ssse3, sse4.1, sse4.2, popcnt, avx, aes, clmul, erms, ht, tsc, tscinvbit, tscinv

Memory: 4k page, physical 8334620k(907332k free), swap 11480348k(60016k free)

vm_info: Java HotSpot(TM) 64-Bit Server VM (25.31-b07) for windows-amd64 JRE (1.8.0_31-b13), built on Dec 17 2014 21:00:28 by "java_re" with MS VC++ 10.0 (VS2010)

time: Mon May 01 19:04:37 2017
elapsed time: 9 seconds (0d 0h 0m 9s)

