#
# There is insufficient memory for the Java Runtime Environment to continue.
# Native memory allocation (malloc) failed to allocate 135376 bytes for Chunk::new
# Possible reasons:
#   The system is out of physical RAM or swap space
#   In 32 bit mode, the process size limit was hit
# Possible solutions:
#   Reduce memory load on the system
#   Increase physical memory or swap space
#   Check if swap backing store is full
#   Use 64 bit Java on a 64 bit OS
#   Decrease Java heap size (-Xmx/-Xms)
#   Decrease number of Java threads
#   Decrease Java thread stack sizes (-Xss)
#   Set larger code cache with -XX:ReservedCodeCacheSize=
# This output file may be truncated or incomplete.
#
#  Out of Memory Error (allocation.cpp:390), pid=10424, tid=13720
#
# JRE version: Java(TM) SE Runtime Environment (8.0_31-b13) (build 1.8.0_31-b13)
# Java VM: Java HotSpot(TM) 64-Bit Server VM (25.31-b07 mixed mode windows-amd64 compressed oops)
# Failed to write core dump. Minidumps are not enabled by default on client versions of Windows
#

---------------  T H R E A D  ---------------

Current thread (0x0000000017225800):  JavaThread "C2 CompilerThread2" daemon [_thread_in_native, id=13720, stack(0x00000000179f0000,0x0000000017af0000)]

Stack: [0x00000000179f0000,0x0000000017af0000]
Native frames: (J=compiled Java code, j=interpreted, Vv=VM code, C=native code)
V  [jvm.dll+0x3169ba]


Current CompileTask:
C2:   2170 1292       4       com.android.dx.rop.code.Rop::hashCode (54 bytes)


---------------  P R O C E S S  ---------------

Java Threads: ( => current thread )
  0x00000000174ce800 JavaThread "pool-2-thread-4" [_thread_in_Java, id=7960, stack(0x00000000181f0000,0x00000000182f0000)]
  0x000000001750a800 JavaThread "pool-2-thread-3" [_thread_in_Java, id=5092, stack(0x00000000180f0000,0x00000000181f0000)]
  0x00000000174b9000 JavaThread "pool-2-thread-2" [_thread_blocked, id=9648, stack(0x0000000017ff0000,0x00000000180f0000)]
  0x00000000174b7000 JavaThread "pool-3-thread-1" [_thread_blocked, id=13624, stack(0x0000000017ef0000,0x0000000017ff0000)]
  0x00000000174b6800 JavaThread "pool-2-thread-1" [_thread_blocked, id=12984, stack(0x0000000017df0000,0x0000000017ef0000)]
  0x00000000172b2000 JavaThread "Service Thread" daemon [_thread_blocked, id=10452, stack(0x0000000017bf0000,0x0000000017cf0000)]
  0x0000000017230800 JavaThread "C1 CompilerThread3" daemon [_thread_in_native, id=12272, stack(0x0000000017af0000,0x0000000017bf0000)]
=>0x0000000017225800 JavaThread "C2 CompilerThread2" daemon [_thread_in_native, id=13720, stack(0x00000000179f0000,0x0000000017af0000)]
  0x0000000017221800 JavaThread "C2 CompilerThread1" daemon [_thread_blocked, id=10784, stack(0x00000000178f0000,0x00000000179f0000)]
  0x000000001721c000 JavaThread "C2 CompilerThread0" daemon [_thread_blocked, id=5000, stack(0x00000000177f0000,0x00000000178f0000)]
  0x0000000017216000 JavaThread "Attach Listener" daemon [_thread_blocked, id=9788, stack(0x00000000176f0000,0x00000000177f0000)]
  0x0000000017215800 JavaThread "Signal Dispatcher" daemon [_thread_blocked, id=8048, stack(0x00000000175f0000,0x00000000176f0000)]
  0x00000000011b9800 JavaThread "Finalizer" daemon [_thread_blocked, id=7100, stack(0x00000000170f0000,0x00000000171f0000)]
  0x00000000011b3000 JavaThread "Reference Handler" daemon [_thread_blocked, id=11720, stack(0x0000000016ff0000,0x00000000170f0000)]
  0x00000000010c0800 JavaThread "main" [_thread_blocked, id=12340, stack(0x0000000000f70000,0x0000000001070000)]

Other Threads:
  0x00000000151e6800 VMThread [stack: 0x0000000016ef0000,0x0000000016ff0000] [id=12512]
  0x00000000172b4000 WatcherThread [stack: 0x0000000017cf0000,0x0000000017df0000] [id=3788]

VM state:not at safepoint (normal execution)

VM Mutex/Monitor currently owned by a thread: None

Heap:
 PSYoungGen      total 38400K, used 8524K [0x00000000eab00000, 0x00000000ef600000, 0x0000000100000000)
  eden space 33280K, 10% used [0x00000000eab00000,0x00000000eae56840,0x00000000ecb80000)
  from space 5120K, 99% used [0x00000000ecb80000,0x00000000ed07c9e8,0x00000000ed080000)
  to   space 5120K, 0% used [0x00000000ef100000,0x00000000ef100000,0x00000000ef600000)
 ParOldGen       total 87552K, used 1184K [0x00000000c0000000, 0x00000000c5580000, 0x00000000eab00000)
  object space 87552K, 1% used [0x00000000c0000000,0x00000000c0128338,0x00000000c5580000)
 Metaspace       used 5923K, capacity 6896K, committed 7040K, reserved 1056768K
  class space    used 583K, capacity 616K, committed 640K, reserved 1048576K

Card table byte_map: [0x0000000001580000,0x0000000001790000] byte_map_base: 0x0000000000f80000

Marking Bits: (ParMarkBitMap*) 0x0000000059c2d4f0
 Begin Bits: [0x0000000012600000, 0x0000000013600000)
 End Bits:   [0x0000000013600000, 0x0000000014600000)

Polling page: 0x0000000000bd0000

CodeCache: size=245760Kb used=5098Kb max_used=5098Kb free=240661Kb
 bounds [0x0000000003400000, 0x0000000003910000, 0x0000000012400000]
 total_blobs=1556 nmethods=1293 adapters=177
 compilation: enabled

Compilation events (10 events):
Event: 2.157 Thread 0x0000000017230800 1287       3       com.android.dx.cf.direct.StdAttributeFactory::parse0 (532 bytes)
Event: 2.160 Thread 0x0000000017225800 1292       4       com.android.dx.rop.code.Rop::hashCode (54 bytes)
Event: 2.162 Thread 0x0000000017230800 nmethod 1287 0x00000000038f2290 code [0x00000000038f29e0, 0x00000000038f6a78]
Event: 2.162 Thread 0x0000000017230800 1290       3       java.util.TreeMap::fixAfterInsertion (267 bytes)
Event: 2.164 Thread 0x000000001721c000 1293   !   4       java.util.BitSet::clone (49 bytes)
Event: 2.167 Thread 0x0000000017230800 nmethod 1290 0x00000000038f9710 code [0x00000000038f9b80, 0x00000000038fc298]
Event: 2.167 Thread 0x0000000017230800 1295       1       com.android.dx.rop.cst.TypedConstant::isConstant (2 bytes)
Event: 2.167 Thread 0x0000000017230800 nmethod 1295 0x00000000038a46d0 code [0x00000000038a4820, 0x00000000038a4930]
Event: 2.167 Thread 0x0000000017230800 1294       3       com.android.dx.ssa.DomFront::calcDomFronts (154 bytes)
Event: 2.167 Thread 0x000000001721c000 nmethod 1293 0x00000000038ee910 code [0x00000000038eea80, 0x00000000038eeca8]

GC Heap History (2 events):
Event: 1.975 GC heap before
{Heap before GC invocations=1 (full 0):
 PSYoungGen      total 38400K, used 33280K [0x00000000eab00000, 0x00000000ed580000, 0x0000000100000000)
  eden space 33280K, 100% used [0x00000000eab00000,0x00000000ecb80000,0x00000000ecb80000)
  from space 5120K, 0% used [0x00000000ed080000,0x00000000ed080000,0x00000000ed580000)
  to   space 5120K, 0% used [0x00000000ecb80000,0x00000000ecb80000,0x00000000ed080000)
 ParOldGen       total 87552K, used 0K [0x00000000c0000000, 0x00000000c5580000, 0x00000000eab00000)
  object space 87552K, 0% used [0x00000000c0000000,0x00000000c0000000,0x00000000c5580000)
 Metaspace       used 5869K, capacity 6896K, committed 7040K, reserved 1056768K
  class space    used 583K, capacity 616K, committed 640K, reserved 1048576K
Event: 2.018 GC heap after
Heap after GC invocations=1 (full 0):
 PSYoungGen      total 38400K, used 5106K [0x00000000eab00000, 0x00000000ef600000, 0x0000000100000000)
  eden space 33280K, 0% used [0x00000000eab00000,0x00000000eab00000,0x00000000ecb80000)
  from space 5120K, 99% used [0x00000000ecb80000,0x00000000ed07c9e8,0x00000000ed080000)
  to   space 5120K, 0% used [0x00000000ef100000,0x00000000ef100000,0x00000000ef600000)
 ParOldGen       total 87552K, used 1184K [0x00000000c0000000, 0x00000000c5580000, 0x00000000eab00000)
  object space 87552K, 1% used [0x00000000c0000000,0x00000000c0128338,0x00000000c5580000)
 Metaspace       used 5869K, capacity 6896K, committed 7040K, reserved 1056768K
  class space    used 583K, capacity 616K, committed 640K, reserved 1048576K
}

Deoptimization events (5 events):
Event: 1.037 Thread 0x00000000010c0800 Uncommon trap: reason=null_check action=make_not_entrant pc=0x00000000036a3a70 method=com.android.dx.rop.type.Type.equals(Ljava/lang/Object;)Z @ 8
Event: 1.041 Thread 0x000000001750a800 Uncommon trap: reason=class_check action=maybe_recompile pc=0x00000000036a60f0 method=com.android.dx.rop.type.Type.equals(Ljava/lang/Object;)Z @ 8
Event: 1.042 Thread 0x000000001750a800 Uncommon trap: reason=class_check action=maybe_recompile pc=0x00000000036a60f0 method=com.android.dx.rop.type.Type.equals(Ljava/lang/Object;)Z @ 8
Event: 1.064 Thread 0x000000001750a800 Uncommon trap: reason=class_check action=maybe_recompile pc=0x00000000036a60f0 method=com.android.dx.rop.type.Type.equals(Ljava/lang/Object;)Z @ 8
Event: 1.090 Thread 0x000000001750a800 Uncommon trap: reason=class_check action=maybe_recompile pc=0x00000000036a60f0 method=com.android.dx.rop.type.Type.equals(Ljava/lang/Object;)Z @ 8

Internal exceptions (10 events):
Event: 0.924 Thread 0x00000000174b6800 Exception <a 'java/security/PrivilegedActionException'> (0x00000000eb652f98) thrown at [C:\workspace\8-2-build-windows-amd64-cygwin\jdk8u31\2394\hotspot\src\share\vm\prims\jvm.cpp, line 1312]
Event: 0.929 Thread 0x00000000174b9000 Exception <a 'java/security/PrivilegedActionException'> (0x00000000eb521620) thrown at [C:\workspace\8-2-build-windows-amd64-cygwin\jdk8u31\2394\hotspot\src\share\vm\prims\jvm.cpp, line 1312]
Event: 0.933 Thread 0x00000000174b9000 Exception <a 'java/security/PrivilegedActionException'> (0x00000000eb527b88) thrown at [C:\workspace\8-2-build-windows-amd64-cygwin\jdk8u31\2394\hotspot\src\share\vm\prims\jvm.cpp, line 1312]
Event: 0.934 Thread 0x00000000174b9000 Exception <a 'java/security/PrivilegedActionException'> (0x00000000eb52c558) thrown at [C:\workspace\8-2-build-windows-amd64-cygwin\jdk8u31\2394\hotspot\src\share\vm\prims\jvm.cpp, line 1312]
Event: 0.940 Thread 0x000000001750a800 Exception <a 'java/security/PrivilegedActionException'> (0x00000000eb3715f0) thrown at [C:\workspace\8-2-build-windows-amd64-cygwin\jdk8u31\2394\hotspot\src\share\vm\prims\jvm.cpp, line 1312]
Event: 0.953 Thread 0x00000000174ce800 Exception <a 'java/security/PrivilegedActionException'> (0x00000000eb9059e8) thrown at [C:\workspace\8-2-build-windows-amd64-cygwin\jdk8u31\2394\hotspot\src\share\vm\prims\jvm.cpp, line 1312]
Event: 1.003 Thread 0x000000001750a800 Exception <a 'java/security/PrivilegedActionException'> (0x00000000eb88c228) thrown at [C:\workspace\8-2-build-windows-amd64-cygwin\jdk8u31\2394\hotspot\src\share\vm\prims\jvm.cpp, line 1312]
Event: 1.024 Thread 0x000000001750a800 Exception <a 'java/security/PrivilegedActionException'> (0x00000000eb89e9a8) thrown at [C:\workspace\8-2-build-windows-amd64-cygwin\jdk8u31\2394\hotspot\src\share\vm\prims\jvm.cpp, line 1312]
Event: 1.037 Thread 0x00000000010c0800 Implicit null exception at 0x00000000036a3962 to 0x00000000036a3a61
Event: 1.534 Thread 0x00000000010c0800 Exception <a 'java/security/PrivilegedActionException'> (0x00000000ec778410) thrown at [C:\workspace\8-2-build-windows-amd64-cygwin\jdk8u31\2394\hotspot\src\share\vm\prims\jvm.cpp, line 1312]

Events (10 events):
Event: 1.424 Thread 0x00000000010c0800 DEOPT PACKING pc=0x000000000376439f sp=0x000000000106e660
Event: 1.424 Thread 0x00000000010c0800 DEOPT UNPACKING pc=0x00000000034475bf sp=0x000000000106e440 mode 0
Event: 1.534 loading class com/android/dx/cf/attrib/AttEnclosingMethod
Event: 1.534 loading class com/android/dx/cf/attrib/AttEnclosingMethod done
Event: 1.796 Executing VM operation: ForceSafepoint
Event: 1.903 Executing VM operation: ForceSafepoint done
Event: 1.975 Executing VM operation: ParallelGCFailedAllocation
Event: 2.018 Executing VM operation: ParallelGCFailedAllocation done
Event: 2.047 Thread 0x00000000174ce800 DEOPT PACKING pc=0x00000000037b58b1 sp=0x00000000182ee4e0
Event: 2.047 Thread 0x00000000174ce800 DEOPT UNPACKING pc=0x00000000034475bf sp=0x00000000182ee2a8 mode 0


Dynamic libraries:
0x00007ff644d20000 - 0x00007ff644d54000 	C:\Program Files\Java\jdk1.8.0_31\bin\java.exe
0x00007ffa88b20000 - 0x00007ffa88ccd000 	C:\WINDOWS\SYSTEM32\ntdll.dll
0x00007ffa87f00000 - 0x00007ffa8803e000 	C:\WINDOWS\system32\KERNEL32.DLL
0x00007ffa85d10000 - 0x00007ffa85e25000 	C:\WINDOWS\system32\KERNELBASE.dll
0x00007ffa847e0000 - 0x00007ffa8486e000 	C:\WINDOWS\system32\apphelp.dll
0x00007ffa6d0a0000 - 0x00007ffa6d0f3000 	C:\WINDOWS\AppPatch\AppPatch64\AcGenral.DLL
0x00007ffa88640000 - 0x00007ffa886ea000 	C:\WINDOWS\system32\msvcrt.dll
0x00007ffa86170000 - 0x00007ffa8619e000 	C:\WINDOWS\system32\SspiCli.dll
0x00007ffa88040000 - 0x00007ffa88094000 	C:\WINDOWS\system32\SHLWAPI.dll
0x00007ffa88260000 - 0x00007ffa883d7000 	C:\WINDOWS\system32\USER32.dll
0x00007ffa864a0000 - 0x00007ffa86634000 	C:\WINDOWS\system32\ole32.dll
0x00007ffa86860000 - 0x00007ffa87d88000 	C:\WINDOWS\system32\SHELL32.dll
0x00007ffa85670000 - 0x00007ffa85691000 	C:\WINDOWS\SYSTEM32\USERENV.dll
0x00007ffa88590000 - 0x00007ffa8863a000 	C:\WINDOWS\system32\ADVAPI32.dll
0x00007ffa7fce0000 - 0x00007ffa7fcfe000 	C:\WINDOWS\SYSTEM32\MPR.dll
0x00007ffa88450000 - 0x00007ffa88590000 	C:\WINDOWS\system32\RPCRT4.dll
0x00007ffa86650000 - 0x00007ffa866a9000 	C:\WINDOWS\SYSTEM32\sechost.dll
0x00007ffa861c0000 - 0x00007ffa863d1000 	C:\WINDOWS\SYSTEM32\combase.dll
0x00007ffa86710000 - 0x00007ffa8685f000 	C:\WINDOWS\system32\GDI32.dll
0x00007ffa85c40000 - 0x00007ffa85c55000 	C:\WINDOWS\SYSTEM32\profapi.dll
0x00007ffa841b0000 - 0x00007ffa84262000 	C:\WINDOWS\SYSTEM32\SHCORE.dll
0x00007ffa87e50000 - 0x00007ffa87e86000 	C:\WINDOWS\system32\IMM32.DLL
0x00007ffa887e0000 - 0x00007ffa88932000 	C:\WINDOWS\system32\MSCTF.dll
0x00007ffa83d30000 - 0x00007ffa83fab000 	C:\WINDOWS\WinSxS\amd64_microsoft.windows.common-controls_6595b64144ccf1df_6.0.9600.18006_none_623f33d3ecbe86e8\COMCTL32.dll
0x000000005ab30000 - 0x000000005ac02000 	C:\Program Files\Java\jdk1.8.0_31\jre\bin\msvcr100.dll
0x0000000059450000 - 0x0000000059caa000 	C:\Program Files\Java\jdk1.8.0_31\jre\bin\server\jvm.dll
0x00007ffa7c230000 - 0x00007ffa7c239000 	C:\WINDOWS\SYSTEM32\WSOCK32.dll
0x00007ffa819d0000 - 0x00007ffa819f2000 	C:\WINDOWS\SYSTEM32\WINMM.dll
0x00007ffa861a0000 - 0x00007ffa861a7000 	C:\WINDOWS\system32\PSAPI.DLL
0x00007ffa866b0000 - 0x00007ffa8670a000 	C:\WINDOWS\system32\WS2_32.dll
0x00007ffa81670000 - 0x00007ffa8169a000 	C:\WINDOWS\SYSTEM32\WINMMBASE.dll
0x00007ffa87ef0000 - 0x00007ffa87ef9000 	C:\WINDOWS\system32\NSI.dll
0x00007ffa860c0000 - 0x00007ffa8610f000 	C:\WINDOWS\SYSTEM32\cfgmgr32.dll
0x00007ffa84a50000 - 0x00007ffa84a78000 	C:\WINDOWS\SYSTEM32\DEVOBJ.dll
0x000000005ab20000 - 0x000000005ab2f000 	C:\Program Files\Java\jdk1.8.0_31\jre\bin\verify.dll
0x000000005aaf0000 - 0x000000005ab18000 	C:\Program Files\Java\jdk1.8.0_31\jre\bin\java.dll
0x000000005aad0000 - 0x000000005aae6000 	C:\Program Files\Java\jdk1.8.0_31\jre\bin\zip.dll

VM Arguments:
jvm_args: -Djava.awt.headless=true -Xmx1024M -Dfile.encoding=windows-1252 -Duser.country=CA -Duser.language=en -Duser.variant 
java_command: com.android.dx.command.Main --dex --force-jumbo --num-threads=4 --multi-dex --output C:\Users\Saketh\Desktop\Honours Project\Marked\app\build\intermediates\transforms\dex\debug\folders\1000\10\com.google.firebase-firebase-database-connection-10.2.1_0aa757d9e3a6c0bde87c06cf88949f660ae1291b C:\Users\Saketh\Desktop\Honours Project\Marked\app\build\intermediates\exploded-aar\com.google.firebase\firebase-database-connection\10.2.1\jars\classes.jar
java_class_path (initial): C:\Users\Saketh\Desktop\New folder\adt-bundle-windows-x86_64-20130522\sdk\build-tools\25.0.0\lib\dx.jar
Launcher Type: SUN_STANDARD

Environment Variables:
PATH=C:\ProgramData\Oracle\Java\javapath;C:\Program Files (x86)\NVIDIA Corporation\PhysX\Common;C:\Program Files (x86)\Intel\iCLS Client\;C:\Program Files\Intel\iCLS Client\;C:\WINDOWS\system32;C:\WINDOWS;C:\WINDOWS\System32\Wbem;C:\WINDOWS\System32\WindowsPowerShell\v1.0\;C:\Program Files\Intel\Intel(R) Management Engine Components\DAL;C:\Program Files\Intel\Intel(R) Management Engine Components\IPT;C:\Program Files (x86)\Intel\Intel(R) Management Engine Components\DAL;C:\Program Files (x86)\Intel\Intel(R) Management Engine Components\IPT;C:\Program Files\Microsoft\Web Platform Installer\;C:\Program Files\Intel\WiFi\bin\;C:\Program Files\Common Files\Intel\WirelessCommon\;C:\Program Files (x86)\MiKTeX 2.9\miktex\bin\;C:\Program Files (x86)\Skype\Phone\;C:\Program Files\TortoiseGit\bin
USERNAME=Saketh
OS=Windows_NT
PROCESSOR_IDENTIFIER=Intel64 Family 6 Model 58 Stepping 9, GenuineIntel



---------------  S Y S T E M  ---------------

OS: Windows 8.1 , 64 bit Build 9600 

CPU:total 8 (4 cores per cpu, 2 threads per core) family 6 model 58 stepping 9, cmov, cx8, fxsr, mmx, sse, sse2, sse3, ssse3, sse4.1, sse4.2, popcnt, avx, aes, clmul, erms, ht, tsc, tscinvbit, tscinv

Memory: 4k page, physical 8334620k(1222324k free), swap 11480348k(5136k free)

vm_info: Java HotSpot(TM) 64-Bit Server VM (25.31-b07) for windows-amd64 JRE (1.8.0_31-b13), built on Dec 17 2014 21:00:28 by "java_re" with MS VC++ 10.0 (VS2010)

time: Tue May 02 17:09:16 2017
elapsed time: 2 seconds (0d 0h 0m 2s)

