#
# There is insufficient memory for the Java Runtime Environment to continue.
# Native memory allocation (malloc) failed to allocate 378896 bytes for Chunk::new
# Possible reasons:
#   The system is out of physical RAM or swap space
#   In 32 bit mode, the process size limit was hit
# Possible solutions:
#   Reduce memory load on the system
#   Increase physical memory or swap space
#   Check if swap backing store is full
#   Use 64 bit Java on a 64 bit OS
#   Decrease Java heap size (-Xmx/-Xms)
#   Decrease number of Java threads
#   Decrease Java thread stack sizes (-Xss)
#   Set larger code cache with -XX:ReservedCodeCacheSize=
# This output file may be truncated or incomplete.
#
#  Out of Memory Error (allocation.cpp:390), pid=7380, tid=9172
#
# JRE version: Java(TM) SE Runtime Environment (8.0_31-b13) (build 1.8.0_31-b13)
# Java VM: Java HotSpot(TM) 64-Bit Server VM (25.31-b07 mixed mode windows-amd64 compressed oops)
# Failed to write core dump. Minidumps are not enabled by default on client versions of Windows
#

---------------  T H R E A D  ---------------

Current thread (0x0000000016dc2800):  JavaThread "C2 CompilerThread2" daemon [_thread_in_native, id=9172, stack(0x0000000017590000,0x0000000017690000)]

Stack: [0x0000000017590000,0x0000000017690000]
Native frames: (J=compiled Java code, j=interpreted, Vv=VM code, C=native code)
V  [jvm.dll+0x3169ba]


Current CompileTask:
C2:   1206 1267       4       com.android.dx.ssa.back.LivenessAnalyzer::run (231 bytes)


---------------  P R O C E S S  ---------------

Java Threads: ( => current thread )
  0x00000000170a8800 JavaThread "pool-2-thread-4" [_thread_in_Java, id=9796, stack(0x0000000017d90000,0x0000000017e90000)]
  0x0000000017090000 JavaThread "pool-2-thread-3" [_thread_blocked, id=12000, stack(0x0000000017c90000,0x0000000017d90000)]
  0x000000001708f800 JavaThread "pool-2-thread-2" [_thread_in_Java, id=7564, stack(0x0000000017b90000,0x0000000017c90000)]
  0x0000000017086000 JavaThread "pool-3-thread-1" [_thread_blocked, id=13388, stack(0x0000000017a90000,0x0000000017b90000)]
  0x0000000017084000 JavaThread "pool-2-thread-1" [_thread_in_Java, id=12044, stack(0x0000000017990000,0x0000000017a90000)]
  0x0000000016e58800 JavaThread "Service Thread" daemon [_thread_blocked, id=10368, stack(0x0000000017790000,0x0000000017890000)]
  0x0000000016ddd800 JavaThread "C1 CompilerThread3" daemon [_thread_in_native, id=1492, stack(0x0000000017690000,0x0000000017790000)]
=>0x0000000016dc2800 JavaThread "C2 CompilerThread2" daemon [_thread_in_native, id=9172, stack(0x0000000017590000,0x0000000017690000)]
  0x0000000016db9800 JavaThread "C2 CompilerThread1" daemon [_thread_in_native, id=13444, stack(0x0000000017490000,0x0000000017590000)]
  0x0000000016db7000 JavaThread "C2 CompilerThread0" daemon [_thread_in_native, id=14316, stack(0x0000000017390000,0x0000000017490000)]
  0x0000000016db5000 JavaThread "Attach Listener" daemon [_thread_blocked, id=12108, stack(0x0000000017290000,0x0000000017390000)]
  0x0000000016db4800 JavaThread "Signal Dispatcher" daemon [_thread_blocked, id=14328, stack(0x0000000017190000,0x0000000017290000)]
  0x0000000002287800 JavaThread "Finalizer" daemon [_thread_blocked, id=5620, stack(0x0000000016c90000,0x0000000016d90000)]
  0x0000000014dab800 JavaThread "Reference Handler" daemon [_thread_blocked, id=3380, stack(0x0000000016b90000,0x0000000016c90000)]
  0x0000000002190800 JavaThread "main" [_thread_in_Java, id=4876, stack(0x0000000002000000,0x0000000002100000)]

Other Threads:
  0x0000000014da6800 VMThread [stack: 0x0000000016a90000,0x0000000016b90000] [id=14008]
  0x0000000016e5a800 WatcherThread [stack: 0x0000000017890000,0x0000000017990000] [id=2060]

VM state:not at safepoint (normal execution)

VM Mutex/Monitor currently owned by a thread:  ([mutex/lock_event])
[0x000000000210ba50] CodeCache_lock - owner thread: 0x0000000016ddd800

Heap:
 PSYoungGen      total 38400K, used 20912K [0x00000000eab00000, 0x00000000ed580000, 0x0000000100000000)
  eden space 33280K, 47% used [0x00000000eab00000,0x00000000eba6e570,0x00000000ecb80000)
  from space 5120K, 99% used [0x00000000ecb80000,0x00000000ed07dc78,0x00000000ed080000)
  to   space 5120K, 0% used [0x00000000ed080000,0x00000000ed080000,0x00000000ed580000)
 ParOldGen       total 87552K, used 1792K [0x00000000c0000000, 0x00000000c5580000, 0x00000000eab00000)
  object space 87552K, 2% used [0x00000000c0000000,0x00000000c01c0138,0x00000000c5580000)
 Metaspace       used 5968K, capacity 6960K, committed 7040K, reserved 1056768K
  class space    used 589K, capacity 616K, committed 640K, reserved 1048576K

Card table byte_map: [0x0000000011650000,0x0000000011860000] byte_map_base: 0x0000000011050000

Marking Bits: (ParMarkBitMap*) 0x0000000059c2d4f0
 Begin Bits: [0x00000000121c0000, 0x00000000131c0000)
 End Bits:   [0x00000000131c0000, 0x00000000141c0000)

Polling page: 0x0000000001f20000

CodeCache: size=245760Kb used=4889Kb max_used=4889Kb free=240870Kb
 bounds [0x0000000002290000, 0x0000000002760000, 0x0000000011290000]
 total_blobs=1536 nmethods=1273 adapters=177
 compilation: enabled

Compilation events (10 events):
Event: 1.197 Thread 0x0000000016ddd800 nmethod 1233 0x0000000002717750 code [0x00000000027178a0, 0x00000000027179f0]
Event: 1.197 Thread 0x0000000016ddd800 1237       3       com.android.dx.rop.cst.TypedConstant::getBasicFrameType (8 bytes)
Event: 1.197 Thread 0x0000000016ddd800 nmethod 1237 0x000000000274da10 code [0x000000000274db80, 0x000000000274de58]
Event: 1.197 Thread 0x0000000016ddd800 1250       3       com.android.dx.rop.code.Rops::opConst (85 bytes)
Event: 1.198 Thread 0x0000000016ddd800 nmethod 1250 0x000000000274df50 code [0x000000000274e180, 0x000000000274ee68]
Event: 1.198 Thread 0x0000000016ddd800 1226       3       com.android.dx.cf.code.ConcreteMethod::getEffectiveDescriptor (10 bytes)
Event: 1.198 Thread 0x0000000016ddd800 nmethod 1226 0x000000000274f3d0 code [0x000000000274f540, 0x000000000274f768]
Event: 1.198 Thread 0x0000000016ddd800 1232       3       com.android.dx.rop.code.RopMethod::<init> (53 bytes)
Event: 1.199 Thread 0x0000000016ddd800 nmethod 1232 0x000000000274f810 code [0x000000000274f9a0, 0x000000000274fd38]
Event: 1.199 Thread 0x0000000016ddd800 1285       3       com.android.dx.cf.code.Ropper::addExceptionSetupBlocks (203 bytes)

GC Heap History (2 events):
Event: 1.000 GC heap before
{Heap before GC invocations=1 (full 0):
 PSYoungGen      total 38400K, used 33280K [0x00000000eab00000, 0x00000000ed580000, 0x0000000100000000)
  eden space 33280K, 100% used [0x00000000eab00000,0x00000000ecb80000,0x00000000ecb80000)
  from space 5120K, 0% used [0x00000000ed080000,0x00000000ed080000,0x00000000ed580000)
  to   space 5120K, 0% used [0x00000000ecb80000,0x00000000ecb80000,0x00000000ed080000)
 ParOldGen       total 87552K, used 0K [0x00000000c0000000, 0x00000000c5580000, 0x00000000eab00000)
  object space 87552K, 0% used [0x00000000c0000000,0x00000000c0000000,0x00000000c5580000)
 Metaspace       used 5910K, capacity 6896K, committed 7040K, reserved 1056768K
  class space    used 588K, capacity 616K, committed 640K, reserved 1048576K
Event: 1.011 GC heap after
Heap after GC invocations=1 (full 0):
 PSYoungGen      total 38400K, used 5111K [0x00000000eab00000, 0x00000000ed580000, 0x0000000100000000)
  eden space 33280K, 0% used [0x00000000eab00000,0x00000000eab00000,0x00000000ecb80000)
  from space 5120K, 99% used [0x00000000ecb80000,0x00000000ed07dc78,0x00000000ed080000)
  to   space 5120K, 0% used [0x00000000ed080000,0x00000000ed080000,0x00000000ed580000)
 ParOldGen       total 87552K, used 1792K [0x00000000c0000000, 0x00000000c5580000, 0x00000000eab00000)
  object space 87552K, 2% used [0x00000000c0000000,0x00000000c01c0138,0x00000000c5580000)
 Metaspace       used 5910K, capacity 6896K, committed 7040K, reserved 1056768K
  class space    used 588K, capacity 616K, committed 640K, reserved 1048576K
}

Deoptimization events (9 events):
Event: 0.734 Thread 0x0000000002190800 Uncommon trap: reason=unreached action=reinterpret pc=0x000000000253f1bc method=com.android.dx.ssa.SsaMethod.onSourcesChanged(Lcom/android/dx/ssa/SsaInsn;Lcom/android/dx/rop/code/RegisterSpecList;)V @ 4
Event: 1.159 Thread 0x0000000017084000 Uncommon trap: reason=uninitialized action=reinterpret pc=0x00000000026fb7a0 method=com.android.dx.cf.code.BytecodeArray.parseInstruction(ILcom/android/dx/cf/code/BytecodeArray$Visitor;)I @ 999
Event: 1.164 Thread 0x0000000017084000 Uncommon trap: reason=bimorphic action=maybe_recompile pc=0x000000000248c610 method=java.util.HashMap.getNode(ILjava/lang/Object;)Ljava/util/HashMap$Node; @ 126
Event: 1.164 Thread 0x0000000017084000 Uncommon trap: reason=class_check action=maybe_recompile pc=0x000000000269ef30 method=java.util.HashMap.putVal(ILjava/lang/Object;Ljava/lang/Object;ZZ)Ljava/lang/Object; @ 203
Event: 1.164 Thread 0x0000000017084000 Uncommon trap: reason=bimorphic action=maybe_recompile pc=0x000000000248c610 method=java.util.HashMap.getNode(ILjava/lang/Object;)Ljava/util/HashMap$Node; @ 126
Event: 1.164 Thread 0x0000000017084000 Uncommon trap: reason=class_check action=maybe_recompile pc=0x000000000269ef30 method=java.util.HashMap.putVal(ILjava/lang/Object;Ljava/lang/Object;ZZ)Ljava/lang/Object; @ 203
Event: 1.164 Thread 0x0000000017084000 Uncommon trap: reason=bimorphic action=maybe_recompile pc=0x000000000248c610 method=java.util.HashMap.getNode(ILjava/lang/Object;)Ljava/util/HashMap$Node; @ 126
Event: 1.164 Thread 0x0000000017084000 Uncommon trap: reason=bimorphic action=maybe_recompile pc=0x000000000248c610 method=java.util.HashMap.getNode(ILjava/lang/Object;)Ljava/util/HashMap$Node; @ 126
Event: 1.194 Thread 0x0000000002190800 Uncommon trap: reason=class_check action=maybe_recompile pc=0x000000000269ef30 method=java.util.HashMap.putVal(ILjava/lang/Object;Ljava/lang/Object;ZZ)Ljava/lang/Object; @ 203

Internal exceptions (10 events):
Event: 0.483 Thread 0x0000000017084000 Exception <a 'java/security/PrivilegedActionException'> (0x00000000eb960c18) thrown at [C:\workspace\8-2-build-windows-amd64-cygwin\jdk8u31\2394\hotspot\src\share\vm\prims\jvm.cpp, line 1312]
Event: 0.613 Thread 0x00000000170a8800 Exception <a 'java/security/PrivilegedActionException'> (0x00000000eba21440) thrown at [C:\workspace\8-2-build-windows-amd64-cygwin\jdk8u31\2394\hotspot\src\share\vm\prims\jvm.cpp, line 1312]
Event: 0.728 Thread 0x0000000002190800 Exception <a 'java/security/PrivilegedActionException'> (0x00000000ebf49a00) thrown at [C:\workspace\8-2-build-windows-amd64-cygwin\jdk8u31\2394\hotspot\src\share\vm\prims\jvm.cpp, line 1312]
Event: 0.729 Thread 0x0000000002190800 Exception <a 'java/security/PrivilegedActionException'> (0x00000000ebf4d0c8) thrown at [C:\workspace\8-2-build-windows-amd64-cygwin\jdk8u31\2394\hotspot\src\share\vm\prims\jvm.cpp, line 1312]
Event: 0.729 Thread 0x0000000002190800 Exception <a 'java/security/PrivilegedActionException'> (0x00000000ebf4fd10) thrown at [C:\workspace\8-2-build-windows-amd64-cygwin\jdk8u31\2394\hotspot\src\share\vm\prims\jvm.cpp, line 1312]
Event: 0.735 Thread 0x0000000002190800 Exception <a 'java/security/PrivilegedActionException'> (0x00000000ec15f408) thrown at [C:\workspace\8-2-build-windows-amd64-cygwin\jdk8u31\2394\hotspot\src\share\vm\prims\jvm.cpp, line 1312]
Event: 0.736 Thread 0x0000000002190800 Exception <a 'java/security/PrivilegedActionException'> (0x00000000ec165408) thrown at [C:\workspace\8-2-build-windows-amd64-cygwin\jdk8u31\2394\hotspot\src\share\vm\prims\jvm.cpp, line 1312]
Event: 0.736 Thread 0x0000000002190800 Exception <a 'java/security/PrivilegedActionException'> (0x00000000ec16b158) thrown at [C:\workspace\8-2-build-windows-amd64-cygwin\jdk8u31\2394\hotspot\src\share\vm\prims\jvm.cpp, line 1312]
Event: 1.178 Thread 0x0000000002190800 Exception <a 'java/security/PrivilegedActionException'> (0x00000000eb44eb70) thrown at [C:\workspace\8-2-build-windows-amd64-cygwin\jdk8u31\2394\hotspot\src\share\vm\prims\jvm.cpp, line 1312]
Event: 1.196 Thread 0x0000000017090000 Exception <a 'java/security/PrivilegedActionException'> (0x00000000eb7606b0) thrown at [C:\workspace\8-2-build-windows-amd64-cygwin\jdk8u31\2394\hotspot\src\share\vm\prims\jvm.cpp, line 1312]

Events (10 events):
Event: 1.164 Thread 0x0000000017084000 Uncommon trap: trap_request=0xffffffc6 fr.pc=0x000000000248c610
Event: 1.164 Thread 0x0000000017084000 DEOPT PACKING pc=0x000000000248c610 sp=0x0000000017a8e9a0
Event: 1.164 Thread 0x0000000017084000 DEOPT UNPACKING pc=0x00000000022d556a sp=0x0000000017a8e8c8 mode 2
Event: 1.178 loading class com/android/dx/cf/attrib/AttConstantValue
Event: 1.178 loading class com/android/dx/cf/attrib/AttConstantValue done
Event: 1.194 Thread 0x0000000002190800 Uncommon trap: trap_request=0xffffffde fr.pc=0x000000000269ef30
Event: 1.194 Thread 0x0000000002190800 DEOPT PACKING pc=0x000000000269ef30 sp=0x00000000020fdfe0
Event: 1.194 Thread 0x0000000002190800 DEOPT UNPACKING pc=0x00000000022d556a sp=0x00000000020fdf58 mode 2
Event: 1.196 loading class com/android/dx/cf/code/BytecodeArray$ConstantParserVisitor
Event: 1.196 loading class com/android/dx/cf/code/BytecodeArray$ConstantParserVisitor done


Dynamic libraries:
0x00007ff644d20000 - 0x00007ff644d54000 	C:\Program Files\Java\jdk1.8.0_31\bin\java.exe
0x00007ffa88b20000 - 0x00007ffa88ccd000 	C:\WINDOWS\SYSTEM32\ntdll.dll
0x00007ffa87f00000 - 0x00007ffa8803e000 	C:\WINDOWS\system32\KERNEL32.DLL
0x00007ffa85d10000 - 0x00007ffa85e25000 	C:\WINDOWS\system32\KERNELBASE.dll
0x00007ffa847e0000 - 0x00007ffa8486e000 	C:\WINDOWS\system32\apphelp.dll
0x00007ffa6e1c0000 - 0x00007ffa6e213000 	C:\WINDOWS\AppPatch\AppPatch64\AcGenral.DLL
0x00007ffa88640000 - 0x00007ffa886ea000 	C:\WINDOWS\system32\msvcrt.dll
0x00007ffa86170000 - 0x00007ffa8619e000 	C:\WINDOWS\system32\SspiCli.dll
0x00007ffa88040000 - 0x00007ffa88094000 	C:\WINDOWS\system32\SHLWAPI.dll
0x00007ffa88260000 - 0x00007ffa883d7000 	C:\WINDOWS\system32\USER32.dll
0x00007ffa864a0000 - 0x00007ffa86634000 	C:\WINDOWS\system32\ole32.dll
0x00007ffa86860000 - 0x00007ffa87d88000 	C:\WINDOWS\system32\SHELL32.dll
0x00007ffa85670000 - 0x00007ffa85691000 	C:\WINDOWS\SYSTEM32\USERENV.dll
0x00007ffa88590000 - 0x00007ffa8863a000 	C:\WINDOWS\system32\ADVAPI32.dll
0x00007ffa7fce0000 - 0x00007ffa7fcfe000 	C:\WINDOWS\SYSTEM32\MPR.dll
0x00007ffa88450000 - 0x00007ffa88590000 	C:\WINDOWS\system32\RPCRT4.dll
0x00007ffa86650000 - 0x00007ffa866a9000 	C:\WINDOWS\SYSTEM32\sechost.dll
0x00007ffa861c0000 - 0x00007ffa863d1000 	C:\WINDOWS\SYSTEM32\combase.dll
0x00007ffa86710000 - 0x00007ffa8685f000 	C:\WINDOWS\system32\GDI32.dll
0x00007ffa85c40000 - 0x00007ffa85c55000 	C:\WINDOWS\SYSTEM32\profapi.dll
0x00007ffa841b0000 - 0x00007ffa84262000 	C:\WINDOWS\SYSTEM32\SHCORE.dll
0x00007ffa87e50000 - 0x00007ffa87e86000 	C:\WINDOWS\system32\IMM32.DLL
0x00007ffa887e0000 - 0x00007ffa88932000 	C:\WINDOWS\system32\MSCTF.dll
0x00007ffa83d30000 - 0x00007ffa83fab000 	C:\WINDOWS\WinSxS\amd64_microsoft.windows.common-controls_6595b64144ccf1df_6.0.9600.18006_none_623f33d3ecbe86e8\COMCTL32.dll
0x000000005ab30000 - 0x000000005ac02000 	C:\Program Files\Java\jdk1.8.0_31\jre\bin\msvcr100.dll
0x0000000059450000 - 0x0000000059caa000 	C:\Program Files\Java\jdk1.8.0_31\jre\bin\server\jvm.dll
0x00007ffa7c230000 - 0x00007ffa7c239000 	C:\WINDOWS\SYSTEM32\WSOCK32.dll
0x00007ffa819d0000 - 0x00007ffa819f2000 	C:\WINDOWS\SYSTEM32\WINMM.dll
0x00007ffa861a0000 - 0x00007ffa861a7000 	C:\WINDOWS\system32\PSAPI.DLL
0x00007ffa866b0000 - 0x00007ffa8670a000 	C:\WINDOWS\system32\WS2_32.dll
0x00007ffa81670000 - 0x00007ffa8169a000 	C:\WINDOWS\SYSTEM32\WINMMBASE.dll
0x00007ffa87ef0000 - 0x00007ffa87ef9000 	C:\WINDOWS\system32\NSI.dll
0x00007ffa860c0000 - 0x00007ffa8610f000 	C:\WINDOWS\SYSTEM32\cfgmgr32.dll
0x00007ffa84a50000 - 0x00007ffa84a78000 	C:\WINDOWS\SYSTEM32\DEVOBJ.dll
0x000000005ab20000 - 0x000000005ab2f000 	C:\Program Files\Java\jdk1.8.0_31\jre\bin\verify.dll
0x000000005aaf0000 - 0x000000005ab18000 	C:\Program Files\Java\jdk1.8.0_31\jre\bin\java.dll
0x000000005aad0000 - 0x000000005aae6000 	C:\Program Files\Java\jdk1.8.0_31\jre\bin\zip.dll
0x00007ffa80710000 - 0x00007ffa80899000 	C:\WINDOWS\SYSTEM32\dbghelp.dll

VM Arguments:
jvm_args: -Djava.awt.headless=true -Xmx1024M -Dfile.encoding=windows-1252 -Duser.country=CA -Duser.language=en -Duser.variant 
java_command: com.android.dx.command.Main --dex --force-jumbo --num-threads=4 --multi-dex --output C:\Users\Saketh\Desktop\Honours Project\Marked\app\build\intermediates\transforms\dex\debug\folders\1000\10\com.google.android.gms-play-services-location-10.2.1_ba4400f475f596e82c7b5545491ac83cba446b48 C:\Users\Saketh\Desktop\Honours Project\Marked\app\build\intermediates\exploded-aar\com.google.android.gms\play-services-location\10.2.1\jars\classes.jar
java_class_path (initial): C:\Users\Saketh\Desktop\New folder\adt-bundle-windows-x86_64-20130522\sdk\build-tools\25.0.0\lib\dx.jar
Launcher Type: SUN_STANDARD

Environment Variables:
PATH=C:\ProgramData\Oracle\Java\javapath;C:\Program Files (x86)\NVIDIA Corporation\PhysX\Common;C:\Program Files (x86)\Intel\iCLS Client\;C:\Program Files\Intel\iCLS Client\;C:\WINDOWS\system32;C:\WINDOWS;C:\WINDOWS\System32\Wbem;C:\WINDOWS\System32\WindowsPowerShell\v1.0\;C:\Program Files\Intel\Intel(R) Management Engine Components\DAL;C:\Program Files\Intel\Intel(R) Management Engine Components\IPT;C:\Program Files (x86)\Intel\Intel(R) Management Engine Components\DAL;C:\Program Files (x86)\Intel\Intel(R) Management Engine Components\IPT;C:\Program Files\Microsoft\Web Platform Installer\;C:\Program Files\Intel\WiFi\bin\;C:\Program Files\Common Files\Intel\WirelessCommon\;C:\Program Files (x86)\MiKTeX 2.9\miktex\bin\;C:\Program Files (x86)\Skype\Phone\;C:\Program Files\TortoiseGit\bin
USERNAME=Saketh
OS=Windows_NT
PROCESSOR_IDENTIFIER=Intel64 Family 6 Model 58 Stepping 9, GenuineIntel



---------------  S Y S T E M  ---------------

OS: Windows 8.1 , 64 bit Build 9600 

CPU:total 8 (4 cores per cpu, 2 threads per core) family 6 model 58 stepping 9, cmov, cx8, fxsr, mmx, sse, sse2, sse3, ssse3, sse4.1, sse4.2, popcnt, avx, aes, clmul, erms, ht, tsc, tscinvbit, tscinv

Memory: 4k page, physical 8334620k(1094592k free), swap 11480348k(5112k free)

vm_info: Java HotSpot(TM) 64-Bit Server VM (25.31-b07) for windows-amd64 JRE (1.8.0_31-b13), built on Dec 17 2014 21:00:28 by "java_re" with MS VC++ 10.0 (VS2010)

time: Mon May 01 19:05:11 2017
elapsed time: 1 seconds (0d 0h 0m 1s)

