#
# There is insufficient memory for the Java Runtime Environment to continue.
# Native memory allocation (malloc) failed to allocate 32744 bytes for ChunkPool::allocate
# Possible reasons:
#   The system is out of physical RAM or swap space
#   In 32 bit mode, the process size limit was hit
# Possible solutions:
#   Reduce memory load on the system
#   Increase physical memory or swap space
#   Check if swap backing store is full
#   Use 64 bit Java on a 64 bit OS
#   Decrease Java heap size (-Xmx/-Xms)
#   Decrease number of Java threads
#   Decrease Java thread stack sizes (-Xss)
#   Set larger code cache with -XX:ReservedCodeCacheSize=
# This output file may be truncated or incomplete.
#
#  Out of Memory Error (allocation.cpp:273), pid=12528, tid=2228
#
# JRE version: Java(TM) SE Runtime Environment (8.0_31-b13) (build 1.8.0_31-b13)
# Java VM: Java HotSpot(TM) 64-Bit Server VM (25.31-b07 mixed mode windows-amd64 compressed oops)
# Failed to write core dump. Minidumps are not enabled by default on client versions of Windows
#

---------------  T H R E A D  ---------------

Current thread (0x0000000017707800):  JavaThread "C2 CompilerThread0" daemon [_thread_in_native, id=2228, stack(0x0000000017ce0000,0x0000000017de0000)]

Stack: [0x0000000017ce0000,0x0000000017de0000]
Native frames: (J=compiled Java code, j=interpreted, Vv=VM code, C=native code)
V  [jvm.dll+0x3169ba]
V  [jvm.dll+0x2674c3]
V  [jvm.dll+0x268103]
V  [jvm.dll+0x25f8f5]
V  [jvm.dll+0xbed81]
V  [jvm.dll+0xbf4cc]
V  [jvm.dll+0xbf774]
V  [jvm.dll+0xdd185]
V  [jvm.dll+0x49668c]
V  [jvm.dll+0x4f25b9]
V  [jvm.dll+0x4f3769]
V  [jvm.dll+0x4a5c6c]
V  [jvm.dll+0x4a6315]
V  [jvm.dll+0x49f71c]
V  [jvm.dll+0x452daf]
V  [jvm.dll+0x454124]
V  [jvm.dll+0x437c62]
V  [jvm.dll+0x988e2]
V  [jvm.dll+0x990d3]
V  [jvm.dll+0x22c194]
V  [jvm.dll+0x28576a]
C  [msvcr100.dll+0x21d9f]
C  [msvcr100.dll+0x21e3b]
C  [KERNEL32.DLL+0x13d2]
C  [ntdll.dll+0x154e4]


Current CompileTask:
C2:    375  238       4       java.lang.String::replace (127 bytes)


---------------  P R O C E S S  ---------------

Java Threads: ( => current thread )
  0x0000000017952800 JavaThread "pool-2-thread-4" [_thread_in_vm, id=11556, stack(0x00000000188e0000,0x00000000189e0000)]
  0x0000000017944000 JavaThread "pool-2-thread-3" [_thread_in_vm, id=14788, stack(0x00000000187e0000,0x00000000188e0000)]
  0x000000001792f000 JavaThread "pool-2-thread-2" [_thread_in_vm, id=10548, stack(0x00000000186e0000,0x00000000187e0000)]
  0x0000000017922800 JavaThread "pool-3-thread-1" [_thread_blocked, id=13996, stack(0x00000000183e0000,0x00000000184e0000)]
  0x000000001791e000 JavaThread "pool-2-thread-1" [_thread_blocked, id=9500, stack(0x00000000182e0000,0x00000000183e0000)]
  0x00000000177a9800 JavaThread "Service Thread" daemon [_thread_blocked, id=3584, stack(0x00000000180e0000,0x00000000181e0000)]
  0x000000001771f800 JavaThread "C1 CompilerThread3" daemon [_thread_blocked, id=5344, stack(0x0000000017fe0000,0x00000000180e0000)]
  0x000000001770f000 JavaThread "C2 CompilerThread2" daemon [_thread_blocked, id=10168, stack(0x0000000017ee0000,0x0000000017fe0000)]
  0x000000001770d000 JavaThread "C2 CompilerThread1" daemon [_thread_blocked, id=13648, stack(0x0000000017de0000,0x0000000017ee0000)]
=>0x0000000017707800 JavaThread "C2 CompilerThread0" daemon [_thread_in_native, id=2228, stack(0x0000000017ce0000,0x0000000017de0000)]
  0x0000000017705800 JavaThread "Attach Listener" daemon [_thread_blocked, id=10528, stack(0x0000000017be0000,0x0000000017ce0000)]
  0x0000000017704800 JavaThread "Signal Dispatcher" daemon [_thread_blocked, id=9736, stack(0x0000000017ae0000,0x0000000017be0000)]
  0x00000000016b8800 JavaThread "Finalizer" daemon [_thread_blocked, id=13296, stack(0x00000000175e0000,0x00000000176e0000)]
  0x00000000156ec000 JavaThread "Reference Handler" daemon [_thread_blocked, id=15476, stack(0x00000000174e0000,0x00000000175e0000)]
  0x00000000015c0800 JavaThread "main" [_thread_blocked, id=6432, stack(0x00000000014c0000,0x00000000015c0000)]

Other Threads:
  0x00000000156e8000 VMThread [stack: 0x00000000173e0000,0x00000000174e0000] [id=16308]
  0x00000000177ab800 WatcherThread [stack: 0x00000000181e0000,0x00000000182e0000] [id=15252]

VM state:not at safepoint (normal execution)

VM Mutex/Monitor currently owned by a thread: None

Heap:
 PSYoungGen      total 38400K, used 9988K [0x00000000eab00000, 0x00000000ed580000, 0x0000000100000000)
  eden space 33280K, 30% used [0x00000000eab00000,0x00000000eb4c12b0,0x00000000ecb80000)
  from space 5120K, 0% used [0x00000000ed080000,0x00000000ed080000,0x00000000ed580000)
  to   space 5120K, 0% used [0x00000000ecb80000,0x00000000ecb80000,0x00000000ed080000)
 ParOldGen       total 87552K, used 0K [0x00000000c0000000, 0x00000000c5580000, 0x00000000eab00000)
  object space 87552K, 0% used [0x00000000c0000000,0x00000000c0000000,0x00000000c5580000)
 Metaspace       used 4595K, capacity 5744K, committed 6016K, reserved 1058816K
  class space    used 504K, capacity 552K, committed 640K, reserved 1048576K

Card table byte_map: [0x0000000001a80000,0x0000000001c90000] byte_map_base: 0x0000000001480000

Marking Bits: (ParMarkBitMap*) 0x0000000059b2d4f0
 Begin Bits: [0x0000000012b00000, 0x0000000013b00000)
 End Bits:   [0x0000000013b00000, 0x0000000014b00000)

Polling page: 0x0000000001080000

CodeCache: size=245760Kb used=1642Kb max_used=1642Kb free=244117Kb
 bounds [0x0000000003400000, 0x0000000003670000, 0x0000000012400000]
 total_blobs=548 nmethods=286 adapters=175
 compilation: enabled

Compilation events (10 events):
Event: 0.321 Thread 0x000000001771f800 nmethod 226 0x000000000356ee90 code [0x000000000356f000, 0x000000000356f1c8]
Event: 0.321 Thread 0x000000001771f800  227       3       java.util.jar.Attributes::getValue (9 bytes)
Event: 0.322 Thread 0x000000001771f800 nmethod 227 0x000000000356f250 code [0x000000000356f3c0, 0x000000000356f728]
Event: 0.322 Thread 0x000000001771f800  228       3       java.util.jar.Attributes::get (11 bytes)
Event: 0.322 Thread 0x000000001771f800 nmethod 228 0x000000000356f850 code [0x000000000356f9c0, 0x000000000356fbe8]
Event: 0.323 Thread 0x000000001770f000 nmethod 224 0x0000000003572a10 code [0x0000000003572b60, 0x0000000003572cc8]
Event: 0.325 Thread 0x000000001771f800  231   !   3       com.android.dx.cf.cst.ConstantPoolParser::parse0 (731 bytes)
Event: 0.325 Thread 0x000000001770d000  233       4       com.android.dx.util.ByteArray::getUnsignedByte (14 bytes)
Event: 0.326 Thread 0x000000001770d000 nmethod 233 0x0000000003572dd0 code [0x0000000003572f00, 0x0000000003572fd8]
Event: 0.326 Thread 0x0000000017707800  238       4       java.lang.String::replace (127 bytes)

GC Heap History (0 events):
No events

Deoptimization events (0 events):
No events

Internal exceptions (10 events):
Event: 0.324 Thread 0x000000001791e000 Exception <a 'java/security/PrivilegedActionException'> (0x00000000eb068ef0) thrown at [C:\workspace\8-2-build-windows-amd64-cygwin\jdk8u31\2394\hotspot\src\share\vm\prims\jvm.cpp, line 1312]
Event: 0.324 Thread 0x000000001792f000 Exception <a 'java/security/PrivilegedActionException'> (0x00000000eb1b2450) thrown at [C:\workspace\8-2-build-windows-amd64-cygwin\jdk8u31\2394\hotspot\src\share\vm\prims\jvm.cpp, line 1312]
Event: 0.325 Thread 0x000000001792f000 Exception <a 'java/security/PrivilegedActionException'> (0x00000000eb1b5578) thrown at [C:\workspace\8-2-build-windows-amd64-cygwin\jdk8u31\2394\hotspot\src\share\vm\prims\jvm.cpp, line 1312]
Event: 0.325 Thread 0x0000000017944000 Exception <a 'java/security/PrivilegedActionException'> (0x00000000eb227f80) thrown at [C:\workspace\8-2-build-windows-amd64-cygwin\jdk8u31\2394\hotspot\src\share\vm\prims\jvm.cpp, line 1312]
Event: 0.325 Thread 0x000000001792f000 Exception <a 'java/security/PrivilegedActionException'> (0x00000000eb1b9f78) thrown at [C:\workspace\8-2-build-windows-amd64-cygwin\jdk8u31\2394\hotspot\src\share\vm\prims\jvm.cpp, line 1312]
Event: 0.326 Thread 0x0000000017944000 Exception <a 'java/security/PrivilegedActionException'> (0x00000000eb22e620) thrown at [C:\workspace\8-2-build-windows-amd64-cygwin\jdk8u31\2394\hotspot\src\share\vm\prims\jvm.cpp, line 1312]
Event: 0.326 Thread 0x0000000017952800 Exception <a 'java/security/PrivilegedActionException'> (0x00000000eb2ce850) thrown at [C:\workspace\8-2-build-windows-amd64-cygwin\jdk8u31\2394\hotspot\src\share\vm\prims\jvm.cpp, line 1312]
Event: 0.327 Thread 0x000000001792f000 Exception <a 'java/security/PrivilegedActionException'> (0x00000000eb1bcfb8) thrown at [C:\workspace\8-2-build-windows-amd64-cygwin\jdk8u31\2394\hotspot\src\share\vm\prims\jvm.cpp, line 1312]
Event: 0.328 Thread 0x000000001792f000 Exception <a 'java/security/PrivilegedActionException'> (0x00000000eb1c2778) thrown at [C:\workspace\8-2-build-windows-amd64-cygwin\jdk8u31\2394\hotspot\src\share\vm\prims\jvm.cpp, line 1312]
Event: 0.328 Thread 0x0000000017952800 Exception <a 'java/security/PrivilegedActionException'> (0x00000000eb2d2628) thrown at [C:\workspace\8-2-build-windows-amd64-cygwin\jdk8u31\2394\hotspot\src\share\vm\prims\jvm.cpp, line 1312]

Events (10 events):
Event: 0.327 loading class com/android/dx/cf/code/ConcreteMethod
Event: 0.327 loading class com/android/dx/cf/code/ConcreteMethod done
Event: 0.327 loading class java/util/TreeMap$ValueIterator
Event: 0.327 loading class java/util/TreeMap$PrivateEntryIterator
Event: 0.327 loading class java/util/TreeMap$PrivateEntryIterator done
Event: 0.327 loading class java/util/TreeMap$ValueIterator done
Event: 0.327 loading class com/android/dx/rop/code/DexTranslationAdvice
Event: 0.327 loading class com/android/dx/rop/code/DexTranslationAdvice done
Event: 0.328 loading class com/android/dx/dex/file/AnnotationItem
Event: 0.328 loading class com/android/dx/dex/file/AnnotationItem done


Dynamic libraries:
0x00007ff722c50000 - 0x00007ff722c84000 	C:\Program Files\Java\jdk1.8.0_31\bin\java.exe
0x00007ffa88b20000 - 0x00007ffa88ccd000 	C:\WINDOWS\SYSTEM32\ntdll.dll
0x00007ffa87f00000 - 0x00007ffa8803e000 	C:\WINDOWS\system32\KERNEL32.DLL
0x00007ffa85d10000 - 0x00007ffa85e25000 	C:\WINDOWS\system32\KERNELBASE.dll
0x00007ffa847e0000 - 0x00007ffa8486e000 	C:\WINDOWS\system32\apphelp.dll
0x00007ffa6b190000 - 0x00007ffa6b1e3000 	C:\WINDOWS\AppPatch\AppPatch64\AcGenral.DLL
0x00007ffa88640000 - 0x00007ffa886ea000 	C:\WINDOWS\system32\msvcrt.dll
0x00007ffa86170000 - 0x00007ffa8619e000 	C:\WINDOWS\system32\SspiCli.dll
0x00007ffa88040000 - 0x00007ffa88094000 	C:\WINDOWS\system32\SHLWAPI.dll
0x00007ffa88260000 - 0x00007ffa883d7000 	C:\WINDOWS\system32\USER32.dll
0x00007ffa864a0000 - 0x00007ffa86634000 	C:\WINDOWS\system32\ole32.dll
0x00007ffa86860000 - 0x00007ffa87d88000 	C:\WINDOWS\system32\SHELL32.dll
0x00007ffa85670000 - 0x00007ffa85691000 	C:\WINDOWS\SYSTEM32\USERENV.dll
0x00007ffa88590000 - 0x00007ffa8863a000 	C:\WINDOWS\system32\ADVAPI32.dll
0x00007ffa7fce0000 - 0x00007ffa7fcfe000 	C:\WINDOWS\SYSTEM32\MPR.dll
0x00007ffa88450000 - 0x00007ffa88590000 	C:\WINDOWS\system32\RPCRT4.dll
0x00007ffa86650000 - 0x00007ffa866a9000 	C:\WINDOWS\SYSTEM32\sechost.dll
0x00007ffa861c0000 - 0x00007ffa863d1000 	C:\WINDOWS\SYSTEM32\combase.dll
0x00007ffa86710000 - 0x00007ffa8685f000 	C:\WINDOWS\system32\GDI32.dll
0x00007ffa85c40000 - 0x00007ffa85c55000 	C:\WINDOWS\SYSTEM32\profapi.dll
0x00007ffa841b0000 - 0x00007ffa84262000 	C:\WINDOWS\SYSTEM32\SHCORE.dll
0x00007ffa87e50000 - 0x00007ffa87e86000 	C:\WINDOWS\system32\IMM32.DLL
0x00007ffa887e0000 - 0x00007ffa88932000 	C:\WINDOWS\system32\MSCTF.dll
0x00007ffa83d30000 - 0x00007ffa83fab000 	C:\WINDOWS\WinSxS\amd64_microsoft.windows.common-controls_6595b64144ccf1df_6.0.9600.18006_none_623f33d3ecbe86e8\COMCTL32.dll
0x0000000059bb0000 - 0x0000000059c82000 	C:\Program Files\Java\jdk1.8.0_31\jre\bin\msvcr100.dll
0x0000000059350000 - 0x0000000059baa000 	C:\Program Files\Java\jdk1.8.0_31\jre\bin\server\jvm.dll
0x00007ffa7c230000 - 0x00007ffa7c239000 	C:\WINDOWS\SYSTEM32\WSOCK32.dll
0x00007ffa819d0000 - 0x00007ffa819f2000 	C:\WINDOWS\SYSTEM32\WINMM.dll
0x00007ffa861a0000 - 0x00007ffa861a7000 	C:\WINDOWS\system32\PSAPI.DLL
0x00007ffa866b0000 - 0x00007ffa8670a000 	C:\WINDOWS\system32\WS2_32.dll
0x00007ffa81670000 - 0x00007ffa8169a000 	C:\WINDOWS\SYSTEM32\WINMMBASE.dll
0x00007ffa87ef0000 - 0x00007ffa87ef9000 	C:\WINDOWS\system32\NSI.dll
0x00007ffa860c0000 - 0x00007ffa8610f000 	C:\WINDOWS\SYSTEM32\cfgmgr32.dll
0x00007ffa84a50000 - 0x00007ffa84a78000 	C:\WINDOWS\SYSTEM32\DEVOBJ.dll
0x0000000059340000 - 0x000000005934f000 	C:\Program Files\Java\jdk1.8.0_31\jre\bin\verify.dll
0x0000000059310000 - 0x0000000059338000 	C:\Program Files\Java\jdk1.8.0_31\jre\bin\java.dll
0x00000000592f0000 - 0x0000000059306000 	C:\Program Files\Java\jdk1.8.0_31\jre\bin\zip.dll
0x00007ffa80710000 - 0x00007ffa80899000 	C:\WINDOWS\SYSTEM32\dbghelp.dll

VM Arguments:
jvm_args: -Djava.awt.headless=true -Xmx1024M -Dfile.encoding=windows-1252 -Duser.country=CA -Duser.language=en -Duser.variant 
java_command: com.android.dx.command.Main --dex --force-jumbo --num-threads=4 --multi-dex --output C:\Users\Saketh\Desktop\Honours Project\Marked\app\build\intermediates\transforms\dex\debug\folders\1000\10\com.android.support-support-core-utils-25.3.0_e3a535029b1240396aa673e893da4fd8d2aeb00c C:\Users\Saketh\Desktop\Honours Project\Marked\app\build\intermediates\exploded-aar\com.android.support\support-core-utils\25.3.0\jars\classes.jar
java_class_path (initial): C:\Users\Saketh\Desktop\New folder\adt-bundle-windows-x86_64-20130522\sdk\build-tools\25.0.0\lib\dx.jar
Launcher Type: SUN_STANDARD

Environment Variables:
PATH=C:\ProgramData\Oracle\Java\javapath;C:\Program Files (x86)\NVIDIA Corporation\PhysX\Common;C:\Program Files (x86)\Intel\iCLS Client\;C:\Program Files\Intel\iCLS Client\;C:\WINDOWS\system32;C:\WINDOWS;C:\WINDOWS\System32\Wbem;C:\WINDOWS\System32\WindowsPowerShell\v1.0\;C:\Program Files\Intel\Intel(R) Management Engine Components\DAL;C:\Program Files\Intel\Intel(R) Management Engine Components\IPT;C:\Program Files (x86)\Intel\Intel(R) Management Engine Components\DAL;C:\Program Files (x86)\Intel\Intel(R) Management Engine Components\IPT;C:\Program Files\Microsoft\Web Platform Installer\;C:\Program Files\Intel\WiFi\bin\;C:\Program Files\Common Files\Intel\WirelessCommon\;C:\Program Files (x86)\MiKTeX 2.9\miktex\bin\;C:\Program Files (x86)\Skype\Phone\;C:\Program Files\TortoiseGit\bin
USERNAME=Saketh
OS=Windows_NT
PROCESSOR_IDENTIFIER=Intel64 Family 6 Model 58 Stepping 9, GenuineIntel



---------------  S Y S T E M  ---------------

OS: Windows 8.1 , 64 bit Build 9600 

CPU:total 8 (4 cores per cpu, 2 threads per core) family 6 model 58 stepping 9, cmov, cx8, fxsr, mmx, sse, sse2, sse3, ssse3, sse4.1, sse4.2, popcnt, avx, aes, clmul, erms, ht, tsc, tscinvbit, tscinv

Memory: 4k page, physical 8334620k(957768k free), swap 11480348k(199892k free)

vm_info: Java HotSpot(TM) 64-Bit Server VM (25.31-b07) for windows-amd64 JRE (1.8.0_31-b13), built on Dec 17 2014 21:00:28 by "java_re" with MS VC++ 10.0 (VS2010)

time: Mon May 08 03:03:34 2017
elapsed time: 0 seconds (0d 0h 0m 0s)

