#
# There is insufficient memory for the Java Runtime Environment to continue.
# Native memory allocation (malloc) failed to allocate 562016 bytes for Chunk::new
# Possible reasons:
#   The system is out of physical RAM or swap space
#   In 32 bit mode, the process size limit was hit
# Possible solutions:
#   Reduce memory load on the system
#   Increase physical memory or swap space
#   Check if swap backing store is full
#   Use 64 bit Java on a 64 bit OS
#   Decrease Java heap size (-Xmx/-Xms)
#   Decrease number of Java threads
#   Decrease Java thread stack sizes (-Xss)
#   Set larger code cache with -XX:ReservedCodeCacheSize=
# This output file may be truncated or incomplete.
#
#  Out of Memory Error (allocation.cpp:390), pid=1888, tid=7856
#
# JRE version: Java(TM) SE Runtime Environment (8.0_31-b13) (build 1.8.0_31-b13)
# Java VM: Java HotSpot(TM) 64-Bit Server VM (25.31-b07 mixed mode windows-amd64 compressed oops)
# Failed to write core dump. Minidumps are not enabled by default on client versions of Windows
#

---------------  T H R E A D  ---------------

Current thread (0x00000000177e7000):  JavaThread "C2 CompilerThread0" daemon [_thread_in_native, id=7856, stack(0x0000000017dc0000,0x0000000017ec0000)]

Stack: [0x0000000017dc0000,0x0000000017ec0000]
Native frames: (J=compiled Java code, j=interpreted, Vv=VM code, C=native code)
V  [jvm.dll+0x3169ba]


Current CompileTask:
C2:    899 1166       4       com.android.dx.ssa.back.LivenessAnalyzer::run (231 bytes)


---------------  P R O C E S S  ---------------

Java Threads: ( => current thread )
  0x00000000179e1800 JavaThread "pool-2-thread-4" [_thread_in_Java, id=11288, stack(0x00000000187c0000,0x00000000188c0000)]
  0x0000000017a2a800 JavaThread "pool-2-thread-3" [_thread_in_Java, id=10452, stack(0x00000000186c0000,0x00000000187c0000)]
  0x00000000179d7000 JavaThread "pool-3-thread-1" [_thread_blocked, id=10368, stack(0x00000000184c0000,0x00000000185c0000)]
  0x0000000017886000 JavaThread "Service Thread" daemon [_thread_blocked, id=13732, stack(0x00000000181c0000,0x00000000182c0000)]
  0x0000000017839800 JavaThread "C1 CompilerThread3" daemon [_thread_in_vm, id=2512, stack(0x00000000180c0000,0x00000000181c0000)]
  0x000000001780a800 JavaThread "C2 CompilerThread2" daemon [_thread_in_vm, id=1492, stack(0x0000000017fc0000,0x00000000180c0000)]
  0x00000000177eb800 JavaThread "C2 CompilerThread1" daemon [_thread_in_native, id=5704, stack(0x0000000017ec0000,0x0000000017fc0000)]
=>0x00000000177e7000 JavaThread "C2 CompilerThread0" daemon [_thread_in_native, id=7856, stack(0x0000000017dc0000,0x0000000017ec0000)]
  0x00000000177e4800 JavaThread "Attach Listener" daemon [_thread_blocked, id=13444, stack(0x0000000017cc0000,0x0000000017dc0000)]
  0x00000000177e4000 JavaThread "Signal Dispatcher" daemon [_thread_blocked, id=10524, stack(0x0000000017bc0000,0x0000000017cc0000)]
  0x0000000001837800 JavaThread "Finalizer" daemon [_thread_blocked, id=12572, stack(0x00000000176c0000,0x00000000177c0000)]
  0x0000000001831000 JavaThread "Reference Handler" daemon [_thread_blocked, id=4844, stack(0x00000000175c0000,0x00000000176c0000)]
  0x0000000001740800 JavaThread "main" [_thread_blocked, id=9692, stack(0x0000000001540000,0x0000000001640000)]

Other Threads:
  0x00000000157e8800 VMThread [stack: 0x00000000174c0000,0x00000000175c0000] [id=10300]
  0x000000001788a000 WatcherThread [stack: 0x00000000182c0000,0x00000000183c0000] [id=9496]

VM state:not at safepoint (normal execution)

VM Mutex/Monitor currently owned by a thread: None

Heap:
 PSYoungGen      total 38400K, used 24108K [0x00000000eab00000, 0x00000000ef600000, 0x0000000100000000)
  eden space 33280K, 57% used [0x00000000eab00000,0x00000000ebd8f298,0x00000000ecb80000)
  from space 5120K, 99% used [0x00000000ecb80000,0x00000000ed07c038,0x00000000ed080000)
  to   space 5120K, 0% used [0x00000000ef100000,0x00000000ef100000,0x00000000ef600000)
 ParOldGen       total 87552K, used 1670K [0x00000000c0000000, 0x00000000c5580000, 0x00000000eab00000)
  object space 87552K, 1% used [0x00000000c0000000,0x00000000c01a1928,0x00000000c5580000)
 Metaspace       used 5948K, capacity 6960K, committed 7040K, reserved 1056768K
  class space    used 590K, capacity 616K, committed 640K, reserved 1048576K

Card table byte_map: [0x0000000001c00000,0x0000000001e10000] byte_map_base: 0x0000000001600000

Marking Bits: (ParMarkBitMap*) 0x0000000059c2d4f0
 Begin Bits: [0x0000000012c00000, 0x0000000013c00000)
 End Bits:   [0x0000000013c00000, 0x0000000014c00000)

Polling page: 0x0000000001050000

CodeCache: size=245760Kb used=4572Kb max_used=4572Kb free=241187Kb
 bounds [0x0000000003400000, 0x0000000003880000, 0x0000000012400000]
 total_blobs=1496 nmethods=1233 adapters=177
 compilation: enabled

Compilation events (10 events):
Event: 0.892 Thread 0x000000001780a800 nmethod 1216 0x0000000003872790 code [0x0000000003872900, 0x0000000003872e18]
Event: 0.892 Thread 0x000000001780a800 1121   !   4       com.android.dx.cf.code.BytecodeArray::parseInstruction (2764 bytes)
Event: 0.892 Thread 0x0000000017839800 nmethod 1255 0x0000000003873550 code [0x00000000038738e0, 0x0000000003875628]
Event: 0.892 Thread 0x0000000017839800 1254       3       com.android.dx.ssa.SsaConverter::edgeSplitPredecessors (44 bytes)
Event: 0.893 Thread 0x0000000017839800 nmethod 1254 0x00000000038716d0 code [0x00000000038718c0, 0x0000000003872248]
Event: 0.893 Thread 0x0000000017839800 1253       3       com.android.dx.ssa.SsaMethod::convertRopToSsaBlocks (103 bytes)
Event: 0.895 Thread 0x0000000017839800 nmethod 1253 0x000000000386f910 code [0x000000000386fb80, 0x0000000003870d08]
Event: 0.895 Thread 0x0000000017839800 1258       1       com.android.dx.ssa.SsaInsn::isNormalMoveInsn (2 bytes)
Event: 0.895 Thread 0x0000000017839800 nmethod 1258 0x000000000386f650 code [0x000000000386f7a0, 0x000000000386f8b0]
Event: 0.895 Thread 0x0000000017839800 1260       3       com.android.dx.ssa.SsaMethod::forEachBlockDepthFirstDom (128 bytes)

GC Heap History (2 events):
Event: 0.705 GC heap before
{Heap before GC invocations=1 (full 0):
 PSYoungGen      total 38400K, used 33280K [0x00000000eab00000, 0x00000000ed580000, 0x0000000100000000)
  eden space 33280K, 100% used [0x00000000eab00000,0x00000000ecb80000,0x00000000ecb80000)
  from space 5120K, 0% used [0x00000000ed080000,0x00000000ed080000,0x00000000ed580000)
  to   space 5120K, 0% used [0x00000000ecb80000,0x00000000ecb80000,0x00000000ed080000)
 ParOldGen       total 87552K, used 0K [0x00000000c0000000, 0x00000000c5580000, 0x00000000eab00000)
  object space 87552K, 0% used [0x00000000c0000000,0x00000000c0000000,0x00000000c5580000)
 Metaspace       used 5851K, capacity 6832K, committed 7040K, reserved 1056768K
  class space    used 589K, capacity 616K, committed 640K, reserved 1048576K
Event: 0.715 GC heap after
Heap after GC invocations=1 (full 0):
 PSYoungGen      total 38400K, used 5104K [0x00000000eab00000, 0x00000000ef600000, 0x0000000100000000)
  eden space 33280K, 0% used [0x00000000eab00000,0x00000000eab00000,0x00000000ecb80000)
  from space 5120K, 99% used [0x00000000ecb80000,0x00000000ed07c038,0x00000000ed080000)
  to   space 5120K, 0% used [0x00000000ef100000,0x00000000ef100000,0x00000000ef600000)
 ParOldGen       total 87552K, used 1670K [0x00000000c0000000, 0x00000000c5580000, 0x00000000eab00000)
  object space 87552K, 1% used [0x00000000c0000000,0x00000000c01a1928,0x00000000c5580000)
 Metaspace       used 5851K, capacity 6832K, committed 7040K, reserved 1056768K
  class space    used 589K, capacity 616K, committed 640K, reserved 1048576K
}

Deoptimization events (3 events):
Event: 0.544 Thread 0x00000000179e1800 Uncommon trap: reason=bimorphic action=maybe_recompile pc=0x00000000036049f8 method=java.util.HashMap.getNode(ILjava/lang/Object;)Ljava/util/HashMap$Node; @ 126
Event: 0.670 Thread 0x0000000017a2a800 Uncommon trap: reason=null_check action=make_not_entrant pc=0x00000000036a94a0 method=com.android.dx.rop.type.Type.equals(Ljava/lang/Object;)Z @ 8
Event: 0.874 Thread 0x00000000179e1800 Uncommon trap: reason=bimorphic action=maybe_recompile pc=0x00000000036049f8 method=java.util.HashMap.getNode(ILjava/lang/Object;)Ljava/util/HashMap$Node; @ 126

Internal exceptions (10 events):
Event: 0.398 Thread 0x00000000179d3800 Exception <a 'java/security/PrivilegedActionException'> (0x00000000eb3e23d0) thrown at [C:\workspace\8-2-build-windows-amd64-cygwin\jdk8u31\2394\hotspot\src\share\vm\prims\jvm.cpp, line 1312]
Event: 0.400 Thread 0x00000000179e1800 Exception <a 'java/security/PrivilegedActionException'> (0x00000000eb6a5408) thrown at [C:\workspace\8-2-build-windows-amd64-cygwin\jdk8u31\2394\hotspot\src\share\vm\prims\jvm.cpp, line 1312]
Event: 0.466 Thread 0x00000000179e1800 Exception <a 'java/security/PrivilegedActionException'> (0x00000000eb7d38a0) thrown at [C:\workspace\8-2-build-windows-amd64-cygwin\jdk8u31\2394\hotspot\src\share\vm\prims\jvm.cpp, line 1312]
Event: 0.466 Thread 0x0000000017a14800 Exception <a 'java/security/PrivilegedActionException'> (0x00000000eba1c398) thrown at [C:\workspace\8-2-build-windows-amd64-cygwin\jdk8u31\2394\hotspot\src\share\vm\prims\jvm.cpp, line 1312]
Event: 0.467 Thread 0x0000000017a14800 Exception <a 'java/security/PrivilegedActionException'> (0x00000000eba22078) thrown at [C:\workspace\8-2-build-windows-amd64-cygwin\jdk8u31\2394\hotspot\src\share\vm\prims\jvm.cpp, line 1312]
Event: 0.469 Thread 0x0000000017a14800 Exception <a 'java/security/PrivilegedActionException'> (0x00000000eba27aa8) thrown at [C:\workspace\8-2-build-windows-amd64-cygwin\jdk8u31\2394\hotspot\src\share\vm\prims\jvm.cpp, line 1312]
Event: 0.563 Thread 0x0000000017a14800 Exception <a 'java/security/PrivilegedActionException'> (0x00000000ebfa7dc0) thrown at [C:\workspace\8-2-build-windows-amd64-cygwin\jdk8u31\2394\hotspot\src\share\vm\prims\jvm.cpp, line 1312]
Event: 0.651 Thread 0x0000000001740800 Exception <a 'java/security/PrivilegedActionException'> (0x00000000ec5f0198) thrown at [C:\workspace\8-2-build-windows-amd64-cygwin\jdk8u31\2394\hotspot\src\share\vm\prims\jvm.cpp, line 1312]
Event: 0.670 Thread 0x0000000017a2a800 Implicit null exception at 0x00000000036a93a2 to 0x00000000036a9492
Event: 0.871 Thread 0x00000000179e1800 Exception <a 'java/security/PrivilegedActionException'> (0x00000000eba3ac88) thrown at [C:\workspace\8-2-build-windows-amd64-cygwin\jdk8u31\2394\hotspot\src\share\vm\prims\jvm.cpp, line 1312]

Events (10 events):
Event: 0.827 Thread 0x0000000017a14800 Thread exited: 0x0000000017a14800
Event: 0.859 Thread 0x0000000017a2a800 DEOPT PACKING pc=0x00000000036ddbf5 sp=0x00000000187be940
Event: 0.859 Thread 0x0000000017a2a800 DEOPT UNPACKING pc=0x00000000034475bf sp=0x00000000187be6a8 mode 0
Event: 0.871 loading class com/android/dx/cf/code/BytecodeArray$ConstantParserVisitor
Event: 0.871 loading class com/android/dx/cf/code/BytecodeArray$ConstantParserVisitor done
Event: 0.874 Thread 0x00000000179e1800 Uncommon trap: trap_request=0xffffffc6 fr.pc=0x00000000036049f8
Event: 0.874 Thread 0x00000000179e1800 DEOPT PACKING pc=0x00000000036049f8 sp=0x00000000188be780
Event: 0.874 Thread 0x00000000179e1800 DEOPT UNPACKING pc=0x000000000344556a sp=0x00000000188be6a8 mode 2
Event: 0.884 Thread 0x0000000017a2a800 DEOPT PACKING pc=0x00000000036ddbf5 sp=0x00000000187be940
Event: 0.884 Thread 0x0000000017a2a800 DEOPT UNPACKING pc=0x00000000034475bf sp=0x00000000187be6a8 mode 0


Dynamic libraries:
0x00007ff644d20000 - 0x00007ff644d54000 	C:\Program Files\Java\jdk1.8.0_31\bin\java.exe
0x00007ffa88b20000 - 0x00007ffa88ccd000 	C:\WINDOWS\SYSTEM32\ntdll.dll
0x00007ffa87f00000 - 0x00007ffa8803e000 	C:\WINDOWS\system32\KERNEL32.DLL
0x00007ffa85d10000 - 0x00007ffa85e25000 	C:\WINDOWS\system32\KERNELBASE.dll
0x00007ffa847e0000 - 0x00007ffa8486e000 	C:\WINDOWS\system32\apphelp.dll
0x00007ffa6e1c0000 - 0x00007ffa6e213000 	C:\WINDOWS\AppPatch\AppPatch64\AcGenral.DLL
0x00007ffa88640000 - 0x00007ffa886ea000 	C:\WINDOWS\system32\msvcrt.dll
0x00007ffa86170000 - 0x00007ffa8619e000 	C:\WINDOWS\system32\SspiCli.dll
0x00007ffa88040000 - 0x00007ffa88094000 	C:\WINDOWS\system32\SHLWAPI.dll
0x00007ffa88260000 - 0x00007ffa883d7000 	C:\WINDOWS\system32\USER32.dll
0x00007ffa864a0000 - 0x00007ffa86634000 	C:\WINDOWS\system32\ole32.dll
0x00007ffa86860000 - 0x00007ffa87d88000 	C:\WINDOWS\system32\SHELL32.dll
0x00007ffa85670000 - 0x00007ffa85691000 	C:\WINDOWS\SYSTEM32\USERENV.dll
0x00007ffa88590000 - 0x00007ffa8863a000 	C:\WINDOWS\system32\ADVAPI32.dll
0x00007ffa7fce0000 - 0x00007ffa7fcfe000 	C:\WINDOWS\SYSTEM32\MPR.dll
0x00007ffa88450000 - 0x00007ffa88590000 	C:\WINDOWS\system32\RPCRT4.dll
0x00007ffa86650000 - 0x00007ffa866a9000 	C:\WINDOWS\SYSTEM32\sechost.dll
0x00007ffa861c0000 - 0x00007ffa863d1000 	C:\WINDOWS\SYSTEM32\combase.dll
0x00007ffa86710000 - 0x00007ffa8685f000 	C:\WINDOWS\system32\GDI32.dll
0x00007ffa85c40000 - 0x00007ffa85c55000 	C:\WINDOWS\SYSTEM32\profapi.dll
0x00007ffa841b0000 - 0x00007ffa84262000 	C:\WINDOWS\SYSTEM32\SHCORE.dll
0x00007ffa87e50000 - 0x00007ffa87e86000 	C:\WINDOWS\system32\IMM32.DLL
0x00007ffa887e0000 - 0x00007ffa88932000 	C:\WINDOWS\system32\MSCTF.dll
0x00007ffa83d30000 - 0x00007ffa83fab000 	C:\WINDOWS\WinSxS\amd64_microsoft.windows.common-controls_6595b64144ccf1df_6.0.9600.18006_none_623f33d3ecbe86e8\COMCTL32.dll
0x000000005ab30000 - 0x000000005ac02000 	C:\Program Files\Java\jdk1.8.0_31\jre\bin\msvcr100.dll
0x0000000059450000 - 0x0000000059caa000 	C:\Program Files\Java\jdk1.8.0_31\jre\bin\server\jvm.dll
0x00007ffa7c230000 - 0x00007ffa7c239000 	C:\WINDOWS\SYSTEM32\WSOCK32.dll
0x00007ffa819d0000 - 0x00007ffa819f2000 	C:\WINDOWS\SYSTEM32\WINMM.dll
0x00007ffa861a0000 - 0x00007ffa861a7000 	C:\WINDOWS\system32\PSAPI.DLL
0x00007ffa866b0000 - 0x00007ffa8670a000 	C:\WINDOWS\system32\WS2_32.dll
0x00007ffa81670000 - 0x00007ffa8169a000 	C:\WINDOWS\SYSTEM32\WINMMBASE.dll
0x00007ffa87ef0000 - 0x00007ffa87ef9000 	C:\WINDOWS\system32\NSI.dll
0x00007ffa860c0000 - 0x00007ffa8610f000 	C:\WINDOWS\SYSTEM32\cfgmgr32.dll
0x00007ffa84a50000 - 0x00007ffa84a78000 	C:\WINDOWS\SYSTEM32\DEVOBJ.dll
0x000000005ab20000 - 0x000000005ab2f000 	C:\Program Files\Java\jdk1.8.0_31\jre\bin\verify.dll
0x000000005aaf0000 - 0x000000005ab18000 	C:\Program Files\Java\jdk1.8.0_31\jre\bin\java.dll
0x000000005aad0000 - 0x000000005aae6000 	C:\Program Files\Java\jdk1.8.0_31\jre\bin\zip.dll

VM Arguments:
jvm_args: -Djava.awt.headless=true -Xmx1024M -Dfile.encoding=windows-1252 -Duser.country=CA -Duser.language=en -Duser.variant 
java_command: com.android.dx.command.Main --dex --force-jumbo --num-threads=4 --multi-dex --output C:\Users\Saketh\Desktop\Honours Project\Marked\app\build\intermediates\transforms\dex\debug\folders\1000\10\com.google.firebase-firebase-config-10.2.1_b0264c1e1796dd078af1783c8233aa2af1cbd08b C:\Users\Saketh\Desktop\Honours Project\Marked\app\build\intermediates\exploded-aar\com.google.firebase\firebase-config\10.2.1\jars\classes.jar
java_class_path (initial): C:\Users\Saketh\Desktop\New folder\adt-bundle-windows-x86_64-20130522\sdk\build-tools\25.0.0\lib\dx.jar
Launcher Type: SUN_STANDARD

Environment Variables:
PATH=C:\ProgramData\Oracle\Java\javapath;C:\Program Files (x86)\NVIDIA Corporation\PhysX\Common;C:\Program Files (x86)\Intel\iCLS Client\;C:\Program Files\Intel\iCLS Client\;C:\WINDOWS\system32;C:\WINDOWS;C:\WINDOWS\System32\Wbem;C:\WINDOWS\System32\WindowsPowerShell\v1.0\;C:\Program Files\Intel\Intel(R) Management Engine Components\DAL;C:\Program Files\Intel\Intel(R) Management Engine Components\IPT;C:\Program Files (x86)\Intel\Intel(R) Management Engine Components\DAL;C:\Program Files (x86)\Intel\Intel(R) Management Engine Components\IPT;C:\Program Files\Microsoft\Web Platform Installer\;C:\Program Files\Intel\WiFi\bin\;C:\Program Files\Common Files\Intel\WirelessCommon\;C:\Program Files (x86)\MiKTeX 2.9\miktex\bin\;C:\Program Files (x86)\Skype\Phone\;C:\Program Files\TortoiseGit\bin
USERNAME=Saketh
OS=Windows_NT
PROCESSOR_IDENTIFIER=Intel64 Family 6 Model 58 Stepping 9, GenuineIntel



---------------  S Y S T E M  ---------------

OS: Windows 8.1 , 64 bit Build 9600 

CPU:total 8 (4 cores per cpu, 2 threads per core) family 6 model 58 stepping 9, cmov, cx8, fxsr, mmx, sse, sse2, sse3, ssse3, sse4.1, sse4.2, popcnt, avx, aes, clmul, erms, ht, tsc, tscinvbit, tscinv

Memory: 4k page, physical 8334620k(1181400k free), swap 11480348k(5196k free)

vm_info: Java HotSpot(TM) 64-Bit Server VM (25.31-b07) for windows-amd64 JRE (1.8.0_31-b13), built on Dec 17 2014 21:00:28 by "java_re" with MS VC++ 10.0 (VS2010)

time: Mon May 01 19:04:44 2017
elapsed time: 0 seconds (0d 0h 0m 0s)

