#
# There is insufficient memory for the Java Runtime Environment to continue.
# Native memory allocation (malloc) failed to allocate 421056 bytes for Chunk::new
# Possible reasons:
#   The system is out of physical RAM or swap space
#   In 32 bit mode, the process size limit was hit
# Possible solutions:
#   Reduce memory load on the system
#   Increase physical memory or swap space
#   Check if swap backing store is full
#   Use 64 bit Java on a 64 bit OS
#   Decrease Java heap size (-Xmx/-Xms)
#   Decrease number of Java threads
#   Decrease Java thread stack sizes (-Xss)
#   Set larger code cache with -XX:ReservedCodeCacheSize=
# This output file may be truncated or incomplete.
#
#  Out of Memory Error (allocation.cpp:390), pid=7044, tid=13936
#
# JRE version: Java(TM) SE Runtime Environment (8.0_31-b13) (build 1.8.0_31-b13)
# Java VM: Java HotSpot(TM) 64-Bit Server VM (25.31-b07 mixed mode windows-amd64 compressed oops)
# Failed to write core dump. Minidumps are not enabled by default on client versions of Windows
#

---------------  T H R E A D  ---------------

Current thread (0x00000000175f0800):  JavaThread "C2 CompilerThread2" daemon [_thread_in_native, id=13936, stack(0x0000000017dc0000,0x0000000017ec0000)]

Stack: [0x0000000017dc0000,0x0000000017ec0000]
Native frames: (J=compiled Java code, j=interpreted, Vv=VM code, C=native code)
V  [jvm.dll+0x3169ba]
V  [jvm.dll+0x2674c3]
V  [jvm.dll+0x268103]
V  [jvm.dll+0x25f8f5]
V  [jvm.dll+0xbf025]
V  [jvm.dll+0xbf4cc]
V  [jvm.dll+0x45df82]
V  [jvm.dll+0x49f21f]
V  [jvm.dll+0x452f28]
V  [jvm.dll+0x454124]
V  [jvm.dll+0x437c62]
V  [jvm.dll+0x988e2]
V  [jvm.dll+0x990d3]
V  [jvm.dll+0x22c194]
V  [jvm.dll+0x28576a]
C  [msvcr100.dll+0x21d9f]
C  [msvcr100.dll+0x21e3b]
C  [KERNEL32.DLL+0x13d2]
C  [ntdll.dll+0x154e4]


Current CompileTask:
C2:   4223 1123       4       com.android.dx.ssa.SCCP::simulateStmt (481 bytes)


---------------  P R O C E S S  ---------------

Java Threads: ( => current thread )
  0x00000000178ad800 JavaThread "pool-1-thread-1" [_thread_in_Java, id=14872, stack(0x00000000181c0000,0x00000000182c0000)]
  0x000000001768d800 JavaThread "Service Thread" daemon [_thread_blocked, id=9300, stack(0x0000000017fc0000,0x00000000180c0000)]
  0x00000000175f8000 JavaThread "C1 CompilerThread3" daemon [_thread_blocked, id=6352, stack(0x0000000017ec0000,0x0000000017fc0000)]
=>0x00000000175f0800 JavaThread "C2 CompilerThread2" daemon [_thread_in_native, id=13936, stack(0x0000000017dc0000,0x0000000017ec0000)]
  0x00000000175ec800 JavaThread "C2 CompilerThread1" daemon [_thread_blocked, id=2664, stack(0x0000000017cc0000,0x0000000017dc0000)]
  0x00000000175ea800 JavaThread "C2 CompilerThread0" daemon [_thread_blocked, id=13616, stack(0x0000000017bc0000,0x0000000017cc0000)]
  0x00000000175e5800 JavaThread "Attach Listener" daemon [_thread_blocked, id=13248, stack(0x0000000017ac0000,0x0000000017bc0000)]
  0x00000000175e4800 JavaThread "Signal Dispatcher" daemon [_thread_blocked, id=7072, stack(0x00000000179c0000,0x0000000017ac0000)]
  0x0000000001629000 JavaThread "Finalizer" daemon [_thread_blocked, id=9788, stack(0x00000000174c0000,0x00000000175c0000)]
  0x00000000155ec000 JavaThread "Reference Handler" daemon [_thread_blocked, id=13484, stack(0x00000000173c0000,0x00000000174c0000)]
  0x0000000001530800 JavaThread "main" [_thread_blocked, id=13072, stack(0x0000000001430000,0x0000000001530000)]

Other Threads:
  0x00000000155e8000 VMThread [stack: 0x00000000172c0000,0x00000000173c0000] [id=14304]
  0x000000001768f800 WatcherThread [stack: 0x00000000180c0000,0x00000000181c0000] [id=9612]

VM state:not at safepoint (normal execution)

VM Mutex/Monitor currently owned by a thread: None

Heap:
 PSYoungGen      total 38400K, used 6451K [0x00000000eab00000, 0x00000000ed580000, 0x0000000100000000)
  eden space 33280K, 4% used [0x00000000eab00000,0x00000000eac54d90,0x00000000ecb80000)
  from space 5120K, 99% used [0x00000000ecb80000,0x00000000ed078040,0x00000000ed080000)
  to   space 5120K, 0% used [0x00000000ed080000,0x00000000ed080000,0x00000000ed580000)
 ParOldGen       total 87552K, used 1992K [0x00000000c0000000, 0x00000000c5580000, 0x00000000eab00000)
  object space 87552K, 2% used [0x00000000c0000000,0x00000000c01f2330,0x00000000c5580000)
 Metaspace       used 6249K, capacity 7064K, committed 7424K, reserved 1056768K
  class space    used 630K, capacity 656K, committed 768K, reserved 1048576K

Card table byte_map: [0x00000000019f0000,0x0000000001c00000] byte_map_base: 0x00000000013f0000

Marking Bits: (ParMarkBitMap*) 0x0000000059c2d4f0
 Begin Bits: [0x0000000012a00000, 0x0000000013a00000)
 End Bits:   [0x0000000013a00000, 0x0000000014a00000)

Polling page: 0x0000000001350000

CodeCache: size=245760Kb used=4434Kb max_used=4441Kb free=241325Kb
 bounds [0x0000000003400000, 0x0000000003860000, 0x0000000012400000]
 total_blobs=1419 nmethods=1147 adapters=185
 compilation: disabled (not enough contiguous free space left)

Compilation events (10 events):
Event: 2.387 Thread 0x00000000175f8000 1125       3       com.android.dx.dex.code.RopTranslator$1::visitPlainCstInsn (64 bytes)
Event: 2.387 Thread 0x00000000175f8000 nmethod 1125 0x000000000383f390 code [0x000000000383f520, 0x000000000383fcf0]
Event: 2.387 Thread 0x00000000175f8000 1126       3       com.android.dx.dex.code.RopTranslator$LocalVariableAwareTranslationVisitor::visitPlainCstInsn (11 bytes)
Event: 2.388 Thread 0x00000000175f8000 nmethod 1126 0x000000000383dfd0 code [0x000000000383e1e0, 0x000000000383ed38]
Event: 2.388 Thread 0x00000000175f8000 1127       3       com.android.dx.dex.code.RopTranslator$TranslationVisitor::visitPlainCstInsn (161 bytes)
Event: 2.390 Thread 0x00000000175f8000 nmethod 1127 0x000000000384d050 code [0x000000000384d3e0, 0x000000000384f818]
Event: 2.390 Thread 0x00000000175f8000 1129       3       java.util.concurrent.locks.AbstractOwnableSynchronizer::setExclusiveOwnerThread (6 bytes)
Event: 2.390 Thread 0x00000000175f8000 nmethod 1129 0x000000000383dc90 code [0x000000000383dde0, 0x000000000383df50]
Event: 2.390 Thread 0x00000000175f8000 1128       3       java.util.HashMap$EntryIterator::next (5 bytes)
Event: 2.390 Thread 0x00000000175f8000 nmethod 1128 0x000000000383d790 code [0x000000000383d900, 0x000000000383dbe8]

GC Heap History (0 events):
No events

Deoptimization events (4 events):
Event: 1.123 Thread 0x00000000177d7000 Uncommon trap: reason=class_check action=maybe_recompile pc=0x00000000035b4c10 method=com.android.dx.rop.cst.CstMemberRef.compareTo0(Lcom/android/dx/rop/cst/Constant;)I @ 1
Event: 1.143 Thread 0x00000000178cd800 Uncommon trap: reason=class_check action=maybe_recompile pc=0x00000000035b4c10 method=com.android.dx.rop.cst.CstMemberRef.compareTo0(Lcom/android/dx/rop/cst/Constant;)I @ 1
Event: 1.143 Thread 0x00000000178cd800 Uncommon trap: reason=class_check action=maybe_recompile pc=0x00000000035b4c10 method=com.android.dx.rop.cst.CstMemberRef.compareTo0(Lcom/android/dx/rop/cst/Constant;)I @ 1
Event: 1.143 Thread 0x00000000177d7000 Uncommon trap: reason=class_check action=maybe_recompile pc=0x00000000035b4c10 method=com.android.dx.rop.cst.CstMemberRef.compareTo0(Lcom/android/dx/rop/cst/Constant;)I @ 1

Internal exceptions (10 events):
Event: 1.104 Thread 0x00000000178cd800 Exception <a 'java/security/PrivilegedActionException'> (0x00000000eb66d120) thrown at [C:\workspace\8-2-build-windows-amd64-cygwin\jdk8u31\2394\hotspot\src\share\vm\prims\jvm.cpp, line 1312]
Event: 1.105 Thread 0x00000000178cd800 Exception <a 'java/security/PrivilegedActionException'> (0x00000000eb673688) thrown at [C:\workspace\8-2-build-windows-amd64-cygwin\jdk8u31\2394\hotspot\src\share\vm\prims\jvm.cpp, line 1312]
Event: 1.105 Thread 0x00000000178cd800 Exception <a 'java/security/PrivilegedActionException'> (0x00000000eb678040) thrown at [C:\workspace\8-2-build-windows-amd64-cygwin\jdk8u31\2394\hotspot\src\share\vm\prims\jvm.cpp, line 1312]
Event: 1.115 Thread 0x00000000178cd800 Exception <a 'java/security/PrivilegedActionException'> (0x00000000eb67dd70) thrown at [C:\workspace\8-2-build-windows-amd64-cygwin\jdk8u31\2394\hotspot\src\share\vm\prims\jvm.cpp, line 1312]
Event: 1.116 Thread 0x00000000178cd800 Exception <a 'java/security/PrivilegedActionException'> (0x00000000eb686cf0) thrown at [C:\workspace\8-2-build-windows-amd64-cygwin\jdk8u31\2394\hotspot\src\share\vm\prims\jvm.cpp, line 1312]
Event: 1.118 Thread 0x00000000178cd800 Exception <a 'java/security/PrivilegedActionException'> (0x00000000eb68c468) thrown at [C:\workspace\8-2-build-windows-amd64-cygwin\jdk8u31\2394\hotspot\src\share\vm\prims\jvm.cpp, line 1312]
Event: 1.119 Thread 0x00000000177d7000 Exception <a 'java/security/PrivilegedActionException'> (0x00000000eb0235f0) thrown at [C:\workspace\8-2-build-windows-amd64-cygwin\jdk8u31\2394\hotspot\src\share\vm\prims\jvm.cpp, line 1312]
Event: 1.124 Thread 0x00000000177d7000 Exception <a 'java/security/PrivilegedActionException'> (0x00000000eb026f80) thrown at [C:\workspace\8-2-build-windows-amd64-cygwin\jdk8u31\2394\hotspot\src\share\vm\prims\jvm.cpp, line 1312]
Event: 1.138 Thread 0x00000000177d7000 Exception <a 'java/security/PrivilegedActionException'> (0x00000000eb6df588) thrown at [C:\workspace\8-2-build-windows-amd64-cygwin\jdk8u31\2394\hotspot\src\share\vm\prims\jvm.cpp, line 1312]
Event: 1.885 Thread 0x00000000177d7000 Exception <a 'java/security/PrivilegedActionException'> (0x00000000ebdb4838) thrown at [C:\workspace\8-2-build-windows-amd64-cygwin\jdk8u31\2394\hotspot\src\share\vm\prims\jvm.cpp, line 1312]

Events (10 events):
Event: 1.143 Thread 0x00000000178cd800 DEOPT UNPACKING pc=0x000000000344556a sp=0x00000000186bed78 mode 2
Event: 1.143 Thread 0x00000000177d7000 Uncommon trap: trap_request=0xffffffde fr.pc=0x00000000035b4c10
Event: 1.143 Thread 0x00000000177d7000 DEOPT PACKING pc=0x00000000035b4c10 sp=0x00000000182bec10
Event: 1.143 Thread 0x00000000177d7000 DEOPT UNPACKING pc=0x000000000344556a sp=0x00000000182beb98 mode 2
Event: 1.336 Executing VM operation: ForceSafepoint
Event: 1.372 Executing VM operation: ForceSafepoint done
Event: 1.424 loading class java/util/ArrayList$1
Event: 1.424 loading class java/util/ArrayList$1 done
Event: 1.885 loading class com/android/dx/cf/code/BytecodeArray$ConstantParserVisitor
Event: 1.885 loading class com/android/dx/cf/code/BytecodeArray$ConstantParserVisitor done


Dynamic libraries:
0x00007ff644d20000 - 0x00007ff644d54000 	C:\Program Files\Java\jdk1.8.0_31\bin\java.exe
0x00007ffa88b20000 - 0x00007ffa88ccd000 	C:\WINDOWS\SYSTEM32\ntdll.dll
0x00007ffa87f00000 - 0x00007ffa8803e000 	C:\WINDOWS\system32\KERNEL32.DLL
0x00007ffa85d10000 - 0x00007ffa85e25000 	C:\WINDOWS\system32\KERNELBASE.dll
0x00007ffa847e0000 - 0x00007ffa8486e000 	C:\WINDOWS\system32\apphelp.dll
0x00007ffa6e1c0000 - 0x00007ffa6e213000 	C:\WINDOWS\AppPatch\AppPatch64\AcGenral.DLL
0x00007ffa88640000 - 0x00007ffa886ea000 	C:\WINDOWS\system32\msvcrt.dll
0x00007ffa86170000 - 0x00007ffa8619e000 	C:\WINDOWS\system32\SspiCli.dll
0x00007ffa88040000 - 0x00007ffa88094000 	C:\WINDOWS\system32\SHLWAPI.dll
0x00007ffa88260000 - 0x00007ffa883d7000 	C:\WINDOWS\system32\USER32.dll
0x00007ffa864a0000 - 0x00007ffa86634000 	C:\WINDOWS\system32\ole32.dll
0x00007ffa86860000 - 0x00007ffa87d88000 	C:\WINDOWS\system32\SHELL32.dll
0x00007ffa85670000 - 0x00007ffa85691000 	C:\WINDOWS\SYSTEM32\USERENV.dll
0x00007ffa88590000 - 0x00007ffa8863a000 	C:\WINDOWS\system32\ADVAPI32.dll
0x00007ffa7fce0000 - 0x00007ffa7fcfe000 	C:\WINDOWS\SYSTEM32\MPR.dll
0x00007ffa88450000 - 0x00007ffa88590000 	C:\WINDOWS\system32\RPCRT4.dll
0x00007ffa86650000 - 0x00007ffa866a9000 	C:\WINDOWS\SYSTEM32\sechost.dll
0x00007ffa861c0000 - 0x00007ffa863d1000 	C:\WINDOWS\SYSTEM32\combase.dll
0x00007ffa86710000 - 0x00007ffa8685f000 	C:\WINDOWS\system32\GDI32.dll
0x00007ffa85c40000 - 0x00007ffa85c55000 	C:\WINDOWS\SYSTEM32\profapi.dll
0x00007ffa841b0000 - 0x00007ffa84262000 	C:\WINDOWS\SYSTEM32\SHCORE.dll
0x00007ffa87e50000 - 0x00007ffa87e86000 	C:\WINDOWS\system32\IMM32.DLL
0x00007ffa887e0000 - 0x00007ffa88932000 	C:\WINDOWS\system32\MSCTF.dll
0x00007ffa83d30000 - 0x00007ffa83fab000 	C:\WINDOWS\WinSxS\amd64_microsoft.windows.common-controls_6595b64144ccf1df_6.0.9600.18006_none_623f33d3ecbe86e8\COMCTL32.dll
0x000000005ab30000 - 0x000000005ac02000 	C:\Program Files\Java\jdk1.8.0_31\jre\bin\msvcr100.dll
0x0000000059450000 - 0x0000000059caa000 	C:\Program Files\Java\jdk1.8.0_31\jre\bin\server\jvm.dll
0x00007ffa7c230000 - 0x00007ffa7c239000 	C:\WINDOWS\SYSTEM32\WSOCK32.dll
0x00007ffa819d0000 - 0x00007ffa819f2000 	C:\WINDOWS\SYSTEM32\WINMM.dll
0x00007ffa861a0000 - 0x00007ffa861a7000 	C:\WINDOWS\system32\PSAPI.DLL
0x00007ffa866b0000 - 0x00007ffa8670a000 	C:\WINDOWS\system32\WS2_32.dll
0x00007ffa81670000 - 0x00007ffa8169a000 	C:\WINDOWS\SYSTEM32\WINMMBASE.dll
0x00007ffa87ef0000 - 0x00007ffa87ef9000 	C:\WINDOWS\system32\NSI.dll
0x00007ffa860c0000 - 0x00007ffa8610f000 	C:\WINDOWS\SYSTEM32\cfgmgr32.dll
0x00007ffa84a50000 - 0x00007ffa84a78000 	C:\WINDOWS\SYSTEM32\DEVOBJ.dll
0x000000005ab20000 - 0x000000005ab2f000 	C:\Program Files\Java\jdk1.8.0_31\jre\bin\verify.dll
0x000000005aaf0000 - 0x000000005ab18000 	C:\Program Files\Java\jdk1.8.0_31\jre\bin\java.dll
0x000000005aad0000 - 0x000000005aae6000 	C:\Program Files\Java\jdk1.8.0_31\jre\bin\zip.dll
0x00007ffa80710000 - 0x00007ffa80899000 	C:\WINDOWS\SYSTEM32\dbghelp.dll

VM Arguments:
jvm_args: -Djava.awt.headless=true -Xmx1024M -Dfile.encoding=windows-1252 -Duser.country=CA -Duser.language=en -Duser.variant 
java_command: com.android.dx.command.Main --dex --force-jumbo --num-threads=4 --multi-dex --output C:\Users\Saketh\Desktop\Honours Project\Marked\app\build\intermediates\transforms\dex\debug\folders\1000\5\slice_0 C:\Users\Saketh\Desktop\Honours Project\Marked\app\build\intermediates\transforms\instantRunSlicer\debug\folders\1\5\slice_0
java_class_path (initial): C:\Users\Saketh\Desktop\New folder\adt-bundle-windows-x86_64-20130522\sdk\build-tools\25.0.0\lib\dx.jar
Launcher Type: SUN_STANDARD

Environment Variables:
PATH=C:\ProgramData\Oracle\Java\javapath;C:\Program Files (x86)\NVIDIA Corporation\PhysX\Common;C:\Program Files (x86)\Intel\iCLS Client\;C:\Program Files\Intel\iCLS Client\;C:\WINDOWS\system32;C:\WINDOWS;C:\WINDOWS\System32\Wbem;C:\WINDOWS\System32\WindowsPowerShell\v1.0\;C:\Program Files\Intel\Intel(R) Management Engine Components\DAL;C:\Program Files\Intel\Intel(R) Management Engine Components\IPT;C:\Program Files (x86)\Intel\Intel(R) Management Engine Components\DAL;C:\Program Files (x86)\Intel\Intel(R) Management Engine Components\IPT;C:\Program Files\Microsoft\Web Platform Installer\;C:\Program Files\Intel\WiFi\bin\;C:\Program Files\Common Files\Intel\WirelessCommon\;C:\Program Files (x86)\MiKTeX 2.9\miktex\bin\;C:\Program Files (x86)\Skype\Phone\;C:\Program Files\TortoiseGit\bin
USERNAME=Saketh
OS=Windows_NT
PROCESSOR_IDENTIFIER=Intel64 Family 6 Model 58 Stepping 9, GenuineIntel



---------------  S Y S T E M  ---------------

OS: Windows 8.1 , 64 bit Build 9600 

CPU:total 8 (4 cores per cpu, 2 threads per core) family 6 model 58 stepping 9, cmov, cx8, fxsr, mmx, sse, sse2, sse3, ssse3, sse4.1, sse4.2, popcnt, avx, aes, clmul, erms, ht, tsc, tscinvbit, tscinv

Memory: 4k page, physical 8334620k(1132500k free), swap 11480348k(51272k free)

vm_info: Java HotSpot(TM) 64-Bit Server VM (25.31-b07) for windows-amd64 JRE (1.8.0_31-b13), built on Dec 17 2014 21:00:28 by "java_re" with MS VC++ 10.0 (VS2010)

time: Tue May 02 20:53:29 2017
elapsed time: 4 seconds (0d 0h 0m 4s)

