#
# There is insufficient memory for the Java Runtime Environment to continue.
# Native memory allocation (malloc) failed to allocate 863536 bytes for Chunk::new
# Possible reasons:
#   The system is out of physical RAM or swap space
#   In 32 bit mode, the process size limit was hit
# Possible solutions:
#   Reduce memory load on the system
#   Increase physical memory or swap space
#   Check if swap backing store is full
#   Use 64 bit Java on a 64 bit OS
#   Decrease Java heap size (-Xmx/-Xms)
#   Decrease number of Java threads
#   Decrease Java thread stack sizes (-Xss)
#   Set larger code cache with -XX:ReservedCodeCacheSize=
# This output file may be truncated or incomplete.
#
#  Out of Memory Error (allocation.cpp:390), pid=6996, tid=8472
#
# JRE version: Java(TM) SE Runtime Environment (8.0_31-b13) (build 1.8.0_31-b13)
# Java VM: Java HotSpot(TM) 64-Bit Server VM (25.31-b07 mixed mode windows-amd64 compressed oops)
# Failed to write core dump. Minidumps are not enabled by default on client versions of Windows
#

---------------  T H R E A D  ---------------

Current thread (0x000000001721a000):  JavaThread "C2 CompilerThread1" daemon [_thread_in_native, id=8472, stack(0x00000000178f0000,0x00000000179f0000)]

Stack: [0x00000000178f0000,0x00000000179f0000]
Native frames: (J=compiled Java code, j=interpreted, Vv=VM code, C=native code)
V  [jvm.dll+0x3169ba]
V  [jvm.dll+0x2674c3]
V  [jvm.dll+0x268103]
V  [jvm.dll+0x25f8f5]
V  [jvm.dll+0xbf025]
V  [jvm.dll+0xbf4cc]
V  [jvm.dll+0x45df82]
V  [jvm.dll+0x49f21f]
V  [jvm.dll+0x453401]
V  [jvm.dll+0x454124]
V  [jvm.dll+0x437c62]
V  [jvm.dll+0x988e2]
V  [jvm.dll+0x990d3]
V  [jvm.dll+0x22c194]
V  [jvm.dll+0x28576a]
C  [msvcr100.dll+0x21d9f]
C  [msvcr100.dll+0x21e3b]
C  [KERNEL32.DLL+0x13d2]
C  [ntdll.dll+0x154e4]


Current CompileTask:
C2:   1810 1399       4       com.android.dx.ssa.SCCP::simulateBranch (666 bytes)


---------------  P R O C E S S  ---------------

Java Threads: ( => current thread )
  0x0000000017530000 JavaThread "pool-2-thread-4" [_thread_in_Java, id=212, stack(0x00000000189f0000,0x0000000018af0000)]
  0x0000000017f0a000 JavaThread "pool-2-thread-3" [_thread_blocked, id=4432, stack(0x00000000188f0000,0x00000000189f0000)]
  0x0000000017557800 JavaThread "pool-2-thread-2" [_thread_blocked, id=8128, stack(0x00000000187f0000,0x00000000188f0000)]
  0x000000001757c800 JavaThread "pool-3-thread-1" [_thread_blocked, id=3672, stack(0x00000000186f0000,0x00000000187f0000)]
  0x0000000017e04800 JavaThread "pool-2-thread-1" [_thread_in_Java, id=2296, stack(0x00000000185f0000,0x00000000186f0000)]
  0x00000000172b6000 JavaThread "Service Thread" daemon [_thread_blocked, id=9148, stack(0x0000000017bf0000,0x0000000017cf0000)]
  0x0000000017224800 JavaThread "C1 CompilerThread3" daemon [_thread_blocked, id=3712, stack(0x0000000017af0000,0x0000000017bf0000)]
  0x0000000017221800 JavaThread "C2 CompilerThread2" daemon [_thread_in_native, id=6572, stack(0x00000000179f0000,0x0000000017af0000)]
=>0x000000001721a000 JavaThread "C2 CompilerThread1" daemon [_thread_in_native, id=8472, stack(0x00000000178f0000,0x00000000179f0000)]
  0x0000000017218000 JavaThread "C2 CompilerThread0" daemon [_thread_in_native, id=8956, stack(0x00000000177f0000,0x00000000178f0000)]
  0x0000000017216000 JavaThread "Attach Listener" daemon [_thread_blocked, id=4244, stack(0x00000000176f0000,0x00000000177f0000)]
  0x0000000017215800 JavaThread "Signal Dispatcher" daemon [_thread_blocked, id=8968, stack(0x00000000175f0000,0x00000000176f0000)]
  0x0000000001259800 JavaThread "Finalizer" daemon [_thread_blocked, id=9396, stack(0x00000000170f0000,0x00000000171f0000)]
  0x0000000001253000 JavaThread "Reference Handler" daemon [_thread_blocked, id=6792, stack(0x0000000016ff0000,0x00000000170f0000)]
  0x0000000001160800 JavaThread "main" [_thread_in_Java, id=7476, stack(0x0000000001060000,0x0000000001160000)]

Other Threads:
  0x00000000151e8800 VMThread [stack: 0x0000000016ef0000,0x0000000016ff0000] [id=10760]
  0x00000000172b8000 WatcherThread [stack: 0x0000000017cf0000,0x0000000017df0000] [id=7620]

VM state:not at safepoint (normal execution)

VM Mutex/Monitor currently owned by a thread: None

Heap:
 PSYoungGen      total 38400K, used 16233K [0x00000000eab00000, 0x00000000ef600000, 0x0000000100000000)
  eden space 33280K, 33% used [0x00000000eab00000,0x00000000eb5e0b50,0x00000000ecb80000)
  from space 5120K, 99% used [0x00000000ed080000,0x00000000ed579c78,0x00000000ed580000)
  to   space 5120K, 0% used [0x00000000ecb80000,0x00000000ecb80000,0x00000000ed080000)
 ParOldGen       total 87552K, used 3445K [0x00000000c0000000, 0x00000000c5580000, 0x00000000eab00000)
  object space 87552K, 3% used [0x00000000c0000000,0x00000000c035d490,0x00000000c5580000)
 Metaspace       used 6204K, capacity 7088K, committed 7296K, reserved 1056768K
  class space    used 592K, capacity 616K, committed 640K, reserved 1048576K

Card table byte_map: [0x0000000001620000,0x0000000001830000] byte_map_base: 0x0000000001020000

Marking Bits: (ParMarkBitMap*) 0x000000005540d4f0
 Begin Bits: [0x0000000012600000, 0x0000000013600000)
 End Bits:   [0x0000000013600000, 0x0000000014600000)

Polling page: 0x0000000000bc0000

CodeCache: size=245760Kb used=6362Kb max_used=6368Kb free=239397Kb
 bounds [0x0000000003400000, 0x0000000003a40000, 0x0000000012400000]
 total_blobs=1812 nmethods=1546 adapters=179
 compilation: enabled

Compilation events (10 events):
Event: 1.509 Thread 0x0000000017224800 nmethod 1431 0x0000000003973c10 code [0x0000000003973d60, 0x0000000003973ef0]
Event: 1.524 Thread 0x0000000017224800 1450       3       com.android.dx.ssa.SsaConverter::edgeSplitMoveExceptionsAndResults (157 bytes)
Event: 1.527 Thread 0x0000000017224800 nmethod 1450 0x0000000003973f90 code [0x0000000003974320, 0x0000000003976068]
Event: 1.527 Thread 0x0000000017224800 1452       3       com.android.dx.ssa.ConstCollector::updateConstUses (248 bytes)
Event: 1.530 Thread 0x0000000017224800 nmethod 1452 0x0000000003977490 code [0x0000000003977860, 0x0000000003979e58]
Event: 1.530 Thread 0x0000000017224800 1449       3       com.android.dx.ssa.SsaConverter::edgeSplitPredecessors (44 bytes)
Event: 1.531 Thread 0x0000000017224800 nmethod 1449 0x000000000397b550 code [0x000000000397b740, 0x000000000397c0c8]
Event: 1.531 Thread 0x0000000017224800 1443       3       com.android.dx.cf.direct.StdAttributeFactory::lineNumberTable (204 bytes)
Event: 1.535 Thread 0x0000000017224800 nmethod 1443 0x000000000397c610 code [0x000000000397caa0, 0x000000000397f6b8]
Event: 1.535 Thread 0x0000000017224800 1442       3       com.android.dx.cf.direct.StdAttributeFactory::code (613 bytes)

GC Heap History (2 events):
Event: 0.893 GC heap before
{Heap before GC invocations=1 (full 0):
 PSYoungGen      total 38400K, used 33280K [0x00000000eab00000, 0x00000000ed580000, 0x0000000100000000)
  eden space 33280K, 100% used [0x00000000eab00000,0x00000000ecb80000,0x00000000ecb80000)
  from space 5120K, 0% used [0x00000000ed080000,0x00000000ed080000,0x00000000ed580000)
  to   space 5120K, 0% used [0x00000000ecb80000,0x00000000ecb80000,0x00000000ed080000)
 ParOldGen       total 87552K, used 0K [0x00000000c0000000, 0x00000000c5580000, 0x00000000eab00000)
  object space 87552K, 0% used [0x00000000c0000000,0x00000000c0000000,0x00000000c5580000)
 Metaspace       used 5844K, capacity 6832K, committed 7040K, reserved 1056768K
  class space    used 588K, capacity 616K, committed 640K, reserved 1048576K
Event: 0.902 GC heap after
Heap after GC invocations=1 (full 0):
 PSYoungGen      total 38400K, used 5038K [0x00000000eab00000, 0x00000000ed580000, 0x0000000100000000)
  eden space 33280K, 0% used [0x00000000eab00000,0x00000000eab00000,0x00000000ecb80000)
  from space 5120K, 98% used [0x00000000ecb80000,0x00000000ed06bab8,0x00000000ed080000)
  to   space 5120K, 0% used [0x00000000ed080000,0x00000000ed080000,0x00000000ed580000)
 ParOldGen       total 87552K, used 16K [0x00000000c0000000, 0x00000000c5580000, 0x00000000eab00000)
  object space 87552K, 0% used [0x00000000c0000000,0x00000000c0004000,0x00000000c5580000)
 Metaspace       used 5844K, capacity 6832K, committed 7040K, reserved 1056768K
  class space    used 588K, capacity 616K, committed 640K, reserved 1048576K
}

Deoptimization events (10 events):
Event: 0.862 Thread 0x0000000001160800 Uncommon trap: reason=class_check action=maybe_recompile pc=0x00000000036af8cc method=com.android.dx.ssa.NormalSsaInsn.accept(Lcom/android/dx/ssa/SsaInsn$Visitor;)V @ 9
Event: 0.867 Thread 0x0000000017f0a000 Uncommon trap: reason=class_check action=maybe_recompile pc=0x00000000036af8cc method=com.android.dx.ssa.NormalSsaInsn.accept(Lcom/android/dx/ssa/SsaInsn$Visitor;)V @ 9
Event: 0.868 Thread 0x0000000001160800 Uncommon trap: reason=class_check action=maybe_recompile pc=0x00000000036af8cc method=com.android.dx.ssa.NormalSsaInsn.accept(Lcom/android/dx/ssa/SsaInsn$Visitor;)V @ 9
Event: 0.891 Thread 0x0000000001160800 Uncommon trap: reason=class_check action=maybe_recompile pc=0x0000000003748bec method=com.android.dx.rop.type.Type.equals(Ljava/lang/Object;)Z @ 8
Event: 0.891 Thread 0x0000000001160800 Uncommon trap: reason=class_check action=maybe_recompile pc=0x0000000003748bec method=com.android.dx.rop.type.Type.equals(Ljava/lang/Object;)Z @ 8
Event: 0.891 Thread 0x0000000001160800 Uncommon trap: reason=class_check action=maybe_recompile pc=0x0000000003748bec method=com.android.dx.rop.type.Type.equals(Ljava/lang/Object;)Z @ 8
Event: 0.891 Thread 0x0000000001160800 Uncommon trap: reason=class_check action=maybe_recompile pc=0x0000000003748bec method=com.android.dx.rop.type.Type.equals(Ljava/lang/Object;)Z @ 8
Event: 1.034 Thread 0x0000000017f0a000 Uncommon trap: reason=class_check action=maybe_recompile pc=0x000000000367edd4 method=com.android.dx.rop.type.Type.equals(Ljava/lang/Object;)Z @ 8
Event: 1.042 Thread 0x0000000017f0a000 Uncommon trap: reason=unreached action=reinterpret pc=0x0000000003750b1c method=com.android.dx.rop.cst.Constant.compareTo(Lcom/android/dx/rop/cst/Constant;)I @ 12
Event: 1.079 Thread 0x0000000017f0a000 Uncommon trap: reason=unreached action=reinterpret pc=0x00000000037a92dc method=com.android.dx.ssa.SsaMethod.updateOneDefinition(Lcom/android/dx/ssa/SsaInsn;Lcom/android/dx/rop/code/RegisterSpec;)V @ 4

Internal exceptions (10 events):
Event: 0.726 Thread 0x0000000001160800 Exception <a 'java/security/PrivilegedActionException'> (0x00000000ec46e848) thrown at [C:\workspace\8-2-build-windows-amd64-cygwin\jdk8u31\2394\hotspot\src\share\vm\prims\jvm.cpp, line 1312]
Event: 0.727 Thread 0x0000000001160800 Exception <a 'java/security/PrivilegedActionException'> (0x00000000ec472128) thrown at [C:\workspace\8-2-build-windows-amd64-cygwin\jdk8u31\2394\hotspot\src\share\vm\prims\jvm.cpp, line 1312]
Event: 0.743 Thread 0x0000000017e04800 Exception <a 'java/security/PrivilegedActionException'> (0x00000000ec528728) thrown at [C:\workspace\8-2-build-windows-amd64-cygwin\jdk8u31\2394\hotspot\src\share\vm\prims\jvm.cpp, line 1312]
Event: 0.744 Thread 0x0000000017e04800 Exception <a 'java/security/PrivilegedActionException'> (0x00000000ec52e408) thrown at [C:\workspace\8-2-build-windows-amd64-cygwin\jdk8u31\2394\hotspot\src\share\vm\prims\jvm.cpp, line 1312]
Event: 0.744 Thread 0x0000000017e04800 Exception <a 'java/security/PrivilegedActionException'> (0x00000000ec533db8) thrown at [C:\workspace\8-2-build-windows-amd64-cygwin\jdk8u31\2394\hotspot\src\share\vm\prims\jvm.cpp, line 1312]
Event: 0.753 Thread 0x0000000001160800 Exception <a 'java/security/PrivilegedActionException'> (0x00000000ec489ae0) thrown at [C:\workspace\8-2-build-windows-amd64-cygwin\jdk8u31\2394\hotspot\src\share\vm\prims\jvm.cpp, line 1312]
Event: 0.762 Thread 0x0000000017f0a000 Exception <a 'java/security/PrivilegedActionException'> (0x00000000ec5f0dd0) thrown at [C:\workspace\8-2-build-windows-amd64-cygwin\jdk8u31\2394\hotspot\src\share\vm\prims\jvm.cpp, line 1312]
Event: 0.930 Thread 0x0000000001160800 Exception <a 'java/security/PrivilegedActionException'> (0x00000000eac96c60) thrown at [C:\workspace\8-2-build-windows-amd64-cygwin\jdk8u31\2394\hotspot\src\share\vm\prims\jvm.cpp, line 1312]
Event: 1.076 Thread 0x0000000017f0a000 Exception <a 'java/security/PrivilegedActionException'> (0x00000000eb15b6a8) thrown at [C:\workspace\8-2-build-windows-amd64-cygwin\jdk8u31\2394\hotspot\src\share\vm\prims\jvm.cpp, line 1312]
Event: 1.091 Thread 0x0000000001160800 Exception <a 'java/security/PrivilegedActionException'> (0x00000000eb2618e8) thrown at [C:\workspace\8-2-build-windows-amd64-cygwin\jdk8u31\2394\hotspot\src\share\vm\prims\jvm.cpp, line 1312]

Events (10 events):
Event: 1.079 Thread 0x0000000017f0a000 DEOPT PACKING pc=0x00000000037a92dc sp=0x00000000189ee610
Event: 1.079 Thread 0x0000000017f0a000 DEOPT UNPACKING pc=0x000000000344556a sp=0x00000000189ee5b8 mode 2
Event: 1.091 loading class com/android/dx/cf/attrib/AttRuntimeVisibleAnnotations
Event: 1.091 loading class com/android/dx/cf/attrib/AttRuntimeVisibleAnnotations done
Event: 1.096 loading class java/util/TreeMap$EntrySet
Event: 1.096 loading class java/util/TreeMap$EntrySet done
Event: 1.096 loading class java/util/TreeMap$EntryIterator
Event: 1.096 loading class java/util/TreeMap$EntryIterator done
Event: 1.096 Executing VM operation: Deoptimize
Event: 1.097 Executing VM operation: Deoptimize done


Dynamic libraries:
0x00007ff736240000 - 0x00007ff736274000 	C:\Program Files\Java\jdk1.8.0_31\bin\java.exe
0x00007ffc7dbd0000 - 0x00007ffc7dd7d000 	C:\WINDOWS\SYSTEM32\ntdll.dll
0x00007ffc7d6d0000 - 0x00007ffc7d80e000 	C:\WINDOWS\system32\KERNEL32.DLL
0x00007ffc7adc0000 - 0x00007ffc7aed5000 	C:\WINDOWS\system32\KERNELBASE.dll
0x00007ffc798a0000 - 0x00007ffc7992e000 	C:\WINDOWS\system32\apphelp.dll
0x00007ffc6a7a0000 - 0x00007ffc6a7f3000 	C:\WINDOWS\AppPatch\AppPatch64\AcGenral.DLL
0x00007ffc7b2b0000 - 0x00007ffc7b35a000 	C:\WINDOWS\system32\msvcrt.dll
0x00007ffc7b170000 - 0x00007ffc7b19e000 	C:\WINDOWS\system32\SspiCli.dll
0x00007ffc7daf0000 - 0x00007ffc7db44000 	C:\WINDOWS\system32\SHLWAPI.dll
0x00007ffc7b360000 - 0x00007ffc7b4d7000 	C:\WINDOWS\system32\USER32.dll
0x00007ffc7d950000 - 0x00007ffc7dae4000 	C:\WINDOWS\system32\ole32.dll
0x00007ffc7c130000 - 0x00007ffc7d658000 	C:\WINDOWS\system32\SHELL32.dll
0x00007ffc7a2c0000 - 0x00007ffc7a2e1000 	C:\WINDOWS\SYSTEM32\USERENV.dll
0x00007ffc7bcd0000 - 0x00007ffc7bd7a000 	C:\WINDOWS\system32\ADVAPI32.dll
0x00007ffc73400000 - 0x00007ffc7341e000 	C:\WINDOWS\SYSTEM32\MPR.dll
0x00007ffc7d810000 - 0x00007ffc7d950000 	C:\WINDOWS\system32\RPCRT4.dll
0x00007ffc7b250000 - 0x00007ffc7b2a9000 	C:\WINDOWS\SYSTEM32\sechost.dll
0x00007ffc7b700000 - 0x00007ffc7b911000 	C:\WINDOWS\SYSTEM32\combase.dll
0x00007ffc7b4e0000 - 0x00007ffc7b62f000 	C:\WINDOWS\system32\GDI32.dll
0x00007ffc7acf0000 - 0x00007ffc7ad05000 	C:\WINDOWS\SYSTEM32\profapi.dll
0x00007ffc797e0000 - 0x00007ffc79892000 	C:\WINDOWS\SYSTEM32\SHCORE.dll
0x00007ffc7c090000 - 0x00007ffc7c0c6000 	C:\WINDOWS\system32\IMM32.DLL
0x00007ffc7be60000 - 0x00007ffc7bfb2000 	C:\WINDOWS\system32\MSCTF.dll
0x00007ffc785f0000 - 0x00007ffc7886b000 	C:\WINDOWS\WinSxS\amd64_microsoft.windows.common-controls_6595b64144ccf1df_6.0.9600.18006_none_623f33d3ecbe86e8\COMCTL32.dll
0x00000000562e0000 - 0x00000000563b2000 	C:\Program Files\Java\jdk1.8.0_31\jre\bin\msvcr100.dll
0x0000000054c30000 - 0x000000005548a000 	C:\Program Files\Java\jdk1.8.0_31\jre\bin\server\jvm.dll
0x00007ffc71940000 - 0x00007ffc71949000 	C:\WINDOWS\SYSTEM32\WSOCK32.dll
0x00007ffc77280000 - 0x00007ffc772a2000 	C:\WINDOWS\SYSTEM32\WINMM.dll
0x00007ffc7bcc0000 - 0x00007ffc7bcc7000 	C:\WINDOWS\system32\PSAPI.DLL
0x00007ffc7d670000 - 0x00007ffc7d6ca000 	C:\WINDOWS\system32\WS2_32.dll
0x00007ffc76b60000 - 0x00007ffc76b8a000 	C:\WINDOWS\SYSTEM32\WINMMBASE.dll
0x00007ffc7dbc0000 - 0x00007ffc7dbc9000 	C:\WINDOWS\system32\NSI.dll
0x00007ffc7aee0000 - 0x00007ffc7af2f000 	C:\WINDOWS\SYSTEM32\cfgmgr32.dll
0x00007ffc79b10000 - 0x00007ffc79b38000 	C:\WINDOWS\SYSTEM32\DEVOBJ.dll
0x00000000562d0000 - 0x00000000562df000 	C:\Program Files\Java\jdk1.8.0_31\jre\bin\verify.dll
0x00000000562a0000 - 0x00000000562c8000 	C:\Program Files\Java\jdk1.8.0_31\jre\bin\java.dll
0x0000000056280000 - 0x0000000056296000 	C:\Program Files\Java\jdk1.8.0_31\jre\bin\zip.dll
0x00007ffc74ea0000 - 0x00007ffc75029000 	C:\WINDOWS\SYSTEM32\dbghelp.dll

VM Arguments:
jvm_args: -Djava.awt.headless=true -Xmx1024M -Dfile.encoding=windows-1252 -Duser.country=CA -Duser.language=en -Duser.variant 
java_command: com.android.dx.command.Main --dex --force-jumbo --num-threads=4 --multi-dex --output C:\Users\Saketh\Desktop\Honours Project\Marked\app\build\intermediates\transforms\dex\debug\folders\1000\10\com.android.support-support-compat-25.2.0_a23261dc546baeaee713cb025d846471753b5284 C:\Users\Saketh\Desktop\Honours Project\Marked\app\build\intermediates\exploded-aar\com.android.support\support-compat\25.2.0\jars\classes.jar
java_class_path (initial): C:\Users\Saketh\Desktop\New folder\adt-bundle-windows-x86_64-20130522\sdk\build-tools\25.0.0\lib\dx.jar
Launcher Type: SUN_STANDARD

Environment Variables:
PATH=C:\ProgramData\Oracle\Java\javapath;C:\Program Files (x86)\NVIDIA Corporation\PhysX\Common;C:\Program Files (x86)\Intel\iCLS Client\;C:\Program Files\Intel\iCLS Client\;C:\WINDOWS\system32;C:\WINDOWS;C:\WINDOWS\System32\Wbem;C:\WINDOWS\System32\WindowsPowerShell\v1.0\;C:\Program Files\Intel\Intel(R) Management Engine Components\DAL;C:\Program Files\Intel\Intel(R) Management Engine Components\IPT;C:\Program Files (x86)\Intel\Intel(R) Management Engine Components\DAL;C:\Program Files (x86)\Intel\Intel(R) Management Engine Components\IPT;C:\Program Files\Microsoft\Web Platform Installer\;C:\Program Files\Intel\WiFi\bin\;C:\Program Files\Common Files\Intel\WirelessCommon\;C:\Program Files (x86)\MiKTeX 2.9\miktex\bin\;C:\Program Files (x86)\Skype\Phone\;C:\Program Files\TortoiseGit\bin
USERNAME=Saketh
OS=Windows_NT
PROCESSOR_IDENTIFIER=Intel64 Family 6 Model 58 Stepping 9, GenuineIntel



---------------  S Y S T E M  ---------------

OS: Windows 8.1 , 64 bit Build 9600 

CPU:total 8 (4 cores per cpu, 2 threads per core) family 6 model 58 stepping 9, cmov, cx8, fxsr, mmx, sse, sse2, sse3, ssse3, sse4.1, sse4.2, popcnt, avx, aes, clmul, erms, ht, tsc, tscinvbit, tscinv

Memory: 4k page, physical 8334620k(1009320k free), swap 11480348k(181984k free)

vm_info: Java HotSpot(TM) 64-Bit Server VM (25.31-b07) for windows-amd64 JRE (1.8.0_31-b13), built on Dec 17 2014 21:00:28 by "java_re" with MS VC++ 10.0 (VS2010)

time: Mon Mar 27 17:34:37 2017
elapsed time: 1 seconds (0d 0h 0m 1s)

