#
# There is insufficient memory for the Java Runtime Environment to continue.
# Native memory allocation (malloc) failed to allocate 979616 bytes for Chunk::new
# Possible reasons:
#   The system is out of physical RAM or swap space
#   In 32 bit mode, the process size limit was hit
# Possible solutions:
#   Reduce memory load on the system
#   Increase physical memory or swap space
#   Check if swap backing store is full
#   Use 64 bit Java on a 64 bit OS
#   Decrease Java heap size (-Xmx/-Xms)
#   Decrease number of Java threads
#   Decrease Java thread stack sizes (-Xss)
#   Set larger code cache with -XX:ReservedCodeCacheSize=
# This output file may be truncated or incomplete.
#
#  Out of Memory Error (allocation.cpp:390), pid=6100, tid=8036
#
# JRE version: Java(TM) SE Runtime Environment (8.0_31-b13) (build 1.8.0_31-b13)
# Java VM: Java HotSpot(TM) 64-Bit Server VM (25.31-b07 mixed mode windows-amd64 compressed oops)
# Failed to write core dump. Minidumps are not enabled by default on client versions of Windows
#

---------------  T H R E A D  ---------------

Current thread (0x0000000017107800):  JavaThread "C2 CompilerThread0" daemon [_thread_in_native, id=8036, stack(0x00000000176e0000,0x00000000177e0000)]

Stack: [0x00000000176e0000,0x00000000177e0000]
Native frames: (J=compiled Java code, j=interpreted, Vv=VM code, C=native code)
V  [jvm.dll+0x3169ba]
V  [jvm.dll+0x2674c3]
V  [jvm.dll+0x268103]
V  [jvm.dll+0x25f8f5]
V  [jvm.dll+0xbf025]
V  [jvm.dll+0xbf4cc]
V  [jvm.dll+0x45df82]
V  [jvm.dll+0x49f21f]
V  [jvm.dll+0x453401]
V  [jvm.dll+0x454124]
V  [jvm.dll+0x437c62]
V  [jvm.dll+0x988e2]
V  [jvm.dll+0x990d3]
V  [jvm.dll+0x22c194]
V  [jvm.dll+0x28576a]
C  [msvcr100.dll+0x21d9f]
C  [msvcr100.dll+0x21e3b]
C  [KERNEL32.DLL+0x13d2]
C  [ntdll.dll+0x154e4]


Current CompileTask:
C2:   1810 1441       4       com.android.dx.ssa.SCCP::simulatePhi (169 bytes)


---------------  P R O C E S S  ---------------

Java Threads: ( => current thread )
  0x000000001737d800 JavaThread "pool-1-thread-1" [_thread_in_vm, id=4524, stack(0x0000000017ce0000,0x0000000017de0000)]
  0x00000000171a1800 JavaThread "Service Thread" daemon [_thread_blocked, id=5176, stack(0x0000000017ae0000,0x0000000017be0000)]
  0x000000001712f800 JavaThread "C1 CompilerThread3" daemon [_thread_blocked, id=7680, stack(0x00000000179e0000,0x0000000017ae0000)]
  0x0000000017115000 JavaThread "C2 CompilerThread2" daemon [_thread_in_native, id=7180, stack(0x00000000178e0000,0x00000000179e0000)]
  0x0000000017110800 JavaThread "C2 CompilerThread1" daemon [_thread_in_native, id=9452, stack(0x00000000177e0000,0x00000000178e0000)]
=>0x0000000017107800 JavaThread "C2 CompilerThread0" daemon [_thread_in_native, id=8036, stack(0x00000000176e0000,0x00000000177e0000)]
  0x0000000017105800 JavaThread "Attach Listener" daemon [_thread_blocked, id=9196, stack(0x00000000175e0000,0x00000000176e0000)]
  0x0000000017104800 JavaThread "Signal Dispatcher" daemon [_thread_blocked, id=8304, stack(0x00000000174e0000,0x00000000175e0000)]
  0x00000000010a8800 JavaThread "Finalizer" daemon [_thread_blocked, id=4548, stack(0x0000000016fe0000,0x00000000170e0000)]
  0x00000000150ec000 JavaThread "Reference Handler" daemon [_thread_blocked, id=6428, stack(0x0000000016ee0000,0x0000000016fe0000)]
  0x0000000000fb0800 JavaThread "main" [_thread_blocked, id=8788, stack(0x0000000000eb0000,0x0000000000fb0000)]

Other Threads:
  0x00000000150e8000 VMThread [stack: 0x0000000016de0000,0x0000000016ee0000] [id=6000]
  0x00000000171a3000 WatcherThread [stack: 0x0000000017be0000,0x0000000017ce0000] [id=11076]

VM state:not at safepoint (normal execution)

VM Mutex/Monitor currently owned by a thread: None

Heap:
 PSYoungGen      total 38400K, used 33060K [0x00000000eab00000, 0x00000000ef600000, 0x0000000100000000)
  eden space 33280K, 84% used [0x00000000eab00000,0x00000000ec64f4c8,0x00000000ecb80000)
  from space 5120K, 99% used [0x00000000ecb80000,0x00000000ed079c98,0x00000000ed080000)
  to   space 5120K, 0% used [0x00000000ef100000,0x00000000ef100000,0x00000000ef600000)
 ParOldGen       total 87552K, used 1786K [0x00000000c0000000, 0x00000000c5580000, 0x00000000eab00000)
  object space 87552K, 2% used [0x00000000c0000000,0x00000000c01bea98,0x00000000c5580000)
 Metaspace       used 6306K, capacity 7216K, committed 7296K, reserved 1056768K
  class space    used 610K, capacity 616K, committed 640K, reserved 1048576K

Card table byte_map: [0x0000000001470000,0x0000000001680000] byte_map_base: 0x0000000000e70000

Marking Bits: (ParMarkBitMap*) 0x000000005540d4f0
 Begin Bits: [0x0000000012500000, 0x0000000013500000)
 End Bits:   [0x0000000013500000, 0x0000000014500000)

Polling page: 0x0000000000a60000

CodeCache: size=245760Kb used=6256Kb max_used=6256Kb free=239503Kb
 bounds [0x0000000003400000, 0x0000000003a30000, 0x0000000012400000]
 total_blobs=1926 nmethods=1660 adapters=179
 compilation: enabled

Compilation events (10 events):
Event: 1.553 Thread 0x000000001712f800 1498       3       com.android.dx.dex.file.EncodedMember::<init> (10 bytes)
Event: 1.554 Thread 0x000000001712f800 nmethod 1498 0x000000000398d490 code [0x000000000398d5e0, 0x000000000398d790]
Event: 1.557 Thread 0x000000001712f800 1499       3       com.android.dx.rop.annotation.NameValuePair::<init> (43 bytes)
Event: 1.557 Thread 0x000000001712f800 nmethod 1499 0x000000000398d850 code [0x000000000398d9e0, 0x000000000398dd78]
Event: 1.557 Thread 0x000000001712f800 1500       3       com.android.dx.util.Bits::isEmpty (26 bytes)
Event: 1.558 Thread 0x000000001712f800 nmethod 1500 0x000000000398de90 code [0x000000000398e000, 0x000000000398e250]
Event: 1.558 Thread 0x000000001712f800 1501       3       com.android.dx.cf.code.ByteCatchList::typeNotFound (47 bytes)
Event: 1.558 Thread 0x000000001712f800 nmethod 1501 0x000000000398e350 code [0x000000000398e4e0, 0x000000000398e8f0]
Event: 1.561 Thread 0x000000001712f800 1502       1       com.android.dx.rop.cst.CstKnownNull::getType (4 bytes)
Event: 1.561 Thread 0x000000001712f800 nmethod 1502 0x000000000398eb10 code [0x000000000398ec60, 0x000000000398ed70]

GC Heap History (2 events):
Event: 0.841 GC heap before
{Heap before GC invocations=1 (full 0):
 PSYoungGen      total 38400K, used 33280K [0x00000000eab00000, 0x00000000ed580000, 0x0000000100000000)
  eden space 33280K, 100% used [0x00000000eab00000,0x00000000ecb80000,0x00000000ecb80000)
  from space 5120K, 0% used [0x00000000ed080000,0x00000000ed080000,0x00000000ed580000)
  to   space 5120K, 0% used [0x00000000ecb80000,0x00000000ecb80000,0x00000000ed080000)
 ParOldGen       total 87552K, used 0K [0x00000000c0000000, 0x00000000c5580000, 0x00000000eab00000)
  object space 87552K, 0% used [0x00000000c0000000,0x00000000c0000000,0x00000000c5580000)
 Metaspace       used 5946K, capacity 6896K, committed 7040K, reserved 1056768K
  class space    used 592K, capacity 616K, committed 640K, reserved 1048576K
Event: 0.902 GC heap after
Heap after GC invocations=1 (full 0):
 PSYoungGen      total 38400K, used 5095K [0x00000000eab00000, 0x00000000ef600000, 0x0000000100000000)
  eden space 33280K, 0% used [0x00000000eab00000,0x00000000eab00000,0x00000000ecb80000)
  from space 5120K, 99% used [0x00000000ecb80000,0x00000000ed079c98,0x00000000ed080000)
  to   space 5120K, 0% used [0x00000000ef100000,0x00000000ef100000,0x00000000ef600000)
 ParOldGen       total 87552K, used 1786K [0x00000000c0000000, 0x00000000c5580000, 0x00000000eab00000)
  object space 87552K, 2% used [0x00000000c0000000,0x00000000c01bea98,0x00000000c5580000)
 Metaspace       used 5946K, capacity 6896K, committed 7040K, reserved 1056768K
  class space    used 592K, capacity 616K, committed 640K, reserved 1048576K
}

Deoptimization events (10 events):
Event: 0.471 Thread 0x000000001737f000 Uncommon trap: reason=class_check action=maybe_recompile pc=0x0000000003609330 method=com.android.dx.ssa.NormalSsaInsn.accept(Lcom/android/dx/ssa/SsaInsn$Visitor;)V @ 9
Event: 0.525 Thread 0x000000001737f000 Uncommon trap: reason=class_check action=maybe_recompile pc=0x0000000003609330 method=com.android.dx.ssa.NormalSsaInsn.accept(Lcom/android/dx/ssa/SsaInsn$Visitor;)V @ 9
Event: 0.525 Thread 0x000000001737f000 Uncommon trap: reason=class_check action=maybe_recompile pc=0x0000000003609330 method=com.android.dx.ssa.NormalSsaInsn.accept(Lcom/android/dx/ssa/SsaInsn$Visitor;)V @ 9
Event: 0.525 Thread 0x000000001737f000 Uncommon trap: reason=class_check action=maybe_recompile pc=0x0000000003609330 method=com.android.dx.ssa.NormalSsaInsn.accept(Lcom/android/dx/ssa/SsaInsn$Visitor;)V @ 9
Event: 0.618 Thread 0x0000000000fb0800 Uncommon trap: reason=null_check action=make_not_entrant pc=0x00000000036c3a28 method=com.android.dx.ssa.SsaRenamer.getLocalForNewReg(I)Lcom/android/dx/rop/code/LocalItem; @ 19
Event: 0.707 Thread 0x0000000017372000 Uncommon trap: reason=unreached action=reinterpret pc=0x000000000362c9dc method=com.android.dx.rop.cst.Constant.compareTo(Lcom/android/dx/rop/cst/Constant;)I @ 12
Event: 0.826 Thread 0x00000000173e6000 Uncommon trap: reason=bimorphic action=maybe_recompile pc=0x0000000003617490 method=java.util.HashMap.getNode(ILjava/lang/Object;)Ljava/util/HashMap$Node; @ 126
Event: 0.826 Thread 0x00000000173e6000 Uncommon trap: reason=class_check action=maybe_recompile pc=0x00000000037f72f4 method=java.util.HashMap.putVal(ILjava/lang/Object;Ljava/lang/Object;ZZ)Ljava/lang/Object; @ 203
Event: 0.989 Thread 0x0000000017372000 Uncommon trap: reason=null_check action=make_not_entrant pc=0x0000000003838b60 method=com.android.dx.rop.type.Type.equals(Ljava/lang/Object;)Z @ 8
Event: 1.284 Thread 0x0000000017428000 Uncommon trap: reason=unreached action=reinterpret pc=0x00000000039305c4 method=com.android.dx.rop.code.RegisterSpec.intersect(Lcom/android/dx/rop/code/RegisterSpec;Z)Lcom/android/dx/rop/code/RegisterSpec; @ 8

Internal exceptions (10 events):
Event: 0.606 Thread 0x0000000000fb0800 Exception <a 'java/security/PrivilegedActionException'> (0x00000000ebd8dab8) thrown at [C:\workspace\8-2-build-windows-amd64-cygwin\jdk8u31\2394\hotspot\src\share\vm\prims\jvm.cpp, line 1312]
Event: 0.608 Thread 0x0000000000fb0800 Exception <a 'java/security/PrivilegedActionException'> (0x00000000ebda0f70) thrown at [C:\workspace\8-2-build-windows-amd64-cygwin\jdk8u31\2394\hotspot\src\share\vm\prims\jvm.cpp, line 1312]
Event: 0.608 Thread 0x0000000000fb0800 Exception <a 'java/security/PrivilegedActionException'> (0x00000000ebda3bb8) thrown at [C:\workspace\8-2-build-windows-amd64-cygwin\jdk8u31\2394\hotspot\src\share\vm\prims\jvm.cpp, line 1312]
Event: 0.618 Thread 0x0000000000fb0800 Implicit null exception at 0x00000000036c1c4b to 0x00000000036c3a01
Event: 0.749 Thread 0x0000000017372000 Exception <a 'java/security/PrivilegedActionException'> (0x00000000ec5d0cc8) thrown at [C:\workspace\8-2-build-windows-amd64-cygwin\jdk8u31\2394\hotspot\src\share\vm\prims\jvm.cpp, line 1312]
Event: 0.782 Thread 0x0000000017428000 Exception <a 'java/security/PrivilegedActionException'> (0x00000000ec6fd750) thrown at [C:\workspace\8-2-build-windows-amd64-cygwin\jdk8u31\2394\hotspot\src\share\vm\prims\jvm.cpp, line 1312]
Event: 0.783 Thread 0x0000000017428000 Exception <a 'java/security/PrivilegedActionException'> (0x00000000ec703430) thrown at [C:\workspace\8-2-build-windows-amd64-cygwin\jdk8u31\2394\hotspot\src\share\vm\prims\jvm.cpp, line 1312]
Event: 0.784 Thread 0x0000000017428000 Exception <a 'java/security/PrivilegedActionException'> (0x00000000ec708eb0) thrown at [C:\workspace\8-2-build-windows-amd64-cygwin\jdk8u31\2394\hotspot\src\share\vm\prims\jvm.cpp, line 1312]
Event: 0.989 Thread 0x0000000017372000 Implicit null exception at 0x0000000003838a62 to 0x0000000003838b52
Event: 1.287 Thread 0x00000000173e6000 Exception <a 'java/security/PrivilegedActionException'> (0x00000000eb84f6e0) thrown at [C:\workspace\8-2-build-windows-amd64-cygwin\jdk8u31\2394\hotspot\src\share\vm\prims\jvm.cpp, line 1312]

Events (10 events):
Event: 0.989 Thread 0x0000000017372000 Uncommon trap: trap_request=0xfffffff4 fr.pc=0x0000000003838b60
Event: 0.989 Thread 0x0000000017372000 DEOPT PACKING pc=0x0000000003838b60 sp=0x0000000017dde0a0
Event: 0.989 Thread 0x0000000017372000 DEOPT UNPACKING pc=0x000000000344556a sp=0x0000000017dde028 mode 2
Event: 1.284 Thread 0x0000000017428000 Uncommon trap: trap_request=0xffffffad fr.pc=0x00000000039305c4
Event: 1.284 Thread 0x0000000017428000 DEOPT PACKING pc=0x00000000039305c4 sp=0x00000000181deb50
Event: 1.284 Thread 0x0000000017428000 DEOPT UNPACKING pc=0x000000000344556a sp=0x00000000181de958 mode 2
Event: 1.287 loading class com/android/dx/cf/code/BytecodeArray$ConstantParserVisitor
Event: 1.287 loading class com/android/dx/cf/code/BytecodeArray$ConstantParserVisitor done
Event: 1.465 Thread 0x000000001737f000 DEOPT PACKING pc=0x0000000003710135 sp=0x0000000017fde5a0
Event: 1.465 Thread 0x000000001737f000 DEOPT UNPACKING pc=0x00000000034475bf sp=0x0000000017fde308 mode 0


Dynamic libraries:
0x00007ff736240000 - 0x00007ff736274000 	C:\Program Files\Java\jdk1.8.0_31\bin\java.exe
0x00007ffc7dbd0000 - 0x00007ffc7dd7d000 	C:\WINDOWS\SYSTEM32\ntdll.dll
0x00007ffc7d6d0000 - 0x00007ffc7d80e000 	C:\WINDOWS\system32\KERNEL32.DLL
0x00007ffc7adc0000 - 0x00007ffc7aed5000 	C:\WINDOWS\system32\KERNELBASE.dll
0x00007ffc798a0000 - 0x00007ffc7992e000 	C:\WINDOWS\system32\apphelp.dll
0x00007ffc6a7a0000 - 0x00007ffc6a7f3000 	C:\WINDOWS\AppPatch\AppPatch64\AcGenral.DLL
0x00007ffc7b2b0000 - 0x00007ffc7b35a000 	C:\WINDOWS\system32\msvcrt.dll
0x00007ffc7b170000 - 0x00007ffc7b19e000 	C:\WINDOWS\system32\SspiCli.dll
0x00007ffc7daf0000 - 0x00007ffc7db44000 	C:\WINDOWS\system32\SHLWAPI.dll
0x00007ffc7b360000 - 0x00007ffc7b4d7000 	C:\WINDOWS\system32\USER32.dll
0x00007ffc7d950000 - 0x00007ffc7dae4000 	C:\WINDOWS\system32\ole32.dll
0x00007ffc7c130000 - 0x00007ffc7d658000 	C:\WINDOWS\system32\SHELL32.dll
0x00007ffc7a2c0000 - 0x00007ffc7a2e1000 	C:\WINDOWS\SYSTEM32\USERENV.dll
0x00007ffc7bcd0000 - 0x00007ffc7bd7a000 	C:\WINDOWS\system32\ADVAPI32.dll
0x00007ffc73400000 - 0x00007ffc7341e000 	C:\WINDOWS\SYSTEM32\MPR.dll
0x00007ffc7d810000 - 0x00007ffc7d950000 	C:\WINDOWS\system32\RPCRT4.dll
0x00007ffc7b250000 - 0x00007ffc7b2a9000 	C:\WINDOWS\SYSTEM32\sechost.dll
0x00007ffc7b700000 - 0x00007ffc7b911000 	C:\WINDOWS\SYSTEM32\combase.dll
0x00007ffc7b4e0000 - 0x00007ffc7b62f000 	C:\WINDOWS\system32\GDI32.dll
0x00007ffc7acf0000 - 0x00007ffc7ad05000 	C:\WINDOWS\SYSTEM32\profapi.dll
0x00007ffc797e0000 - 0x00007ffc79892000 	C:\WINDOWS\SYSTEM32\SHCORE.dll
0x00007ffc7c090000 - 0x00007ffc7c0c6000 	C:\WINDOWS\system32\IMM32.DLL
0x00007ffc7be60000 - 0x00007ffc7bfb2000 	C:\WINDOWS\system32\MSCTF.dll
0x00007ffc785f0000 - 0x00007ffc7886b000 	C:\WINDOWS\WinSxS\amd64_microsoft.windows.common-controls_6595b64144ccf1df_6.0.9600.18006_none_623f33d3ecbe86e8\COMCTL32.dll
0x00000000562e0000 - 0x00000000563b2000 	C:\Program Files\Java\jdk1.8.0_31\jre\bin\msvcr100.dll
0x0000000054c30000 - 0x000000005548a000 	C:\Program Files\Java\jdk1.8.0_31\jre\bin\server\jvm.dll
0x00007ffc71940000 - 0x00007ffc71949000 	C:\WINDOWS\SYSTEM32\WSOCK32.dll
0x00007ffc77280000 - 0x00007ffc772a2000 	C:\WINDOWS\SYSTEM32\WINMM.dll
0x00007ffc7bcc0000 - 0x00007ffc7bcc7000 	C:\WINDOWS\system32\PSAPI.DLL
0x00007ffc7d670000 - 0x00007ffc7d6ca000 	C:\WINDOWS\system32\WS2_32.dll
0x00007ffc76b60000 - 0x00007ffc76b8a000 	C:\WINDOWS\SYSTEM32\WINMMBASE.dll
0x00007ffc7dbc0000 - 0x00007ffc7dbc9000 	C:\WINDOWS\system32\NSI.dll
0x00007ffc7aee0000 - 0x00007ffc7af2f000 	C:\WINDOWS\SYSTEM32\cfgmgr32.dll
0x00007ffc79b10000 - 0x00007ffc79b38000 	C:\WINDOWS\SYSTEM32\DEVOBJ.dll
0x00000000562d0000 - 0x00000000562df000 	C:\Program Files\Java\jdk1.8.0_31\jre\bin\verify.dll
0x00000000562a0000 - 0x00000000562c8000 	C:\Program Files\Java\jdk1.8.0_31\jre\bin\java.dll
0x0000000056280000 - 0x0000000056296000 	C:\Program Files\Java\jdk1.8.0_31\jre\bin\zip.dll
0x00007ffc74ea0000 - 0x00007ffc75029000 	C:\WINDOWS\SYSTEM32\dbghelp.dll

VM Arguments:
jvm_args: -Djava.awt.headless=true -Xmx1024M -Dfile.encoding=windows-1252 -Duser.country=CA -Duser.language=en -Duser.variant 
java_command: com.android.dx.command.Main --dex --force-jumbo --num-threads=4 --multi-dex --output C:\Users\Saketh\Desktop\Honours Project\Marked\app\build\intermediates\transforms\dex\debug\folders\1000\10\com.android.support-support-core-utils-25.2.0_d353e464f0ed4ea8f30774632bb87b7b0762c132 C:\Users\Saketh\Desktop\Honours Project\Marked\app\build\intermediates\exploded-aar\com.android.support\support-core-utils\25.2.0\jars\classes.jar
java_class_path (initial): C:\Users\Saketh\Desktop\New folder\adt-bundle-windows-x86_64-20130522\sdk\build-tools\25.0.0\lib\dx.jar
Launcher Type: SUN_STANDARD

Environment Variables:
PATH=C:\ProgramData\Oracle\Java\javapath;C:\Program Files (x86)\NVIDIA Corporation\PhysX\Common;C:\Program Files (x86)\Intel\iCLS Client\;C:\Program Files\Intel\iCLS Client\;C:\WINDOWS\system32;C:\WINDOWS;C:\WINDOWS\System32\Wbem;C:\WINDOWS\System32\WindowsPowerShell\v1.0\;C:\Program Files\Intel\Intel(R) Management Engine Components\DAL;C:\Program Files\Intel\Intel(R) Management Engine Components\IPT;C:\Program Files (x86)\Intel\Intel(R) Management Engine Components\DAL;C:\Program Files (x86)\Intel\Intel(R) Management Engine Components\IPT;C:\Program Files\Microsoft\Web Platform Installer\;C:\Program Files\Intel\WiFi\bin\;C:\Program Files\Common Files\Intel\WirelessCommon\;C:\Program Files (x86)\MiKTeX 2.9\miktex\bin\;C:\Program Files (x86)\Skype\Phone\;C:\Program Files\TortoiseGit\bin
USERNAME=Saketh
OS=Windows_NT
PROCESSOR_IDENTIFIER=Intel64 Family 6 Model 58 Stepping 9, GenuineIntel



---------------  S Y S T E M  ---------------

OS: Windows 8.1 , 64 bit Build 9600 

CPU:total 8 (4 cores per cpu, 2 threads per core) family 6 model 58 stepping 9, cmov, cx8, fxsr, mmx, sse, sse2, sse3, ssse3, sse4.1, sse4.2, popcnt, avx, aes, clmul, erms, ht, tsc, tscinvbit, tscinv

Memory: 4k page, physical 8334620k(1009320k free), swap 11480348k(181984k free)

vm_info: Java HotSpot(TM) 64-Bit Server VM (25.31-b07) for windows-amd64 JRE (1.8.0_31-b13), built on Dec 17 2014 21:00:28 by "java_re" with MS VC++ 10.0 (VS2010)

time: Mon Mar 27 17:34:37 2017
elapsed time: 1 seconds (0d 0h 0m 1s)

