#
# There is insufficient memory for the Java Runtime Environment to continue.
# Native memory allocation (malloc) failed to allocate 39568 bytes for Chunk::new
# Possible reasons:
#   The system is out of physical RAM or swap space
#   In 32 bit mode, the process size limit was hit
# Possible solutions:
#   Reduce memory load on the system
#   Increase physical memory or swap space
#   Check if swap backing store is full
#   Use 64 bit Java on a 64 bit OS
#   Decrease Java heap size (-Xmx/-Xms)
#   Decrease number of Java threads
#   Decrease Java thread stack sizes (-Xss)
#   Set larger code cache with -XX:ReservedCodeCacheSize=
# This output file may be truncated or incomplete.
#
#  Out of Memory Error (allocation.cpp:390), pid=12068, tid=14208
#
# JRE version: Java(TM) SE Runtime Environment (8.0_31-b13) (build 1.8.0_31-b13)
# Java VM: Java HotSpot(TM) 64-Bit Server VM (25.31-b07 mixed mode windows-amd64 compressed oops)
# Failed to write core dump. Minidumps are not enabled by default on client versions of Windows
#

---------------  T H R E A D  ---------------

Current thread (0x0000000016b4f800):  JavaThread "C2 CompilerThread2" daemon [_thread_in_native, id=14208, stack(0x0000000017300000,0x0000000017400000)]

Stack: [0x0000000017300000,0x0000000017400000]
Native frames: (J=compiled Java code, j=interpreted, Vv=VM code, C=native code)
V  [jvm.dll+0x3169ba]
V  [jvm.dll+0x2674c3]
V  [jvm.dll+0x268103]
V  [jvm.dll+0x25f8f5]
V  [jvm.dll+0xbf025]
V  [jvm.dll+0xbf4cc]
V  [jvm.dll+0x44b7f2]
V  [jvm.dll+0x4bedb0]
V  [jvm.dll+0x4c1a00]
V  [jvm.dll+0x4519e1]
V  [jvm.dll+0x4541b8]
V  [jvm.dll+0x437c62]
V  [jvm.dll+0x988e2]
V  [jvm.dll+0x990d3]
V  [jvm.dll+0x22c194]
V  [jvm.dll+0x28576a]
C  [msvcr100.dll+0x21d9f]
C  [msvcr100.dll+0x21e3b]
C  [KERNEL32.DLL+0x13d2]
C  [ntdll.dll+0x154e4]


Current CompileTask:
C2:  27554 2488       4       java.util.HashMap::putVal (300 bytes)


---------------  P R O C E S S  ---------------

Java Threads: ( => current thread )
  0x0000000016ee9000 JavaThread "pool-1-thread-1" [_thread_blocked, id=12376, stack(0x0000000017f00000,0x0000000018000000)]
  0x0000000016baf000 JavaThread "Service Thread" daemon [_thread_blocked, id=9972, stack(0x0000000017500000,0x0000000017600000)]
  0x0000000016b7c000 JavaThread "C1 CompilerThread3" daemon [_thread_in_vm, id=10104, stack(0x0000000017400000,0x0000000017500000)]
=>0x0000000016b4f800 JavaThread "C2 CompilerThread2" daemon [_thread_in_native, id=14208, stack(0x0000000017300000,0x0000000017400000)]
  0x0000000016b29000 JavaThread "C2 CompilerThread1" daemon [_thread_in_vm, id=14212, stack(0x0000000017200000,0x0000000017300000)]
  0x0000000016b27000 JavaThread "C2 CompilerThread0" daemon [_thread_in_vm, id=13004, stack(0x0000000017100000,0x0000000017200000)]
  0x0000000016b25000 JavaThread "Attach Listener" daemon [_thread_blocked, id=12416, stack(0x0000000017000000,0x0000000017100000)]
  0x0000000016b24800 JavaThread "Signal Dispatcher" daemon [_thread_blocked, id=8136, stack(0x0000000016f00000,0x0000000017000000)]
  0x0000000001f57800 JavaThread "Finalizer" daemon [_thread_blocked, id=6980, stack(0x0000000016a00000,0x0000000016b00000)]
  0x0000000014b1b800 JavaThread "Reference Handler" daemon [_thread_blocked, id=14220, stack(0x0000000016900000,0x0000000016a00000)]
  0x0000000001e60800 JavaThread "main" [_thread_blocked, id=13940, stack(0x0000000001d10000,0x0000000001e10000)]

Other Threads:
  0x0000000014b17800 VMThread [stack: 0x0000000016800000,0x0000000016900000] [id=11160]
  0x0000000016bb1000 WatcherThread [stack: 0x0000000017600000,0x0000000017700000] [id=13320]

VM state:synchronizing (normal execution)

VM Mutex/Monitor currently owned by a thread:  ([mutex/lock_event])
[0x0000000001e5ba30] CodeCache_lock - owner thread: 0x0000000016b7c000
[0x0000000001e5c600] Threads_lock - owner thread: 0x0000000014b17800
[0x0000000001e5d310] Compile_lock - owner thread: 0x0000000016b7c000
[0x0000000001e5d410] MethodCompileQueue_lock - owner thread: 0x0000000016b7c000

Heap:
 PSYoungGen      total 71680K, used 60958K [0x00000000eab00000, 0x00000000f3700000, 0x0000000100000000)
  eden space 66560K, 83% used [0x00000000eab00000,0x00000000ee18ded0,0x00000000eec00000)
  from space 5120K, 99% used [0x00000000eec00000,0x00000000ef0f9b30,0x00000000ef100000)
  to   space 5120K, 0% used [0x00000000f3200000,0x00000000f3200000,0x00000000f3700000)
 ParOldGen       total 87552K, used 15733K [0x00000000c0000000, 0x00000000c5580000, 0x00000000eab00000)
  object space 87552K, 17% used [0x00000000c0000000,0x00000000c0f5d5b0,0x00000000c5580000)
 Metaspace       used 6897K, capacity 7512K, committed 7680K, reserved 1056768K
  class space    used 640K, capacity 656K, committed 768K, reserved 1048576K

Card table byte_map: [0x00000000113c0000,0x00000000115d0000] byte_map_base: 0x0000000010dc0000

Marking Bits: (ParMarkBitMap*) 0x0000000059c2d4f0
 Begin Bits: [0x0000000011f30000, 0x0000000012f30000)
 End Bits:   [0x0000000012f30000, 0x0000000013f30000)

Polling page: 0x0000000000520000

CodeCache: size=245760Kb used=9843Kb max_used=9844Kb free=235916Kb
 bounds [0x0000000002000000, 0x00000000029b0000, 0x0000000011000000]
 total_blobs=2654 nmethods=2382 adapters=184
 compilation: enabled

Compilation events (10 events):
Event: 7.679 Thread 0x0000000016b27000 2492       4       java.lang.CharacterDataLatin1::toLowerCase (39 bytes)
Event: 7.680 Thread 0x0000000016b27000 nmethod 2492 0x0000000002994190 code [0x00000000029942c0, 0x0000000002994378]
Event: 7.681 Thread 0x0000000016b7c000 2494       3       java.lang.Integer::reverseBytes (26 bytes)
Event: 7.681 Thread 0x0000000016b7c000 nmethod 2494 0x0000000002996a10 code [0x0000000002996b60, 0x0000000002996cb0]
Event: 7.682 Thread 0x0000000016b27000 2495       4       java.lang.Integer::reverseBytes (26 bytes)
Event: 7.682 Thread 0x0000000016b27000 nmethod 2495 0x0000000002957950 code [0x0000000002957a80, 0x0000000002957af8]
Event: 7.682 Thread 0x0000000016b7c000 2496       3       sun.security.provider.SHA::implCompress (491 bytes)
Event: 7.683 Thread 0x0000000016b7c000 nmethod 2496 0x00000000029a4a10 code [0x00000000029a4c00, 0x00000000029a54e8]
Event: 7.684 Thread 0x0000000016b7c000 2497       3       sun.security.provider.ByteArrayAccess::b2iBig64 (614 bytes)
Event: 7.684 Thread 0x0000000016b27000 2498 %     4       sun.security.provider.SHA::implCompress @ 364 (491 bytes)

GC Heap History (6 events):
Event: 1.307 GC heap before
{Heap before GC invocations=1 (full 0):
 PSYoungGen      total 38400K, used 33280K [0x00000000eab00000, 0x00000000ed580000, 0x0000000100000000)
  eden space 33280K, 100% used [0x00000000eab00000,0x00000000ecb80000,0x00000000ecb80000)
  from space 5120K, 0% used [0x00000000ed080000,0x00000000ed080000,0x00000000ed580000)
  to   space 5120K, 0% used [0x00000000ecb80000,0x00000000ecb80000,0x00000000ed080000)
 ParOldGen       total 87552K, used 0K [0x00000000c0000000, 0x00000000c5580000, 0x00000000eab00000)
  object space 87552K, 0% used [0x00000000c0000000,0x00000000c0000000,0x00000000c5580000)
 Metaspace       used 5922K, capacity 6896K, committed 7040K, reserved 1056768K
  class space    used 589K, capacity 616K, committed 640K, reserved 1048576K
Event: 1.469 GC heap after
Heap after GC invocations=1 (full 0):
 PSYoungGen      total 38400K, used 5097K [0x00000000eab00000, 0x00000000ef600000, 0x0000000100000000)
  eden space 33280K, 0% used [0x00000000eab00000,0x00000000eab00000,0x00000000ecb80000)
  from space 5120K, 99% used [0x00000000ecb80000,0x00000000ed07a470,0x00000000ed080000)
  to   space 5120K, 0% used [0x00000000ef100000,0x00000000ef100000,0x00000000ef600000)
 ParOldGen       total 87552K, used 1162K [0x00000000c0000000, 0x00000000c5580000, 0x00000000eab00000)
  object space 87552K, 1% used [0x00000000c0000000,0x00000000c0122a48,0x00000000c5580000)
 Metaspace       used 5922K, capacity 6896K, committed 7040K, reserved 1056768K
  class space    used 589K, capacity 616K, committed 640K, reserved 1048576K
}
Event: 2.088 GC heap before
{Heap before GC invocations=2 (full 0):
 PSYoungGen      total 38400K, used 38377K [0x00000000eab00000, 0x00000000ef600000, 0x0000000100000000)
  eden space 33280K, 100% used [0x00000000eab00000,0x00000000ecb80000,0x00000000ecb80000)
  from space 5120K, 99% used [0x00000000ecb80000,0x00000000ed07a470,0x00000000ed080000)
  to   space 5120K, 0% used [0x00000000ef100000,0x00000000ef100000,0x00000000ef600000)
 ParOldGen       total 87552K, used 1162K [0x00000000c0000000, 0x00000000c5580000, 0x00000000eab00000)
  object space 87552K, 1% used [0x00000000c0000000,0x00000000c0122a48,0x00000000c5580000)
 Metaspace       used 6104K, capacity 7088K, committed 7296K, reserved 1056768K
  class space    used 589K, capacity 616K, committed 640K, reserved 1048576K
Event: 2.121 GC heap after
Heap after GC invocations=2 (full 0):
 PSYoungGen      total 71680K, used 5098K [0x00000000eab00000, 0x00000000ef600000, 0x0000000100000000)
  eden space 66560K, 0% used [0x00000000eab00000,0x00000000eab00000,0x00000000eec00000)
  from space 5120K, 99% used [0x00000000ef100000,0x00000000ef5faad8,0x00000000ef600000)
  to   space 5120K, 0% used [0x00000000eec00000,0x00000000eec00000,0x00000000ef100000)
 ParOldGen       total 87552K, used 5410K [0x00000000c0000000, 0x00000000c5580000, 0x00000000eab00000)
  object space 87552K, 6% used [0x00000000c0000000,0x00000000c0548ab0,0x00000000c5580000)
 Metaspace       used 6104K, capacity 7088K, committed 7296K, reserved 1056768K
  class space    used 589K, capacity 616K, committed 640K, reserved 1048576K
}
Event: 3.487 GC heap before
{Heap before GC invocations=3 (full 0):
 PSYoungGen      total 71680K, used 71658K [0x00000000eab00000, 0x00000000ef600000, 0x0000000100000000)
  eden space 66560K, 100% used [0x00000000eab00000,0x00000000eec00000,0x00000000eec00000)
  from space 5120K, 99% used [0x00000000ef100000,0x00000000ef5faad8,0x00000000ef600000)
  to   space 5120K, 0% used [0x00000000eec00000,0x00000000eec00000,0x00000000ef100000)
 ParOldGen       total 87552K, used 5410K [0x00000000c0000000, 0x00000000c5580000, 0x00000000eab00000)
  object space 87552K, 6% used [0x00000000c0000000,0x00000000c0548ab0,0x00000000c5580000)
 Metaspace       used 6203K, capacity 7152K, committed 7296K, reserved 1056768K
  class space    used 590K, capacity 616K, committed 640K, reserved 1048576K
Event: 3.628 GC heap after
Heap after GC invocations=3 (full 0):
 PSYoungGen      total 71680K, used 5094K [0x00000000eab00000, 0x00000000f3700000, 0x0000000100000000)
  eden space 66560K, 0% used [0x00000000eab00000,0x00000000eab00000,0x00000000eec00000)
  from space 5120K, 99% used [0x00000000eec00000,0x00000000ef0f9b30,0x00000000ef100000)
  to   space 5120K, 0% used [0x00000000f3200000,0x00000000f3200000,0x00000000f3700000)
 ParOldGen       total 87552K, used 15733K [0x00000000c0000000, 0x00000000c5580000, 0x00000000eab00000)
  object space 87552K, 17% used [0x00000000c0000000,0x00000000c0f5d5b0,0x00000000c5580000)
 Metaspace       used 6203K, capacity 7152K, committed 7296K, reserved 1056768K
  class space    used 590K, capacity 616K, committed 640K, reserved 1048576K
}

Deoptimization events (10 events):
Event: 5.261 Thread 0x0000000016ee9000 Uncommon trap: reason=bimorphic action=maybe_recompile pc=0x00000000026cd460 method=java.util.TreeMap.compare(Ljava/lang/Object;Ljava/lang/Object;)I @ 12
Event: 5.270 Thread 0x0000000016ee9000 Uncommon trap: reason=bimorphic action=maybe_recompile pc=0x00000000026cd460 method=java.util.TreeMap.compare(Ljava/lang/Object;Ljava/lang/Object;)I @ 12
Event: 5.272 Thread 0x0000000016ee9000 Uncommon trap: reason=bimorphic action=maybe_recompile pc=0x00000000026cd460 method=java.util.TreeMap.compare(Ljava/lang/Object;Ljava/lang/Object;)I @ 12
Event: 7.675 Thread 0x0000000016ee9000 Uncommon trap: reason=unreached action=reinterpret pc=0x00000000023025e8 method=java.util.Arrays.copyOf([Ljava/lang/Object;ILjava/lang/Class;)[Ljava/lang/Object; @ 3
Event: 7.676 Thread 0x0000000016ee9000 Uncommon trap: reason=speculate_class_check action=maybe_recompile pc=0x0000000002898628 method=java.util.HashMap.putVal(ILjava/lang/Object;Ljava/lang/Object;ZZ)Ljava/lang/Object; @ 56
Event: 7.676 Thread 0x0000000016ee9000 Uncommon trap: reason=speculate_class_check action=maybe_recompile pc=0x0000000002898678 method=java.util.HashMap.putVal(ILjava/lang/Object;Ljava/lang/Object;ZZ)Ljava/lang/Object; @ 152
Event: 7.676 Thread 0x0000000016ee9000 Uncommon trap: reason=speculate_class_check action=maybe_recompile pc=0x0000000002898628 method=java.util.HashMap.putVal(ILjava/lang/Object;Ljava/lang/Object;ZZ)Ljava/lang/Object; @ 56
Event: 7.676 Thread 0x0000000016ee9000 Uncommon trap: reason=speculate_class_check action=maybe_recompile pc=0x0000000002898628 method=java.util.HashMap.putVal(ILjava/lang/Object;Ljava/lang/Object;ZZ)Ljava/lang/Object; @ 56
Event: 7.676 Thread 0x0000000016ee9000 Uncommon trap: reason=class_check action=maybe_recompile pc=0x0000000002893be8 method=java.util.HashMap.putVal(ILjava/lang/Object;Ljava/lang/Object;ZZ)Ljava/lang/Object; @ 56
Event: 7.677 Thread 0x0000000016ee9000 Uncommon trap: reason=class_check action=maybe_recompile pc=0x0000000002893be8 method=java.util.HashMap.putVal(ILjava/lang/Object;Ljava/lang/Object;ZZ)Ljava/lang/Object; @ 56

Internal exceptions (10 events):
Event: 5.249 Thread 0x0000000016ee9000 Exception <a 'java/security/PrivilegedActionException'> (0x00000000edc73d28) thrown at [C:\workspace\8-2-build-windows-amd64-cygwin\jdk8u31\2394\hotspot\src\share\vm\prims\jvm.cpp, line 1312]
Event: 5.250 Thread 0x0000000016ee9000 Exception <a 'java/security/PrivilegedActionException'> (0x00000000edc78788) thrown at [C:\workspace\8-2-build-windows-amd64-cygwin\jdk8u31\2394\hotspot\src\share\vm\prims\jvm.cpp, line 1312]
Event: 5.259 Thread 0x0000000016ee9000 Exception <a 'java/security/PrivilegedActionException'> (0x00000000edc81d50) thrown at [C:\workspace\8-2-build-windows-amd64-cygwin\jdk8u31\2394\hotspot\src\share\vm\prims\jvm.cpp, line 1312]
Event: 5.260 Thread 0x0000000016ee9000 Exception <a 'java/security/PrivilegedActionException'> (0x00000000edc86380) thrown at [C:\workspace\8-2-build-windows-amd64-cygwin\jdk8u31\2394\hotspot\src\share\vm\prims\jvm.cpp, line 1312]
Event: 5.261 Thread 0x0000000016ee9000 Exception <a 'java/security/PrivilegedActionException'> (0x00000000edc89998) thrown at [C:\workspace\8-2-build-windows-amd64-cygwin\jdk8u31\2394\hotspot\src\share\vm\prims\jvm.cpp, line 1312]
Event: 5.281 Thread 0x0000000016ee9000 Exception <a 'java/security/PrivilegedActionException'> (0x00000000edcb90b8) thrown at [C:\workspace\8-2-build-windows-amd64-cygwin\jdk8u31\2394\hotspot\src\share\vm\prims\jvm.cpp, line 1312]
Event: 5.827 Thread 0x0000000016ee9000 Exception <a 'java/security/PrivilegedActionException'> (0x00000000edfd7b80) thrown at [C:\workspace\8-2-build-windows-amd64-cygwin\jdk8u31\2394\hotspot\src\share\vm\prims\jvm.cpp, line 1312]
Event: 5.851 Thread 0x0000000016ee9000 Exception <a 'java/security/PrivilegedActionException'> (0x00000000ee0f1ea8) thrown at [C:\workspace\8-2-build-windows-amd64-cygwin\jdk8u31\2394\hotspot\src\share\vm\prims\jvm.cpp, line 1312]
Event: 5.861 Thread 0x0000000016ee9000 Exception <a 'java/security/PrivilegedActionException'> (0x00000000ee0f7d90) thrown at [C:\workspace\8-2-build-windows-amd64-cygwin\jdk8u31\2394\hotspot\src\share\vm\prims\jvm.cpp, line 1312]
Event: 5.948 Thread 0x0000000016ee9000 Exception <a 'java/security/PrivilegedActionException'> (0x00000000ee0ff538) thrown at [C:\workspace\8-2-build-windows-amd64-cygwin\jdk8u31\2394\hotspot\src\share\vm\prims\jvm.cpp, line 1312]

Events (10 events):
Event: 7.680 loading class sun/security/provider/DigestBase done
Event: 7.680 loading class sun/security/provider/SHA done
Event: 7.680 loading class sun/security/jca/GetInstance$Instance
Event: 7.680 loading class sun/security/jca/GetInstance$Instance done
Event: 7.680 loading class java/security/MessageDigest$Delegate
Event: 7.680 loading class java/security/MessageDigest$Delegate done
Event: 7.680 loading class sun/security/provider/ByteArrayAccess
Event: 7.680 loading class sun/security/provider/ByteArrayAccess done
Event: 7.698 loading class java/util/zip/Adler32
Event: 7.699 loading class java/util/zip/Adler32 done


Dynamic libraries:
0x00007ff644d20000 - 0x00007ff644d54000 	C:\Program Files\Java\jdk1.8.0_31\bin\java.exe
0x00007ffa88b20000 - 0x00007ffa88ccd000 	C:\WINDOWS\SYSTEM32\ntdll.dll
0x00007ffa87f00000 - 0x00007ffa8803e000 	C:\WINDOWS\system32\KERNEL32.DLL
0x00007ffa85d10000 - 0x00007ffa85e25000 	C:\WINDOWS\system32\KERNELBASE.dll
0x00007ffa847e0000 - 0x00007ffa8486e000 	C:\WINDOWS\system32\apphelp.dll
0x00007ffa6e1c0000 - 0x00007ffa6e213000 	C:\WINDOWS\AppPatch\AppPatch64\AcGenral.DLL
0x00007ffa88640000 - 0x00007ffa886ea000 	C:\WINDOWS\system32\msvcrt.dll
0x00007ffa86170000 - 0x00007ffa8619e000 	C:\WINDOWS\system32\SspiCli.dll
0x00007ffa88040000 - 0x00007ffa88094000 	C:\WINDOWS\system32\SHLWAPI.dll
0x00007ffa88260000 - 0x00007ffa883d7000 	C:\WINDOWS\system32\USER32.dll
0x00007ffa864a0000 - 0x00007ffa86634000 	C:\WINDOWS\system32\ole32.dll
0x00007ffa86860000 - 0x00007ffa87d88000 	C:\WINDOWS\system32\SHELL32.dll
0x00007ffa85670000 - 0x00007ffa85691000 	C:\WINDOWS\SYSTEM32\USERENV.dll
0x00007ffa88590000 - 0x00007ffa8863a000 	C:\WINDOWS\system32\ADVAPI32.dll
0x00007ffa7fce0000 - 0x00007ffa7fcfe000 	C:\WINDOWS\SYSTEM32\MPR.dll
0x00007ffa88450000 - 0x00007ffa88590000 	C:\WINDOWS\system32\RPCRT4.dll
0x00007ffa86650000 - 0x00007ffa866a9000 	C:\WINDOWS\SYSTEM32\sechost.dll
0x00007ffa861c0000 - 0x00007ffa863d1000 	C:\WINDOWS\SYSTEM32\combase.dll
0x00007ffa86710000 - 0x00007ffa8685f000 	C:\WINDOWS\system32\GDI32.dll
0x00007ffa85c40000 - 0x00007ffa85c55000 	C:\WINDOWS\SYSTEM32\profapi.dll
0x00007ffa841b0000 - 0x00007ffa84262000 	C:\WINDOWS\SYSTEM32\SHCORE.dll
0x00007ffa87e50000 - 0x00007ffa87e86000 	C:\WINDOWS\system32\IMM32.DLL
0x00007ffa887e0000 - 0x00007ffa88932000 	C:\WINDOWS\system32\MSCTF.dll
0x00007ffa83d30000 - 0x00007ffa83fab000 	C:\WINDOWS\WinSxS\amd64_microsoft.windows.common-controls_6595b64144ccf1df_6.0.9600.18006_none_623f33d3ecbe86e8\COMCTL32.dll
0x000000005ab30000 - 0x000000005ac02000 	C:\Program Files\Java\jdk1.8.0_31\jre\bin\msvcr100.dll
0x0000000059450000 - 0x0000000059caa000 	C:\Program Files\Java\jdk1.8.0_31\jre\bin\server\jvm.dll
0x00007ffa7c230000 - 0x00007ffa7c239000 	C:\WINDOWS\SYSTEM32\WSOCK32.dll
0x00007ffa819d0000 - 0x00007ffa819f2000 	C:\WINDOWS\SYSTEM32\WINMM.dll
0x00007ffa861a0000 - 0x00007ffa861a7000 	C:\WINDOWS\system32\PSAPI.DLL
0x00007ffa866b0000 - 0x00007ffa8670a000 	C:\WINDOWS\system32\WS2_32.dll
0x00007ffa81670000 - 0x00007ffa8169a000 	C:\WINDOWS\SYSTEM32\WINMMBASE.dll
0x00007ffa87ef0000 - 0x00007ffa87ef9000 	C:\WINDOWS\system32\NSI.dll
0x00007ffa860c0000 - 0x00007ffa8610f000 	C:\WINDOWS\SYSTEM32\cfgmgr32.dll
0x00007ffa84a50000 - 0x00007ffa84a78000 	C:\WINDOWS\SYSTEM32\DEVOBJ.dll
0x000000005ab20000 - 0x000000005ab2f000 	C:\Program Files\Java\jdk1.8.0_31\jre\bin\verify.dll
0x000000005aaf0000 - 0x000000005ab18000 	C:\Program Files\Java\jdk1.8.0_31\jre\bin\java.dll
0x000000005aad0000 - 0x000000005aae6000 	C:\Program Files\Java\jdk1.8.0_31\jre\bin\zip.dll
0x00007ffa80710000 - 0x00007ffa80899000 	C:\WINDOWS\SYSTEM32\dbghelp.dll

VM Arguments:
jvm_args: -Djava.awt.headless=true -Xmx1024M -Dfile.encoding=windows-1252 -Duser.country=CA -Duser.language=en -Duser.variant 
java_command: com.android.dx.command.Main --dex --force-jumbo --num-threads=4 --multi-dex --output C:\Users\Saketh\Desktop\Honours Project\Marked\app\build\intermediates\transforms\dex\debug\folders\1000\10\com.google.android.gms-play-services-base-10.2.1_7b2c2338a71ea1528ca1aeeec532839beb986afe C:\Users\Saketh\Desktop\Honours Project\Marked\app\build\intermediates\exploded-aar\com.google.android.gms\play-services-base\10.2.1\jars\classes.jar
java_class_path (initial): C:\Users\Saketh\Desktop\New folder\adt-bundle-windows-x86_64-20130522\sdk\build-tools\25.0.0\lib\dx.jar
Launcher Type: SUN_STANDARD

Environment Variables:
PATH=C:\ProgramData\Oracle\Java\javapath;C:\Program Files (x86)\NVIDIA Corporation\PhysX\Common;C:\Program Files (x86)\Intel\iCLS Client\;C:\Program Files\Intel\iCLS Client\;C:\WINDOWS\system32;C:\WINDOWS;C:\WINDOWS\System32\Wbem;C:\WINDOWS\System32\WindowsPowerShell\v1.0\;C:\Program Files\Intel\Intel(R) Management Engine Components\DAL;C:\Program Files\Intel\Intel(R) Management Engine Components\IPT;C:\Program Files (x86)\Intel\Intel(R) Management Engine Components\DAL;C:\Program Files (x86)\Intel\Intel(R) Management Engine Components\IPT;C:\Program Files\Microsoft\Web Platform Installer\;C:\Program Files\Intel\WiFi\bin\;C:\Program Files\Common Files\Intel\WirelessCommon\;C:\Program Files (x86)\MiKTeX 2.9\miktex\bin\;C:\Program Files (x86)\Skype\Phone\;C:\Program Files\TortoiseGit\bin
USERNAME=Saketh
OS=Windows_NT
PROCESSOR_IDENTIFIER=Intel64 Family 6 Model 58 Stepping 9, GenuineIntel



---------------  S Y S T E M  ---------------

OS: Windows 8.1 , 64 bit Build 9600 

CPU:total 8 (4 cores per cpu, 2 threads per core) family 6 model 58 stepping 9, cmov, cx8, fxsr, mmx, sse, sse2, sse3, ssse3, sse4.1, sse4.2, popcnt, avx, aes, clmul, erms, ht, tsc, tscinvbit, tscinv

Memory: 4k page, physical 8334620k(1033260k free), swap 11480348k(586356k free)

vm_info: Java HotSpot(TM) 64-Bit Server VM (25.31-b07) for windows-amd64 JRE (1.8.0_31-b13), built on Dec 17 2014 21:00:28 by "java_re" with MS VC++ 10.0 (VS2010)

time: Sun Apr 30 22:29:26 2017
elapsed time: 27 seconds (0d 0h 0m 27s)

