#
# There is insufficient memory for the Java Runtime Environment to continue.
# Native memory allocation (malloc) failed to allocate 65552 bytes for Chunk::new
# Possible reasons:
#   The system is out of physical RAM or swap space
#   In 32 bit mode, the process size limit was hit
# Possible solutions:
#   Reduce memory load on the system
#   Increase physical memory or swap space
#   Check if swap backing store is full
#   Use 64 bit Java on a 64 bit OS
#   Decrease Java heap size (-Xmx/-Xms)
#   Decrease number of Java threads
#   Decrease Java thread stack sizes (-Xss)
#   Set larger code cache with -XX:ReservedCodeCacheSize=
# This output file may be truncated or incomplete.
#
#  Out of Memory Error (allocation.cpp:390), pid=2060, tid=13548
#
# JRE version: Java(TM) SE Runtime Environment (8.0_31-b13) (build 1.8.0_31-b13)
# Java VM: Java HotSpot(TM) 64-Bit Server VM (25.31-b07 mixed mode windows-amd64 compressed oops)
# Failed to write core dump. Minidumps are not enabled by default on client versions of Windows
#

---------------  T H R E A D  ---------------

Current thread (0x0000000017209800):  JavaThread "C2 CompilerThread1" daemon [_thread_in_native, id=13548, stack(0x00000000178e0000,0x00000000179e0000)]

Stack: [0x00000000178e0000,0x00000000179e0000]
Native frames: (J=compiled Java code, j=interpreted, Vv=VM code, C=native code)
V  [jvm.dll+0x3169ba]


Current CompileTask:
C2:   1450 1270       4       com.android.dx.ssa.back.LivenessAnalyzer::run (231 bytes)


---------------  P R O C E S S  ---------------

Java Threads: ( => current thread )
  0x000000001749f800 JavaThread "pool-1-thread-1" [_thread_in_vm, id=896, stack(0x000000001ac00000,0x000000001ad00000)]
  0x00000000172ae800 JavaThread "Service Thread" daemon [_thread_blocked, id=9940, stack(0x0000000017be0000,0x0000000017ce0000)]
  0x000000001721e000 JavaThread "C1 CompilerThread3" daemon [_thread_blocked, id=13476, stack(0x0000000017ae0000,0x0000000017be0000)]
  0x000000001721b800 JavaThread "C2 CompilerThread2" daemon [_thread_in_native, id=11172, stack(0x00000000179e0000,0x0000000017ae0000)]
=>0x0000000017209800 JavaThread "C2 CompilerThread1" daemon [_thread_in_native, id=13548, stack(0x00000000178e0000,0x00000000179e0000)]
  0x0000000017207000 JavaThread "C2 CompilerThread0" daemon [_thread_in_native, id=9952, stack(0x00000000177e0000,0x00000000178e0000)]
  0x0000000017205000 JavaThread "Attach Listener" daemon [_thread_blocked, id=13448, stack(0x00000000176e0000,0x00000000177e0000)]
  0x0000000017204000 JavaThread "Signal Dispatcher" daemon [_thread_blocked, id=8412, stack(0x00000000175e0000,0x00000000176e0000)]
  0x00000000011d7800 JavaThread "Finalizer" daemon [_thread_blocked, id=13488, stack(0x00000000170e0000,0x00000000171e0000)]
  0x00000000011d1000 JavaThread "Reference Handler" daemon [_thread_blocked, id=9788, stack(0x0000000016fe0000,0x00000000170e0000)]
  0x00000000010e0800 JavaThread "main" [_thread_blocked, id=9752, stack(0x0000000000f40000,0x0000000001040000)]

Other Threads:
  0x00000000151e8800 VMThread [stack: 0x0000000016ee0000,0x0000000016fe0000] [id=13848]
  0x00000000172b0800 WatcherThread [stack: 0x0000000017ce0000,0x0000000017de0000] [id=13204]

VM state:not at safepoint (normal execution)

VM Mutex/Monitor currently owned by a thread: None

Heap:
 PSYoungGen      total 38400K, used 18556K [0x00000000eab00000, 0x00000000ed580000, 0x0000000100000000)
  eden space 33280K, 40% used [0x00000000eab00000,0x00000000eb821c68,0x00000000ecb80000)
  from space 5120K, 99% used [0x00000000ecb80000,0x00000000ed07d640,0x00000000ed080000)
  to   space 5120K, 0% used [0x00000000ed080000,0x00000000ed080000,0x00000000ed580000)
 ParOldGen       total 87552K, used 1486K [0x00000000c0000000, 0x00000000c5580000, 0x00000000eab00000)
  object space 87552K, 1% used [0x00000000c0000000,0x00000000c0173968,0x00000000c5580000)
 Metaspace       used 6002K, capacity 6960K, committed 7040K, reserved 1056768K
  class space    used 591K, capacity 616K, committed 640K, reserved 1048576K

Card table byte_map: [0x00000000015a0000,0x00000000017b0000] byte_map_base: 0x0000000000fa0000

Marking Bits: (ParMarkBitMap*) 0x0000000059c2d4f0
 Begin Bits: [0x0000000012600000, 0x0000000013600000)
 End Bits:   [0x0000000013600000, 0x0000000014600000)

Polling page: 0x0000000000bb0000

CodeCache: size=245760Kb used=5006Kb max_used=5006Kb free=240753Kb
 bounds [0x0000000003400000, 0x00000000038f0000, 0x0000000012400000]
 total_blobs=1582 nmethods=1319 adapters=177
 compilation: enabled

Compilation events (10 events):
Event: 1.107 Thread 0x000000001721e000 nmethod 1260 0x00000000038affd0 code [0x00000000038b0120, 0x00000000038b0210]
Event: 1.108 Thread 0x000000001721e000 1300       3       com.android.dx.rop.code.SourcePosition::equals (46 bytes)
Event: 1.108 Thread 0x000000001721e000 nmethod 1300 0x00000000038b0290 code [0x00000000038b0420, 0x00000000038b0948]
Event: 1.133 Thread 0x000000001721e000 1301       3       com.android.dx.cf.code.BytecodeArray::processWorkSet (50 bytes)
Event: 1.133 Thread 0x000000001721e000 nmethod 1301 0x00000000038b0a50 code [0x00000000038b0c00, 0x00000000038b1158]
Event: 1.152 Thread 0x000000001721e000 1302       3       com.android.dx.cf.code.Frame::mergeWith (80 bytes)
Event: 1.153 Thread 0x000000001721e000 nmethod 1302 0x00000000038b13d0 code [0x00000000038b1600, 0x00000000038b25e8]
Event: 1.154 Thread 0x000000001721e000 1303       3       com.android.dx.ssa.DomFront::<init> (60 bytes)
Event: 1.155 Thread 0x000000001721e000 nmethod 1303 0x00000000038b2a90 code [0x00000000038b2c20, 0x00000000038b3270]
Event: 1.155 Thread 0x000000001721e000 1304       3       com.android.dx.ssa.DomFront::run (264 bytes)

GC Heap History (2 events):
Event: 0.977 GC heap before
{Heap before GC invocations=1 (full 0):
 PSYoungGen      total 38400K, used 33280K [0x00000000eab00000, 0x00000000ed580000, 0x0000000100000000)
  eden space 33280K, 100% used [0x00000000eab00000,0x00000000ecb80000,0x00000000ecb80000)
  from space 5120K, 0% used [0x00000000ed080000,0x00000000ed080000,0x00000000ed580000)
  to   space 5120K, 0% used [0x00000000ecb80000,0x00000000ecb80000,0x00000000ed080000)
 ParOldGen       total 87552K, used 0K [0x00000000c0000000, 0x00000000c5580000, 0x00000000eab00000)
  object space 87552K, 0% used [0x00000000c0000000,0x00000000c0000000,0x00000000c5580000)
 Metaspace       used 5904K, capacity 6896K, committed 7040K, reserved 1056768K
  class space    used 589K, capacity 616K, committed 640K, reserved 1048576K
Event: 1.000 GC heap after
Heap after GC invocations=1 (full 0):
 PSYoungGen      total 38400K, used 5109K [0x00000000eab00000, 0x00000000ed580000, 0x0000000100000000)
  eden space 33280K, 0% used [0x00000000eab00000,0x00000000eab00000,0x00000000ecb80000)
  from space 5120K, 99% used [0x00000000ecb80000,0x00000000ed07d640,0x00000000ed080000)
  to   space 5120K, 0% used [0x00000000ed080000,0x00000000ed080000,0x00000000ed580000)
 ParOldGen       total 87552K, used 1486K [0x00000000c0000000, 0x00000000c5580000, 0x00000000eab00000)
  object space 87552K, 1% used [0x00000000c0000000,0x00000000c0173968,0x00000000c5580000)
 Metaspace       used 5904K, capacity 6896K, committed 7040K, reserved 1056768K
  class space    used 589K, capacity 616K, committed 640K, reserved 1048576K
}

Deoptimization events (1 events):
Event: 0.887 Thread 0x000000001749f800 Uncommon trap: reason=unreached action=reinterpret pc=0x000000000375e75c method=com.android.dx.ssa.SsaMethod.updateOneDefinition(Lcom/android/dx/ssa/SsaInsn;Lcom/android/dx/rop/code/RegisterSpec;)V @ 4

Internal exceptions (10 events):
Event: 0.533 Thread 0x00000000010e0800 Exception <a 'java/security/PrivilegedActionException'> (0x00000000eb813a48) thrown at [C:\workspace\8-2-build-windows-amd64-cygwin\jdk8u31\2394\hotspot\src\share\vm\prims\jvm.cpp, line 1312]
Event: 0.537 Thread 0x000000001749f800 Exception <a 'java/security/PrivilegedActionException'> (0x00000000eb771508) thrown at [C:\workspace\8-2-build-windows-amd64-cygwin\jdk8u31\2394\hotspot\src\share\vm\prims\jvm.cpp, line 1312]
Event: 0.538 Thread 0x000000001749f800 Exception <a 'java/security/PrivilegedActionException'> (0x00000000eb7771e8) thrown at [C:\workspace\8-2-build-windows-amd64-cygwin\jdk8u31\2394\hotspot\src\share\vm\prims\jvm.cpp, line 1312]
Event: 0.539 Thread 0x000000001749f800 Exception <a 'java/security/PrivilegedActionException'> (0x00000000eb77cba0) thrown at [C:\workspace\8-2-build-windows-amd64-cygwin\jdk8u31\2394\hotspot\src\share\vm\prims\jvm.cpp, line 1312]
Event: 0.588 Thread 0x000000001749f800 Exception <a 'java/security/PrivilegedActionException'> (0x00000000ebab03c8) thrown at [C:\workspace\8-2-build-windows-amd64-cygwin\jdk8u31\2394\hotspot\src\share\vm\prims\jvm.cpp, line 1312]
Event: 0.663 Thread 0x00000000010e0800 Exception <a 'java/security/PrivilegedActionException'> (0x00000000ebc3e0f8) thrown at [C:\workspace\8-2-build-windows-amd64-cygwin\jdk8u31\2394\hotspot\src\share\vm\prims\jvm.cpp, line 1312]
Event: 0.687 Thread 0x000000001745a800 Exception <a 'java/security/PrivilegedActionException'> (0x00000000ebe30a80) thrown at [C:\workspace\8-2-build-windows-amd64-cygwin\jdk8u31\2394\hotspot\src\share\vm\prims\jvm.cpp, line 1312]
Event: 0.784 Thread 0x00000000010e0800 Exception <a 'java/security/PrivilegedActionException'> (0x00000000ebfe25a8) thrown at [C:\workspace\8-2-build-windows-amd64-cygwin\jdk8u31\2394\hotspot\src\share\vm\prims\jvm.cpp, line 1312]
Event: 0.852 Thread 0x00000000010e0800 Exception <a 'java/security/PrivilegedActionException'> (0x00000000ec04e8a0) thrown at [C:\workspace\8-2-build-windows-amd64-cygwin\jdk8u31\2394\hotspot\src\share\vm\prims\jvm.cpp, line 1312]
Event: 0.886 Thread 0x000000001749f800 Exception <a 'java/security/PrivilegedActionException'> (0x00000000ec70d9f8) thrown at [C:\workspace\8-2-build-windows-amd64-cygwin\jdk8u31\2394\hotspot\src\share\vm\prims\jvm.cpp, line 1312]

Events (10 events):
Event: 0.887 Thread 0x000000001749f800 DEOPT PACKING pc=0x000000000375e75c sp=0x00000000182dea40
Event: 0.887 Thread 0x000000001749f800 DEOPT UNPACKING pc=0x000000000344556a sp=0x00000000182de9e8 mode 2
Event: 0.958 Executing VM operation: ForceSafepoint
Event: 0.958 Executing VM operation: ForceSafepoint done
Event: 0.974 Executing VM operation: ParallelGCFailedAllocation
Event: 1.000 Executing VM operation: ParallelGCFailedAllocation done
Event: 1.097 loading class java/util/HashMap$KeySet
Event: 1.097 loading class java/util/HashMap$KeySet done
Event: 1.097 loading class java/util/HashMap$KeyIterator
Event: 1.097 loading class java/util/HashMap$KeyIterator done


Dynamic libraries:
0x00007ff644d20000 - 0x00007ff644d54000 	C:\Program Files\Java\jdk1.8.0_31\bin\java.exe
0x00007ffa88b20000 - 0x00007ffa88ccd000 	C:\WINDOWS\SYSTEM32\ntdll.dll
0x00007ffa87f00000 - 0x00007ffa8803e000 	C:\WINDOWS\system32\KERNEL32.DLL
0x00007ffa85d10000 - 0x00007ffa85e25000 	C:\WINDOWS\system32\KERNELBASE.dll
0x00007ffa847e0000 - 0x00007ffa8486e000 	C:\WINDOWS\system32\apphelp.dll
0x00007ffa6e1c0000 - 0x00007ffa6e213000 	C:\WINDOWS\AppPatch\AppPatch64\AcGenral.DLL
0x00007ffa88640000 - 0x00007ffa886ea000 	C:\WINDOWS\system32\msvcrt.dll
0x00007ffa86170000 - 0x00007ffa8619e000 	C:\WINDOWS\system32\SspiCli.dll
0x00007ffa88040000 - 0x00007ffa88094000 	C:\WINDOWS\system32\SHLWAPI.dll
0x00007ffa88260000 - 0x00007ffa883d7000 	C:\WINDOWS\system32\USER32.dll
0x00007ffa864a0000 - 0x00007ffa86634000 	C:\WINDOWS\system32\ole32.dll
0x00007ffa86860000 - 0x00007ffa87d88000 	C:\WINDOWS\system32\SHELL32.dll
0x00007ffa85670000 - 0x00007ffa85691000 	C:\WINDOWS\SYSTEM32\USERENV.dll
0x00007ffa88590000 - 0x00007ffa8863a000 	C:\WINDOWS\system32\ADVAPI32.dll
0x00007ffa7fce0000 - 0x00007ffa7fcfe000 	C:\WINDOWS\SYSTEM32\MPR.dll
0x00007ffa88450000 - 0x00007ffa88590000 	C:\WINDOWS\system32\RPCRT4.dll
0x00007ffa86650000 - 0x00007ffa866a9000 	C:\WINDOWS\SYSTEM32\sechost.dll
0x00007ffa861c0000 - 0x00007ffa863d1000 	C:\WINDOWS\SYSTEM32\combase.dll
0x00007ffa86710000 - 0x00007ffa8685f000 	C:\WINDOWS\system32\GDI32.dll
0x00007ffa85c40000 - 0x00007ffa85c55000 	C:\WINDOWS\SYSTEM32\profapi.dll
0x00007ffa841b0000 - 0x00007ffa84262000 	C:\WINDOWS\SYSTEM32\SHCORE.dll
0x00007ffa87e50000 - 0x00007ffa87e86000 	C:\WINDOWS\system32\IMM32.DLL
0x00007ffa887e0000 - 0x00007ffa88932000 	C:\WINDOWS\system32\MSCTF.dll
0x00007ffa83d30000 - 0x00007ffa83fab000 	C:\WINDOWS\WinSxS\amd64_microsoft.windows.common-controls_6595b64144ccf1df_6.0.9600.18006_none_623f33d3ecbe86e8\COMCTL32.dll
0x000000005ab30000 - 0x000000005ac02000 	C:\Program Files\Java\jdk1.8.0_31\jre\bin\msvcr100.dll
0x0000000059450000 - 0x0000000059caa000 	C:\Program Files\Java\jdk1.8.0_31\jre\bin\server\jvm.dll
0x00007ffa7c230000 - 0x00007ffa7c239000 	C:\WINDOWS\SYSTEM32\WSOCK32.dll
0x00007ffa819d0000 - 0x00007ffa819f2000 	C:\WINDOWS\SYSTEM32\WINMM.dll
0x00007ffa861a0000 - 0x00007ffa861a7000 	C:\WINDOWS\system32\PSAPI.DLL
0x00007ffa866b0000 - 0x00007ffa8670a000 	C:\WINDOWS\system32\WS2_32.dll
0x00007ffa81670000 - 0x00007ffa8169a000 	C:\WINDOWS\SYSTEM32\WINMMBASE.dll
0x00007ffa87ef0000 - 0x00007ffa87ef9000 	C:\WINDOWS\system32\NSI.dll
0x00007ffa860c0000 - 0x00007ffa8610f000 	C:\WINDOWS\SYSTEM32\cfgmgr32.dll
0x00007ffa84a50000 - 0x00007ffa84a78000 	C:\WINDOWS\SYSTEM32\DEVOBJ.dll
0x000000005ab20000 - 0x000000005ab2f000 	C:\Program Files\Java\jdk1.8.0_31\jre\bin\verify.dll
0x000000005aaf0000 - 0x000000005ab18000 	C:\Program Files\Java\jdk1.8.0_31\jre\bin\java.dll
0x000000005aad0000 - 0x000000005aae6000 	C:\Program Files\Java\jdk1.8.0_31\jre\bin\zip.dll
0x00007ffa80710000 - 0x00007ffa80899000 	C:\WINDOWS\SYSTEM32\dbghelp.dll

VM Arguments:
jvm_args: -Djava.awt.headless=true -Xmx1024M -Dfile.encoding=windows-1252 -Duser.country=CA -Duser.language=en -Duser.variant 
java_command: com.android.dx.command.Main --dex --force-jumbo --num-threads=4 --multi-dex --output C:\Users\Saketh\Desktop\Honours Project\Marked\app\build\intermediates\transforms\dex\debug\folders\1000\10\com.google.android.gms-play-services-auth-10.2.1_564766e02b284d6cfcc5815c078fc9cca2eaf9cc C:\Users\Saketh\Desktop\Honours Project\Marked\app\build\intermediates\exploded-aar\com.google.android.gms\play-services-auth\10.2.1\jars\classes.jar
java_class_path (initial): C:\Users\Saketh\Desktop\New folder\adt-bundle-windows-x86_64-20130522\sdk\build-tools\25.0.0\lib\dx.jar
Launcher Type: SUN_STANDARD

Environment Variables:
PATH=C:\ProgramData\Oracle\Java\javapath;C:\Program Files (x86)\NVIDIA Corporation\PhysX\Common;C:\Program Files (x86)\Intel\iCLS Client\;C:\Program Files\Intel\iCLS Client\;C:\WINDOWS\system32;C:\WINDOWS;C:\WINDOWS\System32\Wbem;C:\WINDOWS\System32\WindowsPowerShell\v1.0\;C:\Program Files\Intel\Intel(R) Management Engine Components\DAL;C:\Program Files\Intel\Intel(R) Management Engine Components\IPT;C:\Program Files (x86)\Intel\Intel(R) Management Engine Components\DAL;C:\Program Files (x86)\Intel\Intel(R) Management Engine Components\IPT;C:\Program Files\Microsoft\Web Platform Installer\;C:\Program Files\Intel\WiFi\bin\;C:\Program Files\Common Files\Intel\WirelessCommon\;C:\Program Files (x86)\MiKTeX 2.9\miktex\bin\;C:\Program Files (x86)\Skype\Phone\;C:\Program Files\TortoiseGit\bin
USERNAME=Saketh
OS=Windows_NT
PROCESSOR_IDENTIFIER=Intel64 Family 6 Model 58 Stepping 9, GenuineIntel



---------------  S Y S T E M  ---------------

OS: Windows 8.1 , 64 bit Build 9600 

CPU:total 8 (4 cores per cpu, 2 threads per core) family 6 model 58 stepping 9, cmov, cx8, fxsr, mmx, sse, sse2, sse3, ssse3, sse4.1, sse4.2, popcnt, avx, aes, clmul, erms, ht, tsc, tscinvbit, tscinv

Memory: 4k page, physical 8334620k(1295040k free), swap 11480348k(5072k free)

vm_info: Java HotSpot(TM) 64-Bit Server VM (25.31-b07) for windows-amd64 JRE (1.8.0_31-b13), built on Dec 17 2014 21:00:28 by "java_re" with MS VC++ 10.0 (VS2010)

time: Mon May 01 19:20:40 2017
elapsed time: 1 seconds (0d 0h 0m 1s)

