#
# There is insufficient memory for the Java Runtime Environment to continue.
# Native memory allocation (malloc) failed to allocate 864336 bytes for Chunk::new
# Possible reasons:
#   The system is out of physical RAM or swap space
#   In 32 bit mode, the process size limit was hit
# Possible solutions:
#   Reduce memory load on the system
#   Increase physical memory or swap space
#   Check if swap backing store is full
#   Use 64 bit Java on a 64 bit OS
#   Decrease Java heap size (-Xmx/-Xms)
#   Decrease number of Java threads
#   Decrease Java thread stack sizes (-Xss)
#   Set larger code cache with -XX:ReservedCodeCacheSize=
# This output file may be truncated or incomplete.
#
#  Out of Memory Error (allocation.cpp:390), pid=11528, tid=8844
#
# JRE version: Java(TM) SE Runtime Environment (8.0_31-b13) (build 1.8.0_31-b13)
# Java VM: Java HotSpot(TM) 64-Bit Server VM (25.31-b07 mixed mode windows-amd64 compressed oops)
# Failed to write core dump. Minidumps are not enabled by default on client versions of Windows
#

---------------  T H R E A D  ---------------

Current thread (0x0000000016df5000):  JavaThread "C2 CompilerThread2" daemon [_thread_in_native, id=8844, stack(0x00000000175c0000,0x00000000176c0000)]

Stack: [0x00000000175c0000,0x00000000176c0000]
Native frames: (J=compiled Java code, j=interpreted, Vv=VM code, C=native code)
V  [jvm.dll+0x3169ba]


Current CompileTask:
C2:   5475 1740   !   4       com.android.dx.cf.code.RopperMachine::run (1550 bytes)


---------------  P R O C E S S  ---------------

Java Threads: ( => current thread )
  0x00000000179c6800 JavaThread "pool-2-thread-4" [_thread_blocked, id=10924, stack(0x00000000185c0000,0x00000000186c0000)]
  0x0000000017a78800 JavaThread "pool-2-thread-3" [_thread_in_Java, id=13500, stack(0x00000000184c0000,0x00000000185c0000)]
  0x00000000171a0800 JavaThread "pool-2-thread-2" [_thread_in_Java, id=11136, stack(0x00000000183c0000,0x00000000184c0000)]
  0x0000000017aec000 JavaThread "pool-3-thread-1" [_thread_blocked, id=13084, stack(0x00000000182c0000,0x00000000183c0000)]
  0x00000000171ab000 JavaThread "pool-2-thread-1" [_thread_in_Java, id=5620, stack(0x00000000181c0000,0x00000000182c0000)]
  0x0000000016e7f000 JavaThread "Service Thread" daemon [_thread_blocked, id=7080, stack(0x00000000177c0000,0x00000000178c0000)]
  0x0000000016dfc000 JavaThread "C1 CompilerThread3" daemon [_thread_in_native, id=14824, stack(0x00000000176c0000,0x00000000177c0000)]
=>0x0000000016df5000 JavaThread "C2 CompilerThread2" daemon [_thread_in_native, id=8844, stack(0x00000000175c0000,0x00000000176c0000)]
  0x0000000016ded000 JavaThread "C2 CompilerThread1" daemon [_thread_in_native, id=13760, stack(0x00000000174c0000,0x00000000175c0000)]
  0x0000000016de7800 JavaThread "C2 CompilerThread0" daemon [_thread_in_native, id=14644, stack(0x00000000173c0000,0x00000000174c0000)]
  0x0000000016de5000 JavaThread "Attach Listener" daemon [_thread_blocked, id=6668, stack(0x00000000172c0000,0x00000000173c0000)]
  0x0000000016de4800 JavaThread "Signal Dispatcher" daemon [_thread_blocked, id=13352, stack(0x00000000171c0000,0x00000000172c0000)]
  0x0000000000e19800 JavaThread "Finalizer" daemon [_thread_blocked, id=8592, stack(0x0000000016cc0000,0x0000000016dc0000)]
  0x0000000014dec800 JavaThread "Reference Handler" daemon [_thread_blocked, id=7760, stack(0x0000000016bc0000,0x0000000016cc0000)]
  0x0000000000d20800 JavaThread "main" [_thread_blocked, id=6892, stack(0x0000000000bf0000,0x0000000000cf0000)]

Other Threads:
  0x0000000014de8000 VMThread [stack: 0x0000000016ac0000,0x0000000016bc0000] [id=4744]
  0x0000000016e81000 WatcherThread [stack: 0x00000000178c0000,0x00000000179c0000] [id=2388]

VM state:not at safepoint (normal execution)

VM Mutex/Monitor currently owned by a thread: None

Heap:
 PSYoungGen      total 71680K, used 42507K [0x00000000eab00000, 0x00000000ef600000, 0x0000000100000000)
  eden space 66560K, 56% used [0x00000000eab00000,0x00000000ecf861d0,0x00000000eec00000)
  from space 5120K, 99% used [0x00000000eec00000,0x00000000ef0fca60,0x00000000ef100000)
  to   space 5120K, 0% used [0x00000000ef100000,0x00000000ef100000,0x00000000ef600000)
 ParOldGen       total 87552K, used 16872K [0x00000000c0000000, 0x00000000c5580000, 0x00000000eab00000)
  object space 87552K, 19% used [0x00000000c0000000,0x00000000c107a0b0,0x00000000c5580000)
 Metaspace       used 6219K, capacity 7088K, committed 7296K, reserved 1056768K
  class space    used 589K, capacity 616K, committed 640K, reserved 1048576K

Card table byte_map: [0x00000000011e0000,0x00000000013f0000] byte_map_base: 0x0000000000be0000

Marking Bits: (ParMarkBitMap*) 0x0000000059b4d4f0
 Begin Bits: [0x0000000012400000, 0x0000000013400000)
 End Bits:   [0x0000000013400000, 0x0000000014400000)

Polling page: 0x00000000007d0000

CodeCache: size=245760Kb used=7287Kb max_used=7300Kb free=238472Kb
 bounds [0x0000000003400000, 0x0000000003b30000, 0x0000000012400000]
 total_blobs=2051 nmethods=1787 adapters=177
 compilation: enabled

Compilation events (10 events):
Event: 5.111 Thread 0x0000000016dfc000 1807   !   3       java.util.zip.Inflater::reset (69 bytes)
Event: 5.112 Thread 0x0000000016dfc000 nmethod 1807 0x0000000003b1a350 code [0x0000000003b1a4e0, 0x0000000003b1a938]
Event: 5.113 Thread 0x0000000016dfc000 1809       3       java.util.ArrayDeque::add (7 bytes)
Event: 5.113 Thread 0x0000000016ded000 1811       4       java.lang.AbstractStringBuilder::expandCapacity (50 bytes)
Event: 5.113 Thread 0x0000000016dfc000 nmethod 1809 0x0000000003b19c10 code [0x0000000003b19d80, 0x0000000003b19f28]
Event: 5.113 Thread 0x0000000016dfc000 1810       3       java.util.ArrayDeque::addLast (53 bytes)
Event: 5.114 Thread 0x0000000016dfc000 nmethod 1810 0x0000000003b25050 code [0x0000000003b251e0, 0x0000000003b255d8]
Event: 5.117 Thread 0x0000000016dfc000 1812   !   3       com.android.dx.cf.direct.MemberListParser::parse (641 bytes)
Event: 5.117 Thread 0x0000000016ded000 nmethod 1811 0x0000000003b24b50 code [0x0000000003b24ca0, 0x0000000003b24f18]
Event: 5.118 Thread 0x0000000016ded000 1816       4       com.android.dx.rop.cst.CstString::stringToUtf8Bytes (175 bytes)

GC Heap History (4 events):
Event: 1.861 GC heap before
{Heap before GC invocations=1 (full 0):
 PSYoungGen      total 38400K, used 33280K [0x00000000eab00000, 0x00000000ed580000, 0x0000000100000000)
  eden space 33280K, 100% used [0x00000000eab00000,0x00000000ecb80000,0x00000000ecb80000)
  from space 5120K, 0% used [0x00000000ed080000,0x00000000ed080000,0x00000000ed580000)
  to   space 5120K, 0% used [0x00000000ecb80000,0x00000000ecb80000,0x00000000ed080000)
 ParOldGen       total 87552K, used 0K [0x00000000c0000000, 0x00000000c5580000, 0x00000000eab00000)
  object space 87552K, 0% used [0x00000000c0000000,0x00000000c0000000,0x00000000c5580000)
 Metaspace       used 5829K, capacity 6832K, committed 7040K, reserved 1056768K
  class space    used 582K, capacity 616K, committed 640K, reserved 1048576K
Event: 1.945 GC heap after
Heap after GC invocations=1 (full 0):
 PSYoungGen      total 38400K, used 5105K [0x00000000eab00000, 0x00000000ef600000, 0x0000000100000000)
  eden space 33280K, 0% used [0x00000000eab00000,0x00000000eab00000,0x00000000ecb80000)
  from space 5120K, 99% used [0x00000000ecb80000,0x00000000ed07c750,0x00000000ed080000)
  to   space 5120K, 0% used [0x00000000ef100000,0x00000000ef100000,0x00000000ef600000)
 ParOldGen       total 87552K, used 427K [0x00000000c0000000, 0x00000000c5580000, 0x00000000eab00000)
  object space 87552K, 0% used [0x00000000c0000000,0x00000000c006aef8,0x00000000c5580000)
 Metaspace       used 5829K, capacity 6832K, committed 7040K, reserved 1056768K
  class space    used 582K, capacity 616K, committed 640K, reserved 1048576K
}
Event: 2.731 GC heap before
{Heap before GC invocations=2 (full 0):
 PSYoungGen      total 38400K, used 38385K [0x00000000eab00000, 0x00000000ef600000, 0x0000000100000000)
  eden space 33280K, 100% used [0x00000000eab00000,0x00000000ecb80000,0x00000000ecb80000)
  from space 5120K, 99% used [0x00000000ecb80000,0x00000000ed07c750,0x00000000ed080000)
  to   space 5120K, 0% used [0x00000000ef100000,0x00000000ef100000,0x00000000ef600000)
 ParOldGen       total 87552K, used 427K [0x00000000c0000000, 0x00000000c5580000, 0x00000000eab00000)
  object space 87552K, 0% used [0x00000000c0000000,0x00000000c006aef8,0x00000000c5580000)
 Metaspace       used 6096K, capacity 7024K, committed 7296K, reserved 1056768K
  class space    used 582K, capacity 616K, committed 640K, reserved 1048576K
Event: 3.099 GC heap after
Heap after GC invocations=2 (full 0):
 PSYoungGen      total 71680K, used 5088K [0x00000000eab00000, 0x00000000ef600000, 0x0000000100000000)
  eden space 66560K, 0% used [0x00000000eab00000,0x00000000eab00000,0x00000000eec00000)
  from space 5120K, 99% used [0x00000000ef100000,0x00000000ef5f8048,0x00000000ef600000)
  to   space 5120K, 0% used [0x00000000eec00000,0x00000000eec00000,0x00000000ef100000)
 ParOldGen       total 87552K, used 3687K [0x00000000c0000000, 0x00000000c5580000, 0x00000000eab00000)
  object space 87552K, 4% used [0x00000000c0000000,0x00000000c0399e38,0x00000000c5580000)
 Metaspace       used 6096K, capacity 7024K, committed 7296K, reserved 1056768K
  class space    used 582K, capacity 616K, committed 640K, reserved 1048576K
}

Deoptimization events (10 events):
Event: 2.163 Thread 0x00000000179c6800 Uncommon trap: reason=unreached action=reinterpret pc=0x00000000037ca5ec method=com.android.dx.cf.code.Merger.mergeType(Lcom/android/dx/rop/type/TypeBearer;Lcom/android/dx/rop/type/TypeBearer;)Lcom/android/dx/rop/type/TypeBearer; @ 15
Event: 2.678 Thread 0x0000000017a78800 Uncommon trap: reason=class_check action=maybe_recompile pc=0x000000000397400c method=com.android.dx.ssa.SsaMethod.isRegALocal(Lcom/android/dx/rop/code/RegisterSpec;)Z @ 16
Event: 2.678 Thread 0x0000000017a78800 Uncommon trap: reason=class_check action=maybe_recompile pc=0x000000000397400c method=com.android.dx.ssa.SsaMethod.isRegALocal(Lcom/android/dx/rop/code/RegisterSpec;)Z @ 16
Event: 2.678 Thread 0x0000000017a78800 Uncommon trap: reason=class_check action=maybe_recompile pc=0x000000000397400c method=com.android.dx.ssa.SsaMethod.isRegALocal(Lcom/android/dx/rop/code/RegisterSpec;)Z @ 16
Event: 2.679 Thread 0x0000000017a78800 Uncommon trap: reason=class_check action=maybe_recompile pc=0x000000000397400c method=com.android.dx.ssa.SsaMethod.isRegALocal(Lcom/android/dx/rop/code/RegisterSpec;)Z @ 16
Event: 4.406 Thread 0x0000000017a78800 Uncommon trap: reason=unreached action=reinterpret pc=0x000000000389c7f4 method=com.android.dx.util.LabeledList.set(ILcom/android/dx/util/LabeledItem;)V @ 16
Event: 4.422 Thread 0x0000000017a78800 Uncommon trap: reason=bimorphic action=maybe_recompile pc=0x0000000003a06d0c method=com.android.dx.cf.code.RopperMachine.run(Lcom/android/dx/cf/code/Frame;II)V @ 310
Event: 4.422 Thread 0x0000000017a78800 Uncommon trap: reason=bimorphic action=maybe_recompile pc=0x0000000003a06d0c method=com.android.dx.cf.code.RopperMachine.run(Lcom/android/dx/cf/code/Frame;II)V @ 310
Event: 4.424 Thread 0x0000000017a78800 Uncommon trap: reason=bimorphic action=maybe_recompile pc=0x0000000003a06d0c method=com.android.dx.cf.code.RopperMachine.run(Lcom/android/dx/cf/code/Frame;II)V @ 310
Event: 4.424 Thread 0x0000000017a78800 Uncommon trap: reason=bimorphic action=maybe_recompile pc=0x0000000003a06d0c method=com.android.dx.cf.code.RopperMachine.run(Lcom/android/dx/cf/code/Frame;II)V @ 310

Internal exceptions (10 events):
Event: 1.361 Thread 0x00000000171ab000 Exception <a 'java/security/PrivilegedActionException'> (0x00000000ebfffe18) thrown at [C:\workspace\8-2-build-windows-amd64-cygwin\jdk8u31\2394\hotspot\src\share\vm\prims\jvm.cpp, line 1312]
Event: 2.163 Thread 0x00000000179c6800 Implicit null exception at 0x0000000003682462 to 0x0000000003682552
Event: 2.163 Thread 0x00000000179c6800 Implicit null exception at 0x00000000037ca438 to 0x00000000037ca5e1
Event: 4.384 Thread 0x0000000000d20800 Exception <a 'java/security/PrivilegedActionException'> (0x00000000eb6a95b0) thrown at [C:\workspace\8-2-build-windows-amd64-cygwin\jdk8u31\2394\hotspot\src\share\vm\prims\jvm.cpp, line 1312]
Event: 4.385 Thread 0x0000000000d20800 Exception <a 'java/security/PrivilegedActionException'> (0x00000000eb6ac1f8) thrown at [C:\workspace\8-2-build-windows-amd64-cygwin\jdk8u31\2394\hotspot\src\share\vm\prims\jvm.cpp, line 1312]
Event: 4.397 Thread 0x0000000017a78800 Exception <a 'java/security/PrivilegedActionException'> (0x00000000eb7a8420) thrown at [C:\workspace\8-2-build-windows-amd64-cygwin\jdk8u31\2394\hotspot\src\share\vm\prims\jvm.cpp, line 1312]
Event: 4.398 Thread 0x0000000017a78800 Exception <a 'java/security/PrivilegedActionException'> (0x00000000eb7ae100) thrown at [C:\workspace\8-2-build-windows-amd64-cygwin\jdk8u31\2394\hotspot\src\share\vm\prims\jvm.cpp, line 1312]
Event: 4.398 Thread 0x0000000017a78800 Exception <a 'java/security/PrivilegedActionException'> (0x00000000eb7b3b70) thrown at [C:\workspace\8-2-build-windows-amd64-cygwin\jdk8u31\2394\hotspot\src\share\vm\prims\jvm.cpp, line 1312]
Event: 4.404 Thread 0x0000000017a78800 Exception <a 'java/security/PrivilegedActionException'> (0x00000000eb81f148) thrown at [C:\workspace\8-2-build-windows-amd64-cygwin\jdk8u31\2394\hotspot\src\share\vm\prims\jvm.cpp, line 1312]
Event: 5.104 Thread 0x00000000171a0800 Exception <a 'java/security/PrivilegedActionException'> (0x00000000ecaf18d8) thrown at [C:\workspace\8-2-build-windows-amd64-cygwin\jdk8u31\2394\hotspot\src\share\vm\prims\jvm.cpp, line 1312]

Events (10 events):
Event: 4.422 Thread 0x0000000017a78800 DEOPT PACKING pc=0x0000000003a06d0c sp=0x00000000185bdf30
Event: 4.422 Thread 0x0000000017a78800 DEOPT UNPACKING pc=0x000000000344556a sp=0x00000000185bdec0 mode 2
Event: 4.424 Thread 0x0000000017a78800 Uncommon trap: trap_request=0xffffffc6 fr.pc=0x0000000003a06d0c
Event: 4.424 Thread 0x0000000017a78800 DEOPT PACKING pc=0x0000000003a06d0c sp=0x00000000185bdf30
Event: 4.424 Thread 0x0000000017a78800 DEOPT UNPACKING pc=0x000000000344556a sp=0x00000000185bdec0 mode 2
Event: 4.424 Thread 0x0000000017a78800 Uncommon trap: trap_request=0xffffffc6 fr.pc=0x0000000003a06d0c
Event: 4.424 Thread 0x0000000017a78800 DEOPT PACKING pc=0x0000000003a06d0c sp=0x00000000185bdf30
Event: 4.424 Thread 0x0000000017a78800 DEOPT UNPACKING pc=0x000000000344556a sp=0x00000000185bdec0 mode 2
Event: 5.103 loading class com/android/dx/rop/code/RegisterSpec$1
Event: 5.103 loading class com/android/dx/rop/code/RegisterSpec$1 done


Dynamic libraries:
0x00007ff644d20000 - 0x00007ff644d54000 	C:\Program Files\Java\jdk1.8.0_31\bin\java.exe
0x00007ffa88b20000 - 0x00007ffa88ccd000 	C:\WINDOWS\SYSTEM32\ntdll.dll
0x00007ffa87f00000 - 0x00007ffa8803e000 	C:\WINDOWS\system32\KERNEL32.DLL
0x00007ffa85d10000 - 0x00007ffa85e25000 	C:\WINDOWS\system32\KERNELBASE.dll
0x00007ffa847e0000 - 0x00007ffa8486e000 	C:\WINDOWS\system32\apphelp.dll
0x00007ffa6e1c0000 - 0x00007ffa6e213000 	C:\WINDOWS\AppPatch\AppPatch64\AcGenral.DLL
0x00007ffa88640000 - 0x00007ffa886ea000 	C:\WINDOWS\system32\msvcrt.dll
0x00007ffa86170000 - 0x00007ffa8619e000 	C:\WINDOWS\system32\SspiCli.dll
0x00007ffa88040000 - 0x00007ffa88094000 	C:\WINDOWS\system32\SHLWAPI.dll
0x00007ffa88260000 - 0x00007ffa883d7000 	C:\WINDOWS\system32\USER32.dll
0x00007ffa864a0000 - 0x00007ffa86634000 	C:\WINDOWS\system32\ole32.dll
0x00007ffa86860000 - 0x00007ffa87d88000 	C:\WINDOWS\system32\SHELL32.dll
0x00007ffa85670000 - 0x00007ffa85691000 	C:\WINDOWS\SYSTEM32\USERENV.dll
0x00007ffa88590000 - 0x00007ffa8863a000 	C:\WINDOWS\system32\ADVAPI32.dll
0x00007ffa7fce0000 - 0x00007ffa7fcfe000 	C:\WINDOWS\SYSTEM32\MPR.dll
0x00007ffa88450000 - 0x00007ffa88590000 	C:\WINDOWS\system32\RPCRT4.dll
0x00007ffa86650000 - 0x00007ffa866a9000 	C:\WINDOWS\SYSTEM32\sechost.dll
0x00007ffa861c0000 - 0x00007ffa863d1000 	C:\WINDOWS\SYSTEM32\combase.dll
0x00007ffa86710000 - 0x00007ffa8685f000 	C:\WINDOWS\system32\GDI32.dll
0x00007ffa85c40000 - 0x00007ffa85c55000 	C:\WINDOWS\SYSTEM32\profapi.dll
0x00007ffa841b0000 - 0x00007ffa84262000 	C:\WINDOWS\SYSTEM32\SHCORE.dll
0x00007ffa87e50000 - 0x00007ffa87e86000 	C:\WINDOWS\system32\IMM32.DLL
0x00007ffa887e0000 - 0x00007ffa88932000 	C:\WINDOWS\system32\MSCTF.dll
0x00007ffa83d30000 - 0x00007ffa83fab000 	C:\WINDOWS\WinSxS\amd64_microsoft.windows.common-controls_6595b64144ccf1df_6.0.9600.18006_none_623f33d3ecbe86e8\COMCTL32.dll
0x0000000059bd0000 - 0x0000000059ca2000 	C:\Program Files\Java\jdk1.8.0_31\jre\bin\msvcr100.dll
0x0000000059370000 - 0x0000000059bca000 	C:\Program Files\Java\jdk1.8.0_31\jre\bin\server\jvm.dll
0x00007ffa7c230000 - 0x00007ffa7c239000 	C:\WINDOWS\SYSTEM32\WSOCK32.dll
0x00007ffa819d0000 - 0x00007ffa819f2000 	C:\WINDOWS\SYSTEM32\WINMM.dll
0x00007ffa861a0000 - 0x00007ffa861a7000 	C:\WINDOWS\system32\PSAPI.DLL
0x00007ffa866b0000 - 0x00007ffa8670a000 	C:\WINDOWS\system32\WS2_32.dll
0x00007ffa81670000 - 0x00007ffa8169a000 	C:\WINDOWS\SYSTEM32\WINMMBASE.dll
0x00007ffa87ef0000 - 0x00007ffa87ef9000 	C:\WINDOWS\system32\NSI.dll
0x00007ffa860c0000 - 0x00007ffa8610f000 	C:\WINDOWS\SYSTEM32\cfgmgr32.dll
0x00007ffa84a50000 - 0x00007ffa84a78000 	C:\WINDOWS\SYSTEM32\DEVOBJ.dll
0x0000000059360000 - 0x000000005936f000 	C:\Program Files\Java\jdk1.8.0_31\jre\bin\verify.dll
0x0000000059330000 - 0x0000000059358000 	C:\Program Files\Java\jdk1.8.0_31\jre\bin\java.dll
0x0000000059310000 - 0x0000000059326000 	C:\Program Files\Java\jdk1.8.0_31\jre\bin\zip.dll

VM Arguments:
jvm_args: -Djava.awt.headless=true -Xmx1024M -Dfile.encoding=windows-1252 -Duser.country=CA -Duser.language=en -Duser.variant 
java_command: com.android.dx.command.Main --dex --force-jumbo --num-threads=4 --multi-dex --output C:\Users\Saketh\Desktop\Honours Project\Marked\app\build\intermediates\transforms\dex\debug\folders\1000\10\com.google.android.gms-play-services-games-10.2.1_28fe72efa7acfa07e8507e36533f54d37930484b C:\Users\Saketh\Desktop\Honours Project\Marked\app\build\intermediates\exploded-aar\com.google.android.gms\play-services-games\10.2.1\jars\classes.jar
java_class_path (initial): C:\Users\Saketh\Desktop\New folder\adt-bundle-windows-x86_64-20130522\sdk\build-tools\25.0.0\lib\dx.jar
Launcher Type: SUN_STANDARD

Environment Variables:
PATH=C:\ProgramData\Oracle\Java\javapath;C:\Program Files (x86)\NVIDIA Corporation\PhysX\Common;C:\Program Files (x86)\Intel\iCLS Client\;C:\Program Files\Intel\iCLS Client\;C:\WINDOWS\system32;C:\WINDOWS;C:\WINDOWS\System32\Wbem;C:\WINDOWS\System32\WindowsPowerShell\v1.0\;C:\Program Files\Intel\Intel(R) Management Engine Components\DAL;C:\Program Files\Intel\Intel(R) Management Engine Components\IPT;C:\Program Files (x86)\Intel\Intel(R) Management Engine Components\DAL;C:\Program Files (x86)\Intel\Intel(R) Management Engine Components\IPT;C:\Program Files\Microsoft\Web Platform Installer\;C:\Program Files\Intel\WiFi\bin\;C:\Program Files\Common Files\Intel\WirelessCommon\;C:\Program Files (x86)\MiKTeX 2.9\miktex\bin\;C:\Program Files (x86)\Skype\Phone\;C:\Program Files\TortoiseGit\bin
USERNAME=Saketh
OS=Windows_NT
PROCESSOR_IDENTIFIER=Intel64 Family 6 Model 58 Stepping 9, GenuineIntel



---------------  S Y S T E M  ---------------

OS: Windows 8.1 , 64 bit Build 9600 

CPU:total 8 (4 cores per cpu, 2 threads per core) family 6 model 58 stepping 9, cmov, cx8, fxsr, mmx, sse, sse2, sse3, ssse3, sse4.1, sse4.2, popcnt, avx, aes, clmul, erms, ht, tsc, tscinvbit, tscinv

Memory: 4k page, physical 8334620k(1382928k free), swap 11480348k(3204k free)

vm_info: Java HotSpot(TM) 64-Bit Server VM (25.31-b07) for windows-amd64 JRE (1.8.0_31-b13), built on Dec 17 2014 21:00:28 by "java_re" with MS VC++ 10.0 (VS2010)

time: Wed May 03 15:07:26 2017
elapsed time: 5 seconds (0d 0h 0m 5s)

