#
# There is insufficient memory for the Java Runtime Environment to continue.
# Native memory allocation (malloc) failed to allocate 267216 bytes for Chunk::new
# Possible reasons:
#   The system is out of physical RAM or swap space
#   In 32 bit mode, the process size limit was hit
# Possible solutions:
#   Reduce memory load on the system
#   Increase physical memory or swap space
#   Check if swap backing store is full
#   Use 64 bit Java on a 64 bit OS
#   Decrease Java heap size (-Xmx/-Xms)
#   Decrease number of Java threads
#   Decrease Java thread stack sizes (-Xss)
#   Set larger code cache with -XX:ReservedCodeCacheSize=
# This output file may be truncated or incomplete.
#
#  Out of Memory Error (allocation.cpp:390), pid=10236, tid=13524
#
# JRE version: Java(TM) SE Runtime Environment (8.0_31-b13) (build 1.8.0_31-b13)
# Java VM: Java HotSpot(TM) 64-Bit Server VM (25.31-b07 mixed mode windows-amd64 compressed oops)
# Failed to write core dump. Minidumps are not enabled by default on client versions of Windows
#

---------------  T H R E A D  ---------------

Current thread (0x0000000016fe8000):  JavaThread "C2 CompilerThread0" daemon [_thread_in_native, id=13524, stack(0x00000000175c0000,0x00000000176c0000)]

Stack: [0x00000000175c0000,0x00000000176c0000]
Native frames: (J=compiled Java code, j=interpreted, Vv=VM code, C=native code)
V  [jvm.dll+0x3169ba]


Current CompileTask:
C2:   3116 1312   !   4       com.android.dx.cf.code.BytecodeArray::parseInstruction (2764 bytes)


---------------  P R O C E S S  ---------------

Java Threads: ( => current thread )
  0x000000001734a800 JavaThread "pool-2-thread-4" [_thread_blocked, id=12188, stack(0x00000000187c0000,0x00000000188c0000)]
  0x000000001734a000 JavaThread "pool-2-thread-3" [_thread_in_Java, id=10452, stack(0x00000000186c0000,0x00000000187c0000)]
  0x0000000017348800 JavaThread "pool-2-thread-2" [_thread_blocked, id=13676, stack(0x00000000185c0000,0x00000000186c0000)]
  0x0000000017bf5000 JavaThread "pool-3-thread-1" [_thread_blocked, id=8324, stack(0x00000000184c0000,0x00000000185c0000)]
  0x0000000017c91000 JavaThread "pool-2-thread-1" [_thread_in_Java, id=2944, stack(0x00000000183c0000,0x00000000184c0000)]
  0x000000001708f800 JavaThread "Service Thread" daemon [_thread_blocked, id=11272, stack(0x00000000179c0000,0x0000000017ac0000)]
  0x0000000017014000 JavaThread "C1 CompilerThread3" daemon [_thread_blocked, id=13728, stack(0x00000000178c0000,0x00000000179c0000)]
  0x0000000016ff9800 JavaThread "C2 CompilerThread2" daemon [_thread_blocked, id=5592, stack(0x00000000177c0000,0x00000000178c0000)]
  0x0000000016ff5000 JavaThread "C2 CompilerThread1" daemon [_thread_in_native, id=9796, stack(0x00000000176c0000,0x00000000177c0000)]
=>0x0000000016fe8000 JavaThread "C2 CompilerThread0" daemon [_thread_in_native, id=13524, stack(0x00000000175c0000,0x00000000176c0000)]
  0x0000000016fe6000 JavaThread "Attach Listener" daemon [_thread_blocked, id=13400, stack(0x00000000174c0000,0x00000000175c0000)]
  0x0000000016fe5800 JavaThread "Signal Dispatcher" daemon [_thread_blocked, id=4876, stack(0x00000000173c0000,0x00000000174c0000)]
  0x0000000000fc7800 JavaThread "Finalizer" daemon [_thread_blocked, id=10348, stack(0x0000000016ec0000,0x0000000016fc0000)]
  0x0000000000fc1000 JavaThread "Reference Handler" daemon [_thread_blocked, id=13492, stack(0x0000000016dc0000,0x0000000016ec0000)]
  0x0000000000ed0800 JavaThread "main" [_thread_in_Java, id=4236, stack(0x0000000000dc0000,0x0000000000ec0000)]

Other Threads:
  0x0000000014fe8800 VMThread [stack: 0x0000000016cc0000,0x0000000016dc0000] [id=11724]
  0x0000000017093800 WatcherThread [stack: 0x0000000017ac0000,0x0000000017bc0000] [id=6856]

VM state:not at safepoint (normal execution)

VM Mutex/Monitor currently owned by a thread:  ([mutex/lock_event])
[0x000000000108cff0] PeriodicTask_lock - owner thread: 0x0000000017093800

Heap:
 PSYoungGen      total 38400K, used 14150K [0x00000000eab00000, 0x00000000ed580000, 0x0000000100000000)
  eden space 33280K, 27% used [0x00000000eab00000,0x00000000eb3d36c8,0x00000000ecb80000)
  from space 5120K, 99% used [0x00000000ecb80000,0x00000000ed07e480,0x00000000ed080000)
  to   space 5120K, 0% used [0x00000000ed080000,0x00000000ed080000,0x00000000ed580000)
 ParOldGen       total 87552K, used 1102K [0x00000000c0000000, 0x00000000c5580000, 0x00000000eab00000)
  object space 87552K, 1% used [0x00000000c0000000,0x00000000c0113ad8,0x00000000c5580000)
 Metaspace       used 5977K, capacity 6896K, committed 7040K, reserved 1056768K
  class space    used 592K, capacity 616K, committed 640K, reserved 1048576K

Card table byte_map: [0x0000000001450000,0x0000000001660000] byte_map_base: 0x0000000000e50000

Marking Bits: (ParMarkBitMap*) 0x0000000059c2d4f0
 Begin Bits: [0x0000000012400000, 0x0000000013400000)
 End Bits:   [0x0000000013400000, 0x0000000014400000)

Polling page: 0x00000000008e0000

CodeCache: size=245760Kb used=5190Kb max_used=5203Kb free=240569Kb
 bounds [0x0000000003400000, 0x0000000003920000, 0x0000000012400000]
 total_blobs=1593 nmethods=1328 adapters=179
 compilation: enabled

Compilation events (10 events):
Event: 2.981 Thread 0x0000000017014000 nmethod 1331 0x00000000038f9150 code [0x00000000038f92e0, 0x00000000038f9708]
Event: 2.981 Thread 0x0000000016ff5000 nmethod 1315 0x0000000003912d10 code [0x0000000003912ea0, 0x0000000003913610]
Event: 2.981 Thread 0x0000000016ff5000 1316       4       com.android.dx.ssa.SsaRenamer$BlockRenamer::process (191 bytes)
Event: 2.995 Thread 0x0000000016ff9800 nmethod 1306 0x0000000003917510 code [0x00000000039177a0, 0x0000000003919440]
Event: 2.995 Thread 0x0000000016ff9800 1317       4       com.android.dx.ssa.SsaMethod$2::visitNonMoveInsn (6 bytes)
Event: 2.996 Thread 0x0000000016ff9800 nmethod 1317 0x00000000038f8ed0 code [0x00000000038f9020, 0x00000000038f90a8]
Event: 2.996 Thread 0x0000000016ff9800 1319       4       com.android.dx.ssa.back.FirstFitLocalCombiningAllocator$1::visitNonMoveInsn (6 bytes)
Event: 2.996 Thread 0x0000000016ff9800 nmethod 1319 0x00000000038f8c50 code [0x00000000038f8da0, 0x00000000038f8e28]
Event: 2.996 Thread 0x0000000016ff9800 1329       4       com.android.dx.ssa.SCCP::addBlockToWorklist (47 bytes)
Event: 3.016 Thread 0x0000000016ff9800 nmethod 1329 0x00000000039141d0 code [0x0000000003914360, 0x0000000003914c48]

GC Heap History (2 events):
Event: 2.599 GC heap before
{Heap before GC invocations=1 (full 0):
 PSYoungGen      total 38400K, used 33280K [0x00000000eab00000, 0x00000000ed580000, 0x0000000100000000)
  eden space 33280K, 100% used [0x00000000eab00000,0x00000000ecb80000,0x00000000ecb80000)
  from space 5120K, 0% used [0x00000000ed080000,0x00000000ed080000,0x00000000ed580000)
  to   space 5120K, 0% used [0x00000000ecb80000,0x00000000ecb80000,0x00000000ed080000)
 ParOldGen       total 87552K, used 0K [0x00000000c0000000, 0x00000000c5580000, 0x00000000eab00000)
  object space 87552K, 0% used [0x00000000c0000000,0x00000000c0000000,0x00000000c5580000)
 Metaspace       used 5919K, capacity 6896K, committed 7040K, reserved 1056768K
  class space    used 592K, capacity 616K, committed 640K, reserved 1048576K
Event: 2.618 GC heap after
Heap after GC invocations=1 (full 0):
 PSYoungGen      total 38400K, used 5113K [0x00000000eab00000, 0x00000000ed580000, 0x0000000100000000)
  eden space 33280K, 0% used [0x00000000eab00000,0x00000000eab00000,0x00000000ecb80000)
  from space 5120K, 99% used [0x00000000ecb80000,0x00000000ed07e480,0x00000000ed080000)
  to   space 5120K, 0% used [0x00000000ed080000,0x00000000ed080000,0x00000000ed580000)
 ParOldGen       total 87552K, used 1102K [0x00000000c0000000, 0x00000000c5580000, 0x00000000eab00000)
  object space 87552K, 1% used [0x00000000c0000000,0x00000000c0113ad8,0x00000000c5580000)
 Metaspace       used 5919K, capacity 6896K, committed 7040K, reserved 1056768K
  class space    used 592K, capacity 616K, committed 640K, reserved 1048576K
}

Deoptimization events (3 events):
Event: 1.920 Thread 0x0000000000ed0800 Uncommon trap: reason=unreached action=reinterpret pc=0x00000000036dcd5c method=com.android.dx.rop.code.LocalItem.hashCode()I @ 25
Event: 2.118 Thread 0x000000001734a800 Uncommon trap: reason=bimorphic action=maybe_recompile pc=0x00000000036868bc method=java.util.HashMap.getNode(ILjava/lang/Object;)Ljava/util/HashMap$Node; @ 126
Event: 2.716 Thread 0x000000001734a000 Uncommon trap: reason=bimorphic action=maybe_recompile pc=0x00000000036868bc method=java.util.HashMap.getNode(ILjava/lang/Object;)Ljava/util/HashMap$Node; @ 126

Internal exceptions (10 events):
Event: 1.694 Thread 0x000000001734a000 Exception <a 'java/security/PrivilegedActionException'> (0x00000000ebab69d8) thrown at [C:\workspace\8-2-build-windows-amd64-cygwin\jdk8u31\2394\hotspot\src\share\vm\prims\jvm.cpp, line 1312]
Event: 1.695 Thread 0x000000001734a000 Exception <a 'java/security/PrivilegedActionException'> (0x00000000ebabc448) thrown at [C:\workspace\8-2-build-windows-amd64-cygwin\jdk8u31\2394\hotspot\src\share\vm\prims\jvm.cpp, line 1312]
Event: 1.697 Thread 0x0000000017c91000 Exception <a 'java/security/PrivilegedActionException'> (0x00000000ebc7c5d0) thrown at [C:\workspace\8-2-build-windows-amd64-cygwin\jdk8u31\2394\hotspot\src\share\vm\prims\jvm.cpp, line 1312]
Event: 1.723 Thread 0x0000000000ed0800 Exception <a 'java/security/PrivilegedActionException'> (0x00000000ebd79588) thrown at [C:\workspace\8-2-build-windows-amd64-cygwin\jdk8u31\2394\hotspot\src\share\vm\prims\jvm.cpp, line 1312]
Event: 1.794 Thread 0x0000000017c91000 Exception <a 'java/security/PrivilegedActionException'> (0x00000000ebe32d78) thrown at [C:\workspace\8-2-build-windows-amd64-cygwin\jdk8u31\2394\hotspot\src\share\vm\prims\jvm.cpp, line 1312]
Event: 1.821 Thread 0x0000000017c91000 Exception <a 'java/security/PrivilegedActionException'> (0x00000000ebe45c20) thrown at [C:\workspace\8-2-build-windows-amd64-cygwin\jdk8u31\2394\hotspot\src\share\vm\prims\jvm.cpp, line 1312]
Event: 1.823 Thread 0x000000001734a000 Exception <a 'java/security/PrivilegedActionException'> (0x00000000ebb24108) thrown at [C:\workspace\8-2-build-windows-amd64-cygwin\jdk8u31\2394\hotspot\src\share\vm\prims\jvm.cpp, line 1312]
Event: 1.868 Thread 0x0000000000ed0800 Exception <a 'java/security/PrivilegedActionException'> (0x00000000ebe19468) thrown at [C:\workspace\8-2-build-windows-amd64-cygwin\jdk8u31\2394\hotspot\src\share\vm\prims\jvm.cpp, line 1312]
Event: 1.917 Thread 0x0000000000ed0800 Exception <a 'java/security/PrivilegedActionException'> (0x00000000ec070400) thrown at [C:\workspace\8-2-build-windows-amd64-cygwin\jdk8u31\2394\hotspot\src\share\vm\prims\jvm.cpp, line 1312]
Event: 2.090 Thread 0x0000000000ed0800 Exception <a 'java/security/PrivilegedActionException'> (0x00000000ec2a7e80) thrown at [C:\workspace\8-2-build-windows-amd64-cygwin\jdk8u31\2394\hotspot\src\share\vm\prims\jvm.cpp, line 1312]

Events (10 events):
Event: 2.118 Thread 0x000000001734a800 DEOPT UNPACKING pc=0x000000000344556a sp=0x00000000188bea68 mode 2
Event: 2.131 Executing VM operation: ForceSafepoint
Event: 2.337 Executing VM operation: ForceSafepoint done
Event: 2.446 loading class java/util/DualPivotQuicksort
Event: 2.450 loading class java/util/DualPivotQuicksort done
Event: 2.598 Executing VM operation: ParallelGCFailedAllocation
Event: 2.618 Executing VM operation: ParallelGCFailedAllocation done
Event: 2.716 Thread 0x000000001734a000 Uncommon trap: trap_request=0xffffffc6 fr.pc=0x00000000036868bc
Event: 2.716 Thread 0x000000001734a000 DEOPT PACKING pc=0x00000000036868bc sp=0x00000000187bee50
Event: 2.716 Thread 0x000000001734a000 DEOPT UNPACKING pc=0x000000000344556a sp=0x00000000187bed78 mode 2


Dynamic libraries:
0x00007ff644d20000 - 0x00007ff644d54000 	C:\Program Files\Java\jdk1.8.0_31\bin\java.exe
0x00007ffa88b20000 - 0x00007ffa88ccd000 	C:\WINDOWS\SYSTEM32\ntdll.dll
0x00007ffa87f00000 - 0x00007ffa8803e000 	C:\WINDOWS\system32\KERNEL32.DLL
0x00007ffa85d10000 - 0x00007ffa85e25000 	C:\WINDOWS\system32\KERNELBASE.dll
0x00007ffa847e0000 - 0x00007ffa8486e000 	C:\WINDOWS\system32\apphelp.dll
0x00007ffa6e1c0000 - 0x00007ffa6e213000 	C:\WINDOWS\AppPatch\AppPatch64\AcGenral.DLL
0x00007ffa88640000 - 0x00007ffa886ea000 	C:\WINDOWS\system32\msvcrt.dll
0x00007ffa86170000 - 0x00007ffa8619e000 	C:\WINDOWS\system32\SspiCli.dll
0x00007ffa88040000 - 0x00007ffa88094000 	C:\WINDOWS\system32\SHLWAPI.dll
0x00007ffa88260000 - 0x00007ffa883d7000 	C:\WINDOWS\system32\USER32.dll
0x00007ffa864a0000 - 0x00007ffa86634000 	C:\WINDOWS\system32\ole32.dll
0x00007ffa86860000 - 0x00007ffa87d88000 	C:\WINDOWS\system32\SHELL32.dll
0x00007ffa85670000 - 0x00007ffa85691000 	C:\WINDOWS\SYSTEM32\USERENV.dll
0x00007ffa88590000 - 0x00007ffa8863a000 	C:\WINDOWS\system32\ADVAPI32.dll
0x00007ffa7fce0000 - 0x00007ffa7fcfe000 	C:\WINDOWS\SYSTEM32\MPR.dll
0x00007ffa88450000 - 0x00007ffa88590000 	C:\WINDOWS\system32\RPCRT4.dll
0x00007ffa86650000 - 0x00007ffa866a9000 	C:\WINDOWS\SYSTEM32\sechost.dll
0x00007ffa861c0000 - 0x00007ffa863d1000 	C:\WINDOWS\SYSTEM32\combase.dll
0x00007ffa86710000 - 0x00007ffa8685f000 	C:\WINDOWS\system32\GDI32.dll
0x00007ffa85c40000 - 0x00007ffa85c55000 	C:\WINDOWS\SYSTEM32\profapi.dll
0x00007ffa841b0000 - 0x00007ffa84262000 	C:\WINDOWS\SYSTEM32\SHCORE.dll
0x00007ffa87e50000 - 0x00007ffa87e86000 	C:\WINDOWS\system32\IMM32.DLL
0x00007ffa887e0000 - 0x00007ffa88932000 	C:\WINDOWS\system32\MSCTF.dll
0x00007ffa83d30000 - 0x00007ffa83fab000 	C:\WINDOWS\WinSxS\amd64_microsoft.windows.common-controls_6595b64144ccf1df_6.0.9600.18006_none_623f33d3ecbe86e8\COMCTL32.dll
0x000000005ab30000 - 0x000000005ac02000 	C:\Program Files\Java\jdk1.8.0_31\jre\bin\msvcr100.dll
0x0000000059450000 - 0x0000000059caa000 	C:\Program Files\Java\jdk1.8.0_31\jre\bin\server\jvm.dll
0x00007ffa7c230000 - 0x00007ffa7c239000 	C:\WINDOWS\SYSTEM32\WSOCK32.dll
0x00007ffa819d0000 - 0x00007ffa819f2000 	C:\WINDOWS\SYSTEM32\WINMM.dll
0x00007ffa861a0000 - 0x00007ffa861a7000 	C:\WINDOWS\system32\PSAPI.DLL
0x00007ffa866b0000 - 0x00007ffa8670a000 	C:\WINDOWS\system32\WS2_32.dll
0x00007ffa81670000 - 0x00007ffa8169a000 	C:\WINDOWS\SYSTEM32\WINMMBASE.dll
0x00007ffa87ef0000 - 0x00007ffa87ef9000 	C:\WINDOWS\system32\NSI.dll
0x00007ffa860c0000 - 0x00007ffa8610f000 	C:\WINDOWS\SYSTEM32\cfgmgr32.dll
0x00007ffa84a50000 - 0x00007ffa84a78000 	C:\WINDOWS\SYSTEM32\DEVOBJ.dll
0x000000005ab20000 - 0x000000005ab2f000 	C:\Program Files\Java\jdk1.8.0_31\jre\bin\verify.dll
0x000000005aaf0000 - 0x000000005ab18000 	C:\Program Files\Java\jdk1.8.0_31\jre\bin\java.dll
0x000000005aad0000 - 0x000000005aae6000 	C:\Program Files\Java\jdk1.8.0_31\jre\bin\zip.dll

VM Arguments:
jvm_args: -Djava.awt.headless=true -Xmx1024M -Dfile.encoding=windows-1252 -Duser.country=CA -Duser.language=en -Duser.variant 
java_command: com.android.dx.command.Main --dex --force-jumbo --num-threads=4 --multi-dex --output C:\Users\Saketh\Desktop\Honours Project\Marked\app\build\intermediates\transforms\dex\debug\folders\1000\10\com.android.support-appcompat-v7-25.3.0_8aa2837f75204ed80c7bfb7caa8952b7c6f4dc18 C:\Users\Saketh\Desktop\Honours Project\Marked\app\build\intermediates\exploded-aar\com.android.support\appcompat-v7\25.3.0\jars\classes.jar
java_class_path (initial): C:\Users\Saketh\Desktop\New folder\adt-bundle-windows-x86_64-20130522\sdk\build-tools\25.0.0\lib\dx.jar
Launcher Type: SUN_STANDARD

Environment Variables:
PATH=C:\ProgramData\Oracle\Java\javapath;C:\Program Files (x86)\NVIDIA Corporation\PhysX\Common;C:\Program Files (x86)\Intel\iCLS Client\;C:\Program Files\Intel\iCLS Client\;C:\WINDOWS\system32;C:\WINDOWS;C:\WINDOWS\System32\Wbem;C:\WINDOWS\System32\WindowsPowerShell\v1.0\;C:\Program Files\Intel\Intel(R) Management Engine Components\DAL;C:\Program Files\Intel\Intel(R) Management Engine Components\IPT;C:\Program Files (x86)\Intel\Intel(R) Management Engine Components\DAL;C:\Program Files (x86)\Intel\Intel(R) Management Engine Components\IPT;C:\Program Files\Microsoft\Web Platform Installer\;C:\Program Files\Intel\WiFi\bin\;C:\Program Files\Common Files\Intel\WirelessCommon\;C:\Program Files (x86)\MiKTeX 2.9\miktex\bin\;C:\Program Files (x86)\Skype\Phone\;C:\Program Files\TortoiseGit\bin
USERNAME=Saketh
OS=Windows_NT
PROCESSOR_IDENTIFIER=Intel64 Family 6 Model 58 Stepping 9, GenuineIntel



---------------  S Y S T E M  ---------------

OS: Windows 8.1 , 64 bit Build 9600 

CPU:total 8 (4 cores per cpu, 2 threads per core) family 6 model 58 stepping 9, cmov, cx8, fxsr, mmx, sse, sse2, sse3, ssse3, sse4.1, sse4.2, popcnt, avx, aes, clmul, erms, ht, tsc, tscinvbit, tscinv

Memory: 4k page, physical 8334620k(1078300k free), swap 11480348k(5980k free)

vm_info: Java HotSpot(TM) 64-Bit Server VM (25.31-b07) for windows-amd64 JRE (1.8.0_31-b13), built on Dec 17 2014 21:00:28 by "java_re" with MS VC++ 10.0 (VS2010)

time: Mon May 01 19:05:37 2017
elapsed time: 3 seconds (0d 0h 0m 3s)

