#
# There is insufficient memory for the Java Runtime Environment to continue.
# Native memory allocation (malloc) failed to allocate 477056 bytes for Chunk::new
# Possible reasons:
#   The system is out of physical RAM or swap space
#   In 32 bit mode, the process size limit was hit
# Possible solutions:
#   Reduce memory load on the system
#   Increase physical memory or swap space
#   Check if swap backing store is full
#   Use 64 bit Java on a 64 bit OS
#   Decrease Java heap size (-Xmx/-Xms)
#   Decrease number of Java threads
#   Decrease Java thread stack sizes (-Xss)
#   Set larger code cache with -XX:ReservedCodeCacheSize=
# This output file may be truncated or incomplete.
#
#  Out of Memory Error (allocation.cpp:390), pid=6688, tid=12188
#
# JRE version: Java(TM) SE Runtime Environment (8.0_31-b13) (build 1.8.0_31-b13)
# Java VM: Java HotSpot(TM) 64-Bit Server VM (25.31-b07 mixed mode windows-amd64 compressed oops)
# Failed to write core dump. Minidumps are not enabled by default on client versions of Windows
#

---------------  T H R E A D  ---------------

Current thread (0x0000000016a3a800):  JavaThread "C2 CompilerThread1" daemon [_thread_in_native, id=12188, stack(0x0000000017110000,0x0000000017210000)]

Stack: [0x0000000017110000,0x0000000017210000]
Native frames: (J=compiled Java code, j=interpreted, Vv=VM code, C=native code)
V  [jvm.dll+0x3169ba]


Current CompileTask:
C2:   1839 1215       4       com.android.dx.ssa.SCCP::simulateBranch (666 bytes)


---------------  P R O C E S S  ---------------

Java Threads: ( => current thread )
  0x0000000016ddd000 JavaThread "pool-2-thread-4" [_thread_blocked, id=12840, stack(0x0000000017a10000,0x0000000017b10000)]
  0x0000000016ddc000 JavaThread "pool-2-thread-3" [_thread_blocked, id=12784, stack(0x0000000017910000,0x0000000017a10000)]
  0x0000000016d49800 JavaThread "pool-2-thread-2" [_thread_blocked, id=12068, stack(0x0000000017810000,0x0000000017910000)]
  0x0000000016d42800 JavaThread "pool-3-thread-1" [_thread_blocked, id=11532, stack(0x0000000017710000,0x0000000017810000)]
  0x0000000016d39800 JavaThread "pool-2-thread-1" [_thread_in_Java, id=7580, stack(0x0000000017610000,0x0000000017710000)]
  0x0000000016aa9800 JavaThread "Service Thread" daemon [_thread_blocked, id=7856, stack(0x0000000017410000,0x0000000017510000)]
  0x0000000016a71000 JavaThread "C1 CompilerThread3" daemon [_thread_blocked, id=4664, stack(0x0000000017310000,0x0000000017410000)]
  0x0000000016a46000 JavaThread "C2 CompilerThread2" daemon [_thread_blocked, id=11108, stack(0x0000000017210000,0x0000000017310000)]
=>0x0000000016a3a800 JavaThread "C2 CompilerThread1" daemon [_thread_in_native, id=12188, stack(0x0000000017110000,0x0000000017210000)]
  0x0000000016a38800 JavaThread "C2 CompilerThread0" daemon [_thread_in_native, id=7876, stack(0x0000000017010000,0x0000000017110000)]
  0x0000000016a36800 JavaThread "Attach Listener" daemon [_thread_blocked, id=2680, stack(0x0000000016f10000,0x0000000017010000)]
  0x0000000016a35800 JavaThread "Signal Dispatcher" daemon [_thread_blocked, id=9432, stack(0x0000000016e10000,0x0000000016f10000)]
  0x0000000001ec9000 JavaThread "Finalizer" daemon [_thread_blocked, id=10452, stack(0x0000000016910000,0x0000000016a10000)]
  0x0000000014a1c000 JavaThread "Reference Handler" daemon [_thread_blocked, id=13676, stack(0x0000000016810000,0x0000000016910000)]
  0x0000000001dd0800 JavaThread "main" [_thread_blocked, id=7564, stack(0x0000000001c90000,0x0000000001d90000)]

Other Threads:
  0x0000000014a17000 VMThread [stack: 0x0000000016710000,0x0000000016810000] [id=6988]
  0x0000000016ab1800 WatcherThread [stack: 0x0000000017510000,0x0000000017610000] [id=13732]

VM state:not at safepoint (normal execution)

VM Mutex/Monitor currently owned by a thread: None

Heap:
 PSYoungGen      total 38400K, used 31965K [0x00000000eab00000, 0x00000000ed580000, 0x0000000100000000)
  eden space 33280K, 96% used [0x00000000eab00000,0x00000000eca37420,0x00000000ecb80000)
  from space 5120K, 0% used [0x00000000ed080000,0x00000000ed080000,0x00000000ed580000)
  to   space 5120K, 0% used [0x00000000ecb80000,0x00000000ecb80000,0x00000000ed080000)
 ParOldGen       total 87552K, used 0K [0x00000000c0000000, 0x00000000c5580000, 0x00000000eab00000)
  object space 87552K, 0% used [0x00000000c0000000,0x00000000c0000000,0x00000000c5580000)
 Metaspace       used 5894K, capacity 6832K, committed 7040K, reserved 1056768K
  class space    used 587K, capacity 616K, committed 640K, reserved 1048576K

Card table byte_map: [0x00000000113c0000,0x00000000115d0000] byte_map_base: 0x0000000010dc0000

Marking Bits: (ParMarkBitMap*) 0x0000000059c2d4f0
 Begin Bits: [0x0000000011e30000, 0x0000000012e30000)
 End Bits:   [0x0000000012e30000, 0x0000000013e30000)

Polling page: 0x0000000000480000

CodeCache: size=245760Kb used=4548Kb max_used=4560Kb free=241211Kb
 bounds [0x0000000002000000, 0x0000000002480000, 0x0000000011000000]
 total_blobs=1467 nmethods=1204 adapters=177
 compilation: enabled

Compilation events (10 events):
Event: 1.791 Thread 0x0000000016a38800 1208       4       java.util.TreeMap::parentOf (13 bytes)
Event: 1.792 Thread 0x0000000016a38800 nmethod 1208 0x00000000022cc450 code [0x00000000022cc580, 0x00000000022cc5d8]
Event: 1.794 Thread 0x0000000016a3a800 1211       4       com.android.dx.ssa.SsaMethod$2::visitNonMoveInsn (6 bytes)
Event: 1.795 Thread 0x0000000016a3a800 nmethod 1211 0x0000000002470a10 code [0x0000000002470b60, 0x0000000002470be8]
Event: 1.796 Thread 0x0000000016a38800 1214       4       com.android.dx.rop.cst.CstBaseMethodRef::compareTo0 (29 bytes)
Event: 1.796 Thread 0x0000000016a3a800 1215       4       com.android.dx.ssa.SCCP::simulateBranch (666 bytes)
Event: 1.808 Thread 0x0000000016a38800 nmethod 1214 0x0000000002471250 code [0x00000000024713e0, 0x0000000002471bd8]
Event: 1.827 Thread 0x0000000016a38800 1218       4       com.android.dx.rop.code.BasicBlock::getLastInsn (8 bytes)
Event: 1.829 Thread 0x0000000016a38800 nmethod 1218 0x0000000002470550 code [0x00000000024706a0, 0x0000000002470798]
Event: 1.829 Thread 0x0000000016a38800 1220   !   4       com.android.dx.cf.code.BytecodeArray::parseInstruction (2764 bytes)

GC Heap History (0 events):
No events

Deoptimization events (1 events):
Event: 1.150 Thread 0x0000000001dd0800 Uncommon trap: reason=class_check action=maybe_recompile pc=0x0000000002228bb0 method=com.android.dx.ssa.NormalSsaInsn.accept(Lcom/android/dx/ssa/SsaInsn$Visitor;)V @ 9

Internal exceptions (10 events):
Event: 1.105 Thread 0x0000000016ddd000 Exception <a 'java/security/PrivilegedActionException'> (0x00000000eb6da2f0) thrown at [C:\workspace\8-2-build-windows-amd64-cygwin\jdk8u31\2394\hotspot\src\share\vm\prims\jvm.cpp, line 1312]
Event: 1.106 Thread 0x0000000016ddd000 Exception <a 'java/security/PrivilegedActionException'> (0x00000000eb6e0020) thrown at [C:\workspace\8-2-build-windows-amd64-cygwin\jdk8u31\2394\hotspot\src\share\vm\prims\jvm.cpp, line 1312]
Event: 1.107 Thread 0x0000000016ddd000 Exception <a 'java/security/PrivilegedActionException'> (0x00000000eb6e8fa0) thrown at [C:\workspace\8-2-build-windows-amd64-cygwin\jdk8u31\2394\hotspot\src\share\vm\prims\jvm.cpp, line 1312]
Event: 1.111 Thread 0x0000000016ddd000 Exception <a 'java/security/PrivilegedActionException'> (0x00000000eb6f7508) thrown at [C:\workspace\8-2-build-windows-amd64-cygwin\jdk8u31\2394\hotspot\src\share\vm\prims\jvm.cpp, line 1312]
Event: 1.125 Thread 0x0000000016d39800 Exception <a 'java/security/PrivilegedActionException'> (0x00000000eb8d6290) thrown at [C:\workspace\8-2-build-windows-amd64-cygwin\jdk8u31\2394\hotspot\src\share\vm\prims\jvm.cpp, line 1312]
Event: 1.144 Thread 0x0000000016ddc000 Exception <a 'java/security/PrivilegedActionException'> (0x00000000eb60b730) thrown at [C:\workspace\8-2-build-windows-amd64-cygwin\jdk8u31\2394\hotspot\src\share\vm\prims\jvm.cpp, line 1312]
Event: 1.323 Thread 0x0000000016ddc000 Exception <a 'java/security/PrivilegedActionException'> (0x00000000eb9c2b98) thrown at [C:\workspace\8-2-build-windows-amd64-cygwin\jdk8u31\2394\hotspot\src\share\vm\prims\jvm.cpp, line 1312]
Event: 1.385 Thread 0x0000000016ddd000 Exception <a 'java/security/PrivilegedActionException'> (0x00000000ebafafa8) thrown at [C:\workspace\8-2-build-windows-amd64-cygwin\jdk8u31\2394\hotspot\src\share\vm\prims\jvm.cpp, line 1312]
Event: 1.386 Thread 0x0000000016ddd000 Exception <a 'java/security/PrivilegedActionException'> (0x00000000ebb00c88) thrown at [C:\workspace\8-2-build-windows-amd64-cygwin\jdk8u31\2394\hotspot\src\share\vm\prims\jvm.cpp, line 1312]
Event: 1.387 Thread 0x0000000016ddd000 Exception <a 'java/security/PrivilegedActionException'> (0x00000000ebb06658) thrown at [C:\workspace\8-2-build-windows-amd64-cygwin\jdk8u31\2394\hotspot\src\share\vm\prims\jvm.cpp, line 1312]

Events (10 events):
Event: 1.385 loading class com/android/dx/dex/file/ParameterAnnotationStruct
Event: 1.385 loading class com/android/dx/dex/file/ParameterAnnotationStruct done
Event: 1.386 loading class com/android/dx/dex/file/UniformListItem
Event: 1.386 loading class com/android/dx/dex/file/UniformListItem done
Event: 1.387 loading class com/android/dx/dex/file/AnnotationSetRefItem
Event: 1.387 loading class com/android/dx/dex/file/AnnotationSetRefItem done
Event: 1.423 Executing VM operation: ForceSafepoint
Event: 1.427 Executing VM operation: ForceSafepoint done
Event: 1.743 Executing VM operation: ForceSafepoint
Event: 1.778 Executing VM operation: ForceSafepoint done


Dynamic libraries:
0x00007ff644d20000 - 0x00007ff644d54000 	C:\Program Files\Java\jdk1.8.0_31\bin\java.exe
0x00007ffa88b20000 - 0x00007ffa88ccd000 	C:\WINDOWS\SYSTEM32\ntdll.dll
0x00007ffa87f00000 - 0x00007ffa8803e000 	C:\WINDOWS\system32\KERNEL32.DLL
0x00007ffa85d10000 - 0x00007ffa85e25000 	C:\WINDOWS\system32\KERNELBASE.dll
0x00007ffa847e0000 - 0x00007ffa8486e000 	C:\WINDOWS\system32\apphelp.dll
0x00007ffa6e1c0000 - 0x00007ffa6e213000 	C:\WINDOWS\AppPatch\AppPatch64\AcGenral.DLL
0x00007ffa88640000 - 0x00007ffa886ea000 	C:\WINDOWS\system32\msvcrt.dll
0x00007ffa86170000 - 0x00007ffa8619e000 	C:\WINDOWS\system32\SspiCli.dll
0x00007ffa88040000 - 0x00007ffa88094000 	C:\WINDOWS\system32\SHLWAPI.dll
0x00007ffa88260000 - 0x00007ffa883d7000 	C:\WINDOWS\system32\USER32.dll
0x00007ffa864a0000 - 0x00007ffa86634000 	C:\WINDOWS\system32\ole32.dll
0x00007ffa86860000 - 0x00007ffa87d88000 	C:\WINDOWS\system32\SHELL32.dll
0x00007ffa85670000 - 0x00007ffa85691000 	C:\WINDOWS\SYSTEM32\USERENV.dll
0x00007ffa88590000 - 0x00007ffa8863a000 	C:\WINDOWS\system32\ADVAPI32.dll
0x00007ffa7fce0000 - 0x00007ffa7fcfe000 	C:\WINDOWS\SYSTEM32\MPR.dll
0x00007ffa88450000 - 0x00007ffa88590000 	C:\WINDOWS\system32\RPCRT4.dll
0x00007ffa86650000 - 0x00007ffa866a9000 	C:\WINDOWS\SYSTEM32\sechost.dll
0x00007ffa861c0000 - 0x00007ffa863d1000 	C:\WINDOWS\SYSTEM32\combase.dll
0x00007ffa86710000 - 0x00007ffa8685f000 	C:\WINDOWS\system32\GDI32.dll
0x00007ffa85c40000 - 0x00007ffa85c55000 	C:\WINDOWS\SYSTEM32\profapi.dll
0x00007ffa841b0000 - 0x00007ffa84262000 	C:\WINDOWS\SYSTEM32\SHCORE.dll
0x00007ffa87e50000 - 0x00007ffa87e86000 	C:\WINDOWS\system32\IMM32.DLL
0x00007ffa887e0000 - 0x00007ffa88932000 	C:\WINDOWS\system32\MSCTF.dll
0x00007ffa83d30000 - 0x00007ffa83fab000 	C:\WINDOWS\WinSxS\amd64_microsoft.windows.common-controls_6595b64144ccf1df_6.0.9600.18006_none_623f33d3ecbe86e8\COMCTL32.dll
0x000000005ab30000 - 0x000000005ac02000 	C:\Program Files\Java\jdk1.8.0_31\jre\bin\msvcr100.dll
0x0000000059450000 - 0x0000000059caa000 	C:\Program Files\Java\jdk1.8.0_31\jre\bin\server\jvm.dll
0x00007ffa7c230000 - 0x00007ffa7c239000 	C:\WINDOWS\SYSTEM32\WSOCK32.dll
0x00007ffa819d0000 - 0x00007ffa819f2000 	C:\WINDOWS\SYSTEM32\WINMM.dll
0x00007ffa861a0000 - 0x00007ffa861a7000 	C:\WINDOWS\system32\PSAPI.DLL
0x00007ffa866b0000 - 0x00007ffa8670a000 	C:\WINDOWS\system32\WS2_32.dll
0x00007ffa81670000 - 0x00007ffa8169a000 	C:\WINDOWS\SYSTEM32\WINMMBASE.dll
0x00007ffa87ef0000 - 0x00007ffa87ef9000 	C:\WINDOWS\system32\NSI.dll
0x00007ffa860c0000 - 0x00007ffa8610f000 	C:\WINDOWS\SYSTEM32\cfgmgr32.dll
0x00007ffa84a50000 - 0x00007ffa84a78000 	C:\WINDOWS\SYSTEM32\DEVOBJ.dll
0x000000005ab20000 - 0x000000005ab2f000 	C:\Program Files\Java\jdk1.8.0_31\jre\bin\verify.dll
0x000000005aaf0000 - 0x000000005ab18000 	C:\Program Files\Java\jdk1.8.0_31\jre\bin\java.dll
0x000000005aad0000 - 0x000000005aae6000 	C:\Program Files\Java\jdk1.8.0_31\jre\bin\zip.dll

VM Arguments:
jvm_args: -Djava.awt.headless=true -Xmx1024M -Dfile.encoding=windows-1252 -Duser.country=CA -Duser.language=en -Duser.variant 
java_command: com.android.dx.command.Main --dex --force-jumbo --num-threads=4 --multi-dex --output C:\Users\Saketh\Desktop\Honours Project\Marked\app\build\intermediates\transforms\dex\debug\folders\1000\10\com.google.android.gms-play-services-tagmanager-10.2.1_8e8793e135d75124b6714b4646705ddf9b4972ce C:\Users\Saketh\Desktop\Honours Project\Marked\app\build\intermediates\exploded-aar\com.google.android.gms\play-services-tagmanager\10.2.1\jars\classes.jar
java_class_path (initial): C:\Users\Saketh\Desktop\New folder\adt-bundle-windows-x86_64-20130522\sdk\build-tools\25.0.0\lib\dx.jar
Launcher Type: SUN_STANDARD

Environment Variables:
PATH=C:\ProgramData\Oracle\Java\javapath;C:\Program Files (x86)\NVIDIA Corporation\PhysX\Common;C:\Program Files (x86)\Intel\iCLS Client\;C:\Program Files\Intel\iCLS Client\;C:\WINDOWS\system32;C:\WINDOWS;C:\WINDOWS\System32\Wbem;C:\WINDOWS\System32\WindowsPowerShell\v1.0\;C:\Program Files\Intel\Intel(R) Management Engine Components\DAL;C:\Program Files\Intel\Intel(R) Management Engine Components\IPT;C:\Program Files (x86)\Intel\Intel(R) Management Engine Components\DAL;C:\Program Files (x86)\Intel\Intel(R) Management Engine Components\IPT;C:\Program Files\Microsoft\Web Platform Installer\;C:\Program Files\Intel\WiFi\bin\;C:\Program Files\Common Files\Intel\WirelessCommon\;C:\Program Files (x86)\MiKTeX 2.9\miktex\bin\;C:\Program Files (x86)\Skype\Phone\;C:\Program Files\TortoiseGit\bin
USERNAME=Saketh
OS=Windows_NT
PROCESSOR_IDENTIFIER=Intel64 Family 6 Model 58 Stepping 9, GenuineIntel



---------------  S Y S T E M  ---------------

OS: Windows 8.1 , 64 bit Build 9600 

CPU:total 8 (4 cores per cpu, 2 threads per core) family 6 model 58 stepping 9, cmov, cx8, fxsr, mmx, sse, sse2, sse3, ssse3, sse4.1, sse4.2, popcnt, avx, aes, clmul, erms, ht, tsc, tscinvbit, tscinv

Memory: 4k page, physical 8334620k(1070992k free), swap 11480348k(5100k free)

vm_info: Java HotSpot(TM) 64-Bit Server VM (25.31-b07) for windows-amd64 JRE (1.8.0_31-b13), built on Dec 17 2014 21:00:28 by "java_re" with MS VC++ 10.0 (VS2010)

time: Mon May 01 19:05:23 2017
elapsed time: 1 seconds (0d 0h 0m 1s)

