#
# There is insufficient memory for the Java Runtime Environment to continue.
# Native memory allocation (malloc) failed to allocate 131088 bytes for Chunk::new
# Possible reasons:
#   The system is out of physical RAM or swap space
#   In 32 bit mode, the process size limit was hit
# Possible solutions:
#   Reduce memory load on the system
#   Increase physical memory or swap space
#   Check if swap backing store is full
#   Use 64 bit Java on a 64 bit OS
#   Decrease Java heap size (-Xmx/-Xms)
#   Decrease number of Java threads
#   Decrease Java thread stack sizes (-Xss)
#   Set larger code cache with -XX:ReservedCodeCacheSize=
# This output file may be truncated or incomplete.
#
#  Out of Memory Error (allocation.cpp:390), pid=14084, tid=11284
#
# JRE version: Java(TM) SE Runtime Environment (8.0_31-b13) (build 1.8.0_31-b13)
# Java VM: Java HotSpot(TM) 64-Bit Server VM (25.31-b07 mixed mode windows-amd64 compressed oops)
# Failed to write core dump. Minidumps are not enabled by default on client versions of Windows
#

---------------  T H R E A D  ---------------

Current thread (0x0000000017636800):  JavaThread "C2 CompilerThread1" daemon [_thread_in_native, id=11284, stack(0x0000000017cc0000,0x0000000017dc0000)]

Stack: [0x0000000017cc0000,0x0000000017dc0000]
Native frames: (J=compiled Java code, j=interpreted, Vv=VM code, C=native code)
V  [jvm.dll+0x3169ba]
V  [jvm.dll+0x2674c3]
V  [jvm.dll+0x268103]
V  [jvm.dll+0x25f8f5]
V  [jvm.dll+0xbf025]
V  [jvm.dll+0xbf4cc]
V  [jvm.dll+0xbf774]
V  [jvm.dll+0x4cfb00]
V  [jvm.dll+0x4a83ee]
V  [jvm.dll+0x4a97f3]
V  [jvm.dll+0x4a9ac1]
V  [jvm.dll+0x4aa1a0]
V  [jvm.dll+0x4aa39f]
V  [jvm.dll+0x49f771]
V  [jvm.dll+0x452f28]
V  [jvm.dll+0x454124]
V  [jvm.dll+0x437c62]
V  [jvm.dll+0x988e2]
V  [jvm.dll+0x990d3]
V  [jvm.dll+0x22c194]
V  [jvm.dll+0x28576a]
C  [msvcr100.dll+0x21d9f]
C  [msvcr100.dll+0x21e3b]
C  [KERNEL32.DLL+0x13d2]
C  [ntdll.dll+0x154e4]


Current CompileTask:
C2:   3134 1330       4       com.android.dx.ssa.SCCP::simulateBranch (666 bytes)


---------------  P R O C E S S  ---------------

Java Threads: ( => current thread )
  0x00000000177ed800 JavaThread "pool-2-thread-2" [_thread_in_vm, id=14772, stack(0x00000000183c0000,0x00000000184c0000)]
  0x00000000177dd000 JavaThread "pool-3-thread-1" [_thread_blocked, id=13788, stack(0x00000000182c0000,0x00000000183c0000)]
  0x000000001764b000 JavaThread "Service Thread" daemon [_thread_blocked, id=13264, stack(0x0000000017fc0000,0x00000000180c0000)]
  0x0000000017640000 JavaThread "C1 CompilerThread3" daemon [_thread_in_native, id=10972, stack(0x0000000017ec0000,0x0000000017fc0000)]
  0x000000001763d800 JavaThread "C2 CompilerThread2" daemon [_thread_in_native, id=14184, stack(0x0000000017dc0000,0x0000000017ec0000)]
=>0x0000000017636800 JavaThread "C2 CompilerThread1" daemon [_thread_in_native, id=11284, stack(0x0000000017cc0000,0x0000000017dc0000)]
  0x00000000175e7000 JavaThread "C2 CompilerThread0" daemon [_thread_in_native, id=14480, stack(0x0000000017bc0000,0x0000000017cc0000)]
  0x00000000175e5000 JavaThread "Attach Listener" daemon [_thread_blocked, id=7148, stack(0x0000000017ac0000,0x0000000017bc0000)]
  0x00000000175e4800 JavaThread "Signal Dispatcher" daemon [_thread_blocked, id=15240, stack(0x00000000179c0000,0x0000000017ac0000)]
  0x0000000001697800 JavaThread "Finalizer" daemon [_thread_blocked, id=11936, stack(0x00000000174c0000,0x00000000175c0000)]
  0x0000000001691000 JavaThread "Reference Handler" daemon [_thread_blocked, id=12684, stack(0x00000000173c0000,0x00000000174c0000)]
  0x00000000015a0800 JavaThread "main" [_thread_blocked, id=13252, stack(0x00000000014a0000,0x00000000015a0000)]

Other Threads:
  0x00000000155e7800 VMThread [stack: 0x00000000172c0000,0x00000000173c0000] [id=11972]
  0x000000001764d000 WatcherThread [stack: 0x00000000180c0000,0x00000000181c0000] [id=11500]

VM state:not at safepoint (normal execution)

VM Mutex/Monitor currently owned by a thread: None

Heap:
 PSYoungGen      total 38400K, used 11955K [0x00000000eab00000, 0x00000000ed580000, 0x0000000100000000)
  eden space 33280K, 20% used [0x00000000eab00000,0x00000000eb1aed00,0x00000000ecb80000)
  from space 5120K, 99% used [0x00000000ecb80000,0x00000000ed07e080,0x00000000ed080000)
  to   space 5120K, 0% used [0x00000000ed080000,0x00000000ed080000,0x00000000ed580000)
 ParOldGen       total 87552K, used 1459K [0x00000000c0000000, 0x00000000c5580000, 0x00000000eab00000)
  object space 87552K, 1% used [0x00000000c0000000,0x00000000c016cc10,0x00000000c5580000)
 Metaspace       used 6012K, capacity 6960K, committed 7040K, reserved 1056768K
  class space    used 586K, capacity 616K, committed 640K, reserved 1048576K

Card table byte_map: [0x0000000001a60000,0x0000000001c70000] byte_map_base: 0x0000000001460000

Marking Bits: (ParMarkBitMap*) 0x0000000059c2d4f0
 Begin Bits: [0x0000000012a00000, 0x0000000013a00000)
 End Bits:   [0x0000000013a00000, 0x0000000014a00000)

Polling page: 0x0000000001080000

CodeCache: size=245760Kb used=5535Kb max_used=5537Kb free=240224Kb
 bounds [0x0000000003400000, 0x0000000003970000, 0x0000000012400000]
 total_blobs=1663 nmethods=1400 adapters=177
 compilation: enabled

Compilation events (10 events):
Event: 3.101 Thread 0x0000000017640000 nmethod 1378 0x00000000039564d0 code [0x0000000003956800, 0x0000000003957ee8]
Event: 3.101 Thread 0x0000000017640000 1379   !   3       com.android.dx.cf.code.Ropper::convert (52 bytes)
Event: 3.102 Thread 0x0000000017640000 nmethod 1379 0x000000000395bc10 code [0x000000000395be40, 0x000000000395c9a8]
Event: 3.102 Thread 0x000000001763d800 nmethod 1375 0x000000000395cf10 code [0x000000000395d080, 0x000000000395d5c8]
Event: 3.102 Thread 0x000000001763d800 1385   !   4       com.android.dx.rop.code.BasicBlock::<init> (273 bytes)
Event: 3.102 Thread 0x0000000017640000 1388       3       com.android.dx.cf.code.OneLocalsArray::set (10 bytes)
Event: 3.103 Thread 0x0000000017640000 nmethod 1388 0x000000000395b790 code [0x000000000395b900, 0x000000000395bb48]
Event: 3.103 Thread 0x0000000017640000 1389       3       com.android.dx.rop.code.RegisterSpec::getFrameType (10 bytes)
Event: 3.103 Thread 0x0000000017640000 nmethod 1389 0x000000000395b350 code [0x000000000395b4c0, 0x000000000395b6e8]
Event: 3.103 Thread 0x0000000017640000 1390       3       com.android.dx.rop.type.Type::getInitializedType (42 bytes)

GC Heap History (2 events):
Event: 3.005 GC heap before
{Heap before GC invocations=1 (full 0):
 PSYoungGen      total 38400K, used 33280K [0x00000000eab00000, 0x00000000ed580000, 0x0000000100000000)
  eden space 33280K, 100% used [0x00000000eab00000,0x00000000ecb80000,0x00000000ecb80000)
  from space 5120K, 0% used [0x00000000ed080000,0x00000000ed080000,0x00000000ed580000)
  to   space 5120K, 0% used [0x00000000ecb80000,0x00000000ecb80000,0x00000000ed080000)
 ParOldGen       total 87552K, used 0K [0x00000000c0000000, 0x00000000c5580000, 0x00000000eab00000)
  object space 87552K, 0% used [0x00000000c0000000,0x00000000c0000000,0x00000000c5580000)
 Metaspace       used 5961K, capacity 6960K, committed 7040K, reserved 1056768K
  class space    used 584K, capacity 616K, committed 640K, reserved 1048576K
Event: 3.050 GC heap after
Heap after GC invocations=1 (full 0):
 PSYoungGen      total 38400K, used 5112K [0x00000000eab00000, 0x00000000ed580000, 0x0000000100000000)
  eden space 33280K, 0% used [0x00000000eab00000,0x00000000eab00000,0x00000000ecb80000)
  from space 5120K, 99% used [0x00000000ecb80000,0x00000000ed07e080,0x00000000ed080000)
  to   space 5120K, 0% used [0x00000000ed080000,0x00000000ed080000,0x00000000ed580000)
 ParOldGen       total 87552K, used 1459K [0x00000000c0000000, 0x00000000c5580000, 0x00000000eab00000)
  object space 87552K, 1% used [0x00000000c0000000,0x00000000c016cc10,0x00000000c5580000)
 Metaspace       used 5961K, capacity 6960K, committed 7040K, reserved 1056768K
  class space    used 584K, capacity 616K, committed 640K, reserved 1048576K
}

Deoptimization events (10 events):
Event: 2.173 Thread 0x00000000177dc000 Uncommon trap: reason=bimorphic action=maybe_recompile pc=0x0000000003874c7c method=com.android.dx.cf.code.BytecodeArray.parseInstruction(ILcom/android/dx/cf/code/BytecodeArray$Visitor;)I @ 971
Event: 2.174 Thread 0x00000000177dc000 Uncommon trap: reason=bimorphic action=maybe_recompile pc=0x0000000003874c7c method=com.android.dx.cf.code.BytecodeArray.parseInstruction(ILcom/android/dx/cf/code/BytecodeArray$Visitor;)I @ 971
Event: 2.508 Thread 0x00000000177ed800 Uncommon trap: reason=bimorphic action=maybe_recompile pc=0x000000000363701c method=java.util.HashMap.getNode(ILjava/lang/Object;)Ljava/util/HashMap$Node; @ 126
Event: 2.508 Thread 0x00000000177ed800 Uncommon trap: reason=bimorphic action=maybe_recompile pc=0x000000000363701c method=java.util.HashMap.getNode(ILjava/lang/Object;)Ljava/util/HashMap$Node; @ 126
Event: 2.508 Thread 0x00000000177ed800 Uncommon trap: reason=bimorphic action=maybe_recompile pc=0x000000000363701c method=java.util.HashMap.getNode(ILjava/lang/Object;)Ljava/util/HashMap$Node; @ 126
Event: 2.508 Thread 0x00000000177ed800 Uncommon trap: reason=bimorphic action=maybe_recompile pc=0x000000000363701c method=java.util.HashMap.getNode(ILjava/lang/Object;)Ljava/util/HashMap$Node; @ 126
Event: 2.508 Thread 0x00000000177ed800 Uncommon trap: reason=bimorphic action=maybe_recompile pc=0x000000000362d648 method=java.util.HashMap.getNode(ILjava/lang/Object;)Ljava/util/HashMap$Node; @ 126
Event: 2.558 Thread 0x00000000177ed800 Uncommon trap: reason=bimorphic action=maybe_recompile pc=0x0000000003874bfc method=com.android.dx.cf.code.BytecodeArray.parseInstruction(ILcom/android/dx/cf/code/BytecodeArray$Visitor;)I @ 987
Event: 2.558 Thread 0x00000000177ed800 Uncommon trap: reason=bimorphic action=maybe_recompile pc=0x000000000387507c method=com.android.dx.cf.code.BytecodeArray.parseInstruction(ILcom/android/dx/cf/code/BytecodeArray$Visitor;)I @ 907
Event: 2.558 Thread 0x00000000177ed800 Uncommon trap: reason=bimorphic action=maybe_recompile pc=0x000000000387507c method=com.android.dx.cf.code.BytecodeArray.parseInstruction(ILcom/android/dx/cf/code/BytecodeArray$Visitor;)I @ 907

Internal exceptions (10 events):
Event: 1.370 Thread 0x00000000177f3000 Exception <a 'java/security/PrivilegedActionException'> (0x00000000eb7d6010) thrown at [C:\workspace\8-2-build-windows-amd64-cygwin\jdk8u31\2394\hotspot\src\share\vm\prims\jvm.cpp, line 1312]
Event: 1.426 Thread 0x00000000177ed800 Exception <a 'java/security/PrivilegedActionException'> (0x00000000eb9af8c0) thrown at [C:\workspace\8-2-build-windows-amd64-cygwin\jdk8u31\2394\hotspot\src\share\vm\prims\jvm.cpp, line 1312]
Event: 1.699 Thread 0x00000000177dc000 Implicit null exception at 0x0000000003758362 to 0x0000000003758452
Event: 1.856 Thread 0x00000000177f0000 Exception <a 'java/security/PrivilegedActionException'> (0x00000000ec2758a0) thrown at [C:\workspace\8-2-build-windows-amd64-cygwin\jdk8u31\2394\hotspot\src\share\vm\prims\jvm.cpp, line 1312]
Event: 2.496 Thread 0x00000000015a0800 Exception <a 'java/security/PrivilegedActionException'> (0x00000000ebe5db18) thrown at [C:\workspace\8-2-build-windows-amd64-cygwin\jdk8u31\2394\hotspot\src\share\vm\prims\jvm.cpp, line 1312]
Event: 2.498 Thread 0x00000000015a0800 Exception <a 'java/security/PrivilegedActionException'> (0x00000000ebe67e08) thrown at [C:\workspace\8-2-build-windows-amd64-cygwin\jdk8u31\2394\hotspot\src\share\vm\prims\jvm.cpp, line 1312]
Event: 2.499 Thread 0x00000000015a0800 Exception <a 'java/security/PrivilegedActionException'> (0x00000000ebe6a938) thrown at [C:\workspace\8-2-build-windows-amd64-cygwin\jdk8u31\2394\hotspot\src\share\vm\prims\jvm.cpp, line 1312]
Event: 2.525 Thread 0x00000000015a0800 Exception <a 'java/security/PrivilegedActionException'> (0x00000000ebe6e1b8) thrown at [C:\workspace\8-2-build-windows-amd64-cygwin\jdk8u31\2394\hotspot\src\share\vm\prims\jvm.cpp, line 1312]
Event: 2.541 Thread 0x00000000015a0800 Exception <a 'java/security/PrivilegedActionException'> (0x00000000ebe70bf0) thrown at [C:\workspace\8-2-build-windows-amd64-cygwin\jdk8u31\2394\hotspot\src\share\vm\prims\jvm.cpp, line 1312]
Event: 2.543 Thread 0x00000000015a0800 Exception <a 'java/security/PrivilegedActionException'> (0x00000000ebe7b5d0) thrown at [C:\workspace\8-2-build-windows-amd64-cygwin\jdk8u31\2394\hotspot\src\share\vm\prims\jvm.cpp, line 1312]

Events (10 events):
Event: 2.558 Thread 0x00000000177ed800 DEOPT UNPACKING pc=0x000000000344556a sp=0x00000000184be6b8 mode 2
Event: 2.991 Executing VM operation: ParallelGCFailedAllocation
Event: 3.050 Executing VM operation: ParallelGCFailedAllocation done
Event: 3.079 loading class java/util/HashMap$KeySet
Event: 3.080 loading class java/util/HashMap$KeySet done
Event: 3.080 loading class java/util/HashMap$KeyIterator
Event: 3.080 loading class java/util/HashMap$KeyIterator done
Event: 3.080 Thread 0x00000000177dc000 Thread exited: 0x00000000177dc000
Event: 3.085 Thread 0x00000000177f3000 Thread exited: 0x00000000177f3000
Event: 3.095 Thread 0x00000000177f0000 Thread exited: 0x00000000177f0000


Dynamic libraries:
0x00007ff644d20000 - 0x00007ff644d54000 	C:\Program Files\Java\jdk1.8.0_31\bin\java.exe
0x00007ffa88b20000 - 0x00007ffa88ccd000 	C:\WINDOWS\SYSTEM32\ntdll.dll
0x00007ffa87f00000 - 0x00007ffa8803e000 	C:\WINDOWS\system32\KERNEL32.DLL
0x00007ffa85d10000 - 0x00007ffa85e25000 	C:\WINDOWS\system32\KERNELBASE.dll
0x00007ffa847e0000 - 0x00007ffa8486e000 	C:\WINDOWS\system32\apphelp.dll
0x00007ffa69710000 - 0x00007ffa69763000 	C:\WINDOWS\AppPatch\AppPatch64\AcGenral.DLL
0x00007ffa88640000 - 0x00007ffa886ea000 	C:\WINDOWS\system32\msvcrt.dll
0x00007ffa86170000 - 0x00007ffa8619e000 	C:\WINDOWS\system32\SspiCli.dll
0x00007ffa88040000 - 0x00007ffa88094000 	C:\WINDOWS\system32\SHLWAPI.dll
0x00007ffa88260000 - 0x00007ffa883d7000 	C:\WINDOWS\system32\USER32.dll
0x00007ffa864a0000 - 0x00007ffa86634000 	C:\WINDOWS\system32\ole32.dll
0x00007ffa86860000 - 0x00007ffa87d88000 	C:\WINDOWS\system32\SHELL32.dll
0x00007ffa85670000 - 0x00007ffa85691000 	C:\WINDOWS\SYSTEM32\USERENV.dll
0x00007ffa88590000 - 0x00007ffa8863a000 	C:\WINDOWS\system32\ADVAPI32.dll
0x00007ffa7fce0000 - 0x00007ffa7fcfe000 	C:\WINDOWS\SYSTEM32\MPR.dll
0x00007ffa88450000 - 0x00007ffa88590000 	C:\WINDOWS\system32\RPCRT4.dll
0x00007ffa86650000 - 0x00007ffa866a9000 	C:\WINDOWS\SYSTEM32\sechost.dll
0x00007ffa861c0000 - 0x00007ffa863d1000 	C:\WINDOWS\SYSTEM32\combase.dll
0x00007ffa86710000 - 0x00007ffa8685f000 	C:\WINDOWS\system32\GDI32.dll
0x00007ffa85c40000 - 0x00007ffa85c55000 	C:\WINDOWS\SYSTEM32\profapi.dll
0x00007ffa841b0000 - 0x00007ffa84262000 	C:\WINDOWS\SYSTEM32\SHCORE.dll
0x00007ffa87e50000 - 0x00007ffa87e86000 	C:\WINDOWS\system32\IMM32.DLL
0x00007ffa887e0000 - 0x00007ffa88932000 	C:\WINDOWS\system32\MSCTF.dll
0x00007ffa83d30000 - 0x00007ffa83fab000 	C:\WINDOWS\WinSxS\amd64_microsoft.windows.common-controls_6595b64144ccf1df_6.0.9600.18006_none_623f33d3ecbe86e8\COMCTL32.dll
0x000000005ab30000 - 0x000000005ac02000 	C:\Program Files\Java\jdk1.8.0_31\jre\bin\msvcr100.dll
0x0000000059450000 - 0x0000000059caa000 	C:\Program Files\Java\jdk1.8.0_31\jre\bin\server\jvm.dll
0x00007ffa7c230000 - 0x00007ffa7c239000 	C:\WINDOWS\SYSTEM32\WSOCK32.dll
0x00007ffa819d0000 - 0x00007ffa819f2000 	C:\WINDOWS\SYSTEM32\WINMM.dll
0x00007ffa861a0000 - 0x00007ffa861a7000 	C:\WINDOWS\system32\PSAPI.DLL
0x00007ffa866b0000 - 0x00007ffa8670a000 	C:\WINDOWS\system32\WS2_32.dll
0x00007ffa81670000 - 0x00007ffa8169a000 	C:\WINDOWS\SYSTEM32\WINMMBASE.dll
0x00007ffa87ef0000 - 0x00007ffa87ef9000 	C:\WINDOWS\system32\NSI.dll
0x00007ffa860c0000 - 0x00007ffa8610f000 	C:\WINDOWS\SYSTEM32\cfgmgr32.dll
0x00007ffa84a50000 - 0x00007ffa84a78000 	C:\WINDOWS\SYSTEM32\DEVOBJ.dll
0x000000005ab20000 - 0x000000005ab2f000 	C:\Program Files\Java\jdk1.8.0_31\jre\bin\verify.dll
0x000000005aaf0000 - 0x000000005ab18000 	C:\Program Files\Java\jdk1.8.0_31\jre\bin\java.dll
0x000000005aad0000 - 0x000000005aae6000 	C:\Program Files\Java\jdk1.8.0_31\jre\bin\zip.dll
0x00007ffa80710000 - 0x00007ffa80899000 	C:\WINDOWS\SYSTEM32\dbghelp.dll

VM Arguments:
jvm_args: -Djava.awt.headless=true -Xmx1024M -Dfile.encoding=windows-1252 -Duser.country=CA -Duser.language=en -Duser.variant 
java_command: com.android.dx.command.Main --dex --force-jumbo --num-threads=4 --multi-dex --output C:\Users\Saketh\Desktop\Honours Project\Marked\app\build\intermediates\transforms\dex\debug\folders\1000\10\com.google.android.gms-play-services-safetynet-10.2.1_11cf73f7056aa2dc84eef707f3a2ac69557b9686 C:\Users\Saketh\Desktop\Honours Project\Marked\app\build\intermediates\exploded-aar\com.google.android.gms\play-services-safetynet\10.2.1\jars\classes.jar
java_class_path (initial): C:\Users\Saketh\Desktop\New folder\adt-bundle-windows-x86_64-20130522\sdk\build-tools\25.0.0\lib\dx.jar
Launcher Type: SUN_STANDARD

Environment Variables:
PATH=C:\ProgramData\Oracle\Java\javapath;C:\Program Files (x86)\NVIDIA Corporation\PhysX\Common;C:\Program Files (x86)\Intel\iCLS Client\;C:\Program Files\Intel\iCLS Client\;C:\WINDOWS\system32;C:\WINDOWS;C:\WINDOWS\System32\Wbem;C:\WINDOWS\System32\WindowsPowerShell\v1.0\;C:\Program Files\Intel\Intel(R) Management Engine Components\DAL;C:\Program Files\Intel\Intel(R) Management Engine Components\IPT;C:\Program Files (x86)\Intel\Intel(R) Management Engine Components\DAL;C:\Program Files (x86)\Intel\Intel(R) Management Engine Components\IPT;C:\Program Files\Microsoft\Web Platform Installer\;C:\Program Files\Intel\WiFi\bin\;C:\Program Files\Common Files\Intel\WirelessCommon\;C:\Program Files (x86)\MiKTeX 2.9\miktex\bin\;C:\Program Files (x86)\Skype\Phone\;C:\Program Files\TortoiseGit\bin
USERNAME=Saketh
OS=Windows_NT
PROCESSOR_IDENTIFIER=Intel64 Family 6 Model 58 Stepping 9, GenuineIntel



---------------  S Y S T E M  ---------------

OS: Windows 8.1 , 64 bit Build 9600 

CPU:total 8 (4 cores per cpu, 2 threads per core) family 6 model 58 stepping 9, cmov, cx8, fxsr, mmx, sse, sse2, sse3, ssse3, sse4.1, sse4.2, popcnt, avx, aes, clmul, erms, ht, tsc, tscinvbit, tscinv

Memory: 4k page, physical 8334620k(660352k free), swap 11480348k(250664k free)

vm_info: Java HotSpot(TM) 64-Bit Server VM (25.31-b07) for windows-amd64 JRE (1.8.0_31-b13), built on Dec 17 2014 21:00:28 by "java_re" with MS VC++ 10.0 (VS2010)

time: Wed May 03 01:50:33 2017
elapsed time: 3 seconds (0d 0h 0m 3s)

