#
# There is insufficient memory for the Java Runtime Environment to continue.
# Native memory allocation (malloc) failed to allocate 640416 bytes for Chunk::new
# Possible reasons:
#   The system is out of physical RAM or swap space
#   In 32 bit mode, the process size limit was hit
# Possible solutions:
#   Reduce memory load on the system
#   Increase physical memory or swap space
#   Check if swap backing store is full
#   Use 64 bit Java on a 64 bit OS
#   Decrease Java heap size (-Xmx/-Xms)
#   Decrease number of Java threads
#   Decrease Java thread stack sizes (-Xss)
#   Set larger code cache with -XX:ReservedCodeCacheSize=
# This output file may be truncated or incomplete.
#
#  Out of Memory Error (allocation.cpp:390), pid=9604, tid=7784
#
# JRE version: Java(TM) SE Runtime Environment (8.0_31-b13) (build 1.8.0_31-b13)
# Java VM: Java HotSpot(TM) 64-Bit Server VM (25.31-b07 mixed mode windows-amd64 compressed oops)
# Failed to write core dump. Minidumps are not enabled by default on client versions of Windows
#

---------------  T H R E A D  ---------------

Current thread (0x00000000170fd000):  JavaThread "C2 CompilerThread2" daemon [_thread_in_native, id=7784, stack(0x00000000178d0000,0x00000000179d0000)]

Stack: [0x00000000178d0000,0x00000000179d0000]
Native frames: (J=compiled Java code, j=interpreted, Vv=VM code, C=native code)
V  [jvm.dll+0x3169ba]


Current CompileTask:
C2:   9153 1355       4       com.android.dx.ssa.back.FirstFitLocalCombiningAllocator$1::visitNonMoveInsn (6 bytes)


---------------  P R O C E S S  ---------------

Java Threads: ( => current thread )
  0x00000000173fa800 JavaThread "pool-2-thread-4" [_thread_in_Java, id=5700, stack(0x00000000188d0000,0x00000000189d0000)]
  0x00000000173f1800 JavaThread "pool-2-thread-3" [_thread_in_Java, id=4484, stack(0x00000000187d0000,0x00000000188d0000)]
  0x00000000173f1000 JavaThread "pool-2-thread-2" [_thread_in_Java, id=7712, stack(0x00000000186d0000,0x00000000187d0000)]
  0x000000001743f800 JavaThread "pool-3-thread-1" [_thread_blocked, id=3880, stack(0x00000000185d0000,0x00000000186d0000)]
  0x0000000017454800 JavaThread "pool-2-thread-1" [_thread_in_Java, id=5052, stack(0x00000000184d0000,0x00000000185d0000)]
  0x00000000171a8800 JavaThread "Service Thread" daemon [_thread_blocked, id=2136, stack(0x0000000017ad0000,0x0000000017bd0000)]
  0x0000000017100000 JavaThread "C1 CompilerThread3" daemon [_thread_blocked, id=1512, stack(0x00000000179d0000,0x0000000017ad0000)]
=>0x00000000170fd000 JavaThread "C2 CompilerThread2" daemon [_thread_in_native, id=7784, stack(0x00000000178d0000,0x00000000179d0000)]
  0x00000000170f9800 JavaThread "C2 CompilerThread1" daemon [_thread_in_native, id=10196, stack(0x00000000177d0000,0x00000000178d0000)]
  0x00000000170f7000 JavaThread "C2 CompilerThread0" daemon [_thread_in_native, id=8424, stack(0x00000000176d0000,0x00000000177d0000)]
  0x00000000170f5000 JavaThread "Attach Listener" daemon [_thread_blocked, id=7216, stack(0x00000000175d0000,0x00000000176d0000)]
  0x00000000170f4800 JavaThread "Signal Dispatcher" daemon [_thread_blocked, id=10252, stack(0x00000000174d0000,0x00000000175d0000)]
  0x0000000001147800 JavaThread "Finalizer" daemon [_thread_blocked, id=9940, stack(0x0000000016fd0000,0x00000000170d0000)]
  0x0000000001141000 JavaThread "Reference Handler" daemon [_thread_blocked, id=10896, stack(0x0000000016ed0000,0x0000000016fd0000)]
  0x0000000001050800 JavaThread "main" [_thread_in_Java, id=5296, stack(0x0000000000ee0000,0x0000000000fe0000)]

Other Threads:
  0x00000000150e8800 VMThread [stack: 0x0000000016dd0000,0x0000000016ed0000] [id=11004]
  0x00000000171ac800 WatcherThread [stack: 0x0000000017bd0000,0x0000000017cd0000] [id=5680]

VM state:not at safepoint (normal execution)

VM Mutex/Monitor currently owned by a thread: None

Heap:
 PSYoungGen      total 38400K, used 35475K [0x00000000eab00000, 0x00000000ed580000, 0x0000000100000000)
  eden space 33280K, 91% used [0x00000000eab00000,0x00000000ec8aace0,0x00000000ecb80000)
  from space 5120K, 99% used [0x00000000ecb80000,0x00000000ed079fd0,0x00000000ed080000)
  to   space 5120K, 0% used [0x00000000ed080000,0x00000000ed080000,0x00000000ed580000)
 ParOldGen       total 87552K, used 10762K [0x00000000c0000000, 0x00000000c5580000, 0x00000000eab00000)
  object space 87552K, 12% used [0x00000000c0000000,0x00000000c0a82b60,0x00000000c5580000)
 Metaspace       used 6174K, capacity 7088K, committed 7296K, reserved 1056768K
  class space    used 593K, capacity 616K, committed 640K, reserved 1048576K

Card table byte_map: [0x0000000001510000,0x0000000001720000] byte_map_base: 0x0000000000f10000

Marking Bits: (ParMarkBitMap*) 0x000000005540d4f0
 Begin Bits: [0x0000000012500000, 0x0000000013500000)
 End Bits:   [0x0000000013500000, 0x0000000014500000)

Polling page: 0x0000000000fe0000

CodeCache: size=245760Kb used=6118Kb max_used=6118Kb free=239641Kb
 bounds [0x0000000003400000, 0x0000000003a00000, 0x0000000012400000]
 total_blobs=1829 nmethods=1563 adapters=179
 compilation: disabled (not enough contiguous free space left)

Compilation events (10 events):
Event: 8.306 Thread 0x00000000170f7000 1365       4       com.android.dx.ssa.SCCP::simulateBranch (666 bytes)
Event: 8.307 Thread 0x0000000017100000 nmethod 1388 0x0000000003961590 code [0x00000000039617e0, 0x00000000039624c8]
Event: 8.312 Thread 0x00000000170fd000 nmethod 1383 0x0000000003934a10 code [0x0000000003934b80, 0x0000000003934e38]
Event: 8.312 Thread 0x00000000170fd000 1369       4       java.util.ArrayList$SubList::checkForComodification (23 bytes)
Event: 8.313 Thread 0x00000000170fd000 nmethod 1369 0x0000000003933450 code [0x0000000003933580, 0x0000000003933618]
Event: 8.313 Thread 0x00000000170fd000 1373       4       com.android.dx.rop.code.BasicBlock::getLastInsn (8 bytes)
Event: 8.314 Thread 0x00000000170fd000 nmethod 1373 0x000000000395fc50 code [0x000000000395fda0, 0x000000000395fe98]
Event: 8.314 Thread 0x00000000170fd000 1301       4       com.android.dx.ssa.SsaRenamer$BlockRenamer::processResultReg (56 bytes)
Event: 8.333 Thread 0x00000000170fd000 nmethod 1301 0x0000000003935890 code [0x0000000003935a20, 0x0000000003936188]
Event: 8.333 Thread 0x00000000170fd000 1355       4       com.android.dx.ssa.back.FirstFitLocalCombiningAllocator$1::visitNonMoveInsn (6 bytes)

GC Heap History (2 events):
Event: 7.789 GC heap before
{Heap before GC invocations=1 (full 0):
 PSYoungGen      total 38400K, used 33280K [0x00000000eab00000, 0x00000000ed580000, 0x0000000100000000)
  eden space 33280K, 100% used [0x00000000eab00000,0x00000000ecb80000,0x00000000ecb80000)
  from space 5120K, 0% used [0x00000000ed080000,0x00000000ed080000,0x00000000ed580000)
  to   space 5120K, 0% used [0x00000000ecb80000,0x00000000ecb80000,0x00000000ed080000)
 ParOldGen       total 87552K, used 0K [0x00000000c0000000, 0x00000000c5580000, 0x00000000eab00000)
  object space 87552K, 0% used [0x00000000c0000000,0x00000000c0000000,0x00000000c5580000)
 Metaspace       used 5919K, capacity 6896K, committed 7040K, reserved 1056768K
  class space    used 589K, capacity 616K, committed 640K, reserved 1048576K
Event: 8.025 GC heap after
Heap after GC invocations=1 (full 0):
 PSYoungGen      total 38400K, used 5093K [0x00000000eab00000, 0x00000000ed580000, 0x0000000100000000)
  eden space 33280K, 0% used [0x00000000eab00000,0x00000000eab00000,0x00000000ecb80000)
  from space 5120K, 99% used [0x00000000ecb80000,0x00000000ed079650,0x00000000ed080000)
  to   space 5120K, 0% used [0x00000000ed080000,0x00000000ed080000,0x00000000ed580000)
 ParOldGen       total 87552K, used 1315K [0x00000000c0000000, 0x00000000c5580000, 0x00000000eab00000)
  object space 87552K, 1% used [0x00000000c0000000,0x00000000c0148d10,0x00000000c5580000)
 Metaspace       used 5919K, capacity 6896K, committed 7040K, reserved 1056768K
  class space    used 589K, capacity 616K, committed 640K, reserved 1048576K
}

Deoptimization events (10 events):
Event: 7.617 Thread 0x00000000173fa800 Uncommon trap: reason=unreached action=reinterpret pc=0x00000000037f83dc method=com.android.dx.ssa.SsaMethod.updateOneDefinition(Lcom/android/dx/ssa/SsaInsn;Lcom/android/dx/rop/code/RegisterSpec;)V @ 4
Event: 8.095 Thread 0x0000000017454800 Uncommon trap: reason=unreached action=reinterpret pc=0x00000000036d4e9c method=com.android.dx.rop.cst.Constant.compareTo(Lcom/android/dx/rop/cst/Constant;)I @ 12
Event: 8.117 Thread 0x0000000017454800 Uncommon trap: reason=bimorphic action=maybe_recompile pc=0x0000000003833c68 method=java.util.HashMap.putVal(ILjava/lang/Object;Ljava/lang/Object;ZZ)Ljava/lang/Object; @ 91
Event: 8.129 Thread 0x0000000017454800 Uncommon trap: reason=bimorphic action=maybe_recompile pc=0x0000000003833c68 method=java.util.HashMap.putVal(ILjava/lang/Object;Ljava/lang/Object;ZZ)Ljava/lang/Object; @ 91
Event: 8.149 Thread 0x0000000001050800 Uncommon trap: reason=class_check action=maybe_recompile pc=0x00000000037bd3ac method=com.android.dx.rop.type.Type.equals(Ljava/lang/Object;)Z @ 8
Event: 8.149 Thread 0x0000000001050800 Uncommon trap: reason=class_check action=maybe_recompile pc=0x00000000037bd3ac method=com.android.dx.rop.type.Type.equals(Ljava/lang/Object;)Z @ 8
Event: 8.149 Thread 0x0000000001050800 Uncommon trap: reason=class_check action=maybe_recompile pc=0x00000000037bd3ac method=com.android.dx.rop.type.Type.equals(Ljava/lang/Object;)Z @ 8
Event: 8.149 Thread 0x0000000001050800 Uncommon trap: reason=class_check action=maybe_recompile pc=0x00000000037bd3ac method=com.android.dx.rop.type.Type.equals(Ljava/lang/Object;)Z @ 8
Event: 8.149 Thread 0x0000000001050800 Uncommon trap: reason=class_check action=maybe_recompile pc=0x0000000003704944 method=com.android.dx.rop.type.Type.equals(Ljava/lang/Object;)Z @ 8
Event: 8.149 Thread 0x0000000001050800 Uncommon trap: reason=class_check action=maybe_recompile pc=0x00000000036c6eb0 method=com.android.dx.rop.type.Type.equals(Ljava/lang/Object;)Z @ 8

Internal exceptions (10 events):
Event: 6.693 Thread 0x0000000017454800 Exception <a 'java/security/PrivilegedActionException'> (0x00000000eb7d9a78) thrown at [C:\workspace\8-2-build-windows-amd64-cygwin\jdk8u31\2394\hotspot\src\share\vm\prims\jvm.cpp, line 1312]
Event: 6.717 Thread 0x00000000173f1000 Exception <a 'java/security/PrivilegedActionException'> (0x00000000eb5fbf90) thrown at [C:\workspace\8-2-build-windows-amd64-cygwin\jdk8u31\2394\hotspot\src\share\vm\prims\jvm.cpp, line 1312]
Event: 6.736 Thread 0x00000000173fa800 Exception <a 'java/security/PrivilegedActionException'> (0x00000000eb9db5a8) thrown at [C:\workspace\8-2-build-windows-amd64-cygwin\jdk8u31\2394\hotspot\src\share\vm\prims\jvm.cpp, line 1312]
Event: 6.765 Thread 0x00000000173fa800 Exception <a 'java/security/PrivilegedActionException'> (0x00000000eb9e1018) thrown at [C:\workspace\8-2-build-windows-amd64-cygwin\jdk8u31\2394\hotspot\src\share\vm\prims\jvm.cpp, line 1312]
Event: 6.918 Thread 0x0000000017454800 Exception <a 'java/security/PrivilegedActionException'> (0x00000000ebc77ce8) thrown at [C:\workspace\8-2-build-windows-amd64-cygwin\jdk8u31\2394\hotspot\src\share\vm\prims\jvm.cpp, line 1312]
Event: 7.137 Thread 0x00000000173f1000 Exception <a 'java/security/PrivilegedActionException'> (0x00000000ebfa3188) thrown at [C:\workspace\8-2-build-windows-amd64-cygwin\jdk8u31\2394\hotspot\src\share\vm\prims\jvm.cpp, line 1312]
Event: 7.270 Thread 0x00000000173f1000 Exception <a 'java/security/PrivilegedActionException'> (0x00000000ec5f73d0) thrown at [C:\workspace\8-2-build-windows-amd64-cygwin\jdk8u31\2394\hotspot\src\share\vm\prims\jvm.cpp, line 1312]
Event: 7.368 Thread 0x0000000001050800 Exception <a 'java/security/PrivilegedActionException'> (0x00000000ec8c2718) thrown at [C:\workspace\8-2-build-windows-amd64-cygwin\jdk8u31\2394\hotspot\src\share\vm\prims\jvm.cpp, line 1312]
Event: 7.369 Thread 0x0000000001050800 Exception <a 'java/security/PrivilegedActionException'> (0x00000000ec8c5200) thrown at [C:\workspace\8-2-build-windows-amd64-cygwin\jdk8u31\2394\hotspot\src\share\vm\prims\jvm.cpp, line 1312]
Event: 7.616 Thread 0x00000000173fa800 Exception <a 'java/security/PrivilegedActionException'> (0x00000000ec93ebd0) thrown at [C:\workspace\8-2-build-windows-amd64-cygwin\jdk8u31\2394\hotspot\src\share\vm\prims\jvm.cpp, line 1312]

Events (10 events):
Event: 8.149 Thread 0x0000000001050800 DEOPT UNPACKING pc=0x000000000344556a sp=0x0000000000fddb30 mode 2
Event: 8.149 Thread 0x0000000001050800 Uncommon trap: trap_request=0xffffffde fr.pc=0x00000000037bd3ac
Event: 8.149 Thread 0x0000000001050800 DEOPT PACKING pc=0x00000000037bd3ac sp=0x0000000000fddc50
Event: 8.149 Thread 0x0000000001050800 DEOPT UNPACKING pc=0x000000000344556a sp=0x0000000000fddab0 mode 2
Event: 8.149 Thread 0x0000000001050800 Uncommon trap: trap_request=0xffffffde fr.pc=0x0000000003704944
Event: 8.149 Thread 0x0000000001050800 DEOPT PACKING pc=0x0000000003704944 sp=0x0000000000fddf30
Event: 8.149 Thread 0x0000000001050800 DEOPT UNPACKING pc=0x000000000344556a sp=0x0000000000fdde68 mode 2
Event: 8.149 Thread 0x0000000001050800 Uncommon trap: trap_request=0xffffffde fr.pc=0x00000000036c6eb0
Event: 8.149 Thread 0x0000000001050800 DEOPT PACKING pc=0x00000000036c6eb0 sp=0x0000000000fddfd0
Event: 8.149 Thread 0x0000000001050800 DEOPT UNPACKING pc=0x000000000344556a sp=0x0000000000fddd48 mode 2


Dynamic libraries:
0x00007ff736240000 - 0x00007ff736274000 	C:\Program Files\Java\jdk1.8.0_31\bin\java.exe
0x00007ffc7dbd0000 - 0x00007ffc7dd7d000 	C:\WINDOWS\SYSTEM32\ntdll.dll
0x00007ffc7d6d0000 - 0x00007ffc7d80e000 	C:\WINDOWS\system32\KERNEL32.DLL
0x00007ffc7adc0000 - 0x00007ffc7aed5000 	C:\WINDOWS\system32\KERNELBASE.dll
0x00007ffc798a0000 - 0x00007ffc7992e000 	C:\WINDOWS\system32\apphelp.dll
0x00007ffc6a7a0000 - 0x00007ffc6a7f3000 	C:\WINDOWS\AppPatch\AppPatch64\AcGenral.DLL
0x00007ffc7b2b0000 - 0x00007ffc7b35a000 	C:\WINDOWS\system32\msvcrt.dll
0x00007ffc7b170000 - 0x00007ffc7b19e000 	C:\WINDOWS\system32\SspiCli.dll
0x00007ffc7daf0000 - 0x00007ffc7db44000 	C:\WINDOWS\system32\SHLWAPI.dll
0x00007ffc7b360000 - 0x00007ffc7b4d7000 	C:\WINDOWS\system32\USER32.dll
0x00007ffc7d950000 - 0x00007ffc7dae4000 	C:\WINDOWS\system32\ole32.dll
0x00007ffc7c130000 - 0x00007ffc7d658000 	C:\WINDOWS\system32\SHELL32.dll
0x00007ffc7a2c0000 - 0x00007ffc7a2e1000 	C:\WINDOWS\SYSTEM32\USERENV.dll
0x00007ffc7bcd0000 - 0x00007ffc7bd7a000 	C:\WINDOWS\system32\ADVAPI32.dll
0x00007ffc73400000 - 0x00007ffc7341e000 	C:\WINDOWS\SYSTEM32\MPR.dll
0x00007ffc7d810000 - 0x00007ffc7d950000 	C:\WINDOWS\system32\RPCRT4.dll
0x00007ffc7b250000 - 0x00007ffc7b2a9000 	C:\WINDOWS\SYSTEM32\sechost.dll
0x00007ffc7b700000 - 0x00007ffc7b911000 	C:\WINDOWS\SYSTEM32\combase.dll
0x00007ffc7b4e0000 - 0x00007ffc7b62f000 	C:\WINDOWS\system32\GDI32.dll
0x00007ffc7acf0000 - 0x00007ffc7ad05000 	C:\WINDOWS\SYSTEM32\profapi.dll
0x00007ffc797e0000 - 0x00007ffc79892000 	C:\WINDOWS\SYSTEM32\SHCORE.dll
0x00007ffc7c090000 - 0x00007ffc7c0c6000 	C:\WINDOWS\system32\IMM32.DLL
0x00007ffc7be60000 - 0x00007ffc7bfb2000 	C:\WINDOWS\system32\MSCTF.dll
0x00007ffc785f0000 - 0x00007ffc7886b000 	C:\WINDOWS\WinSxS\amd64_microsoft.windows.common-controls_6595b64144ccf1df_6.0.9600.18006_none_623f33d3ecbe86e8\COMCTL32.dll
0x00000000562e0000 - 0x00000000563b2000 	C:\Program Files\Java\jdk1.8.0_31\jre\bin\msvcr100.dll
0x0000000054c30000 - 0x000000005548a000 	C:\Program Files\Java\jdk1.8.0_31\jre\bin\server\jvm.dll
0x00007ffc71940000 - 0x00007ffc71949000 	C:\WINDOWS\SYSTEM32\WSOCK32.dll
0x00007ffc77280000 - 0x00007ffc772a2000 	C:\WINDOWS\SYSTEM32\WINMM.dll
0x00007ffc7bcc0000 - 0x00007ffc7bcc7000 	C:\WINDOWS\system32\PSAPI.DLL
0x00007ffc7d670000 - 0x00007ffc7d6ca000 	C:\WINDOWS\system32\WS2_32.dll
0x00007ffc76b60000 - 0x00007ffc76b8a000 	C:\WINDOWS\SYSTEM32\WINMMBASE.dll
0x00007ffc7dbc0000 - 0x00007ffc7dbc9000 	C:\WINDOWS\system32\NSI.dll
0x00007ffc7aee0000 - 0x00007ffc7af2f000 	C:\WINDOWS\SYSTEM32\cfgmgr32.dll
0x00007ffc79b10000 - 0x00007ffc79b38000 	C:\WINDOWS\SYSTEM32\DEVOBJ.dll
0x00000000562d0000 - 0x00000000562df000 	C:\Program Files\Java\jdk1.8.0_31\jre\bin\verify.dll
0x00000000562a0000 - 0x00000000562c8000 	C:\Program Files\Java\jdk1.8.0_31\jre\bin\java.dll
0x0000000056280000 - 0x0000000056296000 	C:\Program Files\Java\jdk1.8.0_31\jre\bin\zip.dll
0x00007ffc74ea0000 - 0x00007ffc75029000 	C:\WINDOWS\SYSTEM32\dbghelp.dll

VM Arguments:
jvm_args: -Djava.awt.headless=true -Xmx1024M -Dfile.encoding=windows-1252 -Duser.country=CA -Duser.language=en -Duser.variant 
java_command: com.android.dx.command.Main --dex --force-jumbo --num-threads=4 --multi-dex --output C:\Users\Saketh\Desktop\Honours Project\Marked\app\build\intermediates\transforms\dex\debug\folders\1000\10\com.android.support-design-25.2.0_80fa386432afed8c2173d80563e44c7a44a6ec3d C:\Users\Saketh\Desktop\Honours Project\Marked\app\build\intermediates\exploded-aar\com.android.support\design\25.2.0\jars\classes.jar
java_class_path (initial): C:\Users\Saketh\Desktop\New folder\adt-bundle-windows-x86_64-20130522\sdk\build-tools\25.0.0\lib\dx.jar
Launcher Type: SUN_STANDARD

Environment Variables:
PATH=C:\ProgramData\Oracle\Java\javapath;C:\Program Files (x86)\NVIDIA Corporation\PhysX\Common;C:\Program Files (x86)\Intel\iCLS Client\;C:\Program Files\Intel\iCLS Client\;C:\WINDOWS\system32;C:\WINDOWS;C:\WINDOWS\System32\Wbem;C:\WINDOWS\System32\WindowsPowerShell\v1.0\;C:\Program Files\Intel\Intel(R) Management Engine Components\DAL;C:\Program Files\Intel\Intel(R) Management Engine Components\IPT;C:\Program Files (x86)\Intel\Intel(R) Management Engine Components\DAL;C:\Program Files (x86)\Intel\Intel(R) Management Engine Components\IPT;C:\Program Files\Microsoft\Web Platform Installer\;C:\Program Files\Intel\WiFi\bin\;C:\Program Files\Common Files\Intel\WirelessCommon\;C:\Program Files (x86)\MiKTeX 2.9\miktex\bin\;C:\Program Files (x86)\Skype\Phone\;C:\Program Files\TortoiseGit\bin
USERNAME=Saketh
OS=Windows_NT
PROCESSOR_IDENTIFIER=Intel64 Family 6 Model 58 Stepping 9, GenuineIntel



---------------  S Y S T E M  ---------------

OS: Windows 8.1 , 64 bit Build 9600 

CPU:total 8 (4 cores per cpu, 2 threads per core) family 6 model 58 stepping 9, cmov, cx8, fxsr, mmx, sse, sse2, sse3, ssse3, sse4.1, sse4.2, popcnt, avx, aes, clmul, erms, ht, tsc, tscinvbit, tscinv

Memory: 4k page, physical 8334620k(880500k free), swap 11480348k(5392k free)

vm_info: Java HotSpot(TM) 64-Bit Server VM (25.31-b07) for windows-amd64 JRE (1.8.0_31-b13), built on Dec 17 2014 21:00:28 by "java_re" with MS VC++ 10.0 (VS2010)

time: Mon Mar 27 17:34:33 2017
elapsed time: 9 seconds (0d 0h 0m 9s)

