#
# There is insufficient memory for the Java Runtime Environment to continue.
# Native memory allocation (malloc) failed to allocate 741216 bytes for Chunk::new
# Possible reasons:
#   The system is out of physical RAM or swap space
#   In 32 bit mode, the process size limit was hit
# Possible solutions:
#   Reduce memory load on the system
#   Increase physical memory or swap space
#   Check if swap backing store is full
#   Use 64 bit Java on a 64 bit OS
#   Decrease Java heap size (-Xmx/-Xms)
#   Decrease number of Java threads
#   Decrease Java thread stack sizes (-Xss)
#   Set larger code cache with -XX:ReservedCodeCacheSize=
# This output file may be truncated or incomplete.
#
#  Out of Memory Error (allocation.cpp:390), pid=15852, tid=7236
#
# JRE version: Java(TM) SE Runtime Environment (8.0_31-b13) (build 1.8.0_31-b13)
# Java VM: Java HotSpot(TM) 64-Bit Server VM (25.31-b07 mixed mode windows-amd64 compressed oops)
# Failed to write core dump. Minidumps are not enabled by default on client versions of Windows
#

---------------  T H R E A D  ---------------

Current thread (0x0000000016c5a000):  JavaThread "C2 CompilerThread2" daemon [_thread_in_native, id=7236, stack(0x00000000173e0000,0x00000000174e0000)]

Stack: [0x00000000173e0000,0x00000000174e0000]
Native frames: (J=compiled Java code, j=interpreted, Vv=VM code, C=native code)
V  [jvm.dll+0x3169ba]
V  [jvm.dll+0x2674c3]
V  [jvm.dll+0x268103]
V  [jvm.dll+0x25f8f5]
V  [jvm.dll+0xbf025]
V  [jvm.dll+0xbf4cc]
V  [jvm.dll+0x45df82]
V  [jvm.dll+0x49f21f]
V  [jvm.dll+0x453401]
V  [jvm.dll+0x454124]
V  [jvm.dll+0x437c62]
V  [jvm.dll+0x988e2]
V  [jvm.dll+0x990d3]
V  [jvm.dll+0x22c194]
V  [jvm.dll+0x28576a]
C  [msvcr100.dll+0x21d9f]
C  [msvcr100.dll+0x21e3b]
C  [KERNEL32.DLL+0x13d2]
C  [ntdll.dll+0x154e4]


Current CompileTask:
C2:   1984  899       4       com.android.dx.ssa.SCCP::simulateStmt (481 bytes)


---------------  P R O C E S S  ---------------

Java Threads: ( => current thread )
  0x0000000002000800 JavaThread "DestroyJavaVM" [_thread_blocked, id=2800, stack(0x0000000001db0000,0x0000000001eb0000)]
  0x0000000016c63000 JavaThread "Service Thread" daemon [_thread_blocked, id=10068, stack(0x00000000175e0000,0x00000000176e0000)]
  0x0000000016c5d000 JavaThread "C1 CompilerThread3" daemon [_thread_blocked, id=5324, stack(0x00000000174e0000,0x00000000175e0000)]
=>0x0000000016c5a000 JavaThread "C2 CompilerThread2" daemon [_thread_in_native, id=7236, stack(0x00000000173e0000,0x00000000174e0000)]
  0x0000000016c56800 JavaThread "C2 CompilerThread1" daemon [_thread_blocked, id=13772, stack(0x00000000172e0000,0x00000000173e0000)]
  0x0000000016c07000 JavaThread "C2 CompilerThread0" daemon [_thread_blocked, id=14712, stack(0x00000000171e0000,0x00000000172e0000)]
  0x0000000016c05000 JavaThread "Attach Listener" daemon [_thread_blocked, id=8112, stack(0x00000000170e0000,0x00000000171e0000)]
  0x0000000016c04000 JavaThread "Signal Dispatcher" daemon [_thread_blocked, id=13712, stack(0x0000000016fe0000,0x00000000170e0000)]
  0x00000000020f7800 JavaThread "Finalizer" daemon [_thread_blocked, id=10396, stack(0x0000000016ae0000,0x0000000016be0000)]
  0x00000000020f1000 JavaThread "Reference Handler" daemon [_thread_blocked, id=4256, stack(0x00000000169e0000,0x0000000016ae0000)]

Other Threads:
  0x0000000014c18800 VMThread [stack: 0x00000000168e0000,0x00000000169e0000] [id=14440]
  0x0000000016c6e000 WatcherThread [stack: 0x00000000176e0000,0x00000000177e0000] [id=13004]

VM state:not at safepoint (normal execution)

VM Mutex/Monitor currently owned by a thread: None

Heap:
 PSYoungGen      total 38400K, used 16187K [0x00000000eab00000, 0x00000000ed580000, 0x0000000100000000)
  eden space 33280K, 33% used [0x00000000eab00000,0x00000000eb5d0fd0,0x00000000ecb80000)
  from space 5120K, 99% used [0x00000000ecb80000,0x00000000ed07de48,0x00000000ed080000)
  to   space 5120K, 0% used [0x00000000ed080000,0x00000000ed080000,0x00000000ed580000)
 ParOldGen       total 87552K, used 701K [0x00000000c0000000, 0x00000000c5580000, 0x00000000eab00000)
  object space 87552K, 0% used [0x00000000c0000000,0x00000000c00af4a0,0x00000000c5580000)
 Metaspace       used 6358K, capacity 7128K, committed 7424K, reserved 1056768K
  class space    used 638K, capacity 656K, committed 768K, reserved 1048576K

Card table byte_map: [0x00000000114c0000,0x00000000116d0000] byte_map_base: 0x0000000010ec0000

Marking Bits: (ParMarkBitMap*) 0x0000000059b2d4f0
 Begin Bits: [0x0000000012030000, 0x0000000013030000)
 End Bits:   [0x0000000013030000, 0x0000000014030000)

Polling page: 0x0000000000650000

CodeCache: size=245760Kb used=4999Kb max_used=5019Kb free=240760Kb
 bounds [0x0000000002100000, 0x0000000002600000, 0x0000000011100000]
 total_blobs=1662 nmethods=1392 adapters=184
 compilation: enabled

Compilation events (10 events):
Event: 0.788 Thread 0x0000000016c5d000 nmethod 1010 0x00000000024aef50 code [0x00000000024af100, 0x00000000024af8e8]
Event: 0.788 Thread 0x0000000016c5d000 1011       3       com.android.dx.ssa.back.FirstFitLocalCombiningAllocator::tryMapReg (41 bytes)
Event: 0.789 Thread 0x0000000016c5d000 nmethod 1011 0x00000000024afc50 code [0x00000000024afe80, 0x00000000024b0c48]
Event: 0.789 Thread 0x0000000016c5d000 1013       3       com.android.dx.ssa.SsaMethod::mapRegisters (87 bytes)
Event: 0.790 Thread 0x0000000016c5d000 nmethod 1013 0x00000000024b1310 code [0x00000000024b1580, 0x00000000024b26a8]
Event: 0.790 Thread 0x0000000016c5d000 1012       3       com.android.dx.ssa.back.FirstFitLocalCombiningAllocator::handleNormalUnassociated (99 bytes)
Event: 0.791 Thread 0x0000000016c5d000 nmethod 1012 0x00000000024b2e90 code [0x00000000024b3140, 0x00000000024b44f8]
Event: 0.791 Thread 0x0000000016c5d000 1016       3       com.android.dx.ssa.SsaBasicBlock::replaceSuccessor (125 bytes)
Event: 0.792 Thread 0x0000000016c5d000 nmethod 1016 0x00000000024b4f90 code [0x00000000024b5200, 0x00000000024b6038]
Event: 0.792 Thread 0x0000000016c5d000 1017       3       com.android.dx.ssa.SsaMethod::forEachBlockDepthFirst (194 bytes)

GC Heap History (0 events):
No events

Deoptimization events (8 events):
Event: 0.560 Thread 0x0000000016f04000 Uncommon trap: reason=null_check action=make_not_entrant pc=0x000000000232a320 method=com.android.dx.rop.type.Type.equals(Ljava/lang/Object;)Z @ 8
Event: 0.609 Thread 0x0000000016eef000 Uncommon trap: reason=bimorphic action=maybe_recompile pc=0x00000000023b38ec method=com.android.dx.cf.code.Merger.mergeType(Lcom/android/dx/rop/type/TypeBearer;Lcom/android/dx/rop/type/TypeBearer;)Lcom/android/dx/rop/type/TypeBearer; @ 21
Event: 0.717 Thread 0x0000000016e36000 Uncommon trap: reason=class_check action=maybe_recompile pc=0x00000000023e693c method=com.android.dx.ssa.NormalSsaInsn.accept(Lcom/android/dx/ssa/SsaInsn$Visitor;)V @ 9
Event: 0.718 Thread 0x0000000016e36000 Uncommon trap: reason=class_check action=maybe_recompile pc=0x0000000002300bb0 method=com.android.dx.ssa.NormalSsaInsn.accept(Lcom/android/dx/ssa/SsaInsn$Visitor;)V @ 9
Event: 0.718 Thread 0x0000000016e36000 Uncommon trap: reason=class_check action=maybe_recompile pc=0x0000000002300bb0 method=com.android.dx.ssa.NormalSsaInsn.accept(Lcom/android/dx/ssa/SsaInsn$Visitor;)V @ 9
Event: 0.718 Thread 0x0000000016e36000 Uncommon trap: reason=class_check action=maybe_recompile pc=0x0000000002300bb0 method=com.android.dx.ssa.NormalSsaInsn.accept(Lcom/android/dx/ssa/SsaInsn$Visitor;)V @ 9
Event: 0.749 Thread 0x0000000016eef000 Uncommon trap: reason=bimorphic action=maybe_recompile pc=0x00000000023b38c8 method=com.android.dx.cf.code.Merger.mergeType(Lcom/android/dx/rop/type/TypeBearer;Lcom/android/dx/rop/type/TypeBearer;)Lcom/android/dx/rop/type/TypeBearer; @ 28
Event: 0.787 Thread 0x0000000016e36000 Uncommon trap: reason=class_check action=maybe_recompile pc=0x00000000023e693c method=com.android.dx.ssa.NormalSsaInsn.accept(Lcom/android/dx/ssa/SsaInsn$Visitor;)V @ 9

Internal exceptions (10 events):
Event: 0.442 Thread 0x0000000016dc0800 Exception <a 'java/security/PrivilegedActionException'> (0x00000000eb3bb470) thrown at [C:\workspace\8-2-build-windows-amd64-cygwin\jdk8u31\2394\hotspot\src\share\vm\prims\jvm.cpp, line 1312]
Event: 0.443 Thread 0x0000000016e36000 Exception <a 'java/security/PrivilegedActionException'> (0x00000000eb6851d8) thrown at [C:\workspace\8-2-build-windows-amd64-cygwin\jdk8u31\2394\hotspot\src\share\vm\prims\jvm.cpp, line 1312]
Event: 0.445 Thread 0x0000000016eef000 Exception <a 'java/security/PrivilegedActionException'> (0x00000000eb577330) thrown at [C:\workspace\8-2-build-windows-amd64-cygwin\jdk8u31\2394\hotspot\src\share\vm\prims\jvm.cpp, line 1312]
Event: 0.457 Thread 0x0000000016eef000 Exception <a 'java/security/PrivilegedActionException'> (0x00000000eb5a91c8) thrown at [C:\workspace\8-2-build-windows-amd64-cygwin\jdk8u31\2394\hotspot\src\share\vm\prims\jvm.cpp, line 1312]
Event: 0.464 Thread 0x0000000016eef000 Exception <a 'java/security/PrivilegedActionException'> (0x00000000eb5c6030) thrown at [C:\workspace\8-2-build-windows-amd64-cygwin\jdk8u31\2394\hotspot\src\share\vm\prims\jvm.cpp, line 1312]
Event: 0.498 Thread 0x0000000016f04000 Exception <a 'java/security/PrivilegedActionException'> (0x00000000eb97b838) thrown at [C:\workspace\8-2-build-windows-amd64-cygwin\jdk8u31\2394\hotspot\src\share\vm\prims\jvm.cpp, line 1312]
Event: 0.560 Thread 0x0000000016f04000 Implicit null exception at 0x000000000232a222 to 0x000000000232a312
Event: 0.580 Thread 0x0000000016eef000 Exception <a 'java/security/PrivilegedActionException'> (0x00000000ebdcec70) thrown at [C:\workspace\8-2-build-windows-amd64-cygwin\jdk8u31\2394\hotspot\src\share\vm\prims\jvm.cpp, line 1312]
Event: 0.581 Thread 0x0000000016eef000 Exception <a 'java/security/PrivilegedActionException'> (0x00000000ebdd4950) thrown at [C:\workspace\8-2-build-windows-amd64-cygwin\jdk8u31\2394\hotspot\src\share\vm\prims\jvm.cpp, line 1312]
Event: 0.600 Thread 0x0000000016eef000 Exception <a 'java/security/PrivilegedActionException'> (0x00000000ebdda418) thrown at [C:\workspace\8-2-build-windows-amd64-cygwin\jdk8u31\2394\hotspot\src\share\vm\prims\jvm.cpp, line 1312]

Events (10 events):
Event: 0.718 Thread 0x0000000016e36000 Uncommon trap: trap_request=0xffffffde fr.pc=0x0000000002300bb0
Event: 0.718 Thread 0x0000000016e36000 DEOPT PACKING pc=0x0000000002300bb0 sp=0x0000000017bdebc0
Event: 0.718 Thread 0x0000000016e36000 DEOPT UNPACKING pc=0x000000000214556a sp=0x0000000017bdeb60 mode 2
Event: 0.749 Thread 0x0000000016eef000 Uncommon trap: trap_request=0xffffffc6 fr.pc=0x00000000023b38c8
Event: 0.749 Thread 0x0000000016eef000 DEOPT PACKING pc=0x00000000023b38c8 sp=0x0000000017adeb50
Event: 0.749 Thread 0x0000000016eef000 DEOPT UNPACKING pc=0x000000000214556a sp=0x0000000017adeaf0 mode 2
Event: 0.756 Thread 0x0000000016eef000 Thread exited: 0x0000000016eef000
Event: 0.787 Thread 0x0000000016e36000 Uncommon trap: trap_request=0xffffffde fr.pc=0x00000000023e693c
Event: 0.787 Thread 0x0000000016e36000 DEOPT PACKING pc=0x00000000023e693c sp=0x0000000017bdebd0
Event: 0.787 Thread 0x0000000016e36000 DEOPT UNPACKING pc=0x000000000214556a sp=0x0000000017bdeae0 mode 2


Dynamic libraries:
0x00007ff722c50000 - 0x00007ff722c84000 	C:\Program Files\Java\jdk1.8.0_31\bin\java.exe
0x00007ffa88b20000 - 0x00007ffa88ccd000 	C:\WINDOWS\SYSTEM32\ntdll.dll
0x00007ffa87f00000 - 0x00007ffa8803e000 	C:\WINDOWS\system32\KERNEL32.DLL
0x00007ffa85d10000 - 0x00007ffa85e25000 	C:\WINDOWS\system32\KERNELBASE.dll
0x00007ffa847e0000 - 0x00007ffa8486e000 	C:\WINDOWS\system32\apphelp.dll
0x00007ffa6b190000 - 0x00007ffa6b1e3000 	C:\WINDOWS\AppPatch\AppPatch64\AcGenral.DLL
0x00007ffa88640000 - 0x00007ffa886ea000 	C:\WINDOWS\system32\msvcrt.dll
0x00007ffa86170000 - 0x00007ffa8619e000 	C:\WINDOWS\system32\SspiCli.dll
0x00007ffa88040000 - 0x00007ffa88094000 	C:\WINDOWS\system32\SHLWAPI.dll
0x00007ffa88260000 - 0x00007ffa883d7000 	C:\WINDOWS\system32\USER32.dll
0x00007ffa864a0000 - 0x00007ffa86634000 	C:\WINDOWS\system32\ole32.dll
0x00007ffa86860000 - 0x00007ffa87d88000 	C:\WINDOWS\system32\SHELL32.dll
0x00007ffa85670000 - 0x00007ffa85691000 	C:\WINDOWS\SYSTEM32\USERENV.dll
0x00007ffa88590000 - 0x00007ffa8863a000 	C:\WINDOWS\system32\ADVAPI32.dll
0x00007ffa7fce0000 - 0x00007ffa7fcfe000 	C:\WINDOWS\SYSTEM32\MPR.dll
0x00007ffa88450000 - 0x00007ffa88590000 	C:\WINDOWS\system32\RPCRT4.dll
0x00007ffa86650000 - 0x00007ffa866a9000 	C:\WINDOWS\SYSTEM32\sechost.dll
0x00007ffa861c0000 - 0x00007ffa863d1000 	C:\WINDOWS\SYSTEM32\combase.dll
0x00007ffa86710000 - 0x00007ffa8685f000 	C:\WINDOWS\system32\GDI32.dll
0x00007ffa85c40000 - 0x00007ffa85c55000 	C:\WINDOWS\SYSTEM32\profapi.dll
0x00007ffa841b0000 - 0x00007ffa84262000 	C:\WINDOWS\SYSTEM32\SHCORE.dll
0x00007ffa87e50000 - 0x00007ffa87e86000 	C:\WINDOWS\system32\IMM32.DLL
0x00007ffa887e0000 - 0x00007ffa88932000 	C:\WINDOWS\system32\MSCTF.dll
0x00007ffa83d30000 - 0x00007ffa83fab000 	C:\WINDOWS\WinSxS\amd64_microsoft.windows.common-controls_6595b64144ccf1df_6.0.9600.18006_none_623f33d3ecbe86e8\COMCTL32.dll
0x0000000059bb0000 - 0x0000000059c82000 	C:\Program Files\Java\jdk1.8.0_31\jre\bin\msvcr100.dll
0x0000000059350000 - 0x0000000059baa000 	C:\Program Files\Java\jdk1.8.0_31\jre\bin\server\jvm.dll
0x00007ffa7c230000 - 0x00007ffa7c239000 	C:\WINDOWS\SYSTEM32\WSOCK32.dll
0x00007ffa819d0000 - 0x00007ffa819f2000 	C:\WINDOWS\SYSTEM32\WINMM.dll
0x00007ffa861a0000 - 0x00007ffa861a7000 	C:\WINDOWS\system32\PSAPI.DLL
0x00007ffa866b0000 - 0x00007ffa8670a000 	C:\WINDOWS\system32\WS2_32.dll
0x00007ffa81670000 - 0x00007ffa8169a000 	C:\WINDOWS\SYSTEM32\WINMMBASE.dll
0x00007ffa87ef0000 - 0x00007ffa87ef9000 	C:\WINDOWS\system32\NSI.dll
0x00007ffa860c0000 - 0x00007ffa8610f000 	C:\WINDOWS\SYSTEM32\cfgmgr32.dll
0x00007ffa84a50000 - 0x00007ffa84a78000 	C:\WINDOWS\SYSTEM32\DEVOBJ.dll
0x0000000059340000 - 0x000000005934f000 	C:\Program Files\Java\jdk1.8.0_31\jre\bin\verify.dll
0x0000000059310000 - 0x0000000059338000 	C:\Program Files\Java\jdk1.8.0_31\jre\bin\java.dll
0x00000000592f0000 - 0x0000000059306000 	C:\Program Files\Java\jdk1.8.0_31\jre\bin\zip.dll
0x00007ffa80710000 - 0x00007ffa80899000 	C:\WINDOWS\SYSTEM32\dbghelp.dll

VM Arguments:
jvm_args: -Djava.awt.headless=true -Xmx1024M -Dfile.encoding=windows-1252 -Duser.country=CA -Duser.language=en -Duser.variant 
java_command: com.android.dx.command.Main --dex --force-jumbo --num-threads=4 --multi-dex --output C:\Users\Saketh\Desktop\Honours Project\Marked\app\build\intermediates\transforms\dex\debug\folders\1000\10\com.google.firebase-firebase-messaging-10.2.1_9712adafc23d3da9c31b10ca86111be8a5d8e86a C:\Users\Saketh\Desktop\Honours Project\Marked\app\build\intermediates\exploded-aar\com.google.firebase\firebase-messaging\10.2.1\jars\classes.jar
java_class_path (initial): C:\Users\Saketh\Desktop\New folder\adt-bundle-windows-x86_64-20130522\sdk\build-tools\25.0.0\lib\dx.jar
Launcher Type: SUN_STANDARD

Environment Variables:
PATH=C:\ProgramData\Oracle\Java\javapath;C:\Program Files (x86)\NVIDIA Corporation\PhysX\Common;C:\Program Files (x86)\Intel\iCLS Client\;C:\Program Files\Intel\iCLS Client\;C:\WINDOWS\system32;C:\WINDOWS;C:\WINDOWS\System32\Wbem;C:\WINDOWS\System32\WindowsPowerShell\v1.0\;C:\Program Files\Intel\Intel(R) Management Engine Components\DAL;C:\Program Files\Intel\Intel(R) Management Engine Components\IPT;C:\Program Files (x86)\Intel\Intel(R) Management Engine Components\DAL;C:\Program Files (x86)\Intel\Intel(R) Management Engine Components\IPT;C:\Program Files\Microsoft\Web Platform Installer\;C:\Program Files\Intel\WiFi\bin\;C:\Program Files\Common Files\Intel\WirelessCommon\;C:\Program Files (x86)\MiKTeX 2.9\miktex\bin\;C:\Program Files (x86)\Skype\Phone\;C:\Program Files\TortoiseGit\bin
USERNAME=Saketh
OS=Windows_NT
PROCESSOR_IDENTIFIER=Intel64 Family 6 Model 58 Stepping 9, GenuineIntel



---------------  S Y S T E M  ---------------

OS: Windows 8.1 , 64 bit Build 9600 

CPU:total 8 (4 cores per cpu, 2 threads per core) family 6 model 58 stepping 9, cmov, cx8, fxsr, mmx, sse, sse2, sse3, ssse3, sse4.1, sse4.2, popcnt, avx, aes, clmul, erms, ht, tsc, tscinvbit, tscinv

Memory: 4k page, physical 8334620k(910272k free), swap 11480348k(177560k free)

vm_info: Java HotSpot(TM) 64-Bit Server VM (25.31-b07) for windows-amd64 JRE (1.8.0_31-b13), built on Dec 17 2014 21:00:28 by "java_re" with MS VC++ 10.0 (VS2010)

time: Mon May 08 03:03:33 2017
elapsed time: 2 seconds (0d 0h 0m 2s)

