#
# There is insufficient memory for the Java Runtime Environment to continue.
# Native memory allocation (malloc) failed to allocate 48336 bytes for Chunk::new
# Possible reasons:
#   The system is out of physical RAM or swap space
#   In 32 bit mode, the process size limit was hit
# Possible solutions:
#   Reduce memory load on the system
#   Increase physical memory or swap space
#   Check if swap backing store is full
#   Use 64 bit Java on a 64 bit OS
#   Decrease Java heap size (-Xmx/-Xms)
#   Decrease number of Java threads
#   Decrease Java thread stack sizes (-Xss)
#   Set larger code cache with -XX:ReservedCodeCacheSize=
# This output file may be truncated or incomplete.
#
#  Out of Memory Error (allocation.cpp:390), pid=13724, tid=6928
#
# JRE version: Java(TM) SE Runtime Environment (8.0_31-b13) (build 1.8.0_31-b13)
# Java VM: Java HotSpot(TM) 64-Bit Server VM (25.31-b07 mixed mode windows-amd64 compressed oops)
# Failed to write core dump. Minidumps are not enabled by default on client versions of Windows
#

---------------  T H R E A D  ---------------

Current thread (0x0000000017346800):  JavaThread "C2 CompilerThread1" daemon [_thread_in_native, id=6928, stack(0x00000000179d0000,0x0000000017ad0000)]

Stack: [0x00000000179d0000,0x0000000017ad0000]
Native frames: (J=compiled Java code, j=interpreted, Vv=VM code, C=native code)
V  [jvm.dll+0x3169ba]
V  [jvm.dll+0x2674c3]
V  [jvm.dll+0x268103]
V  [jvm.dll+0x25f8f5]
V  [jvm.dll+0xbf025]
V  [jvm.dll+0xbf4cc]
V  [jvm.dll+0xbf774]
V  [jvm.dll+0xdd185]
V  [jvm.dll+0x49668c]
V  [jvm.dll+0x4f25b9]
V  [jvm.dll+0x4f3769]
V  [jvm.dll+0x4a5c6c]
V  [jvm.dll+0x4a6315]
V  [jvm.dll+0x49f71c]
V  [jvm.dll+0x452daf]
V  [jvm.dll+0x454124]
V  [jvm.dll+0x437c62]
V  [jvm.dll+0x988e2]
V  [jvm.dll+0x990d3]
V  [jvm.dll+0x22c194]
V  [jvm.dll+0x28576a]
C  [msvcr100.dll+0x21d9f]
C  [msvcr100.dll+0x21e3b]
C  [KERNEL32.DLL+0x13d2]
C  [ntdll.dll+0x154e4]


Current CompileTask:
C2:  25573 1386       4       com.android.dx.ssa.SCCP::simulateBranch (666 bytes)


---------------  P R O C E S S  ---------------

Java Threads: ( => current thread )
  0x00000000175ba000 JavaThread "pool-2-thread-4" [_thread_blocked, id=10684, stack(0x0000000018ad0000,0x0000000018bd0000)]
  0x0000000017653000 JavaThread "pool-2-thread-3" [_thread_in_vm, id=9936, stack(0x00000000189d0000,0x0000000018ad0000)]
  0x0000000017f50000 JavaThread "pool-2-thread-2" [_thread_blocked, id=1860, stack(0x00000000188d0000,0x00000000189d0000)]
  0x0000000017603000 JavaThread "pool-3-thread-1" [_thread_blocked, id=13176, stack(0x00000000187d0000,0x00000000188d0000)]
  0x00000000175a4800 JavaThread "pool-2-thread-1" [_thread_blocked, id=6616, stack(0x00000000186d0000,0x00000000187d0000)]
  0x000000001735b000 JavaThread "Service Thread" daemon [_thread_blocked, id=7252, stack(0x0000000017cd0000,0x0000000017dd0000)]
  0x0000000017350800 JavaThread "C1 CompilerThread3" daemon [_thread_in_native, id=14264, stack(0x0000000017bd0000,0x0000000017cd0000)]
  0x000000001734d800 JavaThread "C2 CompilerThread2" daemon [_thread_in_native, id=8300, stack(0x0000000017ad0000,0x0000000017bd0000)]
=>0x0000000017346800 JavaThread "C2 CompilerThread1" daemon [_thread_in_native, id=6928, stack(0x00000000179d0000,0x0000000017ad0000)]
  0x00000000172f7000 JavaThread "C2 CompilerThread0" daemon [_thread_in_native, id=3896, stack(0x00000000178d0000,0x00000000179d0000)]
  0x00000000172f5000 JavaThread "Attach Listener" daemon [_thread_blocked, id=6356, stack(0x00000000177d0000,0x00000000178d0000)]
  0x00000000172f4800 JavaThread "Signal Dispatcher" daemon [_thread_blocked, id=10668, stack(0x00000000176d0000,0x00000000177d0000)]
  0x0000000001337800 JavaThread "Finalizer" daemon [_thread_blocked, id=6932, stack(0x00000000171d0000,0x00000000172d0000)]
  0x0000000001331000 JavaThread "Reference Handler" daemon [_thread_blocked, id=12488, stack(0x00000000170d0000,0x00000000171d0000)]
  0x0000000001240800 JavaThread "main" [_thread_blocked, id=13732, stack(0x00000000010c0000,0x00000000011c0000)]

Other Threads:
  0x00000000152e8800 VMThread [stack: 0x0000000016fd0000,0x00000000170d0000] [id=12532]
  0x000000001735d000 WatcherThread [stack: 0x0000000017dd0000,0x0000000017ed0000] [id=10848]

VM state:synchronizing (normal execution)

VM Mutex/Monitor currently owned by a thread:  ([mutex/lock_event])
[0x0000000000d3cc60] Threads_lock - owner thread: 0x00000000152e8800

Heap:
 PSYoungGen      total 38400K, used 25669K [0x00000000eab00000, 0x00000000ed580000, 0x0000000100000000)
  eden space 33280K, 61% used [0x00000000eab00000,0x00000000ebf14300,0x00000000ecb80000)
  from space 5120K, 99% used [0x00000000ecb80000,0x00000000ed07d258,0x00000000ed080000)
  to   space 5120K, 0% used [0x00000000ed080000,0x00000000ed080000,0x00000000ed580000)
 ParOldGen       total 87552K, used 963K [0x00000000c0000000, 0x00000000c5580000, 0x00000000eab00000)
  object space 87552K, 1% used [0x00000000c0000000,0x00000000c00f0f38,0x00000000c5580000)
 Metaspace       used 6043K, capacity 6960K, committed 7040K, reserved 1056768K
  class space    used 589K, capacity 616K, committed 640K, reserved 1048576K

Card table byte_map: [0x0000000001700000,0x0000000001910000] byte_map_base: 0x0000000001100000

Marking Bits: (ParMarkBitMap*) 0x0000000059c2d4f0
 Begin Bits: [0x0000000012700000, 0x0000000013700000)
 End Bits:   [0x0000000013700000, 0x0000000014700000)

Polling page: 0x0000000000c80000

CodeCache: size=245760Kb used=5612Kb max_used=5612Kb free=240147Kb
 bounds [0x0000000003400000, 0x0000000003990000, 0x0000000012400000]
 total_blobs=1699 nmethods=1434 adapters=179
 compilation: enabled

Compilation events (10 events):
Event: 4.668 Thread 0x0000000017350800 nmethod 1440 0x000000000397c550 code [0x000000000397c6a0, 0x000000000397c850]
Event: 4.668 Thread 0x0000000017350800 1441       3       com.android.dx.cf.code.ConcreteMethod::getMaxStack (8 bytes)
Event: 4.668 Thread 0x0000000017350800 nmethod 1441 0x000000000397c910 code [0x000000000397ca60, 0x000000000397cc50]
Event: 4.669 Thread 0x0000000017350800 1442       3       com.android.dx.cf.direct.MethodListParser::set (30 bytes)
Event: 4.670 Thread 0x0000000017350800 nmethod 1442 0x000000000397cd10 code [0x000000000397cf00, 0x000000000397d8f8]
Event: 4.670 Thread 0x0000000017350800 1443       3       com.android.dx.cf.iface.StdMethod::<init> (40 bytes)
Event: 4.671 Thread 0x0000000017350800 nmethod 1443 0x000000000397e050 code [0x000000000397e220, 0x000000000397ec88]
Event: 4.671 Thread 0x0000000017350800 1445       3       com.android.dx.rop.type.Prototype::compareTo (120 bytes)
Event: 4.672 Thread 0x0000000017350800 nmethod 1445 0x000000000397f110 code [0x000000000397f320, 0x00000000039801b8]
Event: 4.672 Thread 0x0000000017350800 1447   !   3       com.android.dx.cf.code.BytecodeArray::parseInstruction (2764 bytes)

GC Heap History (2 events):
Event: 4.487 GC heap before
{Heap before GC invocations=1 (full 0):
 PSYoungGen      total 38400K, used 33280K [0x00000000eab00000, 0x00000000ed580000, 0x0000000100000000)
  eden space 33280K, 100% used [0x00000000eab00000,0x00000000ecb80000,0x00000000ecb80000)
  from space 5120K, 0% used [0x00000000ed080000,0x00000000ed080000,0x00000000ed580000)
  to   space 5120K, 0% used [0x00000000ecb80000,0x00000000ecb80000,0x00000000ed080000)
 ParOldGen       total 87552K, used 0K [0x00000000c0000000, 0x00000000c5580000, 0x00000000eab00000)
  object space 87552K, 0% used [0x00000000c0000000,0x00000000c0000000,0x00000000c5580000)
 Metaspace       used 6002K, capacity 6960K, committed 7040K, reserved 1056768K
  class space    used 588K, capacity 616K, committed 640K, reserved 1048576K
Event: 4.581 GC heap after
Heap after GC invocations=1 (full 0):
 PSYoungGen      total 38400K, used 5108K [0x00000000eab00000, 0x00000000ed580000, 0x0000000100000000)
  eden space 33280K, 0% used [0x00000000eab00000,0x00000000eab00000,0x00000000ecb80000)
  from space 5120K, 99% used [0x00000000ecb80000,0x00000000ed07d258,0x00000000ed080000)
  to   space 5120K, 0% used [0x00000000ed080000,0x00000000ed080000,0x00000000ed580000)
 ParOldGen       total 87552K, used 963K [0x00000000c0000000, 0x00000000c5580000, 0x00000000eab00000)
  object space 87552K, 1% used [0x00000000c0000000,0x00000000c00f0f38,0x00000000c5580000)
 Metaspace       used 6002K, capacity 6960K, committed 7040K, reserved 1056768K
  class space    used 588K, capacity 616K, committed 640K, reserved 1048576K
}

Deoptimization events (10 events):
Event: 4.671 Thread 0x00000000175ba000 Uncommon trap: reason=uninitialized action=reinterpret pc=0x00000000038e6738 method=com.android.dx.cf.code.BytecodeArray.parseInstruction(ILcom/android/dx/cf/code/BytecodeArray$Visitor;)I @ 999
Event: 4.676 Thread 0x00000000175ba000 Uncommon trap: reason=bimorphic action=maybe_recompile pc=0x000000000362580c method=java.util.HashMap.getNode(ILjava/lang/Object;)Ljava/util/HashMap$Node; @ 126
Event: 4.676 Thread 0x00000000175ba000 Uncommon trap: reason=class_check action=maybe_recompile pc=0x000000000390ecf8 method=java.util.HashMap.putVal(ILjava/lang/Object;Ljava/lang/Object;ZZ)Ljava/lang/Object; @ 203
Event: 4.679 Thread 0x00000000175ba000 Uncommon trap: reason=bimorphic action=maybe_recompile pc=0x000000000362580c method=java.util.HashMap.getNode(ILjava/lang/Object;)Ljava/util/HashMap$Node; @ 126
Event: 4.679 Thread 0x00000000175ba000 Uncommon trap: reason=class_check action=maybe_recompile pc=0x000000000390ecf8 method=java.util.HashMap.putVal(ILjava/lang/Object;Ljava/lang/Object;ZZ)Ljava/lang/Object; @ 203
Event: 4.679 Thread 0x00000000175ba000 Uncommon trap: reason=bimorphic action=maybe_recompile pc=0x000000000362580c method=java.util.HashMap.getNode(ILjava/lang/Object;)Ljava/util/HashMap$Node; @ 126
Event: 4.679 Thread 0x00000000175ba000 Uncommon trap: reason=class_check action=maybe_recompile pc=0x000000000390ecf8 method=java.util.HashMap.putVal(ILjava/lang/Object;Ljava/lang/Object;ZZ)Ljava/lang/Object; @ 203
Event: 4.679 Thread 0x00000000175ba000 Uncommon trap: reason=bimorphic action=maybe_recompile pc=0x000000000362580c method=java.util.HashMap.getNode(ILjava/lang/Object;)Ljava/util/HashMap$Node; @ 126
Event: 4.679 Thread 0x00000000175ba000 Uncommon trap: reason=class_check action=maybe_recompile pc=0x000000000390ecf8 method=java.util.HashMap.putVal(ILjava/lang/Object;Ljava/lang/Object;ZZ)Ljava/lang/Object; @ 203
Event: 4.679 Thread 0x00000000175ba000 Uncommon trap: reason=bimorphic action=maybe_recompile pc=0x000000000363f128 method=java.util.HashMap.getNode(ILjava/lang/Object;)Ljava/util/HashMap$Node; @ 126

Internal exceptions (10 events):
Event: 3.009 Thread 0x0000000017653000 Exception <a 'java/security/PrivilegedActionException'> (0x00000000eb842358) thrown at [C:\workspace\8-2-build-windows-amd64-cygwin\jdk8u31\2394\hotspot\src\share\vm\prims\jvm.cpp, line 1312]
Event: 3.029 Thread 0x0000000017f50000 Exception <a 'java/security/PrivilegedActionException'> (0x00000000eb8aca20) thrown at [C:\workspace\8-2-build-windows-amd64-cygwin\jdk8u31\2394\hotspot\src\share\vm\prims\jvm.cpp, line 1312]
Event: 3.041 Thread 0x0000000017653000 Exception <a 'java/security/PrivilegedActionException'> (0x00000000eb897838) thrown at [C:\workspace\8-2-build-windows-amd64-cygwin\jdk8u31\2394\hotspot\src\share\vm\prims\jvm.cpp, line 1312]
Event: 3.047 Thread 0x0000000001240800 Exception <a 'java/security/PrivilegedActionException'> (0x00000000eb64f2c0) thrown at [C:\workspace\8-2-build-windows-amd64-cygwin\jdk8u31\2394\hotspot\src\share\vm\prims\jvm.cpp, line 1312]
Event: 3.075 Thread 0x0000000017653000 Exception <a 'java/security/PrivilegedActionException'> (0x00000000eb9b7728) thrown at [C:\workspace\8-2-build-windows-amd64-cygwin\jdk8u31\2394\hotspot\src\share\vm\prims\jvm.cpp, line 1312]
Event: 4.126 Thread 0x0000000001240800 Exception <a 'java/security/PrivilegedActionException'> (0x00000000ebe53028) thrown at [C:\workspace\8-2-build-windows-amd64-cygwin\jdk8u31\2394\hotspot\src\share\vm\prims\jvm.cpp, line 1312]
Event: 4.133 Thread 0x0000000017f50000 Exception <a 'java/security/PrivilegedActionException'> (0x00000000ec60fa28) thrown at [C:\workspace\8-2-build-windows-amd64-cygwin\jdk8u31\2394\hotspot\src\share\vm\prims\jvm.cpp, line 1312]
Event: 4.601 Thread 0x0000000017f50000 Implicit null exception at 0x000000000374fecf to 0x0000000003751235
Event: 4.674 Thread 0x0000000001240800 Exception <a 'java/security/PrivilegedActionException'> (0x00000000eaebb858) thrown at [C:\workspace\8-2-build-windows-amd64-cygwin\jdk8u31\2394\hotspot\src\share\vm\prims\jvm.cpp, line 1312]
Event: 4.675 Thread 0x0000000001240800 Exception <a 'java/security/PrivilegedActionException'> (0x00000000eaebe4a0) thrown at [C:\workspace\8-2-build-windows-amd64-cygwin\jdk8u31\2394\hotspot\src\share\vm\prims\jvm.cpp, line 1312]

Events (10 events):
Event: 4.679 Thread 0x00000000175ba000 Uncommon trap: trap_request=0xffffffc6 fr.pc=0x000000000363f128
Event: 4.679 Thread 0x00000000175ba000 DEOPT PACKING pc=0x000000000363f128 sp=0x0000000018bce7d0
Event: 4.679 Thread 0x00000000175ba000 DEOPT UNPACKING pc=0x000000000344556a sp=0x0000000018bce6e8 mode 2
Event: 4.682 Thread 0x0000000017653000 DEOPT PACKING pc=0x0000000003768f7c sp=0x0000000018ace8c0
Event: 4.682 Thread 0x0000000017653000 DEOPT UNPACKING pc=0x00000000034475bf sp=0x0000000018ace688 mode 0
Event: 4.709 Thread 0x00000000175a4800 DEOPT PACKING pc=0x0000000003768f93 sp=0x00000000187ce920
Event: 4.709 Thread 0x00000000175a4800 DEOPT UNPACKING pc=0x00000000034475bf sp=0x00000000187ce6e8 mode 0
Event: 4.755 Thread 0x0000000001240800 DEOPT PACKING pc=0x0000000003768f7c sp=0x00000000011be5d0
Event: 4.755 Thread 0x0000000001240800 DEOPT UNPACKING pc=0x00000000034475bf sp=0x00000000011be398 mode 0
Event: 5.378 Executing VM operation: EnableBiasedLocking


Dynamic libraries:
0x00007ff644d20000 - 0x00007ff644d54000 	C:\Program Files\Java\jdk1.8.0_31\bin\java.exe
0x00007ffa88b20000 - 0x00007ffa88ccd000 	C:\WINDOWS\SYSTEM32\ntdll.dll
0x00007ffa87f00000 - 0x00007ffa8803e000 	C:\WINDOWS\system32\KERNEL32.DLL
0x00007ffa85d10000 - 0x00007ffa85e25000 	C:\WINDOWS\system32\KERNELBASE.dll
0x00007ffa847e0000 - 0x00007ffa8486e000 	C:\WINDOWS\system32\apphelp.dll
0x00007ffa6e1c0000 - 0x00007ffa6e213000 	C:\WINDOWS\AppPatch\AppPatch64\AcGenral.DLL
0x00007ffa88640000 - 0x00007ffa886ea000 	C:\WINDOWS\system32\msvcrt.dll
0x00007ffa86170000 - 0x00007ffa8619e000 	C:\WINDOWS\system32\SspiCli.dll
0x00007ffa88040000 - 0x00007ffa88094000 	C:\WINDOWS\system32\SHLWAPI.dll
0x00007ffa88260000 - 0x00007ffa883d7000 	C:\WINDOWS\system32\USER32.dll
0x00007ffa864a0000 - 0x00007ffa86634000 	C:\WINDOWS\system32\ole32.dll
0x00007ffa86860000 - 0x00007ffa87d88000 	C:\WINDOWS\system32\SHELL32.dll
0x00007ffa85670000 - 0x00007ffa85691000 	C:\WINDOWS\SYSTEM32\USERENV.dll
0x00007ffa88590000 - 0x00007ffa8863a000 	C:\WINDOWS\system32\ADVAPI32.dll
0x00007ffa7fce0000 - 0x00007ffa7fcfe000 	C:\WINDOWS\SYSTEM32\MPR.dll
0x00007ffa88450000 - 0x00007ffa88590000 	C:\WINDOWS\system32\RPCRT4.dll
0x00007ffa86650000 - 0x00007ffa866a9000 	C:\WINDOWS\SYSTEM32\sechost.dll
0x00007ffa861c0000 - 0x00007ffa863d1000 	C:\WINDOWS\SYSTEM32\combase.dll
0x00007ffa86710000 - 0x00007ffa8685f000 	C:\WINDOWS\system32\GDI32.dll
0x00007ffa85c40000 - 0x00007ffa85c55000 	C:\WINDOWS\SYSTEM32\profapi.dll
0x00007ffa841b0000 - 0x00007ffa84262000 	C:\WINDOWS\SYSTEM32\SHCORE.dll
0x00007ffa87e50000 - 0x00007ffa87e86000 	C:\WINDOWS\system32\IMM32.DLL
0x00007ffa887e0000 - 0x00007ffa88932000 	C:\WINDOWS\system32\MSCTF.dll
0x00007ffa83d30000 - 0x00007ffa83fab000 	C:\WINDOWS\WinSxS\amd64_microsoft.windows.common-controls_6595b64144ccf1df_6.0.9600.18006_none_623f33d3ecbe86e8\COMCTL32.dll
0x000000005ab30000 - 0x000000005ac02000 	C:\Program Files\Java\jdk1.8.0_31\jre\bin\msvcr100.dll
0x0000000059450000 - 0x0000000059caa000 	C:\Program Files\Java\jdk1.8.0_31\jre\bin\server\jvm.dll
0x00007ffa7c230000 - 0x00007ffa7c239000 	C:\WINDOWS\SYSTEM32\WSOCK32.dll
0x00007ffa819d0000 - 0x00007ffa819f2000 	C:\WINDOWS\SYSTEM32\WINMM.dll
0x00007ffa861a0000 - 0x00007ffa861a7000 	C:\WINDOWS\system32\PSAPI.DLL
0x00007ffa866b0000 - 0x00007ffa8670a000 	C:\WINDOWS\system32\WS2_32.dll
0x00007ffa81670000 - 0x00007ffa8169a000 	C:\WINDOWS\SYSTEM32\WINMMBASE.dll
0x00007ffa87ef0000 - 0x00007ffa87ef9000 	C:\WINDOWS\system32\NSI.dll
0x00007ffa860c0000 - 0x00007ffa8610f000 	C:\WINDOWS\SYSTEM32\cfgmgr32.dll
0x00007ffa84a50000 - 0x00007ffa84a78000 	C:\WINDOWS\SYSTEM32\DEVOBJ.dll
0x000000005ab20000 - 0x000000005ab2f000 	C:\Program Files\Java\jdk1.8.0_31\jre\bin\verify.dll
0x000000005aaf0000 - 0x000000005ab18000 	C:\Program Files\Java\jdk1.8.0_31\jre\bin\java.dll
0x000000005aad0000 - 0x000000005aae6000 	C:\Program Files\Java\jdk1.8.0_31\jre\bin\zip.dll
0x00007ffa80710000 - 0x00007ffa80899000 	C:\WINDOWS\SYSTEM32\dbghelp.dll

VM Arguments:
jvm_args: -Djava.awt.headless=true -Xmx1024M -Dfile.encoding=windows-1252 -Duser.country=CA -Duser.language=en -Duser.variant 
java_command: com.android.dx.command.Main --dex --force-jumbo --num-threads=4 --multi-dex --output C:\Users\Saketh\Desktop\Honours Project\Marked\app\build\intermediates\transforms\dex\debug\folders\1000\10\com.android.support-recyclerview-v7-25.3.0_8d828fc274cf5bfceb1198a171aa23e5b9006a3d C:\Users\Saketh\Desktop\Honours Project\Marked\app\build\intermediates\exploded-aar\com.android.support\recyclerview-v7\25.3.0\jars\classes.jar
java_class_path (initial): C:\Users\Saketh\Desktop\New folder\adt-bundle-windows-x86_64-20130522\sdk\build-tools\25.0.0\lib\dx.jar
Launcher Type: SUN_STANDARD

Environment Variables:
PATH=C:\ProgramData\Oracle\Java\javapath;C:\Program Files (x86)\NVIDIA Corporation\PhysX\Common;C:\Program Files (x86)\Intel\iCLS Client\;C:\Program Files\Intel\iCLS Client\;C:\WINDOWS\system32;C:\WINDOWS;C:\WINDOWS\System32\Wbem;C:\WINDOWS\System32\WindowsPowerShell\v1.0\;C:\Program Files\Intel\Intel(R) Management Engine Components\DAL;C:\Program Files\Intel\Intel(R) Management Engine Components\IPT;C:\Program Files (x86)\Intel\Intel(R) Management Engine Components\DAL;C:\Program Files (x86)\Intel\Intel(R) Management Engine Components\IPT;C:\Program Files\Microsoft\Web Platform Installer\;C:\Program Files\Intel\WiFi\bin\;C:\Program Files\Common Files\Intel\WirelessCommon\;C:\Program Files (x86)\MiKTeX 2.9\miktex\bin\;C:\Program Files (x86)\Skype\Phone\;C:\Program Files\TortoiseGit\bin
USERNAME=Saketh
OS=Windows_NT
PROCESSOR_IDENTIFIER=Intel64 Family 6 Model 58 Stepping 9, GenuineIntel



---------------  S Y S T E M  ---------------

OS: Windows 8.1 , 64 bit Build 9600 

CPU:total 8 (4 cores per cpu, 2 threads per core) family 6 model 58 stepping 9, cmov, cx8, fxsr, mmx, sse, sse2, sse3, ssse3, sse4.1, sse4.2, popcnt, avx, aes, clmul, erms, ht, tsc, tscinvbit, tscinv

Memory: 4k page, physical 8334620k(1033260k free), swap 11480348k(586340k free)

vm_info: Java HotSpot(TM) 64-Bit Server VM (25.31-b07) for windows-amd64 JRE (1.8.0_31-b13), built on Dec 17 2014 21:00:28 by "java_re" with MS VC++ 10.0 (VS2010)

time: Sun Apr 30 22:29:26 2017
elapsed time: 25 seconds (0d 0h 0m 25s)

