#
# There is insufficient memory for the Java Runtime Environment to continue.
# Native memory allocation (malloc) failed to allocate 744016 bytes for Chunk::new
# Possible reasons:
#   The system is out of physical RAM or swap space
#   In 32 bit mode, the process size limit was hit
# Possible solutions:
#   Reduce memory load on the system
#   Increase physical memory or swap space
#   Check if swap backing store is full
#   Use 64 bit Java on a 64 bit OS
#   Decrease Java heap size (-Xmx/-Xms)
#   Decrease number of Java threads
#   Decrease Java thread stack sizes (-Xss)
#   Set larger code cache with -XX:ReservedCodeCacheSize=
# This output file may be truncated or incomplete.
#
#  Out of Memory Error (allocation.cpp:390), pid=12108, tid=9932
#
# JRE version: Java(TM) SE Runtime Environment (8.0_31-b13) (build 1.8.0_31-b13)
# Java VM: Java HotSpot(TM) 64-Bit Server VM (25.31-b07 mixed mode windows-amd64 compressed oops)
# Failed to write core dump. Minidumps are not enabled by default on client versions of Windows
#

---------------  T H R E A D  ---------------

Current thread (0x000000001700d000):  JavaThread "C2 CompilerThread1" daemon [_thread_in_native, id=9932, stack(0x00000000176e0000,0x00000000177e0000)]

Stack: [0x00000000176e0000,0x00000000177e0000]
Native frames: (J=compiled Java code, j=interpreted, Vv=VM code, C=native code)
V  [jvm.dll+0x3169ba]


Current CompileTask:
C2:   1692 1149       4       com.android.dx.ssa.SCCP::simulateBranch (666 bytes)


---------------  P R O C E S S  ---------------

Java Threads: ( => current thread )
  0x00000000172f5800 JavaThread "pool-2-thread-4" [_thread_blocked, id=7960, stack(0x0000000017fe0000,0x00000000180e0000)]
  0x00000000172f1000 JavaThread "pool-2-thread-3" [_thread_blocked, id=6536, stack(0x0000000017ee0000,0x0000000017fe0000)]
  0x00000000171e5000 JavaThread "pool-2-thread-2" [_thread_blocked, id=13400, stack(0x0000000017de0000,0x0000000017ee0000)]
  0x00000000171d1000 JavaThread "pool-3-thread-1" [_thread_blocked, id=13524, stack(0x0000000017ce0000,0x0000000017de0000)]
  0x00000000171d0000 JavaThread "pool-2-thread-1" [_thread_blocked, id=11040, stack(0x0000000017be0000,0x0000000017ce0000)]
  0x00000000170b5800 JavaThread "Service Thread" daemon [_thread_blocked, id=660, stack(0x00000000179e0000,0x0000000017ae0000)]
  0x0000000017059000 JavaThread "C1 CompilerThread3" daemon [_thread_blocked, id=6376, stack(0x00000000178e0000,0x00000000179e0000)]
  0x0000000017032000 JavaThread "C2 CompilerThread2" daemon [_thread_blocked, id=9024, stack(0x00000000177e0000,0x00000000178e0000)]
=>0x000000001700d000 JavaThread "C2 CompilerThread1" daemon [_thread_in_native, id=9932, stack(0x00000000176e0000,0x00000000177e0000)]
  0x000000001700b000 JavaThread "C2 CompilerThread0" daemon [_thread_in_native, id=11200, stack(0x00000000175e0000,0x00000000176e0000)]
  0x0000000017009000 JavaThread "Attach Listener" daemon [_thread_blocked, id=13136, stack(0x00000000174e0000,0x00000000175e0000)]
  0x0000000017004000 JavaThread "Signal Dispatcher" daemon [_thread_blocked, id=13296, stack(0x00000000173e0000,0x00000000174e0000)]
  0x0000000001038800 JavaThread "Finalizer" daemon [_thread_blocked, id=10312, stack(0x0000000016ee0000,0x0000000016fe0000)]
  0x0000000001032000 JavaThread "Reference Handler" daemon [_thread_blocked, id=6192, stack(0x0000000016de0000,0x0000000016ee0000)]
  0x0000000000f40800 JavaThread "main" [_thread_blocked, id=12000, stack(0x0000000000e40000,0x0000000000f40000)]

Other Threads:
  0x0000000014fe8800 VMThread [stack: 0x0000000016ce0000,0x0000000016de0000] [id=12596]
  0x00000000170b9800 WatcherThread [stack: 0x0000000017ae0000,0x0000000017be0000] [id=7928]

VM state:not at safepoint (normal execution)

VM Mutex/Monitor currently owned by a thread: None

Heap:
 PSYoungGen      total 38400K, used 33280K [0x00000000eab00000, 0x00000000ed580000, 0x0000000100000000)
  eden space 33280K, 100% used [0x00000000eab00000,0x00000000ecb80000,0x00000000ecb80000)
  from space 5120K, 0% used [0x00000000ed080000,0x00000000ed080000,0x00000000ed580000)
  to   space 5120K, 0% used [0x00000000ecb80000,0x00000000ecb80000,0x00000000ed080000)
 ParOldGen       total 87552K, used 0K [0x00000000c0000000, 0x00000000c5580000, 0x00000000eab00000)
  object space 87552K, 0% used [0x00000000c0000000,0x00000000c0000000,0x00000000c5580000)
 Metaspace       used 5883K, capacity 6896K, committed 7040K, reserved 1056768K
  class space    used 588K, capacity 616K, committed 640K, reserved 1048576K

Card table byte_map: [0x0000000001400000,0x0000000001610000] byte_map_base: 0x0000000000e00000

Marking Bits: (ParMarkBitMap*) 0x0000000059c2d4f0
 Begin Bits: [0x0000000012400000, 0x0000000013400000)
 End Bits:   [0x0000000013400000, 0x0000000014400000)

Polling page: 0x0000000000da0000

CodeCache: size=245760Kb used=4734Kb max_used=4750Kb free=241026Kb
 bounds [0x0000000003400000, 0x00000000038b0000, 0x0000000012400000]
 total_blobs=1461 nmethods=1198 adapters=177
 compilation: enabled

Compilation events (10 events):
Event: 1.670 Thread 0x0000000017059000 1201       3       com.android.dx.ssa.SsaMethod::onSourceChanged (65 bytes)
Event: 1.671 Thread 0x0000000017059000 nmethod 1201 0x000000000389bd10 code [0x000000000389bee0, 0x000000000389c758]
Event: 1.671 Thread 0x0000000017059000 1198       3       com.android.dx.cf.direct.DirectClassFile::getAccessFlags (9 bytes)
Event: 1.671 Thread 0x0000000017059000 nmethod 1198 0x000000000389cc50 code [0x000000000389cdc0, 0x000000000389d008]
Event: 1.671 Thread 0x0000000017059000 1199       3       com.android.dx.cf.direct.DirectClassFile::getAttributes (9 bytes)
Event: 1.671 Thread 0x0000000017059000 nmethod 1199 0x000000000389d0d0 code [0x000000000389d240, 0x000000000389d488]
Event: 1.678 Thread 0x000000001700b000 nmethod 1167% 0x00000000038a0fd0 code [0x00000000038a11c0, 0x00000000038a2018]
Event: 1.678 Thread 0x000000001700b000 1175       4       com.android.dx.cf.code.Ropper::getAvailableLabel (54 bytes)
Event: 1.688 Thread 0x000000001700b000 nmethod 1175 0x000000000389d710 code [0x000000000389d880, 0x000000000389dc58]
Event: 1.688 Thread 0x000000001700b000 1163       4       com.android.dx.ssa.SsaMethod$2::visitNonMoveInsn (6 bytes)

GC Heap History (0 events):
No events

Deoptimization events (6 events):
Event: 0.831 Thread 0x00000000172f1000 Uncommon trap: reason=null_check action=make_not_entrant pc=0x0000000003699d20 method=com.android.dx.rop.type.Type.equals(Ljava/lang/Object;)Z @ 8
Event: 0.968 Thread 0x00000000172f1000 Uncommon trap: reason=class_check action=maybe_recompile pc=0x0000000003688c60 method=com.android.dx.ssa.NormalSsaInsn.accept(Lcom/android/dx/ssa/SsaInsn$Visitor;)V @ 9
Event: 1.003 Thread 0x00000000172f5800 Uncommon trap: reason=class_check action=maybe_recompile pc=0x0000000003688c60 method=com.android.dx.ssa.NormalSsaInsn.accept(Lcom/android/dx/ssa/SsaInsn$Visitor;)V @ 9
Event: 1.004 Thread 0x00000000172f5800 Uncommon trap: reason=class_check action=maybe_recompile pc=0x0000000003612db0 method=com.android.dx.ssa.NormalSsaInsn.accept(Lcom/android/dx/ssa/SsaInsn$Visitor;)V @ 9
Event: 1.004 Thread 0x00000000172f5800 Uncommon trap: reason=class_check action=maybe_recompile pc=0x0000000003612db0 method=com.android.dx.ssa.NormalSsaInsn.accept(Lcom/android/dx/ssa/SsaInsn$Visitor;)V @ 9
Event: 1.005 Thread 0x00000000172f5800 Uncommon trap: reason=class_check action=maybe_recompile pc=0x0000000003688c60 method=com.android.dx.ssa.NormalSsaInsn.accept(Lcom/android/dx/ssa/SsaInsn$Visitor;)V @ 9

Internal exceptions (10 events):
Event: 0.676 Thread 0x00000000171d0000 Exception <a 'java/security/PrivilegedActionException'> (0x00000000eb5af270) thrown at [C:\workspace\8-2-build-windows-amd64-cygwin\jdk8u31\2394\hotspot\src\share\vm\prims\jvm.cpp, line 1312]
Event: 0.689 Thread 0x0000000000f40800 Exception <a 'java/security/PrivilegedActionException'> (0x00000000eb6497a8) thrown at [C:\workspace\8-2-build-windows-amd64-cygwin\jdk8u31\2394\hotspot\src\share\vm\prims\jvm.cpp, line 1312]
Event: 0.690 Thread 0x00000000171d0000 Exception <a 'java/security/PrivilegedActionException'> (0x00000000eb5c8ad0) thrown at [C:\workspace\8-2-build-windows-amd64-cygwin\jdk8u31\2394\hotspot\src\share\vm\prims\jvm.cpp, line 1312]
Event: 0.693 Thread 0x00000000171d0000 Exception <a 'java/security/PrivilegedActionException'> (0x00000000eb5d0ed8) thrown at [C:\workspace\8-2-build-windows-amd64-cygwin\jdk8u31\2394\hotspot\src\share\vm\prims\jvm.cpp, line 1312]
Event: 0.703 Thread 0x0000000000f40800 Exception <a 'java/security/PrivilegedActionException'> (0x00000000eb64d0b8) thrown at [C:\workspace\8-2-build-windows-amd64-cygwin\jdk8u31\2394\hotspot\src\share\vm\prims\jvm.cpp, line 1312]
Event: 0.785 Thread 0x00000000172f1000 Exception <a 'java/security/PrivilegedActionException'> (0x00000000eb8e7858) thrown at [C:\workspace\8-2-build-windows-amd64-cygwin\jdk8u31\2394\hotspot\src\share\vm\prims\jvm.cpp, line 1312]
Event: 0.831 Thread 0x00000000172f1000 Implicit null exception at 0x0000000003699c22 to 0x0000000003699d12
Event: 0.860 Thread 0x00000000171d0000 Exception <a 'java/security/PrivilegedActionException'> (0x00000000ebb49cd0) thrown at [C:\workspace\8-2-build-windows-amd64-cygwin\jdk8u31\2394\hotspot\src\share\vm\prims\jvm.cpp, line 1312]
Event: 0.861 Thread 0x00000000171d0000 Exception <a 'java/security/PrivilegedActionException'> (0x00000000ebb4f9b0) thrown at [C:\workspace\8-2-build-windows-amd64-cygwin\jdk8u31\2394\hotspot\src\share\vm\prims\jvm.cpp, line 1312]
Event: 0.862 Thread 0x00000000171d0000 Exception <a 'java/security/PrivilegedActionException'> (0x00000000ebb55420) thrown at [C:\workspace\8-2-build-windows-amd64-cygwin\jdk8u31\2394\hotspot\src\share\vm\prims\jvm.cpp, line 1312]

Events (10 events):
Event: 1.004 Thread 0x00000000172f5800 DEOPT PACKING pc=0x0000000003612db0 sp=0x00000000180de8b0
Event: 1.004 Thread 0x00000000172f5800 DEOPT UNPACKING pc=0x000000000344556a sp=0x00000000180de850 mode 2
Event: 1.004 Thread 0x00000000172f5800 Uncommon trap: trap_request=0xffffffde fr.pc=0x0000000003612db0
Event: 1.004 Thread 0x00000000172f5800 DEOPT PACKING pc=0x0000000003612db0 sp=0x00000000180de8b0
Event: 1.004 Thread 0x00000000172f5800 DEOPT UNPACKING pc=0x000000000344556a sp=0x00000000180de850 mode 2
Event: 1.005 Thread 0x00000000172f5800 Uncommon trap: trap_request=0xffffffde fr.pc=0x0000000003688c60
Event: 1.005 Thread 0x00000000172f5800 DEOPT PACKING pc=0x0000000003688c60 sp=0x00000000180de8b0
Event: 1.005 Thread 0x00000000172f5800 DEOPT UNPACKING pc=0x000000000344556a sp=0x00000000180de860 mode 2
Event: 1.412 Executing VM operation: ForceSafepoint
Event: 1.542 Executing VM operation: ForceSafepoint done


Dynamic libraries:
0x00007ff644d20000 - 0x00007ff644d54000 	C:\Program Files\Java\jdk1.8.0_31\bin\java.exe
0x00007ffa88b20000 - 0x00007ffa88ccd000 	C:\WINDOWS\SYSTEM32\ntdll.dll
0x00007ffa87f00000 - 0x00007ffa8803e000 	C:\WINDOWS\system32\KERNEL32.DLL
0x00007ffa85d10000 - 0x00007ffa85e25000 	C:\WINDOWS\system32\KERNELBASE.dll
0x00007ffa847e0000 - 0x00007ffa8486e000 	C:\WINDOWS\system32\apphelp.dll
0x00007ffa6e1c0000 - 0x00007ffa6e213000 	C:\WINDOWS\AppPatch\AppPatch64\AcGenral.DLL
0x00007ffa88640000 - 0x00007ffa886ea000 	C:\WINDOWS\system32\msvcrt.dll
0x00007ffa86170000 - 0x00007ffa8619e000 	C:\WINDOWS\system32\SspiCli.dll
0x00007ffa88040000 - 0x00007ffa88094000 	C:\WINDOWS\system32\SHLWAPI.dll
0x00007ffa88260000 - 0x00007ffa883d7000 	C:\WINDOWS\system32\USER32.dll
0x00007ffa864a0000 - 0x00007ffa86634000 	C:\WINDOWS\system32\ole32.dll
0x00007ffa86860000 - 0x00007ffa87d88000 	C:\WINDOWS\system32\SHELL32.dll
0x00007ffa85670000 - 0x00007ffa85691000 	C:\WINDOWS\SYSTEM32\USERENV.dll
0x00007ffa88590000 - 0x00007ffa8863a000 	C:\WINDOWS\system32\ADVAPI32.dll
0x00007ffa7fce0000 - 0x00007ffa7fcfe000 	C:\WINDOWS\SYSTEM32\MPR.dll
0x00007ffa88450000 - 0x00007ffa88590000 	C:\WINDOWS\system32\RPCRT4.dll
0x00007ffa86650000 - 0x00007ffa866a9000 	C:\WINDOWS\SYSTEM32\sechost.dll
0x00007ffa861c0000 - 0x00007ffa863d1000 	C:\WINDOWS\SYSTEM32\combase.dll
0x00007ffa86710000 - 0x00007ffa8685f000 	C:\WINDOWS\system32\GDI32.dll
0x00007ffa85c40000 - 0x00007ffa85c55000 	C:\WINDOWS\SYSTEM32\profapi.dll
0x00007ffa841b0000 - 0x00007ffa84262000 	C:\WINDOWS\SYSTEM32\SHCORE.dll
0x00007ffa87e50000 - 0x00007ffa87e86000 	C:\WINDOWS\system32\IMM32.DLL
0x00007ffa887e0000 - 0x00007ffa88932000 	C:\WINDOWS\system32\MSCTF.dll
0x00007ffa83d30000 - 0x00007ffa83fab000 	C:\WINDOWS\WinSxS\amd64_microsoft.windows.common-controls_6595b64144ccf1df_6.0.9600.18006_none_623f33d3ecbe86e8\COMCTL32.dll
0x000000005ab30000 - 0x000000005ac02000 	C:\Program Files\Java\jdk1.8.0_31\jre\bin\msvcr100.dll
0x0000000059450000 - 0x0000000059caa000 	C:\Program Files\Java\jdk1.8.0_31\jre\bin\server\jvm.dll
0x00007ffa7c230000 - 0x00007ffa7c239000 	C:\WINDOWS\SYSTEM32\WSOCK32.dll
0x00007ffa819d0000 - 0x00007ffa819f2000 	C:\WINDOWS\SYSTEM32\WINMM.dll
0x00007ffa861a0000 - 0x00007ffa861a7000 	C:\WINDOWS\system32\PSAPI.DLL
0x00007ffa866b0000 - 0x00007ffa8670a000 	C:\WINDOWS\system32\WS2_32.dll
0x00007ffa81670000 - 0x00007ffa8169a000 	C:\WINDOWS\SYSTEM32\WINMMBASE.dll
0x00007ffa87ef0000 - 0x00007ffa87ef9000 	C:\WINDOWS\system32\NSI.dll
0x00007ffa860c0000 - 0x00007ffa8610f000 	C:\WINDOWS\SYSTEM32\cfgmgr32.dll
0x00007ffa84a50000 - 0x00007ffa84a78000 	C:\WINDOWS\SYSTEM32\DEVOBJ.dll
0x000000005ab20000 - 0x000000005ab2f000 	C:\Program Files\Java\jdk1.8.0_31\jre\bin\verify.dll
0x000000005aaf0000 - 0x000000005ab18000 	C:\Program Files\Java\jdk1.8.0_31\jre\bin\java.dll
0x000000005aad0000 - 0x000000005aae6000 	C:\Program Files\Java\jdk1.8.0_31\jre\bin\zip.dll

VM Arguments:
jvm_args: -Djava.awt.headless=true -Xmx1024M -Dfile.encoding=windows-1252 -Duser.country=CA -Duser.language=en -Duser.variant 
java_command: com.android.dx.command.Main --dex --force-jumbo --num-threads=4 --multi-dex --output C:\Users\Saketh\Desktop\Honours Project\Marked\app\build\intermediates\transforms\dex\debug\folders\1000\10\com.google.android.gms-play-services-gcm-10.2.1_77b596dd8de3544d5ad6ea7b3c46531b6ea4a709 C:\Users\Saketh\Desktop\Honours Project\Marked\app\build\intermediates\exploded-aar\com.google.android.gms\play-services-gcm\10.2.1\jars\classes.jar
java_class_path (initial): C:\Users\Saketh\Desktop\New folder\adt-bundle-windows-x86_64-20130522\sdk\build-tools\25.0.0\lib\dx.jar
Launcher Type: SUN_STANDARD

Environment Variables:
PATH=C:\ProgramData\Oracle\Java\javapath;C:\Program Files (x86)\NVIDIA Corporation\PhysX\Common;C:\Program Files (x86)\Intel\iCLS Client\;C:\Program Files\Intel\iCLS Client\;C:\WINDOWS\system32;C:\WINDOWS;C:\WINDOWS\System32\Wbem;C:\WINDOWS\System32\WindowsPowerShell\v1.0\;C:\Program Files\Intel\Intel(R) Management Engine Components\DAL;C:\Program Files\Intel\Intel(R) Management Engine Components\IPT;C:\Program Files (x86)\Intel\Intel(R) Management Engine Components\DAL;C:\Program Files (x86)\Intel\Intel(R) Management Engine Components\IPT;C:\Program Files\Microsoft\Web Platform Installer\;C:\Program Files\Intel\WiFi\bin\;C:\Program Files\Common Files\Intel\WirelessCommon\;C:\Program Files (x86)\MiKTeX 2.9\miktex\bin\;C:\Program Files (x86)\Skype\Phone\;C:\Program Files\TortoiseGit\bin
USERNAME=Saketh
OS=Windows_NT
PROCESSOR_IDENTIFIER=Intel64 Family 6 Model 58 Stepping 9, GenuineIntel



---------------  S Y S T E M  ---------------

OS: Windows 8.1 , 64 bit Build 9600 

CPU:total 8 (4 cores per cpu, 2 threads per core) family 6 model 58 stepping 9, cmov, cx8, fxsr, mmx, sse, sse2, sse3, ssse3, sse4.1, sse4.2, popcnt, avx, aes, clmul, erms, ht, tsc, tscinvbit, tscinv

Memory: 4k page, physical 8334620k(1086904k free), swap 11480348k(7072k free)

vm_info: Java HotSpot(TM) 64-Bit Server VM (25.31-b07) for windows-amd64 JRE (1.8.0_31-b13), built on Dec 17 2014 21:00:28 by "java_re" with MS VC++ 10.0 (VS2010)

time: Mon May 01 19:05:23 2017
elapsed time: 1 seconds (0d 0h 0m 1s)

