#
# There is insufficient memory for the Java Runtime Environment to continue.
# Native memory allocation (malloc) failed to allocate 433216 bytes for Chunk::new
# Possible reasons:
#   The system is out of physical RAM or swap space
#   In 32 bit mode, the process size limit was hit
# Possible solutions:
#   Reduce memory load on the system
#   Increase physical memory or swap space
#   Check if swap backing store is full
#   Use 64 bit Java on a 64 bit OS
#   Decrease Java heap size (-Xmx/-Xms)
#   Decrease number of Java threads
#   Decrease Java thread stack sizes (-Xss)
#   Set larger code cache with -XX:ReservedCodeCacheSize=
# This output file may be truncated or incomplete.
#
#  Out of Memory Error (allocation.cpp:390), pid=6668, tid=12788
#
# JRE version: Java(TM) SE Runtime Environment (8.0_31-b13) (build 1.8.0_31-b13)
# Java VM: Java HotSpot(TM) 64-Bit Server VM (25.31-b07 mixed mode windows-amd64 compressed oops)
# Failed to write core dump. Minidumps are not enabled by default on client versions of Windows
#

---------------  T H R E A D  ---------------

Current thread (0x00000000171f7000):  JavaThread "C2 CompilerThread0" daemon [_thread_in_native, id=12788, stack(0x00000000177d0000,0x00000000178d0000)]

Stack: [0x00000000177d0000,0x00000000178d0000]
Native frames: (J=compiled Java code, j=interpreted, Vv=VM code, C=native code)
V  [jvm.dll+0x3169ba]


Current CompileTask:
C2:    474  504       4       com.android.dx.ssa.NormalSsaInsn::accept (25 bytes)


---------------  P R O C E S S  ---------------

Java Threads: ( => current thread )
  0x0000000018422800 JavaThread "pool-2-thread-4" [_thread_blocked, id=4224, stack(0x00000000189d0000,0x0000000018ad0000)]
  0x0000000017422000 JavaThread "pool-2-thread-3" [_thread_blocked, id=12376, stack(0x00000000180d0000,0x00000000181d0000)]
  0x00000000173f0800 JavaThread "pool-2-thread-2" [_thread_blocked, id=8372, stack(0x0000000017fd0000,0x00000000180d0000)]
  0x00000000173d9800 JavaThread "pool-3-thread-1" [_thread_blocked, id=13412, stack(0x0000000017ed0000,0x0000000017fd0000)]
  0x00000000173b9000 JavaThread "pool-2-thread-1" [_thread_blocked, id=13364, stack(0x0000000017dd0000,0x0000000017ed0000)]
  0x0000000017292000 JavaThread "Service Thread" daemon [_thread_blocked, id=13964, stack(0x0000000017bd0000,0x0000000017cd0000)]
  0x0000000017205800 JavaThread "C1 CompilerThread3" daemon [_thread_blocked, id=12584, stack(0x0000000017ad0000,0x0000000017bd0000)]
  0x0000000017202800 JavaThread "C2 CompilerThread2" daemon [_thread_blocked, id=8592, stack(0x00000000179d0000,0x0000000017ad0000)]
  0x00000000171f9800 JavaThread "C2 CompilerThread1" daemon [_thread_blocked, id=7796, stack(0x00000000178d0000,0x00000000179d0000)]
=>0x00000000171f7000 JavaThread "C2 CompilerThread0" daemon [_thread_in_native, id=12788, stack(0x00000000177d0000,0x00000000178d0000)]
  0x00000000171f4800 JavaThread "Attach Listener" daemon [_thread_blocked, id=6840, stack(0x00000000176d0000,0x00000000177d0000)]
  0x00000000171f4000 JavaThread "Signal Dispatcher" daemon [_thread_blocked, id=11724, stack(0x00000000175d0000,0x00000000176d0000)]
  0x00000000011c7800 JavaThread "Finalizer" daemon [_thread_blocked, id=10316, stack(0x00000000170d0000,0x00000000171d0000)]
  0x00000000011c1000 JavaThread "Reference Handler" daemon [_thread_blocked, id=12488, stack(0x0000000016fd0000,0x00000000170d0000)]
  0x00000000010d0800 JavaThread "main" [_thread_in_native, id=12604, stack(0x0000000000fd0000,0x00000000010d0000)]

Other Threads:
  0x00000000151e8800 VMThread [stack: 0x0000000016ed0000,0x0000000016fd0000] [id=13060]
  0x0000000017295000 WatcherThread [stack: 0x0000000017cd0000,0x0000000017dd0000] [id=11840]

VM state:not at safepoint (normal execution)

VM Mutex/Monitor currently owned by a thread: None

Heap:
 PSYoungGen      total 38400K, used 12693K [0x00000000eab00000, 0x00000000ed580000, 0x0000000100000000)
  eden space 33280K, 38% used [0x00000000eab00000,0x00000000eb765500,0x00000000ecb80000)
  from space 5120K, 0% used [0x00000000ed080000,0x00000000ed080000,0x00000000ed580000)
  to   space 5120K, 0% used [0x00000000ecb80000,0x00000000ecb80000,0x00000000ed080000)
 ParOldGen       total 87552K, used 0K [0x00000000c0000000, 0x00000000c5580000, 0x00000000eab00000)
  object space 87552K, 0% used [0x00000000c0000000,0x00000000c0000000,0x00000000c5580000)
 Metaspace       used 5382K, capacity 6448K, committed 6528K, reserved 1056768K
  class space    used 578K, capacity 616K, committed 640K, reserved 1048576K

Card table byte_map: [0x0000000001590000,0x00000000017a0000] byte_map_base: 0x0000000000f90000

Marking Bits: (ParMarkBitMap*) 0x0000000059c2d4f0
 Begin Bits: [0x0000000012600000, 0x0000000013600000)
 End Bits:   [0x0000000013600000, 0x0000000014600000)

Polling page: 0x0000000000a00000

CodeCache: size=245760Kb used=2144Kb max_used=2144Kb free=243615Kb
 bounds [0x0000000003400000, 0x0000000003670000, 0x0000000012400000]
 total_blobs=797 nmethods=534 adapters=177
 compilation: enabled

Compilation events (10 events):
Event: 0.464 Thread 0x0000000017205800  431       1       com.android.dx.rop.cst.CstType::getClassType (5 bytes)
Event: 0.464 Thread 0x0000000017205800 nmethod 431 0x0000000003618990 code [0x0000000003618ae0, 0x0000000003618bf0]
Event: 0.464 Thread 0x0000000017205800  458       1       java.util.TreeMap::size (5 bytes)
Event: 0.464 Thread 0x0000000017205800 nmethod 458 0x0000000003618c50 code [0x0000000003618da0, 0x0000000003618eb0]
Event: 0.464 Thread 0x0000000017205800  486       1       com.android.dx.cf.iface.StdMember::getNat (5 bytes)
Event: 0.464 Thread 0x0000000017205800 nmethod 486 0x0000000003618f10 code [0x0000000003619060, 0x0000000003619170]
Event: 0.464 Thread 0x0000000017205800  430       1       com.android.dx.cf.direct.MemberListParser::getDefiner (5 bytes)
Event: 0.464 Thread 0x0000000017205800 nmethod 430 0x00000000036191d0 code [0x0000000003619320, 0x0000000003619430]
Event: 0.464 Thread 0x0000000017205800  461       1       com.android.dx.dex.file.DexFile::getFieldIds (5 bytes)
Event: 0.464 Thread 0x0000000017205800 nmethod 461 0x0000000003619490 code [0x00000000036195e0, 0x00000000036196f0]

GC Heap History (0 events):
No events

Deoptimization events (0 events):
No events

Internal exceptions (10 events):
Event: 0.403 Thread 0x0000000017422000 Exception <a 'java/security/PrivilegedActionException'> (0x00000000eb525610) thrown at [C:\workspace\8-2-build-windows-amd64-cygwin\jdk8u31\2394\hotspot\src\share\vm\prims\jvm.cpp, line 1312]
Event: 0.406 Thread 0x00000000173f0800 Exception <a 'java/security/PrivilegedActionException'> (0x00000000eb576f78) thrown at [C:\workspace\8-2-build-windows-amd64-cygwin\jdk8u31\2394\hotspot\src\share\vm\prims\jvm.cpp, line 1312]
Event: 0.406 Thread 0x00000000173f0800 Exception <a 'java/security/PrivilegedActionException'> (0x00000000eb57d4e0) thrown at [C:\workspace\8-2-build-windows-amd64-cygwin\jdk8u31\2394\hotspot\src\share\vm\prims\jvm.cpp, line 1312]
Event: 0.407 Thread 0x0000000017422000 Exception <a 'java/security/PrivilegedActionException'> (0x00000000eb532cf0) thrown at [C:\workspace\8-2-build-windows-amd64-cygwin\jdk8u31\2394\hotspot\src\share\vm\prims\jvm.cpp, line 1312]
Event: 0.407 Thread 0x0000000017422000 Exception <a 'java/security/PrivilegedActionException'> (0x00000000eb538a20) thrown at [C:\workspace\8-2-build-windows-amd64-cygwin\jdk8u31\2394\hotspot\src\share\vm\prims\jvm.cpp, line 1312]
Event: 0.408 Thread 0x0000000017422000 Exception <a 'java/security/PrivilegedActionException'> (0x00000000eb541790) thrown at [C:\workspace\8-2-build-windows-amd64-cygwin\jdk8u31\2394\hotspot\src\share\vm\prims\jvm.cpp, line 1312]
Event: 0.409 Thread 0x0000000017422000 Exception <a 'java/security/PrivilegedActionException'> (0x00000000eb5471f8) thrown at [C:\workspace\8-2-build-windows-amd64-cygwin\jdk8u31\2394\hotspot\src\share\vm\prims\jvm.cpp, line 1312]
Event: 0.409 Thread 0x0000000017422000 Exception <a 'java/security/PrivilegedActionException'> (0x00000000eb54a4d0) thrown at [C:\workspace\8-2-build-windows-amd64-cygwin\jdk8u31\2394\hotspot\src\share\vm\prims\jvm.cpp, line 1312]
Event: 0.410 Thread 0x0000000017422000 Exception <a 'java/security/PrivilegedActionException'> (0x00000000eb54de60) thrown at [C:\workspace\8-2-build-windows-amd64-cygwin\jdk8u31\2394\hotspot\src\share\vm\prims\jvm.cpp, line 1312]
Event: 0.421 Thread 0x00000000173f0800 Exception <a 'java/security/PrivilegedActionException'> (0x00000000eb5b6418) thrown at [C:\workspace\8-2-build-windows-amd64-cygwin\jdk8u31\2394\hotspot\src\share\vm\prims\jvm.cpp, line 1312]

Events (10 events):
Event: 0.409 loading class com/android/dx/rop/annotation/AnnotationsList done
Event: 0.409 loading class com/android/dx/dex/file/MethodIdItem
Event: 0.409 loading class com/android/dx/dex/file/MethodIdItem done
Event: 0.409 loading class com/android/dx/cf/code/SwitchList
Event: 0.410 loading class com/android/dx/cf/code/SwitchList done
Event: 0.421 loading class com/android/dx/ssa/back/FirstFitLocalCombiningAllocator$Multiset
Event: 0.421 loading class com/android/dx/ssa/back/FirstFitLocalCombiningAllocator$Multiset done
Event: 0.424 loading class java/util/DualPivotQuicksort
Event: 0.424 Thread 0x0000000018422800 Thread added: 0x0000000018422800
Event: 0.424 loading class java/util/DualPivotQuicksort done


Dynamic libraries:
0x00007ff644d20000 - 0x00007ff644d54000 	C:\Program Files\Java\jdk1.8.0_31\bin\java.exe
0x00007ffa88b20000 - 0x00007ffa88ccd000 	C:\WINDOWS\SYSTEM32\ntdll.dll
0x00007ffa87f00000 - 0x00007ffa8803e000 	C:\WINDOWS\system32\KERNEL32.DLL
0x00007ffa85d10000 - 0x00007ffa85e25000 	C:\WINDOWS\system32\KERNELBASE.dll
0x00007ffa847e0000 - 0x00007ffa8486e000 	C:\WINDOWS\system32\apphelp.dll
0x00007ffa6e1c0000 - 0x00007ffa6e213000 	C:\WINDOWS\AppPatch\AppPatch64\AcGenral.DLL
0x00007ffa88640000 - 0x00007ffa886ea000 	C:\WINDOWS\system32\msvcrt.dll
0x00007ffa86170000 - 0x00007ffa8619e000 	C:\WINDOWS\system32\SspiCli.dll
0x00007ffa88040000 - 0x00007ffa88094000 	C:\WINDOWS\system32\SHLWAPI.dll
0x00007ffa88260000 - 0x00007ffa883d7000 	C:\WINDOWS\system32\USER32.dll
0x00007ffa864a0000 - 0x00007ffa86634000 	C:\WINDOWS\system32\ole32.dll
0x00007ffa86860000 - 0x00007ffa87d88000 	C:\WINDOWS\system32\SHELL32.dll
0x00007ffa85670000 - 0x00007ffa85691000 	C:\WINDOWS\SYSTEM32\USERENV.dll
0x00007ffa88590000 - 0x00007ffa8863a000 	C:\WINDOWS\system32\ADVAPI32.dll
0x00007ffa7fce0000 - 0x00007ffa7fcfe000 	C:\WINDOWS\SYSTEM32\MPR.dll
0x00007ffa88450000 - 0x00007ffa88590000 	C:\WINDOWS\system32\RPCRT4.dll
0x00007ffa86650000 - 0x00007ffa866a9000 	C:\WINDOWS\SYSTEM32\sechost.dll
0x00007ffa861c0000 - 0x00007ffa863d1000 	C:\WINDOWS\SYSTEM32\combase.dll
0x00007ffa86710000 - 0x00007ffa8685f000 	C:\WINDOWS\system32\GDI32.dll
0x00007ffa85c40000 - 0x00007ffa85c55000 	C:\WINDOWS\SYSTEM32\profapi.dll
0x00007ffa841b0000 - 0x00007ffa84262000 	C:\WINDOWS\SYSTEM32\SHCORE.dll
0x00007ffa87e50000 - 0x00007ffa87e86000 	C:\WINDOWS\system32\IMM32.DLL
0x00007ffa887e0000 - 0x00007ffa88932000 	C:\WINDOWS\system32\MSCTF.dll
0x00007ffa83d30000 - 0x00007ffa83fab000 	C:\WINDOWS\WinSxS\amd64_microsoft.windows.common-controls_6595b64144ccf1df_6.0.9600.18006_none_623f33d3ecbe86e8\COMCTL32.dll
0x000000005ab30000 - 0x000000005ac02000 	C:\Program Files\Java\jdk1.8.0_31\jre\bin\msvcr100.dll
0x0000000059450000 - 0x0000000059caa000 	C:\Program Files\Java\jdk1.8.0_31\jre\bin\server\jvm.dll
0x00007ffa7c230000 - 0x00007ffa7c239000 	C:\WINDOWS\SYSTEM32\WSOCK32.dll
0x00007ffa819d0000 - 0x00007ffa819f2000 	C:\WINDOWS\SYSTEM32\WINMM.dll
0x00007ffa861a0000 - 0x00007ffa861a7000 	C:\WINDOWS\system32\PSAPI.DLL
0x00007ffa866b0000 - 0x00007ffa8670a000 	C:\WINDOWS\system32\WS2_32.dll
0x00007ffa81670000 - 0x00007ffa8169a000 	C:\WINDOWS\SYSTEM32\WINMMBASE.dll
0x00007ffa87ef0000 - 0x00007ffa87ef9000 	C:\WINDOWS\system32\NSI.dll
0x00007ffa860c0000 - 0x00007ffa8610f000 	C:\WINDOWS\SYSTEM32\cfgmgr32.dll
0x00007ffa84a50000 - 0x00007ffa84a78000 	C:\WINDOWS\SYSTEM32\DEVOBJ.dll
0x000000005ab20000 - 0x000000005ab2f000 	C:\Program Files\Java\jdk1.8.0_31\jre\bin\verify.dll
0x000000005aaf0000 - 0x000000005ab18000 	C:\Program Files\Java\jdk1.8.0_31\jre\bin\java.dll
0x000000005aad0000 - 0x000000005aae6000 	C:\Program Files\Java\jdk1.8.0_31\jre\bin\zip.dll

VM Arguments:
jvm_args: -Djava.awt.headless=true -Xmx1024M -Dfile.encoding=windows-1252 -Duser.country=CA -Duser.language=en -Duser.variant 
java_command: com.android.dx.command.Main --dex --force-jumbo --num-threads=4 --multi-dex --output C:\Users\Saketh\Desktop\Honours Project\Marked\app\build\intermediates\transforms\dex\debug\folders\1000\5\slice_4 C:\Users\Saketh\Desktop\Honours Project\Marked\app\build\intermediates\transforms\instantRunSlicer\debug\folders\1\5\slice_4
java_class_path (initial): C:\Users\Saketh\Desktop\New folder\adt-bundle-windows-x86_64-20130522\sdk\build-tools\25.0.0\lib\dx.jar
Launcher Type: SUN_STANDARD

Environment Variables:
PATH=C:\ProgramData\Oracle\Java\javapath;C:\Program Files (x86)\NVIDIA Corporation\PhysX\Common;C:\Program Files (x86)\Intel\iCLS Client\;C:\Program Files\Intel\iCLS Client\;C:\WINDOWS\system32;C:\WINDOWS;C:\WINDOWS\System32\Wbem;C:\WINDOWS\System32\WindowsPowerShell\v1.0\;C:\Program Files\Intel\Intel(R) Management Engine Components\DAL;C:\Program Files\Intel\Intel(R) Management Engine Components\IPT;C:\Program Files (x86)\Intel\Intel(R) Management Engine Components\DAL;C:\Program Files (x86)\Intel\Intel(R) Management Engine Components\IPT;C:\Program Files\Microsoft\Web Platform Installer\;C:\Program Files\Intel\WiFi\bin\;C:\Program Files\Common Files\Intel\WirelessCommon\;C:\Program Files (x86)\MiKTeX 2.9\miktex\bin\;C:\Program Files (x86)\Skype\Phone\;C:\Program Files\TortoiseGit\bin
USERNAME=Saketh
OS=Windows_NT
PROCESSOR_IDENTIFIER=Intel64 Family 6 Model 58 Stepping 9, GenuineIntel



---------------  S Y S T E M  ---------------

OS: Windows 8.1 , 64 bit Build 9600 

CPU:total 8 (4 cores per cpu, 2 threads per core) family 6 model 58 stepping 9, cmov, cx8, fxsr, mmx, sse, sse2, sse3, ssse3, sse4.1, sse4.2, popcnt, avx, aes, clmul, erms, ht, tsc, tscinvbit, tscinv

Memory: 4k page, physical 8334620k(1198200k free), swap 11480348k(5168k free)

vm_info: Java HotSpot(TM) 64-Bit Server VM (25.31-b07) for windows-amd64 JRE (1.8.0_31-b13), built on Dec 17 2014 21:00:28 by "java_re" with MS VC++ 10.0 (VS2010)

time: Mon May 01 19:04:54 2017
elapsed time: 0 seconds (0d 0h 0m 0s)

