JvmtiExport can_access_local_variables 0
JvmtiExport can_hotswap_or_post_breakpoint 0
JvmtiExport can_post_on_exceptions 0
# 120 ciObject found
ciMethod java/lang/Object <init> ()V 4097 1 11063 0 0
ciMethod java/lang/String <init> ([CII)V 2121 1 4002 0 0
ciMethod java/lang/System arraycopy (Ljava/lang/Object;ILjava/lang/Object;II)V 5121 1 640 0 -1
ciMethod java/lang/StringBuilder <init> ()V 617 1 724 0 -1
ciMethod java/lang/StringBuilder append (Ljava/lang/String;)Ljava/lang/StringBuilder; 1249 1 1365 0 -1
ciMethod java/lang/StringBuilder append (I)Ljava/lang/StringBuilder; 0 0 8 0 -1
ciMethod java/lang/StringBuilder toString ()Ljava/lang/String; 673 1 739 0 -1
ciMethod java/lang/Math min (II)I 3097 1 8562 0 -1
ciMethod java/util/Arrays copyOfRange ([CII)[C 2193 1 4212 0 0
ciMethodData java/lang/Object <init> ()V 2 11063 orig 264 104 158 160 89 0 0 0 0 136 4 160 20 0 0 0 0 32 1 0 0 0 0 0 0 0 0 0 0 0 0 0 0 0 0 0 0 0 0 0 0 0 0 0 0 0 0 0 0 0 0 0 0 0 0 0 0 0 0 0 0 0 0 0 0 0 0 0 0 0 0 0 0 0 0 0 0 0 0 0 0 77 68 79 32 101 120 116 114 97 32 100 97 116 97 32 108 111 99 107 0 0 0 0 0 0 0 0 0 0 0 0 0 0 0 0 0 0 0 0 0 0 0 0 0 0 0 0 0 0 0 0 0 0 0 0 0 0 0 0 0 0 0 0 0 0 0 0 0 0 0 0 0 0 0 0 0 0 0 0 0 0 0 0 0 0 0 0 0 0 0 0 0 0 0 0 0 0 0 0 0 0 0 0 0 0 0 0 0 0 0 0 0 0 0 0 0 0 0 0 0 0 0 0 0 0 0 0 0 0 0 0 0 0 0 0 0 0 2 0 0 185 73 1 0 1 0 0 0 0 0 0 0 0 0 0 0 2 0 0 0 0 0 3 0 3 0 0 0 0 0 0 0 255 255 255 255 0 0 0 0 0 0 0 0 data 0 oops 0
ciMethod java/lang/IllegalArgumentException <init> (Ljava/lang/String;)V 0 0 1 0 -1
ciMethodData java/util/Arrays copyOfRange ([CII)[C 2 4212 orig 264 104 158 160 89 0 0 0 0 120 39 178 20 0 0 0 0 120 2 0 0 240 0 0 0 0 0 0 0 0 0 0 0 0 0 0 0 0 0 0 0 0 0 0 0 0 0 0 0 0 0 0 0 0 0 0 0 0 0 0 0 0 0 0 0 0 0 0 0 0 0 0 0 0 0 0 0 0 0 0 0 77 68 79 32 101 120 116 114 97 32 100 97 116 97 32 108 111 99 107 0 0 0 0 0 0 0 0 0 0 0 0 0 0 0 0 0 0 0 0 0 0 0 0 0 0 0 0 0 0 0 0 0 0 0 0 0 0 0 0 0 0 0 0 0 0 0 0 0 0 0 0 0 0 0 0 0 0 0 0 0 0 0 0 0 0 0 0 0 0 0 0 0 0 0 0 0 0 0 0 0 0 0 0 0 0 0 0 0 0 0 0 0 0 0 0 0 0 0 0 0 0 0 0 0 0 0 0 0 0 0 0 0 0 0 0 0 18 1 0 0 17 123 0 0 1 0 0 0 0 0 0 0 0 0 0 0 2 0 0 0 0 0 9 0 3 0 1 0 32 1 0 0 255 255 255 255 7 0 5 0 0 0 0 0 data 36 0x50007 0xf62 0x100 0x0 0x100002 0x0 0x140005 0x0 0x0 0x0 0x0 0x0 0x190005 0x0 0x0 0x0 0x0 0x0 0x1d0005 0x0 0x0 0x0 0x0 0x0 0x200005 0x0 0x0 0x0 0x0 0x0 0x230002 0x0 0x360002 0xf62 0x390002 0xf62 oops 0
ciMethodData java/lang/String <init> ([CII)V 2 4016 orig 264 104 158 160 89 0 0 0 0 64 49 160 20 0 0 0 0 16 2 0 0 144 0 0 0 0 0 0 0 0 0 0 0 0 0 0 0 0 0 0 0 0 0 0 0 0 0 0 0 0 0 0 0 0 0 0 0 0 0 0 0 0 0 0 0 0 0 0 0 0 0 0 0 0 0 0 0 0 0 0 0 77 68 79 32 101 120 116 114 97 32 100 97 116 97 32 108 111 99 107 0 0 0 0 0 0 0 0 0 0 0 0 0 0 0 0 0 0 0 0 0 0 0 0 0 0 0 0 0 0 0 0 0 0 0 0 0 0 0 0 0 0 0 0 0 0 0 0 0 0 0 0 0 0 0 0 0 0 0 0 0 0 0 0 0 0 0 0 0 0 0 0 0 0 0 0 0 0 0 0 0 0 0 0 0 0 0 0 0 0 0 0 0 0 0 0 0 0 0 0 0 0 0 0 0 0 0 0 0 0 0 0 0 0 0 0 0 9 1 0 0 57 117 0 0 1 0 0 0 0 0 0 0 0 0 0 0 2 0 0 0 0 0 9 0 3 0 1 0 176 0 0 0 255 255 255 255 2 0 1 0 0 0 0 0 data 22 0x10002 0xea7 0x50007 0xea7 0x30 0x0 0xd0002 0x0 0x120007 0xea7 0x30 0x0 0x1a0002 0x0 0x230007 0xea7 0x30 0x0 0x2d0002 0x0 0x370002 0xea7 oops 0
ciMethod com/android/dx/util/ByteArray size ()I 1865 1 233 0 0
ciMethod com/android/dx/util/ByteArray getUnsignedByte (I)I 4097 1 23448 0 160
ciMethod com/android/dx/util/ByteArray checkOffsets (II)V 2473 1 6089 0 96
ciMethod com/android/dx/util/ByteArray getUnsignedByte0 (I)I 2593 1 33852 0 96
ciMethod com/android/dx/rop/cst/CstString utf8BytesToString (Lcom/android/dx/util/ByteArray;)Ljava/lang/String; 1953 40961 1021 0 -1
ciMethod com/android/dx/rop/cst/CstString throwBadUtf8 (II)Ljava/lang/String; 0 0 1 0 0
ciMethodData com/android/dx/util/ByteArray getUnsignedByte0 (I)I 2 33978 orig 264 104 158 160 89 0 0 0 0 40 130 227 20 0 0 0 0 40 1 0 0 0 0 0 0 0 0 0 0 0 0 0 0 0 0 0 0 0 0 0 0 0 0 0 0 0 0 0 0 0 0 0 0 0 0 0 0 0 0 0 0 0 0 0 0 0 0 0 0 0 0 0 0 0 0 0 0 0 0 0 0 77 68 79 32 101 120 116 114 97 32 100 97 116 97 32 108 111 99 107 0 0 0 0 0 0 0 0 0 0 0 0 0 0 0 0 0 0 0 0 0 0 0 0 0 0 0 0 0 0 0 0 0 0 0 0 0 0 0 0 0 0 0 0 0 0 0 0 0 0 0 0 0 0 0 0 0 0 0 0 0 0 0 0 0 0 0 0 0 0 0 0 0 0 0 0 0 0 0 0 0 0 0 0 0 0 0 0 0 0 0 0 0 0 0 0 0 0 0 0 0 0 0 0 0 0 0 0 0 0 0 0 0 0 0 0 0 68 1 0 0 177 27 4 0 1 0 0 0 0 0 0 0 0 0 0 0 2 0 0 0 0 0 3 0 4 0 0 0 0 0 0 0 255 255 255 255 0 0 0 0 0 0 0 0 data 0 oops 0
ciMethodData com/android/dx/util/ByteArray checkOffsets (II)V 2 6089 orig 264 104 158 160 89 0 0 0 0 160 128 227 20 0 0 0 0 40 3 0 0 64 0 0 0 0 0 0 0 0 0 0 0 0 0 0 0 0 0 0 0 0 0 0 0 0 0 0 0 0 0 0 0 0 0 0 0 0 0 0 0 0 0 0 0 0 0 0 0 0 0 0 0 0 0 0 0 0 0 0 0 77 68 79 32 101 120 116 114 97 32 100 97 116 97 32 108 111 99 107 0 0 0 0 0 0 0 0 0 0 0 0 0 0 0 0 0 0 0 0 0 0 0 0 0 0 0 0 0 0 0 0 0 0 0 0 0 0 0 0 0 0 0 0 0 0 0 0 0 0 0 0 0 0 0 0 0 0 0 0 0 0 0 0 0 0 0 0 0 0 0 0 0 0 0 0 0 0 0 0 0 0 0 0 0 0 0 0 0 0 0 0 0 0 0 0 0 0 0 0 0 0 0 0 0 0 0 0 0 0 0 0 0 0 0 0 0 53 1 0 0 161 180 0 0 1 0 0 0 0 0 0 0 0 0 0 0 2 0 0 0 0 0 10 0 4 0 1 0 208 1 0 0 255 255 255 255 7 0 1 0 0 0 0 0 data 58 0x10007 0x0 0x60 0x1694 0x60007 0x0 0x40 0x1694 0xe0007 0x1694 0x190 0x0 0x190002 0x0 0x1e0005 0x0 0x0 0x0 0x0 0x0 0x220005 0x0 0x0 0x0 0x0 0x0 0x270005 0x0 0x0 0x0 0x0 0x0 0x2b0005 0x0 0x0 0x0 0x0 0x0 0x300005 0x0 0x0 0x0 0x0 0x0 0x370005 0x0 0x0 0x0 0x0 0x0 0x3a0005 0x0 0x0 0x0 0x0 0x0 0x3d0002 0x0 oops 0
ciMethodData com/android/dx/util/ByteArray getUnsignedByte (I)I 2 23448 orig 264 104 158 160 89 0 0 0 0 224 125 227 20 0 0 0 0 72 1 0 0 0 0 0 0 0 0 0 0 0 0 0 0 0 0 0 0 0 0 0 0 0 0 0 0 0 0 0 0 0 0 0 0 0 0 0 0 0 0 0 0 0 0 0 0 0 0 0 0 0 0 0 0 0 0 0 0 0 0 0 0 77 68 79 32 101 120 116 114 97 32 100 97 116 97 32 108 111 99 107 0 0 0 0 0 0 0 0 0 0 0 0 0 0 0 0 0 0 0 0 0 0 0 0 0 0 0 0 0 0 0 0 0 0 0 0 0 0 0 0 0 0 0 0 0 0 0 0 0 0 0 0 0 0 0 0 0 0 0 0 0 0 0 0 0 0 0 0 0 0 0 0 0 0 0 0 0 0 0 0 0 0 0 0 0 0 0 0 0 0 0 0 0 0 0 0 0 0 0 0 0 0 0 0 0 0 0 0 0 0 0 0 0 0 0 0 0 0 2 0 0 193 204 2 0 1 0 0 0 0 0 0 0 0 0 0 0 2 0 0 0 0 0 3 0 4 0 1 0 32 0 0 0 255 255 255 255 2 0 5 0 0 0 0 0 data 4 0x50002 0x5998 0xa0002 0x5998 oops 0
ciMethod com/android/dx/util/Hex u4 (I)Ljava/lang/String; 0 0 1 0 -1
ciMethod com/android/dx/util/Hex u1 (I)Ljava/lang/String; 0 0 1 0 -1
ciMethodData com/android/dx/rop/cst/CstString utf8BytesToString (Lcom/android/dx/util/ByteArray;)Ljava/lang/String; 2 21534 orig 264 104 158 160 89 0 0 0 0 144 203 227 20 0 0 0 0 136 5 0 0 0 0 0 0 0 0 0 0 0 0 0 0 0 0 0 0 0 0 0 0 0 0 0 0 0 0 0 0 0 0 0 0 0 0 0 0 0 0 0 0 0 0 0 0 0 0 0 0 0 0 0 0 0 0 0 0 0 0 0 0 77 68 79 32 101 120 116 114 97 32 100 97 116 97 32 108 111 99 107 0 0 0 0 0 0 0 0 0 0 0 0 0 0 0 0 0 0 0 0 0 0 0 0 0 0 0 0 0 0 0 0 0 0 0 0 0 0 0 0 0 0 0 0 0 0 0 0 0 0 0 0 0 0 0 0 0 0 0 0 0 0 0 0 0 0 0 0 0 0 0 0 0 0 0 0 0 0 0 0 0 0 0 0 0 0 0 0 0 0 0 0 0 0 0 0 0 0 0 0 0 0 0 0 0 0 0 0 0 0 0 0 0 0 0 0 0 0 20 0 0 73 24 0 0 241 0 2 0 0 0 0 0 0 0 0 0 2 0 0 0 1 0 33 0 3 0 1 0 64 4 0 0 255 255 255 255 5 0 1 0 0 0 0 0 data 136 0x10005 0x52 0x1762b180 0x2b7 0x0 0x0 0xf0007 0x309 0x400 0x4018 0x150005 0x5b5 0x1762b180 0x3a63 0x0 0x0 0x1e0008 0x20 0x0 0x388 0x0 0x110 0x0 0x110 0xa7 0x110 0x38 0x110 0x6e 0x110 0x39 0x110 0x30b 0x110 0x124 0x110 0x0 0x388 0x0 0x388 0x0 0x388 0x0 0x388 0x0 0x158 0x0 0x158 0x0 0x250 0x6d0007 0x4018 0x30 0x0 0x740002 0x0 0x800003 0x4018 0x258 0x870007 0x0 0x30 0x0 0x8e0002 0x0 0x970005 0x0 0x0 0x0 0x0 0x0 0xa50007 0x0 0x30 0x0 0xae0002 0x0 0xc40007 0x0 0x50 0x0 0xcc0007 0x0 0x30 0x0 0xd50002 0x0 0xe10003 0x0 0x160 0xe80007 0x0 0x30 0x0 0xef0002 0x0 0xf80005 0x0 0x0 0x0 0x0 0x0 0x1060007 0x0 0x30 0x0 0x10f0002 0x0 0x1180005 0x0 0x0 0x0 0x0 0x0 0x1260007 0x0 0x30 0x0 0x12f0002 0x0 0x1510007 0x0 0x30 0x0 0x15a0002 0x0 0x1660003 0x0 0x28 0x16d0002 0x0 0x1790003 0x4018 0xfffffffffffffc18 0x1830002 0x309 oops 2