JvmtiExport can_access_local_variables 0
JvmtiExport can_hotswap_or_post_breakpoint 0
JvmtiExport can_post_on_exceptions 0
# 129 ciObject found
ciMethod java/lang/Object <init> ()V 4097 1 1172121 0 0
ciMethod java/lang/Object equals (Ljava/lang/Object;)Z 4097 1 7520 0 -1
ciMethod java/util/HashMap hash (Ljava/lang/Object;)I 2049 1 136353 0 -1
ciMethod java/util/HashMap put (Ljava/lang/Object;Ljava/lang/Object;)Ljava/lang/Object; 2113 1 34616 0 -1
ciMethod java/util/HashMap putVal (ILjava/lang/Object;Ljava/lang/Object;ZZ)Ljava/lang/Object; 135513 5337 26418 0 -1
ciMethod java/util/HashMap resize ()[Ljava/util/HashMap$Node; 105 5057 4611 0 -1
ciMethod java/util/HashMap treeifyBin ([Ljava/util/HashMap$Node;I)V 0 0 1 0 0
ciMethod java/util/HashMap removeNode (ILjava/lang/Object;Ljava/lang/Object;ZZ)Ljava/util/HashMap$Node; 41 1 5 0 -1
ciMethod java/util/HashMap newNode (ILjava/lang/Object;Ljava/lang/Object;Ljava/util/HashMap$Node;)Ljava/util/HashMap$Node; 2049 1 19955 0 0
ciMethod java/util/HashMap replacementTreeNode (Ljava/util/HashMap$Node;Ljava/util/HashMap$Node;)Ljava/util/HashMap$TreeNode; 0 0 1 0 -1
ciMethod java/util/HashMap afterNodeAccess (Ljava/util/HashMap$Node;)V 4097 1 1581 0 0
ciMethod java/util/HashMap afterNodeInsertion (Z)V 2049 1 1302 0 0
ciMethod java/util/HashMap$Node <init> (ILjava/lang/Object;Ljava/lang/Object;Ljava/util/HashMap$Node;)V 2193 1 20066 0 96
ciMethod java/util/LinkedHashMap linkNodeLast (Ljava/util/LinkedHashMap$Entry;)V 1409 1 111 0 -1
ciMethod java/util/LinkedHashMap newNode (ILjava/lang/Object;Ljava/lang/Object;Ljava/util/HashMap$Node;)Ljava/util/HashMap$Node; 1409 1 111 0 0
ciMethod java/util/LinkedHashMap afterNodeInsertion (Z)V 1409 1 139 0 0
ciMethod java/util/LinkedHashMap removeEldestEntry (Ljava/util/Map$Entry;)Z 1265 1 123 0 -1
ciMethod java/util/LinkedHashMap$Entry <init> (ILjava/lang/Object;Ljava/lang/Object;Ljava/util/HashMap$Node;)V 1409 1 111 0 -1
ciMethodData java/lang/Object <init> ()V 2 1172121 orig 264 104 158 160 89 0 0 0 0 136 4 19 20 0 0 0 0 32 1 0 0 0 0 0 0 0 0 0 0 0 0 0 0 0 0 0 0 0 0 0 0 0 0 0 0 0 0 0 0 0 0 0 0 0 0 0 0 0 0 0 0 0 0 0 0 0 0 0 0 0 0 0 0 0 0 0 0 0 0 0 0 77 68 79 32 101 120 116 114 97 32 100 97 116 97 32 108 111 99 107 0 0 0 0 0 0 0 0 0 0 0 0 0 0 0 0 0 0 0 0 0 0 0 0 0 0 0 0 0 0 0 0 0 0 0 0 0 0 0 0 0 0 0 0 0 0 0 0 0 0 0 0 0 0 0 0 0 0 0 0 0 0 0 0 0 0 0 0 0 0 0 0 0 0 0 0 0 0 0 0 0 0 0 0 0 1 0 0 0 0 0 0 0 1 0 0 0 0 0 0 0 1 0 0 0 0 0 0 0 0 0 0 0 0 0 0 0 0 2 0 0 201 4 143 0 1 0 0 0 0 0 0 0 0 0 0 0 2 0 0 0 0 0 3 0 3 0 0 0 0 0 0 0 255 255 255 255 0 0 0 0 0 0 0 0 data 0 oops 0
ciMethod java/util/HashMap$TreeNode treeify ([Ljava/util/HashMap$Node;)V 0 0 1 0 -1
ciMethod java/util/HashMap$TreeNode putTreeVal (Ljava/util/HashMap;[Ljava/util/HashMap$Node;ILjava/lang/Object;Ljava/lang/Object;)Ljava/util/HashMap$TreeNode; 0 0 1 0 -1
ciMethod java/util/HashMap$TreeNode split (Ljava/util/HashMap;[Ljava/util/HashMap$Node;II)V 0 0 1 0 -1
ciMethodData java/util/HashMap putVal (ILjava/lang/Object;Ljava/lang/Object;ZZ)Ljava/lang/Object; 2 26426 orig 264 104 158 160 89 0 0 0 0 40 148 33 20 0 0 0 0 176 6 0 0 144 0 0 0 0 0 0 0 0 0 0 0 0 0 0 0 0 0 0 0 0 0 0 0 0 0 0 0 0 0 0 0 0 0 0 0 0 0 0 0 0 0 0 0 0 0 0 0 0 0 0 0 0 0 0 0 0 0 0 0 77 68 79 32 101 120 116 114 97 32 100 97 116 97 32 108 111 99 107 0 0 0 0 0 0 0 0 0 0 0 0 0 0 0 0 0 0 0 0 0 0 0 0 0 0 0 0 0 0 0 0 0 0 0 0 0 0 0 0 0 0 0 0 0 2 0 0 0 0 0 0 0 0 0 0 0 0 0 0 0 0 0 0 0 6 0 0 0 0 0 1 0 0 0 0 0 0 4 0 0 0 0 0 0 0 0 0 0 0 0 0 0 0 0 0 0 0 0 0 0 0 0 0 0 0 0 0 0 0 0 0 0 0 0 0 0 8 1 0 0 89 40 1 0 89 15 0 0 156 11 0 0 151 0 0 0 2 0 0 0 1 0 50 0 4 0 1 0 64 5 0 0 255 255 255 255 7 0 7 0 0 0 0 0 data 168 0x70007 0x361 0x40 0x21ab 0x100007 0x21ab 0x50 0x0 0x140005 0x0 0x191867e0 0x361 0x0 0x0 0x2c0007 0xfaf 0x98 0x1560 0x38c005 0x0 0x191867e0 0x1536 0x19187050 0x2f 0x3b0004 0x0 0x19187100 0x1534 0x191871b0 0x2f 0x3c0003 0x1563 0x3d0 0x450007 0x808 0xc8 0x7a7 0x510007 0x758 0x90 0x4f 0x550007 0x0 0x88 0x4f 0x5b0005 0x25 0x19187260 0x29 0x19187310 0x1 0x5e0007 0x4f 0x38 0x0 0x650003 0x758 0x278 0x6a0004 0xfffffffffffff7a9 0x19187100 0x55 0x191871b0 0x15 0x6d0007 0x857 0x98 0x0 0x720004 0x0 0x0 0x0 0x0 0x0 0x7b0005 0x0 0x0 0x0 0x0 0x0 0x800003 0x0 0x1b0 0x8e0007 0x2df 0xb8 0x763 0x980005 0x0 0x191867e0 0x74e 0x19187050 0x16 0xa20007 0x764 0x148 0x0 0xa90005 0x0 0x0 0x0 0x0 0x0 0xac0003 0x0 0xf8 0xb50007 0x1e1 0xc8 0xfe 0xc10007 0xf9 0xc0 0x6 0xc50007 0x0 0x88 0x6 0xcbc005 0x5 0x19187260 0x4 0x191873c0 0x1 0xce0007 0xa 0x38 0x0 0xd10003 0x0 0x30 0xdb0003 0x1eb 0xfffffffffffffe80 0xe00007 0x764 0x90 0x851 0xec0007 0x851 0x40 0x0 0xf10007 0x0 0x20 0x0 0xfd0005 0x0 0x191867e0 0x851 0x0 0x0 0x11c0007 0x1c5f 0x50 0x68 0x1200005 0x4 0x191867e0 0x64 0x0 0x0 0x1270005 0x0 0x191867e0 0x1c82 0x19187050 0x45 oops 17